# number of genomes in 'delta_list.txt' = 4830

# checking GenBank accessions with NCBI e-utils efetch ...
>_delta_MW750027.gbk
>_delta_MW750080.gbk
>_delta_MW891208.gbk
>_delta_MW931310.gbk
>_delta_MW966801.gbk
>_delta_MZ236837.gbk
>_delta_MZ075568.gbk
>_delta_MZ009768.gbk
>_delta_MZ009823.gbk
>_delta_MZ010169.gbk
>_delta_MZ025880.gbk
>_delta_MZ027056.gbk
>_delta_MZ028778.gbk
>_delta_MZ035696.gbk
>_delta_MZ038694.gbk
>_delta_MZ039347.gbk
>_delta_MZ059870.gbk
>_delta_MZ060050.gbk
>_delta_MZ060690.gbk
>_delta_MZ060904.gbk
>_delta_MZ061050.gbk
>_delta_MZ069676.gbk
>_delta_MZ070005.gbk
>_delta_MZ071489.gbk
>_delta_MZ071641.gbk
>_delta_MZ071647.gbk
>_delta_MZ071677.gbk
>_delta_MZ072282.gbk
>_delta_MZ072348.gbk
>_delta_MZ072679.gbk
>_delta_MZ073096.gbk
>_delta_MZ073264.gbk
>_delta_MZ082533.gbk
>_delta_MZ084552.gbk
>_delta_MZ088006.gbk
>_delta_MZ100817.gbk
>_delta_MZ101179.gbk
>_delta_MZ131185.gbk
>_delta_MZ132139.gbk
>_delta_MZ132382.gbk
>_delta_MZ132413.gbk
>_delta_MZ132452.gbk
>_delta_MZ132789.gbk
>_delta_MZ132915.gbk
>_delta_MZ133011.gbk
>_delta_MZ133035.gbk
>_delta_MZ140719.gbk
>_delta_MZ140752.gbk
>_delta_MZ141049.gbk
>_delta_MZ141379.gbk
>_delta_MZ141587.gbk
>_delta_MZ141708.gbk
>_delta_MZ141921.gbk
>_delta_MZ142342.gbk
>_delta_MZ142412.gbk
>_delta_MZ142434.gbk
>_delta_MZ142452.gbk
>_delta_MZ142483.gbk
>_delta_MZ142951.gbk
>_delta_MZ143159.gbk
>_delta_MZ143170.gbk
>_delta_MZ143295.gbk
>_delta_MZ143309.gbk
>_delta_MZ143635.gbk
>_delta_MZ233129.gbk
>_delta_MZ231763.gbk
>_delta_MZ231834.gbk
>_delta_MZ231839.gbk
>_delta_MZ231854.gbk
>_delta_MZ231856.gbk
>_delta_MZ164574.gbk
>_delta_MZ240595.gbk
>_delta_MZ240681.gbk
>_delta_MZ233016.gbk
>_delta_MZ151982.gbk
>_delta_MZ144340.gbk
>_delta_MZ152952.gbk
>_delta_MZ155969.gbk
>_delta_MZ152940.gbk
>_delta_MZ153578.gbk
>_delta_MZ154309.gbk
>_delta_MZ153512.gbk
>_delta_MZ153596.gbk
>_delta_MZ154223.gbk
>_delta_MZ154427.gbk
>_delta_MZ153711.gbk
>_delta_MZ153776.gbk
>_delta_MZ154587.gbk
>_delta_MZ377102.gbk
>_delta_MZ169570.gbk
>_delta_MZ181204.gbk
>_delta_MZ181177.gbk
>_delta_MZ181097.gbk
>_delta_MZ181028.gbk
>_delta_MZ180631.gbk
>_delta_MZ180033.gbk
>_delta_MZ181814.gbk
>_delta_MZ181632.gbk
>_delta_MZ181522.gbk
>_delta_MZ181598.gbk
>_delta_MZ180358.gbk
>_delta_MZ179835.gbk
>_delta_MZ164816.gbk
>_delta_MZ179702.gbk
>_delta_MZ179262.gbk
>_delta_MZ179591.gbk
>_delta_MZ179256.gbk
>_delta_MZ179459.gbk
>_delta_MZ179325.gbk
>_delta_MZ181219.gbk
>_delta_MZ180686.gbk
>_delta_MZ179942.gbk
>_delta_MZ171738.gbk
>_delta_MZ171666.gbk
>_delta_MZ171713.gbk
>_delta_MZ171584.gbk
>_delta_MZ172005.gbk
>_delta_MZ164393.gbk
>_delta_MZ164608.gbk
>_delta_MZ163901.gbk
>_delta_MZ171553.gbk
>_delta_MZ171859.gbk
>_delta_MZ163256.gbk
>_delta_MZ163592.gbk
>_delta_MZ173192.gbk
>_delta_MZ163951.gbk
>_delta_MZ172207.gbk
>_delta_MZ172111.gbk
>_delta_MZ170136.gbk
>_delta_MZ215042.gbk
>_delta_MZ232666.gbk
>_delta_MZ232674.gbk
>_delta_MZ232728.gbk
>_delta_MZ232638.gbk
>_delta_MZ232649.gbk
>_delta_MZ215168.gbk
>_delta_MZ215204.gbk
>_delta_MZ214851.gbk
>_delta_MZ212522.gbk
>_delta_MZ215330.gbk
>_delta_MZ214210.gbk
>_delta_MZ210994.gbk
>_delta_MZ212883.gbk
>_delta_MZ213349.gbk
>_delta_MZ212472.gbk
>_delta_MZ185030.gbk
>_delta_MZ185058.gbk
>_delta_MZ184190.gbk
>_delta_MZ184193.gbk
>_delta_MZ184906.gbk
>_delta_MZ184907.gbk
>_delta_MZ184823.gbk
>_delta_MZ184377.gbk
>_delta_MZ185557.gbk
>_delta_MZ184563.gbk
>_delta_MZ185098.gbk
>_delta_MZ199118.gbk
>_delta_MZ188001.gbk
>_delta_MZ195418.gbk
>_delta_MZ196154.gbk
>_delta_MZ195934.gbk
>_delta_MZ195678.gbk
>_delta_MZ188000.gbk
>_delta_MZ195848.gbk
>_delta_MZ195856.gbk
>_delta_MZ186712.gbk
>_delta_MZ201960.gbk
>_delta_MZ186693.gbk
>_delta_MZ185219.gbk
>_delta_MZ193771.gbk
>_delta_MZ195335.gbk
>_delta_MZ195961.gbk
>_delta_MZ195962.gbk
>_delta_MZ186672.gbk
>_delta_MZ196014.gbk
>_delta_MZ193471.gbk
>_delta_MZ185411.gbk
>_delta_MZ187321.gbk
>_delta_MZ186739.gbk
>_delta_MZ186816.gbk
>_delta_MZ217679.gbk
>_delta_MZ208926.gbk
>_delta_MZ264900.gbk
>_delta_MZ223882.gbk
>_delta_MZ244853.gbk
>_delta_MZ254548.gbk
>_delta_MZ237943.gbk
>_delta_MZ245151.gbk
>_delta_MZ244821.gbk
>_delta_MZ244830.gbk
>_delta_MZ254373.gbk
>_delta_MZ254311.gbk
>_delta_MZ254134.gbk
>_delta_MZ254115.gbk
>_delta_MZ237135.gbk
>_delta_MZ228112.gbk
>_delta_MZ244529.gbk
>_delta_MZ254086.gbk
>_delta_MZ238698.gbk
>_delta_MZ252485.gbk
>_delta_MZ244456.gbk
>_delta_MZ237608.gbk
>_delta_MZ237075.gbk
>_delta_MZ228797.gbk
>_delta_MZ236962.gbk
>_delta_MZ228808.gbk
>_delta_MZ245041.gbk
>_delta_MZ252332.gbk
>_delta_MZ238437.gbk
>_delta_MZ253713.gbk
>_delta_MZ244979.gbk
>_delta_MZ256717.gbk
>_delta_MZ252348.gbk
>_delta_MZ252427.gbk
>_delta_MZ264197.gbk
>_delta_MZ245028.gbk
>_delta_MZ260820.gbk
>_delta_MZ261257.gbk
>_delta_MZ244579.gbk
>_delta_MZ252105.gbk
>_delta_MZ252653.gbk
>_delta_MZ253387.gbk
>_delta_MZ245108.gbk
>_delta_MZ252220.gbk
>_delta_MZ252892.gbk
>_delta_MZ228857.gbk
>_delta_MZ252412.gbk
>_delta_MZ238633.gbk
>_delta_MZ237194.gbk
>_delta_MZ252277.gbk
>_delta_MZ253480.gbk
>_delta_MZ253166.gbk
>_delta_MZ257732.gbk
>_delta_MZ257724.gbk
>_delta_MZ257690.gbk
>_delta_MZ257680.gbk
>_delta_MZ269770.gbk
>_delta_MZ282027.gbk
>_delta_MZ282155.gbk
>_delta_MZ281795.gbk
>_delta_MZ282867.gbk
>_delta_MZ282156.gbk
>_delta_MZ282117.gbk
>_delta_MZ377104.gbk
>_delta_MZ280117.gbk
>_delta_MZ280104.gbk
>_delta_MZ282093.gbk
>_delta_MZ280074.gbk
>_delta_MZ280066.gbk
>_delta_MZ284385.gbk
>_delta_MZ283665.gbk
>_delta_MZ284116.gbk
>_delta_MZ283671.gbk
>_delta_MZ283093.gbk
>_delta_MZ283990.gbk
>_delta_MZ283198.gbk
>_delta_MZ283414.gbk
>_delta_MZ283523.gbk
>_delta_MZ283541.gbk
>_delta_MZ283546.gbk
>_delta_MZ284079.gbk
>_delta_MZ284280.gbk
>_delta_MZ284286.gbk
>_delta_MZ283228.gbk
>_delta_MZ283264.gbk
>_delta_MZ283393.gbk
>_delta_MZ284453.gbk
>_delta_MZ284454.gbk
>_delta_MZ284456.gbk
>_delta_MZ271646.gbk
>_delta_MZ271760.gbk
>_delta_MZ270940.gbk
>_delta_MZ271036.gbk
>_delta_MZ278346.gbk
>_delta_MZ278347.gbk
>_delta_MZ278319.gbk
>_delta_MZ279473.gbk
>_delta_MZ278306.gbk
>_delta_MZ278454.gbk
>_delta_MZ377110.gbk
>_delta_MZ307012.gbk
>_delta_MZ307013.gbk
>_delta_MZ377108.gbk
>_delta_MZ377116.gbk
>_delta_MZ306899.gbk
>_delta_MZ294029.gbk
>_delta_MZ306939.gbk
>_delta_MZ308384.gbk
>_delta_MZ294076.gbk
>_delta_MZ294069.gbk
>_delta_MZ294023.gbk
>_delta_MZ294054.gbk
>_delta_MZ294222.gbk
>_delta_MZ293971.gbk
>_delta_MZ307985.gbk
>_delta_MZ294201.gbk
>_delta_MZ308353.gbk
>_delta_MZ294337.gbk
>_delta_MZ307980.gbk
>_delta_MZ307954.gbk
>_delta_MZ294338.gbk
>_delta_MZ294311.gbk
>_delta_MZ377105.gbk
>_delta_MZ377114.gbk
>_delta_MZ377115.gbk
>_delta_MZ308247.gbk
>_delta_MZ307810.gbk
>_delta_MZ306662.gbk
>_delta_MZ307864.gbk
>_delta_MZ306648.gbk
>_delta_MZ308126.gbk
>_delta_MZ306558.gbk
>_delta_MZ307683.gbk
>_delta_MZ307676.gbk
>_delta_MZ293618.gbk
>_delta_MZ307781.gbk
>_delta_MZ306535.gbk
>_delta_MZ306533.gbk
>_delta_MZ307513.gbk
>_delta_MZ307534.gbk
>_delta_MZ307533.gbk
>_delta_MZ307691.gbk
>_delta_MZ307634.gbk
>_delta_MZ307543.gbk
>_delta_MZ306429.gbk
>_delta_MZ306428.gbk
>_delta_MZ307512.gbk
>_delta_MZ307748.gbk
>_delta_MZ293641.gbk
>_delta_MZ307414.gbk
>_delta_MZ307130.gbk
>_delta_MZ293585.gbk
>_delta_MZ293592.gbk
>_delta_MZ306040.gbk
>_delta_MZ471728.1.gbk
>_delta_MZ471834.1.gbk
>_delta_MZ306060.gbk
>_delta_MZ471731.1.gbk
>_delta_MZ298062.gbk
>_delta_MZ298060.gbk
>_delta_MZ303956.gbk
>_delta_MZ472061.1.gbk
>_delta_MZ303950.gbk
>_delta_MZ471672.1.gbk
>_delta_MZ295201.gbk
>_delta_MZ284870.gbk
>_delta_MZ280969.gbk
>_delta_MZ280978.gbk
>_delta_MZ280901.gbk
>_delta_MZ280907.gbk
>_delta_MZ281602.gbk
>_delta_MZ281626.gbk
>_delta_MZ291163.gbk
>_delta_MZ290386.gbk
>_delta_MZ281178.gbk
>_delta_MZ281708.gbk
>_delta_MZ281604.gbk
>_delta_MZ291194.gbk
>_delta_MZ281103.gbk
>_delta_MZ280773.gbk
>_delta_MZ280775.gbk
>_delta_MZ291087.gbk
>_delta_MZ291330.gbk
>_delta_MZ278217.gbk
>_delta_MZ278425.gbk
>_delta_MZ280365.gbk
>_delta_MZ280434.gbk
>_delta_MZ280543.gbk
>_delta_MZ290293.gbk
>_delta_MZ291300.gbk
>_delta_MZ280704.gbk
>_delta_MZ280820.gbk
>_delta_MZ280710.gbk
>_delta_MZ280390.gbk
>_delta_MZ278680.gbk
>_delta_MZ291023.gbk
>_delta_MZ280416.gbk
>_delta_MZ280859.gbk
>_delta_MZ279291.gbk
>_delta_MZ278858.gbk
>_delta_MZ281965.gbk
>_delta_MZ278220.gbk
>_delta_MZ279711.gbk
>_delta_MZ278908.gbk
>_delta_MZ278930.gbk
>_delta_MZ279561.gbk
>_delta_MZ281874.gbk
>_delta_MZ278820.gbk
>_delta_LC633760.gbk
>_delta_MZ315118.gbk
>_delta_MZ315124.gbk
>_delta_MZ315132.gbk
>_delta_MZ319520.gbk
>_delta_MZ316427.gbk
>_delta_MZ333343.gbk
>_delta_MZ333345.gbk
>_delta_MZ319554.gbk
>_delta_MZ319718.gbk
>_delta_MZ315368.gbk
>_delta_MZ328892.gbk
>_delta_MZ315957.gbk
>_delta_MZ316266.gbk
>_delta_MZ316322.gbk
>_delta_MZ315889.gbk
>_delta_MZ318264.gbk
>_delta_MZ318262.gbk
>_delta_MZ318263.gbk
>_delta_MZ378596.gbk
>_delta_MZ320775.gbk
>_delta_MZ320799.gbk
>_delta_MZ320811.gbk
>_delta_MZ320630.gbk
>_delta_MZ320104.gbk
>_delta_MZ320681.gbk
>_delta_MZ320071.gbk
>_delta_MZ320012.gbk
>_delta_MZ319935.gbk
>_delta_MZ319964.gbk
>_delta_MZ319311.gbk
>_delta_MZ316538.gbk
>_delta_MZ322391.gbk
>_delta_MZ318377.gbk
>_delta_MZ318383.gbk
>_delta_MZ318161.gbk
>_delta_MZ318159.gbk
>_delta_MZ318160.gbk
>_delta_MZ318243.gbk
>_delta_MZ318201.gbk
>_delta_MZ318244.gbk
>_delta_MZ318245.gbk
>_delta_MZ318246.gbk
>_delta_MZ318254.gbk
>_delta_MZ318255.gbk
>_delta_MZ318253.gbk
>_delta_MZ318268.gbk
>_delta_MZ318267.gbk
>_delta_MZ318271.gbk
>_delta_MZ318270.gbk
>_delta_MZ318277.gbk
>_delta_MZ318279.gbk
>_delta_MZ318282.gbk
>_delta_MZ318283.gbk
>_delta_MZ318284.gbk
>_delta_MZ318358.gbk
>_delta_MZ318359.gbk
>_delta_MZ318357.gbk
>_delta_MZ318366.gbk
>_delta_MZ318365.gbk
>_delta_MZ318364.gbk
>_delta_MZ318378.gbk
>_delta_MZ314938.gbk
>_delta_MZ314937.gbk
>_delta_MZ314977.gbk
>_delta_MZ323773.gbk
>_delta_MZ342578.gbk
>_delta_MZ342568.gbk
>_delta_MZ341748.gbk
>_delta_MZ341740.gbk
>_delta_MZ341739.gbk
>_delta_MZ341239.gbk
>_delta_MZ342509.gbk
>_delta_MZ341218.gbk
>_delta_MZ341234.gbk
>_delta_MZ341203.gbk
>_delta_MZ342394.gbk
>_delta_MZ342367.gbk
>_delta_MZ341708.gbk
>_delta_MZ342102.gbk
>_delta_MZ341714.gbk
>_delta_MZ342131.gbk
>_delta_MZ341654.gbk
>_delta_MZ342016.gbk
>_delta_MZ342013.gbk
>_delta_MZ342015.gbk
>_delta_MZ341115.gbk
>_delta_MZ341114.gbk
>_delta_MZ342062.gbk
>_delta_MZ342282.gbk
>_delta_MZ342320.gbk
>_delta_MZ342293.gbk
>_delta_MZ341611.gbk
>_delta_MZ341539.gbk
>_delta_MZ341650.gbk
>_delta_MZ342240.gbk
>_delta_MZ341395.gbk
>_delta_MZ340999.gbk
>_delta_MZ341457.gbk
>_delta_MZ341452.gbk
>_delta_MZ341469.gbk
>_delta_MZ342166.gbk
>_delta_MZ342169.gbk
>_delta_MZ341917.gbk
>_delta_MZ341307.gbk
>_delta_MZ331177.gbk
>_delta_MZ341272.gbk
>_delta_MZ341843.gbk
>_delta_MZ341841.gbk
>_delta_MZ341320.gbk
>_delta_MZ334667.gbk
>_delta_MZ331109.gbk
>_delta_MZ331111.gbk
>_delta_MZ334629.gbk
>_delta_MZ434919.1.gbk
>_delta_MZ331196.gbk
>_delta_MZ331025.gbk
>_delta_MZ331867.gbk
>_delta_MZ343599.gbk
>_delta_MZ342600.gbk
>_delta_MZ357809.gbk
>_delta_MZ357513.gbk
>_delta_MZ357535.gbk
>_delta_MZ357534.gbk
>_delta_MZ357599.gbk
>_delta_MZ357612.gbk
>_delta_MZ357594.gbk
>_delta_MZ357603.gbk
>_delta_MZ357617.gbk
>_delta_MZ352160.gbk
>_delta_MZ357781.gbk
>_delta_MZ357782.gbk
>_delta_MZ345895.gbk
>_delta_MZ357805.gbk
>_delta_MZ345913.gbk
>_delta_MZ349708.gbk
>_delta_MZ349625.gbk
>_delta_MZ357790.gbk
>_delta_MZ340582.gbk
>_delta_MZ355388.gbk
>_delta_MZ358743.gbk
>_delta_MZ358691.gbk
>_delta_MZ358692.gbk
>_delta_MZ358509.gbk
>_delta_MZ358920.gbk
>_delta_MZ358404.gbk
>_delta_MZ358409.gbk
>_delta_MZ358572.gbk
>_delta_MZ358574.gbk
>_delta_MZ358804.gbk
>_delta_MZ354854.gbk
>_delta_MZ354752.gbk
>_delta_MZ354827.gbk
>_delta_MZ354750.gbk
>_delta_MZ354703.gbk
>_delta_MZ354694.gbk
>_delta_MZ354766.gbk
>_delta_MZ354802.gbk
>_delta_MZ354732.gbk
>_delta_MZ354730.gbk
>_delta_MZ358511.gbk
>_delta_MZ358662.gbk
>_delta_MZ358660.gbk
>_delta_MZ358503.gbk
>_delta_MZ354360.gbk
>_delta_MZ354579.gbk
>_delta_MZ354179.gbk
>_delta_MZ354207.gbk
>_delta_MZ354628.gbk
>_delta_MZ343735.gbk
>_delta_MZ343660.gbk
>_delta_MZ354422.gbk
>_delta_MZ354412.gbk
>_delta_MZ343728.gbk
>_delta_MZ343619.gbk
>_delta_MZ358582.gbk
>_delta_MZ343682.gbk
>_delta_MZ358537.gbk
>_delta_MZ351805.gbk
>_delta_MZ358727.gbk
>_delta_MZ329228.gbk
>_delta_MZ351830.gbk
>_delta_MZ358736.gbk
>_delta_MZ358657.gbk
>_delta_MZ358396.gbk
>_delta_MZ342902.gbk
>_delta_MZ342814.gbk
>_delta_MZ342817.gbk
>_delta_MZ342887.gbk
>_delta_MZ342896.gbk
>_delta_MZ342897.gbk
>_delta_MZ342660.gbk
>_delta_MZ342748.gbk
>_delta_MZ342816.gbk
>_delta_MZ342592.gbk
>_delta_MZ342590.gbk
>_delta_MZ342593.gbk
>_delta_MZ342594.gbk
>_delta_MZ342595.gbk
>_delta_MZ342892.gbk
>_delta_MZ342898.gbk
>_delta_MZ340633.gbk
>_delta_MZ342580.gbk
>_delta_MZ342588.gbk
>_delta_MZ342589.gbk
>_delta_MZ342891.gbk
>_delta_MZ340587.gbk
>_delta_MZ340589.gbk
>_delta_MZ340625.gbk
>_delta_MZ340628.gbk
>_delta_MZ340629.gbk
>_delta_MZ340632.gbk
>_delta_MZ340634.gbk
>_delta_MZ340584.gbk
>_delta_MZ340588.gbk
>_delta_MZ340639.gbk
>_delta_MZ340635.gbk
>_delta_MZ340636.gbk
>_delta_MZ342888.gbk
>_delta_MZ342886.gbk
>_delta_MZ340580.gbk
>_delta_MZ340581.gbk
>_delta_MZ342959.gbk
>_delta_MZ343392.gbk
>_delta_MZ340546.gbk
>_delta_MZ340544.gbk
>_delta_MZ340500.gbk
>_delta_MZ340505.gbk
>_delta_MZ340531.gbk
>_delta_MZ325343.gbk
>_delta_MZ325379.gbk
>_delta_MZ325378.gbk
>_delta_MZ332525.gbk
>_delta_MZ332523.gbk
>_delta_MZ340526.gbk
>_delta_MZ325844.gbk
>_delta_MZ332526.gbk
>_delta_MZ332522.gbk
>_delta_MZ332517.gbk
>_delta_MZ340535.gbk
>_delta_MZ325380.gbk
>_delta_MZ325393.gbk
>_delta_MZ325421.gbk
>_delta_MZ325845.gbk
>_delta_MZ340527.gbk
>_delta_MZ340524.gbk
>_delta_MZ340522.gbk
>_delta_MZ340521.gbk
>_delta_MZ340513.gbk
>_delta_MZ340518.gbk
>_delta_MZ340510.gbk
>_delta_MZ415223.1.gbk
>_delta_MZ390874.gbk
>_delta_MZ401524.1.gbk
>_delta_MZ401530.1.gbk
>_delta_MZ477092.1.gbk
>_delta_MZ477072.1.gbk
>_delta_MZ477043.1.gbk
>_delta_MZ394442.1.gbk
>_delta_MZ394461.1.gbk
>_delta_MZ394488.1.gbk
>_delta_MZ394407.1.gbk
>_delta_MZ372213.gbk
>_delta_MZ372214.gbk
>_delta_MZ372200.gbk
>_delta_MZ372190.gbk
>_delta_MZ372167.gbk
>_delta_MZ372155.gbk
>_delta_MZ372161.gbk
>_delta_MZ372104.gbk
>_delta_MZ372475.gbk
>_delta_MZ372498.gbk
>_delta_MZ372546.gbk
>_delta_MZ372521.gbk
>_delta_MZ372522.gbk
>_delta_MZ372503.gbk
>_delta_MZ372355.gbk
>_delta_MZ372400.gbk
>_delta_MZ372401.gbk
>_delta_MZ372402.gbk
>_delta_MZ372325.gbk
>_delta_MZ372329.gbk
>_delta_MZ372271.gbk
>_delta_MZ372228.gbk
>_delta_MZ363213.gbk
>_delta_MZ362494.gbk
>_delta_MZ363646.gbk
>_delta_MZ360186.gbk
>_delta_MZ360281.gbk
>_delta_MZ360192.gbk
>_delta_MZ360181.gbk
>_delta_MZ363095.gbk
>_delta_MZ363030.gbk
>_delta_MZ362992.gbk
>_delta_MZ363028.gbk
>_delta_MZ363067.gbk
>_delta_MZ371365.gbk
>_delta_MZ371360.gbk
>_delta_MZ371364.gbk
>_delta_MZ371355.gbk
>_delta_MZ371356.gbk
>_delta_MZ373005.gbk
>_delta_MZ371280.gbk
>_delta_MZ371352.gbk
>_delta_MZ372933.gbk
>_delta_MZ372937.gbk
>_delta_MZ373008.gbk
>_delta_MZ372950.gbk
>_delta_MZ372961.gbk
>_delta_MZ372845.gbk
>_delta_MZ372968.gbk
>_delta_MZ372901.gbk
>_delta_MZ372900.gbk
>_delta_MZ372967.gbk
>_delta_MZ372905.gbk
>_delta_MZ372906.gbk
>_delta_MZ372904.gbk
>_delta_MZ372894.gbk
>_delta_MZ372846.gbk
>_delta_MZ372844.gbk
>_delta_MZ372838.gbk
>_delta_MZ372837.gbk
>_delta_MZ372798.gbk
>_delta_MZ372800.gbk
>_delta_MZ371271.gbk
>_delta_MZ371232.gbk
>_delta_MZ372797.gbk
>_delta_MZ372887.gbk
>_delta_MZ371325.gbk
>_delta_MZ371326.gbk
>_delta_MZ371791.gbk
>_delta_MZ372851.gbk
>_delta_MZ371793.gbk
>_delta_MZ372825.gbk
>_delta_MZ371192.gbk
>_delta_MZ372089.gbk
>_delta_MZ371768.gbk
>_delta_MZ371785.gbk
>_delta_MZ372051.gbk
>_delta_MZ372750.gbk
>_delta_MZ371146.gbk
>_delta_MZ372665.gbk
>_delta_MZ372666.gbk
>_delta_MZ372689.gbk
>_delta_MZ371289.gbk
>_delta_MZ371789.gbk
>_delta_MZ372023.gbk
>_delta_MZ372048.gbk
>_delta_MZ372017.gbk
>_delta_MZ371984.gbk
>_delta_MZ371991.gbk
>_delta_MZ371990.gbk
>_delta_MZ371983.gbk
>_delta_MZ371981.gbk
>_delta_MZ371706.gbk
>_delta_MZ371640.gbk
>_delta_MZ371625.gbk
>_delta_MZ371903.gbk
>_delta_MZ371602.gbk
>_delta_MZ371917.gbk
>_delta_MZ367637.gbk
>_delta_MZ371556.gbk
>_delta_MZ371873.gbk
>_delta_MZ371528.gbk
>_delta_MZ371524.gbk
>_delta_MZ371527.gbk
>_delta_MZ371839.gbk
>_delta_MZ371421.gbk
>_delta_MZ363912.gbk
>_delta_MZ367818.gbk
>_delta_MZ363893.gbk
>_delta_MZ367857.gbk
>_delta_MZ363894.gbk
>_delta_MZ363891.gbk
>_delta_MZ363892.gbk
>_delta_MZ363890.gbk
>_delta_MZ363889.gbk
>_delta_MZ363848.gbk
>_delta_MZ363847.gbk
>_delta_MZ363888.gbk
>_delta_MZ363887.gbk
>_delta_MZ363863.gbk
>_delta_MZ363864.gbk
>_delta_MZ363866.gbk
>_delta_MZ363865.gbk
>_delta_MZ363858.gbk
>_delta_MZ363856.gbk
>_delta_MZ363855.gbk
>_delta_MZ363859.gbk
>_delta_MZ363834.gbk
>_delta_MZ363910.gbk
>_delta_MZ363832.gbk
>_delta_MZ363833.gbk
>_delta_MZ363837.gbk
>_delta_MZ363836.gbk
>_delta_MZ363840.gbk
>_delta_MZ359845.gbk
>_delta_MZ359844.gbk
>_delta_MZ359846.gbk
>_delta_MZ359851.gbk
>_delta_MZ359875.gbk
>_delta_MZ359877.gbk
>_delta_MZ359880.gbk
>_delta_MZ359882.gbk
>_delta_MZ359878.gbk
>_delta_MZ359891.gbk
>_delta_MZ359841.gbk
>_delta_MZ359890.gbk
>_delta_MZ359892.gbk
>_delta_MZ359833.gbk
>_delta_MZ359832.gbk
>_delta_MZ359831.gbk
>_delta_MZ359834.gbk
>_delta_MZ359839.gbk
>_delta_MZ359840.gbk
>_delta_MZ359843.gbk
>_delta_MZ386247.gbk
>_delta_MZ386248.gbk
>_delta_MZ386269.gbk
>_delta_MZ386163.gbk
>_delta_MZ386265.gbk
>_delta_MZ386244.gbk
>_delta_MZ386343.gbk
>_delta_MZ386344.gbk
>_delta_MZ386570.gbk
>_delta_MZ386321.gbk
>_delta_MZ386382.gbk
>_delta_MZ386139.gbk
>_delta_MZ386334.gbk
>_delta_MZ386331.gbk
>_delta_MZ386533.gbk
>_delta_MZ386543.gbk
>_delta_MZ386562.gbk
>_delta_MZ392205.gbk
>_delta_MZ386540.gbk
>_delta_MZ386325.gbk
>_delta_MZ386408.gbk
>_delta_MZ386610.gbk
>_delta_MZ386450.gbk
>_delta_MZ386604.gbk
>_delta_MZ386583.gbk
>_delta_MZ386406.gbk
>_delta_MZ386473.gbk
>_delta_MZ386529.gbk
>_delta_MZ386409.gbk
>_delta_MZ392188.gbk
>_delta_MZ393539.gbk
>_delta_MZ389960.gbk
>_delta_MZ389950.gbk
>_delta_MZ382945.gbk
>_delta_MZ388383.gbk
>_delta_MZ385998.gbk
>_delta_MZ386008.gbk
>_delta_MZ382814.gbk
>_delta_MZ386070.gbk
>_delta_MZ386048.gbk
>_delta_MZ386089.gbk
>_delta_MZ386017.gbk
>_delta_MZ386113.gbk
>_delta_MZ386097.gbk
>_delta_MZ375989.gbk
>_delta_MZ375900.gbk
>_delta_MZ385773.gbk
>_delta_MZ376102.gbk
>_delta_MZ376067.gbk
>_delta_MZ376486.gbk
>_delta_MZ376492.gbk
>_delta_MZ376460.gbk
>_delta_MZ376470.gbk
>_delta_MZ376473.gbk
>_delta_MZ376131.gbk
>_delta_MZ376496.gbk
>_delta_MZ376431.gbk
>_delta_MZ376469.gbk
>_delta_MZ375938.gbk
>_delta_MZ376545.gbk
>_delta_MZ385828.gbk
>_delta_MZ385863.gbk
>_delta_MZ385850.gbk
>_delta_MZ385833.gbk
>_delta_MZ385871.gbk
>_delta_MZ385814.gbk
>_delta_MZ376534.gbk
>_delta_MZ376379.gbk
>_delta_MZ376249.gbk
>_delta_MZ385884.gbk
>_delta_MZ385888.gbk
>_delta_MZ385961.gbk
>_delta_MZ385982.gbk
>_delta_MZ385952.gbk
>_delta_MZ385931.gbk
>_delta_MZ385978.gbk
>_delta_MZ376179.gbk
>_delta_MZ382816.gbk
>_delta_MZ377520.gbk
>_delta_MZ375540.gbk
>_delta_MZ375570.gbk
>_delta_MZ375596.gbk
>_delta_MZ375548.gbk
>_delta_MZ377415.gbk
>_delta_MZ377422.gbk
>_delta_MZ377434.gbk
>_delta_MZ377447.gbk
>_delta_MZ377453.gbk
>_delta_MZ377465.gbk
>_delta_MZ378130.gbk
>_delta_MZ378038.gbk
>_delta_MZ378046.gbk
>_delta_MZ378045.gbk
>_delta_MZ378057.gbk
>_delta_MZ394270.1.gbk
>_delta_MZ394345.1.gbk
>_delta_MZ394331.1.gbk
>_delta_MZ434515.1.gbk
>_delta_MZ434393.1.gbk
>_delta_MZ433688.1.gbk
>_delta_MZ434666.1.gbk
>_delta_MZ405188.1.gbk
>_delta_MZ401465.1.gbk
>_delta_MZ402485.1.gbk
>_delta_MZ405183.1.gbk
>_delta_MZ405697.1.gbk
>_delta_MZ401459.1.gbk
>_delta_MZ401460.1.gbk
>_delta_MZ405144.1.gbk
>_delta_MZ401937.1.gbk
>_delta_MZ405698.1.gbk
>_delta_MZ405177.1.gbk
>_delta_MZ402507.1.gbk
>_delta_MZ402604.1.gbk
>_delta_MZ402743.1.gbk
>_delta_MZ402741.1.gbk
>_delta_MZ403742.1.gbk
>_delta_MZ402505.1.gbk
>_delta_MZ402742.1.gbk
>_delta_MZ402515.1.gbk
>_delta_MZ402617.1.gbk
>_delta_MZ402611.1.gbk
>_delta_MZ403743.1.gbk
>_delta_MZ402605.1.gbk
>_delta_MZ402740.1.gbk
>_delta_MZ402508.1.gbk
>_delta_MZ402658.1.gbk
>_delta_MZ403744.1.gbk
>_delta_MZ402501.1.gbk
>_delta_MZ402503.1.gbk
>_delta_MZ401452.1.gbk
>_delta_MZ401451.1.gbk
>_delta_MZ401450.1.gbk
>_delta_MZ401453.1.gbk
>_delta_MZ401454.1.gbk
>_delta_MZ401457.1.gbk
>_delta_MZ401456.1.gbk
>_delta_MZ401504.1.gbk
>_delta_MZ402499.1.gbk
>_delta_MZ402498.1.gbk
>_delta_MZ402500.1.gbk
>_delta_MZ401449.1.gbk
>_delta_MZ401484.1.gbk
>_delta_MZ401494.1.gbk
>_delta_MZ401495.1.gbk
>_delta_MZ401496.1.gbk
>_delta_MZ401497.1.gbk
>_delta_MZ401501.1.gbk
>_delta_MZ401503.1.gbk
>_delta_MZ401498.1.gbk
>_delta_MZ402506.1.gbk
>_delta_MZ402502.1.gbk
>_delta_MZ402504.1.gbk
>_delta_MZ401499.1.gbk
>_delta_MZ401505.1.gbk
>_delta_MZ401447.1.gbk
>_delta_MZ401448.1.gbk
>_delta_MZ401445.1.gbk
>_delta_MZ401446.1.gbk
>_delta_MZ396559.1.gbk
>_delta_MZ396560.1.gbk
>_delta_MZ397276.1.gbk
>_delta_MZ397337.1.gbk
>_delta_MZ397413.1.gbk
>_delta_MZ397339.1.gbk
>_delta_MZ397338.1.gbk
>_delta_MZ397466.1.gbk
>_delta_MZ397384.1.gbk
>_delta_MZ397913.1.gbk
>_delta_MZ397911.1.gbk
>_delta_MZ397171.1.gbk
>_delta_MZ411803.1.gbk
>_delta_MZ412157.1.gbk
>_delta_MZ411813.1.gbk
>_delta_MZ413530.1.gbk
>_delta_MZ415787.1.gbk
>_delta_MZ412056.1.gbk
>_delta_MZ411886.1.gbk
>_delta_MZ411517.1.gbk
>_delta_MZ416208.1.gbk
>_delta_MZ414596.1.gbk
>_delta_MZ414686.1.gbk
>_delta_MZ415166.1.gbk
>_delta_MZ415187.1.gbk
>_delta_MZ415314.1.gbk
>_delta_MZ414234.1.gbk
>_delta_MZ414231.1.gbk
>_delta_MZ415504.1.gbk
>_delta_MZ414862.1.gbk
>_delta_MZ413612.1.gbk
>_delta_MZ413619.1.gbk
>_delta_MZ413630.1.gbk
>_delta_MZ413622.1.gbk
>_delta_MZ413624.1.gbk
>_delta_MZ413608.1.gbk
>_delta_MZ413605.1.gbk
>_delta_MZ413600.1.gbk
>_delta_MZ413297.1.gbk
>_delta_MZ413298.1.gbk
>_delta_MZ413296.1.gbk
>_delta_MZ413334.1.gbk
>_delta_MZ413356.1.gbk
>_delta_MZ413357.1.gbk
>_delta_MZ411656.1.gbk
>_delta_MZ412071.1.gbk
>_delta_MZ412387.1.gbk
>_delta_MZ412317.1.gbk
>_delta_MZ412342.1.gbk
>_delta_MZ412330.1.gbk
>_delta_MZ412341.1.gbk
>_delta_MZ411851.1.gbk
>_delta_MZ412243.1.gbk
>_delta_MZ411810.1.gbk
>_delta_MZ412223.1.gbk
>_delta_MZ412121.1.gbk
>_delta_MZ412118.1.gbk
>_delta_MZ411933.1.gbk
>_delta_MZ411530.1.gbk
>_delta_MZ410770.1.gbk
>_delta_MZ410771.1.gbk
>_delta_MZ410767.1.gbk
>_delta_MZ410768.1.gbk
>_delta_MZ411531.1.gbk
>_delta_MZ436858.1.gbk
>_delta_MZ433858.1.gbk
>_delta_MZ433816.1.gbk
>_delta_MZ433692.1.gbk
>_delta_MZ433787.1.gbk
>_delta_MZ434396.1.gbk
>_delta_MZ434436.1.gbk
>_delta_MZ434327.1.gbk
>_delta_MZ434402.1.gbk
>_delta_MZ434601.1.gbk
>_delta_MZ433150.1.gbk
>_delta_MZ433007.1.gbk
>_delta_MZ432703.1.gbk
>_delta_MZ432582.1.gbk
>_delta_MZ432626.1.gbk
>_delta_MZ432711.1.gbk
>_delta_MZ432599.1.gbk
>_delta_MZ432630.1.gbk
>_delta_MZ432643.1.gbk
>_delta_MZ432613.1.gbk
>_delta_MZ432489.1.gbk
>_delta_MZ432636.1.gbk
>_delta_MZ432447.1.gbk
>_delta_MZ432521.1.gbk
>_delta_MZ432441.1.gbk
>_delta_MZ432456.1.gbk
>_delta_MZ432507.1.gbk
>_delta_MZ432440.1.gbk
>_delta_MZ432482.1.gbk
>_delta_MZ432439.1.gbk
>_delta_MZ432452.1.gbk
>_delta_MZ432267.1.gbk
>_delta_MZ432305.1.gbk
>_delta_MZ432245.1.gbk
>_delta_MZ432236.1.gbk
>_delta_MZ432379.1.gbk
>_delta_MZ432352.1.gbk
>_delta_MZ432080.1.gbk
>_delta_MZ432092.1.gbk
>_delta_MZ432193.1.gbk
>_delta_MZ432116.1.gbk
>_delta_MZ432122.1.gbk
>_delta_MZ432098.1.gbk
>_delta_MZ431896.1.gbk
>_delta_MZ431850.1.gbk
>_delta_MZ431910.1.gbk
>_delta_MZ431858.1.gbk
>_delta_MZ432105.1.gbk
>_delta_MZ432173.1.gbk
>_delta_MZ432103.1.gbk
>_delta_MZ432111.1.gbk
>_delta_MZ431889.1.gbk
>_delta_MZ431907.1.gbk
>_delta_MZ431998.1.gbk
>_delta_MZ431882.1.gbk
>_delta_MZ431887.1.gbk
>_delta_MZ432163.1.gbk
>_delta_MZ431987.1.gbk
>_delta_MZ431880.1.gbk
>_delta_MZ430819.1.gbk
>_delta_MZ430899.1.gbk
>_delta_MZ430901.1.gbk
>_delta_MZ430900.1.gbk
>_delta_MZ430898.1.gbk
>_delta_MZ430926.1.gbk
>_delta_MZ430893.1.gbk
>_delta_MZ430902.1.gbk
>_delta_MZ430917.1.gbk
>_delta_MZ430865.1.gbk
>_delta_MZ429145.1.gbk
>_delta_MZ430658.1.gbk
>_delta_MZ430709.1.gbk
>_delta_MZ430601.1.gbk
>_delta_MZ430605.1.gbk
>_delta_MZ430619.1.gbk
>_delta_MZ430612.1.gbk
>_delta_MZ429203.1.gbk
>_delta_MZ442212.1.gbk
>_delta_MZ440935.1.gbk
>_delta_MZ440962.1.gbk
>_delta_MZ440953.1.gbk
>_delta_MZ440963.1.gbk
>_delta_MZ440957.1.gbk
>_delta_MZ440969.1.gbk
>_delta_MZ440970.1.gbk
>_delta_MZ438653.1.gbk
>_delta_MZ438654.1.gbk
>_delta_MZ440983.1.gbk
>_delta_MZ440974.1.gbk
>_delta_MZ441011.1.gbk
>_delta_MZ441040.1.gbk
>_delta_MZ441029.1.gbk
>_delta_MZ441023.1.gbk
>_delta_MZ441002.1.gbk
>_delta_MZ441036.1.gbk
>_delta_MZ441025.1.gbk
>_delta_MZ441044.1.gbk
>_delta_MZ440907.1.gbk
>_delta_MZ438604.1.gbk
>_delta_MZ437368.1.gbk
>_delta_MZ450771.1.gbk
>_delta_MZ450772.1.gbk
>_delta_MZ450687.1.gbk
>_delta_MZ450720.1.gbk
>_delta_MZ450656.1.gbk
>_delta_MZ450681.1.gbk
>_delta_MZ450701.1.gbk
>_delta_MZ450683.1.gbk
>_delta_MZ450690.1.gbk
>_delta_MZ450575.1.gbk
>_delta_MZ450576.1.gbk
>_delta_MZ450737.1.gbk
>_delta_MZ450752.1.gbk
>_delta_MZ450675.1.gbk
>_delta_MZ450600.1.gbk
>_delta_MZ450718.1.gbk
>_delta_MZ450157.1.gbk
>_delta_MZ450518.1.gbk
>_delta_MZ450522.1.gbk
>_delta_MZ450528.1.gbk
>_delta_MZ450573.1.gbk
>_delta_MZ450559.1.gbk
>_delta_MZ450558.1.gbk
>_delta_MZ450629.1.gbk
>_delta_MZ450517.1.gbk
>_delta_MZ450617.1.gbk
>_delta_MZ450499.1.gbk
>_delta_MZ450344.1.gbk
>_delta_MZ450455.1.gbk
>_delta_MZ450357.1.gbk
>_delta_MZ450351.1.gbk
>_delta_MZ450552.1.gbk
>_delta_MZ450457.1.gbk
>_delta_MZ450442.1.gbk
>_delta_MZ450323.1.gbk
>_delta_MZ444210.1.gbk
>_delta_MZ450362.1.gbk
>_delta_MZ450366.1.gbk
>_delta_MZ450477.1.gbk
>_delta_MZ450178.1.gbk
>_delta_MZ450206.1.gbk
>_delta_MZ450306.1.gbk
>_delta_MZ450411.1.gbk
>_delta_MZ450043.1.gbk
>_delta_MZ450168.1.gbk
>_delta_MZ450170.1.gbk
>_delta_MZ450171.1.gbk
>_delta_MZ449743.1.gbk
>_delta_MZ449712.1.gbk
>_delta_MZ449720.1.gbk
>_delta_MZ449721.1.gbk
>_delta_MZ449723.1.gbk
>_delta_MZ451953.1.gbk
>_delta_MZ449719.1.gbk
>_delta_MZ449753.1.gbk
>_delta_MZ451728.1.gbk
>_delta_MZ451727.1.gbk
>_delta_MZ449717.1.gbk
>_delta_MZ451825.1.gbk
>_delta_MZ451879.1.gbk
>_delta_MZ451818.1.gbk
>_delta_MZ451836.1.gbk
>_delta_MZ451881.1.gbk
>_delta_MZ448465.1.gbk
>_delta_MZ451822.1.gbk
>_delta_MZ451829.1.gbk
>_delta_MZ451837.1.gbk
>_delta_MZ451877.1.gbk
>_delta_MZ451765.1.gbk
>_delta_MZ451729.1.gbk
>_delta_MZ451733.1.gbk
>_delta_MZ451854.1.gbk
>_delta_MZ451853.1.gbk
>_delta_MZ451855.1.gbk
>_delta_MZ451851.1.gbk
>_delta_MZ451929.1.gbk
>_delta_MZ451724.1.gbk
>_delta_MZ451860.1.gbk
>_delta_MZ451770.1.gbk
>_delta_MZ451735.1.gbk
>_delta_MZ448467.1.gbk
>_delta_MZ451878.1.gbk
>_delta_MZ451696.1.gbk
>_delta_MZ451717.1.gbk
>_delta_MZ451833.1.gbk
>_delta_MZ451821.1.gbk
>_delta_MZ451952.1.gbk
>_delta_MZ451773.1.gbk
>_delta_MZ451801.1.gbk
>_delta_MZ451799.1.gbk
>_delta_MZ448685.1.gbk
>_delta_MZ462650.1.gbk
>_delta_MZ462612.1.gbk
>_delta_MZ462640.1.gbk
>_delta_MZ462680.1.gbk
>_delta_MZ462468.1.gbk
>_delta_MZ462483.1.gbk
>_delta_MZ462815.1.gbk
>_delta_MZ462541.1.gbk
>_delta_MZ462866.1.gbk
>_delta_MZ462877.1.gbk
>_delta_MZ477924.1.gbk
>_delta_MZ477920.1.gbk
>_delta_MZ477922.1.gbk
>_delta_MZ477914.1.gbk
>_delta_MZ477934.1.gbk
>_delta_MZ477925.1.gbk
>_delta_MZ477936.1.gbk
>_delta_MZ477928.1.gbk
>_delta_MZ477935.1.gbk
>_delta_MZ477933.1.gbk
>_delta_MZ477926.1.gbk
>_delta_MZ477945.1.gbk
>_delta_MZ477970.1.gbk
>_delta_MZ477969.1.gbk
>_delta_MZ477966.1.gbk
>_delta_MZ477971.1.gbk
>_delta_MZ477947.1.gbk
>_delta_MZ477973.1.gbk
>_delta_MZ477955.1.gbk
>_delta_MZ477996.1.gbk
>_delta_MZ477991.1.gbk
>_delta_MZ477998.1.gbk
>_delta_MZ477983.1.gbk
>_delta_MZ477977.1.gbk
>_delta_MZ466404.1.gbk
>_delta_MZ466403.1.gbk
>_delta_MZ478001.1.gbk
>_delta_MZ478005.1.gbk
>_delta_MZ478016.1.gbk
>_delta_MZ478014.1.gbk
>_delta_MZ478013.1.gbk
>_delta_MZ478033.1.gbk
>_delta_MZ478041.1.gbk
>_delta_MZ456029.1.gbk
>_delta_MZ456027.1.gbk
>_delta_MZ453704.1.gbk
>_delta_MZ456026.1.gbk
>_delta_MZ456530.1.gbk
>_delta_MZ456550.1.gbk
>_delta_MZ456545.1.gbk
>_delta_MZ456533.1.gbk
>_delta_MZ453500.1.gbk
>_delta_MZ453501.1.gbk
>_delta_MZ453489.1.gbk
>_delta_MZ456532.1.gbk
>_delta_MZ453484.1.gbk
>_delta_MZ453485.1.gbk
>_delta_MZ453464.1.gbk
>_delta_MZ453472.1.gbk
>_delta_MZ461297.1.gbk
>_delta_MZ454597.1.gbk
>_delta_MZ467938.1.gbk
>_delta_MZ467918.1.gbk
>_delta_MZ467902.1.gbk
>_delta_MZ467912.1.gbk
>_delta_MZ467855.1.gbk
>_delta_MZ467903.1.gbk
>_delta_MZ467866.1.gbk
>_delta_MZ467872.1.gbk
>_delta_MZ467904.1.gbk
>_delta_MZ467868.1.gbk
>_delta_MZ467891.1.gbk
>_delta_MZ467996.1.gbk
>_delta_MZ468001.1.gbk
>_delta_MZ467995.1.gbk
>_delta_MZ467994.1.gbk
>_delta_MZ467997.1.gbk
>_delta_MZ467992.1.gbk
>_delta_MZ467991.1.gbk
>_delta_MZ468000.1.gbk
>_delta_MZ465630.1.gbk
>_delta_MZ467034.1.gbk
>_delta_MZ467035.1.gbk
>_delta_MZ462326.1.gbk
>_delta_MZ467719.1.gbk
>_delta_MZ462362.1.gbk
>_delta_MZ462320.1.gbk
>_delta_MZ467852.1.gbk
>_delta_MZ468002.1.gbk
>_delta_MZ469272.1.gbk
>_delta_MZ468047.1.gbk
>_delta_MZ472688.1.gbk
>_delta_MZ473599.1.gbk
>_delta_MZ475447.1.gbk
>_delta_MZ475523.1.gbk
>_delta_MZ475449.1.gbk
>_delta_MZ475448.1.gbk
>_delta_MZ475575.1.gbk
>_delta_MZ475494.1.gbk
>_delta_MZ481908.1.gbk
>_delta_MZ470860.1.gbk
>_delta_MZ470861.1.gbk
>_delta_MZ481919.1.gbk
>_delta_MZ470859.1.gbk
>_delta_MZ481914.1.gbk
>_delta_MZ481915.1.gbk
>_delta_MZ481921.1.gbk
>_delta_MZ481918.1.gbk
>_delta_MZ470858.1.gbk
>_delta_MZ481917.1.gbk
>_delta_MZ481920.1.gbk
>_delta_MZ481916.1.gbk
>_delta_MZ481923.1.gbk
>_delta_MZ481925.1.gbk
>_delta_MZ481922.1.gbk
>_delta_MZ470857.1.gbk
>_delta_MZ470856.1.gbk
>_delta_MZ481924.1.gbk
>_delta_MZ470854.1.gbk
>_delta_MZ470855.1.gbk
>_delta_MZ470853.1.gbk
>_delta_MZ470847.1.gbk
>_delta_MZ481928.1.gbk
>_delta_MZ470850.1.gbk
>_delta_MZ470848.1.gbk
>_delta_MZ470852.1.gbk
>_delta_MZ470849.1.gbk
>_delta_MZ470851.1.gbk
>_delta_MZ481913.1.gbk
>_delta_MZ481911.1.gbk
>_delta_MZ481910.1.gbk
>_delta_MZ481912.1.gbk
>_delta_MZ481909.1.gbk
>_delta_MZ486493.1.gbk
>_delta_MZ486494.1.gbk
>_delta_MZ491057.1.gbk
>_delta_MZ492410.1.gbk
>_delta_MZ492419.1.gbk
>_delta_MZ492418.1.gbk
>_delta_MZ492379.1.gbk
>_delta_MZ492358.1.gbk
>_delta_MZ492361.1.gbk
>_delta_MZ492432.1.gbk
>_delta_MZ492393.1.gbk
>_delta_MZ492398.1.gbk
>_delta_MZ492404.1.gbk
>_delta_MZ492400.1.gbk
>_delta_MZ491279.1.gbk
>_delta_MZ492421.1.gbk
>_delta_MZ492392.1.gbk
>_delta_MZ492408.1.gbk
>_delta_MZ492413.1.gbk
>_delta_MZ492501.1.gbk
>_delta_MZ492401.1.gbk
>_delta_MZ492366.1.gbk
>_delta_MZ492434.1.gbk
>_delta_MZ492395.1.gbk
>_delta_MZ491288.1.gbk
>_delta_MZ492417.1.gbk
>_delta_MZ492509.1.gbk
>_delta_MZ492363.1.gbk
>_delta_MZ491513.1.gbk
>_delta_MZ491407.1.gbk
>_delta_MZ492165.1.gbk
>_delta_MZ492385.1.gbk
>_delta_MZ492394.1.gbk
>_delta_MZ491596.1.gbk
>_delta_MZ491619.1.gbk
>_delta_MZ491453.1.gbk
>_delta_MZ491608.1.gbk
>_delta_MZ491364.1.gbk
>_delta_MZ491534.1.gbk
>_delta_MZ491557.1.gbk
>_delta_MZ491456.1.gbk
>_delta_MZ491690.1.gbk
>_delta_MZ491754.1.gbk
>_delta_MZ491712.1.gbk
>_delta_MZ491598.1.gbk
>_delta_MZ491634.1.gbk
>_delta_MZ491662.1.gbk
>_delta_MZ491346.1.gbk
>_delta_MZ492292.1.gbk
>_delta_MZ492348.1.gbk
>_delta_MZ492168.1.gbk
>_delta_MZ492298.1.gbk
>_delta_MZ492301.1.gbk
>_delta_MZ492151.1.gbk
>_delta_MZ492285.1.gbk
>_delta_MZ492303.1.gbk
>_delta_MZ492177.1.gbk
>_delta_MZ491766.1.gbk
>_delta_MZ491571.1.gbk
>_delta_MZ491629.1.gbk
>_delta_MZ491678.1.gbk
>_delta_MZ491630.1.gbk
>_delta_MZ491695.1.gbk
>_delta_MZ491597.1.gbk
>_delta_MZ491327.1.gbk
>_delta_MZ491517.1.gbk
>_delta_MZ491694.1.gbk
>_delta_MZ491531.1.gbk
>_delta_MZ491595.1.gbk
>_delta_MZ491764.1.gbk
>_delta_MZ491756.1.gbk
>_delta_MZ491368.1.gbk
>_delta_MZ491473.1.gbk
>_delta_MZ491439.1.gbk
>_delta_MZ491470.1.gbk
>_delta_MZ492244.1.gbk
>_delta_MZ491401.1.gbk
>_delta_MZ491523.1.gbk
>_delta_MZ491348.1.gbk
>_delta_MZ491354.1.gbk
>_delta_MZ491384.1.gbk
>_delta_MZ491429.1.gbk
>_delta_MZ491442.1.gbk
>_delta_MZ491710.1.gbk
>_delta_MZ491561.1.gbk
>_delta_MZ491328.1.gbk
>_delta_MZ491437.1.gbk
>_delta_MZ491334.1.gbk
>_delta_MZ491480.1.gbk
>_delta_MZ491404.1.gbk
>_delta_MZ491399.1.gbk
>_delta_MZ491444.1.gbk
>_delta_MZ492160.1.gbk
>_delta_MZ492163.1.gbk
>_delta_MZ492211.1.gbk
>_delta_MZ492253.1.gbk
>_delta_MZ492164.1.gbk
>_delta_MZ492146.1.gbk
>_delta_MZ492259.1.gbk
>_delta_MZ492269.1.gbk
>_delta_MZ492275.1.gbk
>_delta_MZ492223.1.gbk
>_delta_MZ492157.1.gbk
>_delta_MZ492181.1.gbk
>_delta_MZ492186.1.gbk
>_delta_MZ491543.1.gbk
>_delta_MZ491545.1.gbk
>_delta_MZ491403.1.gbk
>_delta_MZ492237.1.gbk
>_delta_MZ491311.1.gbk
>_delta_MZ491784.1.gbk
>_delta_MZ491680.1.gbk
>_delta_MZ491369.1.gbk
>_delta_MZ491699.1.gbk
>_delta_MZ491460.1.gbk
>_delta_MZ491530.1.gbk
>_delta_MZ491343.1.gbk
>_delta_MZ491481.1.gbk
>_delta_MZ491365.1.gbk
>_delta_MZ491395.1.gbk
>_delta_MZ491670.1.gbk
>_delta_MZ491724.1.gbk
>_delta_MZ491749.1.gbk
>_delta_MZ491474.1.gbk
>_delta_MZ491689.1.gbk
>_delta_MZ491718.1.gbk
>_delta_MZ491438.1.gbk
>_delta_MZ491420.1.gbk
>_delta_MZ491367.1.gbk
>_delta_MZ491679.1.gbk
>_delta_MZ491652.1.gbk
>_delta_MZ491745.1.gbk
>_delta_MZ491516.1.gbk
>_delta_MZ491424.1.gbk
>_delta_MZ491483.1.gbk
>_delta_MZ491607.1.gbk
>_delta_MZ491454.1.gbk
>_delta_MZ491783.1.gbk
>_delta_MZ491352.1.gbk
>_delta_MZ491715.1.gbk
>_delta_MZ491584.1.gbk
>_delta_MZ491765.1.gbk
>_delta_MZ491358.1.gbk
>_delta_MZ491601.1.gbk
>_delta_MZ491385.1.gbk
>_delta_MZ491612.1.gbk
>_delta_MZ491414.1.gbk
>_delta_MZ491405.1.gbk
>_delta_MZ491394.1.gbk
>_delta_MZ491312.1.gbk
>_delta_MZ491576.1.gbk
>_delta_MZ491434.1.gbk
>_delta_MZ491478.1.gbk
>_delta_MZ491575.1.gbk
>_delta_MZ491762.1.gbk
>_delta_MZ491487.1.gbk
>_delta_MZ491333.1.gbk
>_delta_MZ491458.1.gbk
>_delta_MZ491606.1.gbk
>_delta_MZ491426.1.gbk
>_delta_MZ491770.1.gbk
>_delta_MZ491713.1.gbk
>_delta_MZ491711.1.gbk
>_delta_MZ491371.1.gbk
>_delta_MZ491302.1.gbk
>_delta_MZ492176.1.gbk
>_delta_MZ492284.1.gbk
>_delta_MZ492152.1.gbk
>_delta_MZ492205.1.gbk
>_delta_MZ492256.1.gbk
>_delta_MZ492159.1.gbk
>_delta_MZ492173.1.gbk
>_delta_MZ492162.1.gbk
>_delta_MZ492224.1.gbk
>_delta_MZ492182.1.gbk
>_delta_MZ492197.1.gbk
>_delta_MZ492189.1.gbk
>_delta_MZ492202.1.gbk
>_delta_MZ491654.1.gbk
>_delta_MZ491452.1.gbk
>_delta_MZ492270.1.gbk
>_delta_MZ491287.1.gbk
>_delta_MZ491417.1.gbk
>_delta_MZ491592.1.gbk
>_delta_MZ491524.1.gbk
>_delta_MZ491297.1.gbk
>_delta_MZ491337.1.gbk
>_delta_MZ491759.1.gbk
>_delta_MZ491614.1.gbk
>_delta_MZ491340.1.gbk
>_delta_MZ491769.1.gbk
>_delta_MZ491500.1.gbk
>_delta_MZ491326.1.gbk
>_delta_MZ491389.1.gbk
>_delta_MZ491313.1.gbk
>_delta_MZ491726.1.gbk
>_delta_MZ491390.1.gbk
>_delta_MZ491332.1.gbk
>_delta_MZ491393.1.gbk
>_delta_MZ491541.1.gbk
>_delta_MZ491392.1.gbk
>_delta_MZ491728.1.gbk
>_delta_MZ491667.1.gbk
>_delta_MZ491491.1.gbk
>_delta_MZ491567.1.gbk
>_delta_MZ491323.1.gbk
>_delta_MZ491506.1.gbk
>_delta_MZ491677.1.gbk
>_delta_MZ491585.1.gbk
>_delta_MZ491739.1.gbk
>_delta_MZ491301.1.gbk
>_delta_MZ491529.1.gbk
>_delta_MZ491308.1.gbk
>_delta_MZ492143.1.gbk
>_delta_MZ492266.1.gbk
>_delta_MZ492277.1.gbk
>_delta_MZ492271.1.gbk
>_delta_MZ492147.1.gbk
>_delta_MZ492145.1.gbk
>_delta_MZ492214.1.gbk
>_delta_MZ492221.1.gbk
>_delta_MZ492276.1.gbk
>_delta_MZ492342.1.gbk
>_delta_MZ492167.1.gbk
>_delta_MZ492156.1.gbk
>_delta_MZ492148.1.gbk
>_delta_MZ492281.1.gbk
>_delta_MZ491729.1.gbk
>_delta_MZ491501.1.gbk
>_delta_MZ491657.1.gbk
>_delta_MZ491631.1.gbk
>_delta_MZ491402.1.gbk
>_delta_MZ491615.1.gbk
>_delta_MZ491476.1.gbk
>_delta_MZ491565.1.gbk
>_delta_MZ491771.1.gbk
>_delta_MZ491366.1.gbk
>_delta_MZ491589.1.gbk
>_delta_MZ491519.1.gbk
>_delta_MZ491761.1.gbk
>_delta_MZ491574.1.gbk
>_delta_MZ491692.1.gbk
>_delta_MZ491768.1.gbk
>_delta_MZ492183.1.gbk
>_delta_MZ491682.1.gbk
>_delta_MZ491649.1.gbk
>_delta_MZ491469.1.gbk
>_delta_MZ491599.1.gbk
>_delta_MZ491357.1.gbk
>_delta_MZ491755.1.gbk
>_delta_MZ491489.1.gbk
>_delta_MZ491486.1.gbk
>_delta_MZ491735.1.gbk
>_delta_MZ491660.1.gbk
>_delta_MZ492061.1.gbk
>_delta_MZ491451.1.gbk
>_delta_MZ491400.1.gbk
>_delta_MZ492184.1.gbk
>_delta_MZ492071.1.gbk
>_delta_MZ492343.1.gbk
>_delta_MZ492199.1.gbk
>_delta_MZ492169.1.gbk
>_delta_MZ492280.1.gbk
>_delta_MZ492150.1.gbk
>_delta_MZ492302.1.gbk
>_delta_MZ492296.1.gbk
>_delta_MZ492307.1.gbk
>_delta_MZ492335.1.gbk
>_delta_MZ491306.1.gbk
>_delta_MZ491355.1.gbk
>_delta_MZ491673.1.gbk
>_delta_MZ491435.1.gbk
>_delta_MZ491663.1.gbk
>_delta_MZ491397.1.gbk
>_delta_MZ491497.1.gbk
>_delta_MZ491387.1.gbk
>_delta_MZ491427.1.gbk
>_delta_MZ492084.1.gbk
>_delta_MZ492110.1.gbk
>_delta_MZ492105.1.gbk
>_delta_MZ492103.1.gbk
>_delta_MZ491447.1.gbk
>_delta_MZ492322.1.gbk
>_delta_MZ492108.1.gbk
>_delta_MZ492340.1.gbk
>_delta_MZ492319.1.gbk
>_delta_MZ491976.1.gbk
>_delta_MZ492311.1.gbk
>_delta_MZ492030.1.gbk
>_delta_MZ491882.1.gbk
>_delta_MZ492034.1.gbk
>_delta_MZ491985.1.gbk
>_delta_MZ491984.1.gbk
>_delta_MZ492022.1.gbk
>_delta_MZ492012.1.gbk
>_delta_MZ492026.1.gbk
>_delta_MZ492001.1.gbk
>_delta_MZ491927.1.gbk
>_delta_MZ491896.1.gbk
>_delta_MZ492009.1.gbk
>_delta_MZ491915.1.gbk
>_delta_MZ491994.1.gbk
>_delta_MZ491894.1.gbk
>_delta_MZ491903.1.gbk
>_delta_MZ491923.1.gbk
>_delta_MZ492036.1.gbk
>_delta_MZ492008.1.gbk
>_delta_MZ491898.1.gbk
>_delta_MZ491932.1.gbk
>_delta_MZ494053.1.gbk
>_delta_MZ494047.1.gbk
>_delta_MZ494083.1.gbk
>_delta_MZ494042.1.gbk
>_delta_MZ494086.1.gbk
>_delta_MZ494093.1.gbk
>_delta_MZ494074.1.gbk
>_delta_MZ493412.1.gbk
>_delta_MZ493404.1.gbk
>_delta_MZ493418.1.gbk
>_delta_MZ493427.1.gbk
>_delta_MZ493432.1.gbk
>_delta_MZ493578.1.gbk
>_delta_MZ493603.1.gbk
>_delta_MZ493408.1.gbk
>_delta_MZ493409.1.gbk
>_delta_MZ493405.1.gbk
>_delta_MZ493652.1.gbk
>_delta_MZ493566.1.gbk
>_delta_MZ493547.1.gbk
>_delta_MZ493591.1.gbk
>_delta_MZ493607.1.gbk
>_delta_MZ493574.1.gbk
>_delta_MZ493546.1.gbk
>_delta_MZ493564.1.gbk
>_delta_MZ493454.1.gbk
>_delta_MZ493660.1.gbk
>_delta_MZ493678.1.gbk
>_delta_MZ493555.1.gbk
>_delta_MZ493662.1.gbk
>_delta_MZ565760.1.gbk
>_delta_MZ565775.1.gbk
>_delta_MZ565776.1.gbk
>_delta_MZ565797.1.gbk
>_delta_MZ565767.1.gbk
>_delta_MZ565789.1.gbk
>_delta_MZ565755.1.gbk
>_delta_MZ565782.1.gbk
>_delta_MZ566010.1.gbk
>_delta_MZ565983.1.gbk
>_delta_MZ566012.1.gbk
>_delta_MZ566013.1.gbk
>_delta_MZ565696.1.gbk
>_delta_MZ565734.1.gbk
>_delta_MZ565740.1.gbk
>_delta_MZ565710.1.gbk
>_delta_MZ565736.1.gbk
>_delta_MZ565986.1.gbk
>_delta_MZ566006.1.gbk
>_delta_MZ565722.1.gbk
>_delta_MZ565692.1.gbk
>_delta_MZ565763.1.gbk
>_delta_MZ566007.1.gbk
>_delta_MZ566009.1.gbk
>_delta_MZ565693.1.gbk
>_delta_MZ565711.1.gbk
>_delta_MZ565741.1.gbk
>_delta_MZ565742.1.gbk
>_delta_MZ565743.1.gbk
>_delta_MZ566034.1.gbk
>_delta_MZ566033.1.gbk
>_delta_MZ565975.1.gbk
>_delta_MZ565903.1.gbk
>_delta_MZ565972.1.gbk
>_delta_MZ566039.1.gbk
>_delta_MZ565967.1.gbk
>_delta_MZ565686.1.gbk
>_delta_MZ566104.1.gbk
>_delta_MZ566108.1.gbk
>_delta_MZ565681.1.gbk
>_delta_MZ566117.1.gbk
>_delta_MZ566125.1.gbk
>_delta_MZ566131.1.gbk
>_delta_MZ565960.1.gbk
>_delta_MZ566134.1.gbk
>_delta_MZ566140.1.gbk
>_delta_MZ566146.1.gbk
>_delta_MZ565962.1.gbk
>_delta_MZ566143.1.gbk
>_delta_MZ566144.1.gbk
>_delta_MZ565959.1.gbk
>_delta_MZ565861.1.gbk
>_delta_MZ565977.1.gbk
>_delta_MZ565824.1.gbk
>_delta_MZ565839.1.gbk
>_delta_MZ565921.1.gbk
>_delta_MZ565953.1.gbk
>_delta_MZ565819.1.gbk
>_delta_MZ565843.1.gbk
>_delta_MZ565846.1.gbk
>_delta_MZ565919.1.gbk
>_delta_MZ565923.1.gbk
>_delta_MZ566196.1.gbk
>_delta_MZ566163.1.gbk
>_delta_MZ566174.1.gbk
>_delta_MZ566175.1.gbk
>_delta_MZ566195.1.gbk
>_delta_MZ565836.1.gbk
>_delta_MZ565973.1.gbk
>_delta_MZ565931.1.gbk
>_delta_MZ566161.1.gbk
>_delta_MZ566169.1.gbk
>_delta_MZ566177.1.gbk
>_delta_MZ566165.1.gbk
>_delta_MZ566184.1.gbk
>_delta_MZ566207.1.gbk
>_delta_MZ566211.1.gbk
>_delta_MZ566048.1.gbk
>_delta_MZ566058.1.gbk
>_delta_MZ566074.1.gbk
>_delta_MZ565951.1.gbk
>_delta_MZ566087.1.gbk
>_delta_MZ566098.1.gbk
>_delta_MZ566414.1.gbk
>_delta_MZ566407.1.gbk
>_delta_MZ566067.1.gbk
>_delta_MZ566086.1.gbk
>_delta_MZ566093.1.gbk
>_delta_MZ566202.1.gbk
>_delta_MZ566402.1.gbk
>_delta_MZ566066.1.gbk
>_delta_MZ566236.1.gbk
>_delta_MZ566412.1.gbk
>_delta_MZ566218.1.gbk
>_delta_MZ566362.1.gbk
>_delta_MZ566384.1.gbk
>_delta_MZ566273.1.gbk
>_delta_MZ566288.1.gbk
>_delta_MZ566338.1.gbk
>_delta_MZ566361.1.gbk
>_delta_MZ566457.1.gbk
>_delta_MZ566470.1.gbk
>_delta_MZ566289.1.gbk
>_delta_MZ566266.1.gbk
>_delta_MZ566304.1.gbk
>_delta_MZ566453.1.gbk
>_delta_MZ566455.1.gbk
>_delta_MZ566309.1.gbk
>_delta_MZ566256.1.gbk
>_delta_MZ565868.1.gbk
>_delta_MZ565866.1.gbk
>_delta_MZ496800.1.gbk
>_delta_MZ496770.1.gbk
>_delta_MZ496751.1.gbk
>_delta_MZ496744.1.gbk
>_delta_MZ498130.1.gbk
>_delta_MZ498131.1.gbk
>_delta_MZ500523.1.gbk
>_delta_MZ513858.1.gbk
>_delta_MZ513860.1.gbk
>_delta_MZ505746.1.gbk
>_delta_MZ513870.1.gbk
>_delta_MZ511640.1.gbk
>_delta_MZ505747.1.gbk
>_delta_MZ513810.1.gbk
>_delta_MZ513812.1.gbk
>_delta_MZ511515.1.gbk
>_delta_MZ511610.1.gbk
>_delta_MZ511611.1.gbk
>_delta_MZ511609.1.gbk
>_delta_MZ511532.1.gbk
>_delta_MZ511521.1.gbk
>_delta_MZ511518.1.gbk
>_delta_MZ506238.1.gbk
>_delta_MZ511519.1.gbk
>_delta_MZ511513.1.gbk
>_delta_MZ511520.1.gbk
>_delta_MZ511671.1.gbk
>_delta_MZ511603.1.gbk
>_delta_MZ511569.1.gbk
>_delta_MZ511571.1.gbk
>_delta_MZ511568.1.gbk
>_delta_MZ511591.1.gbk
>_delta_MZ511598.1.gbk
>_delta_MZ511645.1.gbk
>_delta_MZ506022.1.gbk
>_delta_MZ506034.1.gbk
>_delta_MZ511516.1.gbk
>_delta_MZ511628.1.gbk
>_delta_MZ511626.1.gbk
>_delta_MZ511512.1.gbk
>_delta_MZ511537.1.gbk
>_delta_MZ511542.1.gbk
>_delta_MZ511572.1.gbk
>_delta_MZ511642.1.gbk
>_delta_MZ511672.1.gbk
>_delta_MZ511641.1.gbk
>_delta_MZ506115.1.gbk
>_delta_MZ511629.1.gbk
>_delta_MZ511636.1.gbk
>_delta_MZ511639.1.gbk
>_delta_MZ511595.1.gbk
>_delta_MZ511596.1.gbk
>_delta_MZ506108.1.gbk
>_delta_MZ506255.1.gbk
>_delta_MZ511634.1.gbk
>_delta_MZ511631.1.gbk
>_delta_MZ511643.1.gbk
>_delta_MZ506101.1.gbk
>_delta_MZ513765.1.gbk
>_delta_MZ506192.1.gbk
>_delta_MZ506214.1.gbk
>_delta_MZ506268.1.gbk
>_delta_MZ513763.1.gbk
>_delta_MZ511593.1.gbk
>_delta_MZ506062.1.gbk
>_delta_MZ506064.1.gbk
>_delta_MZ506081.1.gbk
>_delta_MZ506226.1.gbk
>_delta_MZ506047.1.gbk
>_delta_MZ506166.1.gbk
>_delta_MZ506233.1.gbk
>_delta_MZ506310.1.gbk
>_delta_MZ506311.1.gbk
>_delta_MZ506219.1.gbk
>_delta_MZ506049.1.gbk
>_delta_MZ506071.1.gbk
>_delta_MZ506003.1.gbk
>_delta_MZ506133.1.gbk
>_delta_MZ506258.1.gbk
>_delta_MZ506309.1.gbk
>_delta_MZ514075.1.gbk
>_delta_MZ505980.1.gbk
>_delta_MZ506075.1.gbk
>_delta_MZ506223.1.gbk
>_delta_MZ513704.1.gbk
>_delta_MZ506076.1.gbk
>_delta_MZ506087.1.gbk
>_delta_MZ506250.1.gbk
>_delta_MZ514044.1.gbk
>_delta_MZ514024.1.gbk
>_delta_MZ506329.1.gbk
>_delta_MZ506330.1.gbk
>_delta_MZ506331.1.gbk
>_delta_MZ506334.1.gbk
>_delta_MZ506335.1.gbk
>_delta_MZ506085.1.gbk
>_delta_MZ512407.1.gbk
>_delta_MZ512963.1.gbk
>_delta_MZ512965.1.gbk
>_delta_MZ512338.1.gbk
>_delta_MZ511413.1.gbk
>_delta_MZ519587.1.gbk
>_delta_MZ519663.1.gbk
>_delta_MZ519574.1.gbk
>_delta_MZ519570.1.gbk
>_delta_MZ519605.1.gbk
>_delta_MZ519556.1.gbk
>_delta_MZ519594.1.gbk
>_delta_MZ519621.1.gbk
>_delta_MZ518482.1.gbk
>_delta_MZ518739.1.gbk
>_delta_MZ518772.1.gbk
>_delta_MZ519567.1.gbk
>_delta_MZ518446.1.gbk
>_delta_MZ518505.1.gbk
>_delta_MZ518515.1.gbk
>_delta_MZ518542.1.gbk
>_delta_MZ518669.1.gbk
>_delta_MZ518779.1.gbk
>_delta_MZ519651.1.gbk
>_delta_MZ519568.1.gbk
>_delta_MZ518449.1.gbk
>_delta_MZ518713.1.gbk
>_delta_MZ518731.1.gbk
>_delta_MZ519577.1.gbk
>_delta_MZ519583.1.gbk
>_delta_MZ519588.1.gbk
>_delta_MZ519566.1.gbk
>_delta_MZ518416.1.gbk
>_delta_MZ518466.1.gbk
>_delta_MZ518468.1.gbk
>_delta_MZ518470.1.gbk
>_delta_MZ518500.1.gbk
>_delta_MZ518525.1.gbk
>_delta_MZ518556.1.gbk
>_delta_MZ518716.1.gbk
>_delta_MZ518767.1.gbk
>_delta_MZ519589.1.gbk
>_delta_MZ519627.1.gbk
>_delta_MZ518481.1.gbk
>_delta_MZ518604.1.gbk
>_delta_MZ518622.1.gbk
>_delta_MZ518632.1.gbk
>_delta_MZ518692.1.gbk
>_delta_MZ518725.1.gbk
>_delta_MZ519564.1.gbk
>_delta_MZ518393.1.gbk
>_delta_MZ518420.1.gbk
>_delta_MZ518460.1.gbk
>_delta_MZ518538.1.gbk
>_delta_MZ518572.1.gbk
>_delta_MZ518573.1.gbk
>_delta_MZ518585.1.gbk
>_delta_MZ518640.1.gbk
>_delta_MZ518659.1.gbk
>_delta_MZ518661.1.gbk
>_delta_MZ518710.1.gbk
>_delta_MZ518768.1.gbk
>_delta_MZ519562.1.gbk
>_delta_MZ519563.1.gbk
>_delta_MZ518447.1.gbk
>_delta_MZ518589.1.gbk
>_delta_MZ518421.1.gbk
>_delta_MZ518476.1.gbk
>_delta_MZ518541.1.gbk
>_delta_MZ518698.1.gbk
>_delta_MZ518705.1.gbk
>_delta_MZ519560.1.gbk
>_delta_MZ518454.1.gbk
>_delta_MZ518598.1.gbk
>_delta_MZ518665.1.gbk
>_delta_MZ518686.1.gbk
>_delta_MZ518586.1.gbk
>_delta_MZ518658.1.gbk
>_delta_MZ518480.1.gbk
>_delta_MZ518577.1.gbk
>_delta_MZ518581.1.gbk
>_delta_MZ518602.1.gbk
>_delta_MZ518695.1.gbk
>_delta_MZ518619.1.gbk
>_delta_MZ518761.1.gbk
>_delta_MZ518400.1.gbk
>_delta_MZ518432.1.gbk
>_delta_MZ518633.1.gbk
>_delta_MZ518453.1.gbk
>_delta_MZ518467.1.gbk
>_delta_MZ518486.1.gbk
>_delta_MZ518493.1.gbk
>_delta_MZ518744.1.gbk
>_delta_MZ518721.1.gbk
>_delta_MZ518271.1.gbk
>_delta_MZ531900.1.gbk
>_delta_MZ539998.1.gbk
>_delta_MZ540000.1.gbk
>_delta_MZ533585.1.gbk
>_delta_MZ533528.1.gbk
>_delta_MZ535779.1.gbk
>_delta_MZ535866.1.gbk
>_delta_MZ536094.1.gbk
>_delta_MZ535976.1.gbk
>_delta_MZ536147.1.gbk
>_delta_MZ536164.1.gbk
>_delta_MZ536187.1.gbk
>_delta_MZ536115.1.gbk
>_delta_MZ535925.1.gbk
>_delta_MZ535974.1.gbk
>_delta_MZ536160.1.gbk
>_delta_MZ536092.1.gbk
>_delta_MZ536100.1.gbk
>_delta_MZ535839.1.gbk
>_delta_MZ536095.1.gbk
>_delta_MZ535769.1.gbk
>_delta_MZ535802.1.gbk
>_delta_MZ535927.1.gbk
>_delta_MZ536125.1.gbk
>_delta_MZ539999.1.gbk
>_delta_MZ532206.1.gbk
>_delta_MZ532209.1.gbk
>_delta_MZ532212.1.gbk
>_delta_MZ532218.1.gbk
>_delta_MZ532220.1.gbk
>_delta_MZ535868.1.gbk
>_delta_MZ535923.1.gbk
>_delta_MZ535828.1.gbk
>_delta_MZ536072.1.gbk
>_delta_MZ533515.1.gbk
>_delta_MZ533519.1.gbk
>_delta_MZ535879.1.gbk
>_delta_MZ535741.1.gbk
>_delta_MZ535940.1.gbk
>_delta_MZ533496.1.gbk
>_delta_MZ533504.1.gbk
>_delta_MZ533514.1.gbk
>_delta_MZ533550.1.gbk
>_delta_MZ533548.1.gbk
>_delta_MZ533127.1.gbk
>_delta_MZ535894.1.gbk
>_delta_MZ535451.1.gbk
>_delta_MZ535344.1.gbk
>_delta_MZ535472.1.gbk
>_delta_MZ535805.1.gbk
>_delta_MZ536035.1.gbk
>_delta_MZ536138.1.gbk
>_delta_MZ535757.1.gbk
>_delta_MZ535910.1.gbk
>_delta_MZ535788.1.gbk
>_delta_MZ535899.1.gbk
>_delta_MZ535997.1.gbk
>_delta_MZ535831.1.gbk
>_delta_MZ535980.1.gbk
>_delta_MZ536108.1.gbk
>_delta_MZ539997.1.gbk
>_delta_MZ533535.1.gbk
>_delta_MZ533541.1.gbk
>_delta_MZ537325.1.gbk
>_delta_MZ535994.1.gbk
>_delta_MZ536110.1.gbk
>_delta_MZ535766.1.gbk
>_delta_MZ535857.1.gbk
>_delta_MZ536031.1.gbk
>_delta_MZ536183.1.gbk
>_delta_MZ536075.1.gbk
>_delta_MZ536167.1.gbk
>_delta_MZ535929.1.gbk
>_delta_MZ536139.1.gbk
>_delta_MZ533554.1.gbk
>_delta_MZ533573.1.gbk
>_delta_MZ537317.1.gbk
>_delta_MZ533486.1.gbk
>_delta_MZ533487.1.gbk
>_delta_MZ533542.1.gbk
>_delta_MZ533564.1.gbk
>_delta_MZ533533.1.gbk
>_delta_MZ533475.1.gbk
>_delta_MZ536087.1.gbk
>_delta_MZ533546.1.gbk
>_delta_MZ533468.1.gbk
>_delta_MZ533478.1.gbk
>_delta_MZ533479.1.gbk
>_delta_MZ533480.1.gbk
>_delta_MZ536043.1.gbk
>_delta_MZ536068.1.gbk
>_delta_MZ536079.1.gbk
>_delta_MZ533467.1.gbk
>_delta_MZ533472.1.gbk
>_delta_MZ533473.1.gbk
>_delta_MZ533474.1.gbk
>_delta_MZ537318.1.gbk
>_delta_MZ537323.1.gbk
>_delta_MZ533555.1.gbk
>_delta_MZ535531.1.gbk
>_delta_MZ535462.1.gbk
>_delta_MZ535386.1.gbk
>_delta_MZ535710.1.gbk
>_delta_MZ535658.1.gbk
>_delta_MZ535719.1.gbk
>_delta_MZ535570.1.gbk
>_delta_MZ535374.1.gbk
>_delta_MZ535701.1.gbk
>_delta_MZ535699.1.gbk
>_delta_MZ535392.1.gbk
>_delta_MZ535591.1.gbk
>_delta_MZ535723.1.gbk
>_delta_MZ535441.1.gbk
>_delta_MZ535448.1.gbk
>_delta_MZ535557.1.gbk
>_delta_MZ535714.1.gbk
>_delta_MZ535471.1.gbk
>_delta_MZ535715.1.gbk
>_delta_MZ535534.1.gbk
>_delta_MZ535406.1.gbk
>_delta_MZ536123.1.gbk
>_delta_MZ535353.1.gbk
>_delta_MZ535481.1.gbk
>_delta_MZ535630.1.gbk
>_delta_MZ535543.1.gbk
>_delta_MZ535709.1.gbk
>_delta_MZ535633.1.gbk
>_delta_MZ536155.1.gbk
>_delta_MZ533476.1.gbk
>_delta_MZ533464.1.gbk
>_delta_MZ533465.1.gbk
>_delta_MZ533582.1.gbk
>_delta_MZ536150.1.gbk
>_delta_MZ535932.1.gbk
>_delta_MZ532238.1.gbk
>_delta_MZ532243.1.gbk
>_delta_MZ532240.1.gbk
>_delta_MZ533485.1.gbk
>_delta_MZ533426.1.gbk
>_delta_MZ533497.1.gbk
>_delta_MZ535767.1.gbk
>_delta_MZ533385.1.gbk
>_delta_MZ533386.1.gbk
>_delta_MZ533388.1.gbk
>_delta_MZ533397.1.gbk
>_delta_MZ533398.1.gbk
>_delta_MZ533399.1.gbk
>_delta_MZ533402.1.gbk
>_delta_MZ533404.1.gbk
>_delta_MZ533406.1.gbk
>_delta_MZ533407.1.gbk
>_delta_MZ533410.1.gbk
>_delta_MZ537312.1.gbk
>_delta_MZ533444.1.gbk
>_delta_MZ537313.1.gbk
>_delta_MZ533451.1.gbk
>_delta_MZ533453.1.gbk
>_delta_MZ533459.1.gbk
>_delta_MZ533578.1.gbk
>_delta_MZ533579.1.gbk
>_delta_MZ535977.1.gbk
>_delta_MZ535989.1.gbk
>_delta_MZ535804.1.gbk
>_delta_MZ536021.1.gbk
>_delta_MZ535943.1.gbk
>_delta_MZ535947.1.gbk
>_delta_MZ535824.1.gbk
>_delta_MZ536152.1.gbk
>_delta_MZ535998.1.gbk
>_delta_MZ537314.1.gbk
>_delta_MZ537309.1.gbk
>_delta_MZ533401.1.gbk
>_delta_MZ533425.1.gbk
>_delta_MZ533427.1.gbk
>_delta_MZ537311.1.gbk
>_delta_MZ533431.1.gbk
>_delta_MZ533433.1.gbk
>_delta_MZ533434.1.gbk
>_delta_MZ533445.1.gbk
>_delta_MZ535954.1.gbk
>_delta_MZ535750.1.gbk
>_delta_MZ536099.1.gbk
>_delta_MZ535981.1.gbk
>_delta_MZ535753.1.gbk
>_delta_MZ536121.1.gbk
>_delta_MZ535829.1.gbk
>_delta_MZ535752.1.gbk
>_delta_MZ536180.1.gbk
>_delta_MZ536174.1.gbk
>_delta_MZ535845.1.gbk
>_delta_MZ535760.1.gbk
>_delta_MZ535781.1.gbk
>_delta_MZ536184.1.gbk
>_delta_MZ533447.1.gbk
>_delta_MZ533437.1.gbk
>_delta_MZ533461.1.gbk
>_delta_MZ535807.1.gbk
>_delta_MZ535883.1.gbk
>_delta_MZ536169.1.gbk
>_delta_MZ533409.1.gbk
>_delta_MZ533441.1.gbk
>_delta_MZ520862.1.gbk
>_delta_MZ533597.1.gbk
>_delta_MZ533394.1.gbk
>_delta_MZ533405.1.gbk
>_delta_MZ536127.1.gbk
>_delta_MZ536109.1.gbk
>_delta_MZ536175.1.gbk
>_delta_MZ535849.1.gbk
>_delta_MZ536144.1.gbk
>_delta_MZ535948.1.gbk
>_delta_MZ535984.1.gbk
>_delta_MZ533387.1.gbk
>_delta_MZ533389.1.gbk
>_delta_MZ533572.1.gbk
>_delta_MZ520940.1.gbk
>_delta_MZ533395.1.gbk
>_delta_MZ533452.1.gbk
>_delta_MZ535782.1.gbk
>_delta_MZ533384.1.gbk
>_delta_MZ535393.1.gbk
>_delta_MZ535873.1.gbk
>_delta_MZ535636.1.gbk
>_delta_MZ535711.1.gbk
>_delta_MZ535553.1.gbk
>_delta_MZ535649.1.gbk
>_delta_MZ535637.1.gbk
>_delta_MZ535419.1.gbk
>_delta_MZ535580.1.gbk
>_delta_MZ535693.1.gbk
>_delta_MZ535964.1.gbk
>_delta_MZ535999.1.gbk
>_delta_MZ535512.1.gbk
>_delta_MZ535428.1.gbk
>_delta_MZ535561.1.gbk
>_delta_MZ535842.1.gbk
>_delta_MZ535427.1.gbk
>_delta_MZ535673.1.gbk
>_delta_MZ535342.1.gbk
>_delta_MZ535611.1.gbk
>_delta_MZ535718.1.gbk
>_delta_MZ535364.1.gbk
>_delta_MZ535639.1.gbk
>_delta_MZ535544.1.gbk
>_delta_MZ535584.1.gbk
>_delta_MZ536081.1.gbk
>_delta_MZ535809.1.gbk
>_delta_MZ535355.1.gbk
>_delta_MZ535691.1.gbk
>_delta_MZ535552.1.gbk
>_delta_MZ535569.1.gbk
>_delta_MZ535913.1.gbk
>_delta_MZ535513.1.gbk
>_delta_MZ535677.1.gbk
>_delta_MZ535654.1.gbk
>_delta_MZ535574.1.gbk
>_delta_MZ535990.1.gbk
>_delta_MZ535390.1.gbk
>_delta_MZ535695.1.gbk
>_delta_MZ535489.1.gbk
>_delta_MZ535464.1.gbk
>_delta_MZ535339.1.gbk
>_delta_MZ535358.1.gbk
>_delta_MZ535337.1.gbk
>_delta_MZ535550.1.gbk
>_delta_MZ535599.1.gbk
>_delta_MZ535908.1.gbk
>_delta_MZ535490.1.gbk
>_delta_MZ535616.1.gbk
>_delta_MZ535688.1.gbk
>_delta_MZ535527.1.gbk
>_delta_MZ535702.1.gbk
>_delta_MZ535409.1.gbk
>_delta_MZ535698.1.gbk
>_delta_MZ535554.1.gbk
>_delta_MZ535624.1.gbk
>_delta_MZ535690.1.gbk
>_delta_MZ535568.1.gbk
>_delta_MZ535500.1.gbk
>_delta_MZ535672.1.gbk
>_delta_MZ535372.1.gbk
>_delta_MZ535340.1.gbk
>_delta_MZ533408.1.gbk
>_delta_MZ540003.1.gbk
>_delta_MZ533393.1.gbk
>_delta_MZ533379.1.gbk
>_delta_MZ533466.1.gbk
>_delta_MZ533412.1.gbk
>_delta_MZ533423.1.gbk
>_delta_MZ535799.1.gbk
>_delta_MZ533392.1.gbk
>_delta_MZ536096.1.gbk
>_delta_MZ535896.1.gbk
>_delta_MZ536026.1.gbk
>_delta_MZ532281.1.gbk
>_delta_MZ532274.1.gbk
>_delta_MZ532259.1.gbk
>_delta_MZ532260.1.gbk
>_delta_MZ532262.1.gbk
>_delta_MZ532279.1.gbk
>_delta_MZ532257.1.gbk
>_delta_MZ532275.1.gbk
>_delta_MZ532271.1.gbk
>_delta_MZ533349.1.gbk
>_delta_MZ533254.1.gbk
>_delta_MZ533255.1.gbk
>_delta_MZ533362.1.gbk
>_delta_MZ533364.1.gbk
>_delta_MZ533371.1.gbk
>_delta_MZ533263.1.gbk
>_delta_MZ533123.1.gbk
>_delta_MZ533311.1.gbk
>_delta_MZ533126.1.gbk
>_delta_MZ533312.1.gbk
>_delta_MZ533318.1.gbk
>_delta_MZ533382.1.gbk
>_delta_MZ537315.1.gbk
>_delta_MZ535738.1.gbk
>_delta_MZ535733.1.gbk
>_delta_MZ536010.1.gbk
>_delta_MZ535756.1.gbk
>_delta_MZ536091.1.gbk
>_delta_MZ536177.1.gbk
>_delta_MZ535890.1.gbk
>_delta_MZ535975.1.gbk
>_delta_MZ535862.1.gbk
>_delta_MZ537302.1.gbk
>_delta_MZ537307.1.gbk
>_delta_MZ533373.1.gbk
>_delta_MZ533300.1.gbk
>_delta_MZ535921.1.gbk
>_delta_MZ536009.1.gbk
>_delta_MZ535962.1.gbk
>_delta_MZ535773.1.gbk
>_delta_MZ536142.1.gbk
>_delta_MZ535774.1.gbk
>_delta_MZ535893.1.gbk
>_delta_MZ536102.1.gbk
>_delta_MZ535872.1.gbk
>_delta_MZ536188.1.gbk
>_delta_MZ535823.1.gbk
>_delta_MZ535912.1.gbk
>_delta_MZ535939.1.gbk
>_delta_MZ536148.1.gbk
>_delta_MZ535949.1.gbk
>_delta_MZ536042.1.gbk
>_delta_MZ536063.1.gbk
>_delta_MZ535758.1.gbk
>_delta_MZ537296.1.gbk
>_delta_MZ533310.1.gbk
>_delta_MZ533272.1.gbk
>_delta_MZ533281.1.gbk
>_delta_MZ535141.1.gbk
>_delta_MZ535746.1.gbk
>_delta_MZ533363.1.gbk
>_delta_MZ533346.1.gbk
>_delta_MZ533367.1.gbk
>_delta_MZ533284.1.gbk
>_delta_MZ533304.1.gbk
>_delta_MZ535803.1.gbk
>_delta_MZ535951.1.gbk
>_delta_MZ536062.1.gbk
>_delta_MZ536064.1.gbk
>_delta_MZ535882.1.gbk
>_delta_MZ536118.1.gbk
>_delta_MZ535833.1.gbk
>_delta_MZ535979.1.gbk
>_delta_MZ533343.1.gbk
>_delta_MZ533381.1.gbk
>_delta_MZ536189.1.gbk
>_delta_MZ535919.1.gbk
>_delta_MZ535476.1.gbk
>_delta_MZ535686.1.gbk
>_delta_MZ536027.1.gbk
>_delta_MZ535898.1.gbk
>_delta_MZ535348.1.gbk
>_delta_MZ535486.1.gbk
>_delta_MZ535422.1.gbk
>_delta_MZ535730.1.gbk
>_delta_MZ535356.1.gbk
>_delta_MZ536165.1.gbk
>_delta_MZ535648.1.gbk
>_delta_MZ535518.1.gbk
>_delta_MZ536205.1.gbk
>_delta_MZ536191.1.gbk
>_delta_MZ535748.1.gbk
>_delta_MZ535656.1.gbk
>_delta_MZ535605.1.gbk
>_delta_MZ535629.1.gbk
>_delta_MZ535707.1.gbk
>_delta_MZ535705.1.gbk
>_delta_MZ535592.1.gbk
>_delta_MZ535590.1.gbk
>_delta_MZ535720.1.gbk
>_delta_MZ536014.1.gbk
>_delta_MZ535924.1.gbk
>_delta_MZ535501.1.gbk
>_delta_MZ535988.1.gbk
>_delta_MZ536049.1.gbk
>_delta_MZ535780.1.gbk
>_delta_MZ536137.1.gbk
>_delta_MZ535504.1.gbk
>_delta_MZ535678.1.gbk
>_delta_MZ536098.1.gbk
>_delta_MZ535864.1.gbk
>_delta_MZ535403.1.gbk
>_delta_MZ536122.1.gbk
>_delta_MZ536166.1.gbk
>_delta_MZ536028.1.gbk
>_delta_MZ535613.1.gbk
>_delta_MZ535623.1.gbk
>_delta_MZ535467.1.gbk
>_delta_MZ536204.1.gbk
>_delta_MZ535909.1.gbk
>_delta_MZ535668.1.gbk
>_delta_MZ535535.1.gbk
>_delta_MZ533354.1.gbk
>_delta_MZ539996.1.gbk
>_delta_MZ540002.1.gbk
>_delta_MZ533421.1.gbk
>_delta_MZ533337.1.gbk
>_delta_MZ537305.1.gbk
>_delta_MZ533302.1.gbk
>_delta_MZ535192.1.gbk
>_delta_MZ535820.1.gbk
>_delta_MZ536198.1.gbk
>_delta_MZ535902.1.gbk
>_delta_MZ535754.1.gbk
>_delta_MZ532295.1.gbk
>_delta_MZ532303.1.gbk
>_delta_MZ532310.1.gbk
>_delta_MZ532317.1.gbk
>_delta_MZ532331.1.gbk
>_delta_MZ532296.1.gbk
>_delta_MZ532341.1.gbk
>_delta_MZ532327.1.gbk
>_delta_MZ532324.1.gbk
>_delta_MZ532313.1.gbk
>_delta_MZ532305.1.gbk
>_delta_MZ532340.1.gbk
>_delta_MZ532319.1.gbk
>_delta_MZ532337.1.gbk
>_delta_MZ532328.1.gbk
>_delta_MZ532311.1.gbk
>_delta_MZ532298.1.gbk
>_delta_MZ532300.1.gbk
>_delta_MZ532293.1.gbk
>_delta_MZ533166.1.gbk
>_delta_MZ533247.1.gbk
>_delta_MZ533121.1.gbk
>_delta_MZ533149.1.gbk
>_delta_MZ533156.1.gbk
>_delta_MZ533224.1.gbk
>_delta_MZ533320.1.gbk
>_delta_MZ533324.1.gbk
>_delta_MZ533326.1.gbk
>_delta_MZ535165.1.gbk
>_delta_MZ536130.1.gbk
>_delta_MZ536020.1.gbk
>_delta_MZ536154.1.gbk
>_delta_MZ535739.1.gbk
>_delta_MZ535743.1.gbk
>_delta_MZ535834.1.gbk
>_delta_MZ535791.1.gbk
>_delta_MZ535957.1.gbk
>_delta_MZ535875.1.gbk
>_delta_MZ536048.1.gbk
>_delta_MZ532869.1.gbk
>_delta_MZ532964.1.gbk
>_delta_MZ532863.1.gbk
>_delta_MZ535848.1.gbk
>_delta_MZ536196.1.gbk
>_delta_MZ535106.1.gbk
>_delta_MZ533161.1.gbk
>_delta_MZ533230.1.gbk
>_delta_MZ533235.1.gbk
>_delta_MZ537300.1.gbk
>_delta_MZ533333.1.gbk
>_delta_MZ535480.1.gbk
>_delta_MZ535111.1.gbk
>_delta_MZ535312.1.gbk
>_delta_MZ535635.1.gbk
>_delta_MZ535148.1.gbk
>_delta_MZ535043.1.gbk
>_delta_MZ534999.1.gbk
>_delta_MZ535216.1.gbk
>_delta_MZ534973.1.gbk
>_delta_MZ535270.1.gbk
>_delta_MZ535434.1.gbk
>_delta_MZ535368.1.gbk
>_delta_MZ535078.1.gbk
>_delta_MZ533158.1.gbk
>_delta_MZ533178.1.gbk
>_delta_MZ535046.1.gbk
>_delta_MZ535029.1.gbk
>_delta_MZ535067.1.gbk
>_delta_MZ535151.1.gbk
>_delta_MZ533232.1.gbk
>_delta_MZ533231.1.gbk
>_delta_MZ535663.1.gbk
>_delta_MZ535075.1.gbk
>_delta_MZ535830.1.gbk
>_delta_MZ533179.1.gbk
>_delta_MZ520956.1.gbk
>_delta_MZ533160.1.gbk
>_delta_MZ533252.1.gbk
>_delta_MZ533328.1.gbk
>_delta_MZ533331.1.gbk
>_delta_MZ535245.1.gbk
>_delta_MZ535169.1.gbk
>_delta_MZ535327.1.gbk
>_delta_MZ535299.1.gbk
>_delta_MZ534947.1.gbk
>_delta_MZ535159.1.gbk
>_delta_MZ534954.1.gbk
>_delta_MZ535095.1.gbk
>_delta_MZ535014.1.gbk
>_delta_MZ535519.1.gbk
>_delta_MZ535445.1.gbk
>_delta_MZ535667.1.gbk
>_delta_MZ535052.1.gbk
>_delta_MZ535185.1.gbk
>_delta_MZ535053.1.gbk
>_delta_MZ535279.1.gbk
>_delta_MZ535019.1.gbk
>_delta_MZ535239.1.gbk
>_delta_MZ535018.1.gbk
>_delta_MZ535317.1.gbk
>_delta_MZ535026.1.gbk
>_delta_MZ534925.1.gbk
>_delta_MZ535324.1.gbk
>_delta_MZ535325.1.gbk
>_delta_MZ535313.1.gbk
>_delta_MZ535235.1.gbk
>_delta_MZ535171.1.gbk
>_delta_MZ535332.1.gbk
>_delta_MZ535134.1.gbk
>_delta_MZ535545.1.gbk
>_delta_MZ534924.1.gbk
>_delta_MZ533222.1.gbk
>_delta_MZ533325.1.gbk
>_delta_MZ532891.1.gbk
>_delta_MZ535539.1.gbk
>_delta_MZ535643.1.gbk
>_delta_MZ535687.1.gbk
>_delta_MZ535444.1.gbk
>_delta_MZ535370.1.gbk
>_delta_MZ535394.1.gbk
>_delta_MZ535573.1.gbk
>_delta_MZ533621.1.gbk
>_delta_MZ535942.1.gbk
>_delta_MZ535855.1.gbk
>_delta_MZ536134.1.gbk
>_delta_MZ535930.1.gbk
>_delta_MZ533246.1.gbk
>_delta_MZ535081.1.gbk
>_delta_MZ530675.1.gbk
>_delta_MZ534993.1.gbk
>_delta_MZ530522.1.gbk
>_delta_MZ530632.1.gbk
>_delta_MZ530565.1.gbk
>_delta_MZ530584.1.gbk
>_delta_MZ535146.1.gbk
>_delta_MZ535011.1.gbk
>_delta_MZ530796.1.gbk
>_delta_MZ535066.1.gbk
>_delta_MZ534991.1.gbk
>_delta_MZ534996.1.gbk
>_delta_MZ534958.1.gbk
>_delta_MZ535315.1.gbk
>_delta_MZ535229.1.gbk
>_delta_MZ535295.1.gbk
>_delta_MZ535259.1.gbk
>_delta_MZ535247.1.gbk
>_delta_MZ535071.1.gbk
>_delta_MZ535121.1.gbk
>_delta_MZ535320.1.gbk
>_delta_MZ535098.1.gbk
>_delta_MZ533249.1.gbk
>_delta_MZ535851.1.gbk
>_delta_MZ535841.1.gbk
>_delta_MZ536011.1.gbk
>_delta_MZ540004.1.gbk
>_delta_MZ535097.1.gbk
>_delta_MZ533266.1.gbk
>_delta_MZ533243.1.gbk
>_delta_MZ535002.1.gbk
>_delta_MZ533237.1.gbk
>_delta_MZ533248.1.gbk
>_delta_MZ533332.1.gbk
>_delta_MZ533334.1.gbk
>_delta_MZ535692.1.gbk
>_delta_MZ535157.1.gbk
>_delta_MZ535131.1.gbk
>_delta_MZ535032.1.gbk
>_delta_MZ535208.1.gbk
>_delta_MZ535061.1.gbk
>_delta_MZ535297.1.gbk
>_delta_MZ534978.1.gbk
>_delta_MZ535334.1.gbk
>_delta_MZ535266.1.gbk
>_delta_MZ535457.1.gbk
>_delta_MZ535142.1.gbk
>_delta_MZ535463.1.gbk
>_delta_MZ535274.1.gbk
>_delta_MZ535176.1.gbk
>_delta_MZ535594.1.gbk
>_delta_MZ535008.1.gbk
>_delta_MZ535713.1.gbk
>_delta_MZ535507.1.gbk
>_delta_MZ535626.1.gbk
>_delta_MZ535303.1.gbk
>_delta_MZ535679.1.gbk
>_delta_MZ534963.1.gbk
>_delta_MZ535132.1.gbk
>_delta_MZ533226.1.gbk
>_delta_MZ532366.1.gbk
>_delta_MZ532365.1.gbk
>_delta_MZ532346.1.gbk
>_delta_MZ532351.1.gbk
>_delta_MZ532361.1.gbk
>_delta_MZ532382.1.gbk
>_delta_MZ532348.1.gbk
>_delta_MZ532357.1.gbk
>_delta_MZ532359.1.gbk
>_delta_MZ532381.1.gbk
>_delta_MZ532367.1.gbk
>_delta_MZ532352.1.gbk
>_delta_MZ535508.1.gbk
>_delta_MZ535488.1.gbk
>_delta_MZ535292.1.gbk
>_delta_MZ535103.1.gbk
>_delta_MZ534940.1.gbk
>_delta_MZ533147.1.gbk
>_delta_MZ533154.1.gbk
>_delta_MZ533164.1.gbk
>_delta_MZ533182.1.gbk
>_delta_MZ533185.1.gbk
>_delta_MZ533192.1.gbk
>_delta_MZ533258.1.gbk
>_delta_MZ533335.1.gbk
>_delta_MZ530806.1.gbk
>_delta_MZ535269.1.gbk
>_delta_MZ530808.1.gbk
>_delta_MZ535213.1.gbk
>_delta_MZ534936.1.gbk
>_delta_MZ535612.1.gbk
>_delta_MZ535485.1.gbk
>_delta_MZ535421.1.gbk
>_delta_MZ535689.1.gbk
>_delta_MZ535466.1.gbk
>_delta_MZ535361.1.gbk
>_delta_MZ533615.1.gbk
>_delta_MZ532847.1.gbk
>_delta_MZ532867.1.gbk
>_delta_MZ532874.1.gbk
>_delta_MZ532905.1.gbk
>_delta_MZ532881.1.gbk
>_delta_MZ532854.1.gbk
>_delta_MZ532842.1.gbk
>_delta_MZ532943.1.gbk
>_delta_MZ532835.1.gbk
>_delta_MZ532882.1.gbk
>_delta_MZ532861.1.gbk
>_delta_MZ532898.1.gbk
>_delta_MZ532912.1.gbk
>_delta_MZ532889.1.gbk
>_delta_MZ532940.1.gbk
>_delta_MZ532904.1.gbk
>_delta_MZ533187.1.gbk
>_delta_MZ533219.1.gbk
>_delta_MZ530699.1.gbk
>_delta_MZ535260.1.gbk
>_delta_MZ535314.1.gbk
>_delta_MZ535268.1.gbk
>_delta_MZ535234.1.gbk
>_delta_MZ534923.1.gbk
>_delta_MZ535173.1.gbk
>_delta_MZ535115.1.gbk
>_delta_MZ535087.1.gbk
>_delta_MZ534950.1.gbk
>_delta_MZ535309.1.gbk
>_delta_MZ535214.1.gbk
>_delta_MZ535044.1.gbk
>_delta_MZ535136.1.gbk
>_delta_MZ535093.1.gbk
>_delta_MZ534955.1.gbk
>_delta_MZ535181.1.gbk
>_delta_MZ535079.1.gbk
>_delta_MZ535869.1.gbk
>_delta_MZ535123.1.gbk
>_delta_MZ535657.1.gbk
>_delta_MZ535666.1.gbk
>_delta_MZ533257.1.gbk
>_delta_MZ533294.1.gbk
>_delta_MZ535300.1.gbk
>_delta_MZ535209.1.gbk
>_delta_MZ535086.1.gbk
>_delta_MZ534952.1.gbk
>_delta_MZ520952.1.gbk
>_delta_MZ533195.1.gbk
>_delta_MZ535206.1.gbk
>_delta_MZ534964.1.gbk
>_delta_MZ534968.1.gbk
>_delta_MZ535041.1.gbk
>_delta_MZ535311.1.gbk
>_delta_MZ535057.1.gbk
>_delta_MZ535048.1.gbk
>_delta_MZ535109.1.gbk
>_delta_MZ534937.1.gbk
>_delta_MZ535296.1.gbk
>_delta_MZ535016.1.gbk
>_delta_MZ535387.1.gbk
>_delta_MZ535278.1.gbk
>_delta_MZ535293.1.gbk
>_delta_MZ535225.1.gbk
>_delta_MZ534965.1.gbk
>_delta_MZ535166.1.gbk
>_delta_MZ535219.1.gbk
>_delta_MZ535056.1.gbk
>_delta_MZ535273.1.gbk
>_delta_MZ535207.1.gbk
>_delta_MZ535335.1.gbk
>_delta_MZ534932.1.gbk
>_delta_MZ535540.1.gbk
>_delta_MZ534944.1.gbk
>_delta_MZ520944.1.gbk
>_delta_MZ520946.1.gbk
>_delta_MZ535863.1.gbk
>_delta_MZ536018.1.gbk
>_delta_MZ536112.1.gbk
>_delta_MZ533122.1.gbk
>_delta_MZ530439.1.gbk
>_delta_MZ530827.1.gbk
>_delta_MZ530358.1.gbk
>_delta_MZ530228.1.gbk
>_delta_MZ530807.1.gbk
>_delta_MZ530046.1.gbk
>_delta_MZ530744.1.gbk
>_delta_MZ530600.1.gbk
>_delta_MZ530269.1.gbk
>_delta_MZ530000.1.gbk
>_delta_MZ529997.1.gbk
>_delta_MZ535302.1.gbk
>_delta_MZ530646.1.gbk
>_delta_MZ530538.1.gbk
>_delta_MZ530739.1.gbk
>_delta_MZ530748.1.gbk
>_delta_MZ530678.1.gbk
>_delta_MZ530474.1.gbk
>_delta_MZ530712.1.gbk
>_delta_MZ530654.1.gbk
>_delta_MZ535194.1.gbk
>_delta_MZ530786.1.gbk
>_delta_MZ530651.1.gbk
>_delta_MZ535960.1.gbk
>_delta_MZ535411.1.gbk
>_delta_MZ535461.1.gbk
>_delta_MZ535242.1.gbk
>_delta_MZ534948.1.gbk
>_delta_MZ535133.1.gbk
>_delta_MZ535167.1.gbk
>_delta_MZ535047.1.gbk
>_delta_MZ535547.1.gbk
>_delta_MZ535012.1.gbk
>_delta_MZ535120.1.gbk
>_delta_MZ535024.1.gbk
>_delta_MZ535262.1.gbk
>_delta_MZ534979.1.gbk
>_delta_MZ535228.1.gbk
>_delta_MZ535447.1.gbk
>_delta_MZ535264.1.gbk
>_delta_MZ535183.1.gbk
>_delta_MZ535196.1.gbk
>_delta_MZ534969.1.gbk
>_delta_MZ535174.1.gbk
>_delta_MZ535119.1.gbk
>_delta_MZ535304.1.gbk
>_delta_MZ535105.1.gbk
>_delta_MZ535249.1.gbk
>_delta_MZ534972.1.gbk
>_delta_MZ535126.1.gbk
>_delta_MZ535906.1.gbk
>_delta_MZ532389.1.gbk
>_delta_MZ532399.1.gbk
>_delta_MZ532402.1.gbk
>_delta_MZ532401.1.gbk
>_delta_MZ532400.1.gbk
>_delta_MZ532394.1.gbk
>_delta_MZ532387.1.gbk
>_delta_MZ532393.1.gbk
>_delta_MZ533298.1.gbk
>_delta_MZ530729.1.gbk
>_delta_MZ534987.1.gbk
>_delta_MZ535186.1.gbk
>_delta_MZ534994.1.gbk
>_delta_MZ535244.1.gbk
>_delta_MZ535283.1.gbk
>_delta_MZ535193.1.gbk
>_delta_MZ535201.1.gbk
>_delta_MZ535188.1.gbk
>_delta_MZ534961.1.gbk
>_delta_MZ535622.1.gbk
>_delta_MZ535336.1.gbk
>_delta_MZ535357.1.gbk
>_delta_MZ534926.1.gbk
>_delta_MZ535198.1.gbk
>_delta_MZ530079.1.gbk
>_delta_MZ530211.1.gbk
>_delta_MZ529960.1.gbk
>_delta_MZ530249.1.gbk
>_delta_MZ530725.1.gbk
>_delta_MZ535321.1.gbk
>_delta_MZ535124.1.gbk
>_delta_MZ534951.1.gbk
>_delta_MZ535493.1.gbk
>_delta_MZ535160.1.gbk
>_delta_MZ535398.1.gbk
>_delta_MZ535329.1.gbk
>_delta_MZ535425.1.gbk
>_delta_MZ532910.1.gbk
>_delta_MZ532967.1.gbk
>_delta_MZ532962.1.gbk
>_delta_MZ532879.1.gbk
>_delta_MZ532862.1.gbk
>_delta_MZ532900.1.gbk
>_delta_MZ532859.1.gbk
>_delta_MZ530724.1.gbk
>_delta_MZ530588.1.gbk
>_delta_MZ535307.1.gbk
>_delta_MZ530296.1.gbk
>_delta_MZ531143.1.gbk
>_delta_MZ531108.1.gbk
>_delta_MZ531109.1.gbk
>_delta_MZ531145.1.gbk
>_delta_MZ531100.1.gbk
>_delta_MZ530647.1.gbk
>_delta_MZ535238.1.gbk
>_delta_MZ530833.1.gbk
>_delta_MZ530758.1.gbk
>_delta_MZ530469.1.gbk
>_delta_MZ530536.1.gbk
>_delta_MZ531132.1.gbk
>_delta_MZ531125.1.gbk
>_delta_MZ530507.1.gbk
>_delta_MZ536311.1.gbk
>_delta_MZ535072.1.gbk
>_delta_MZ535037.1.gbk
>_delta_MZ535499.1.gbk
>_delta_MZ535162.1.gbk
>_delta_MZ535354.1.gbk
>_delta_MZ534990.1.gbk
>_delta_MZ535243.1.gbk
>_delta_MZ535316.1.gbk
>_delta_MZ535180.1.gbk
>_delta_MZ530548.1.gbk
>_delta_MZ530759.1.gbk
>_delta_MZ530104.1.gbk
>_delta_MZ535062.1.gbk
>_delta_MZ535155.1.gbk
>_delta_MZ530741.1.gbk
>_delta_MZ530672.1.gbk
>_delta_MZ530552.1.gbk
>_delta_MZ530776.1.gbk
>_delta_MZ530764.1.gbk
>_delta_MZ530706.1.gbk
>_delta_MZ530698.1.gbk
>_delta_MZ530569.1.gbk
>_delta_MZ530524.1.gbk
>_delta_MZ530510.1.gbk
>_delta_MZ535217.1.gbk
>_delta_MZ535362.1.gbk
>_delta_MZ535396.1.gbk
>_delta_MZ535063.1.gbk
>_delta_MZ535102.1.gbk
>_delta_MZ535536.1.gbk
>_delta_MZ535122.1.gbk
>_delta_MZ535258.1.gbk
>_delta_MZ534922.1.gbk
>_delta_MZ535199.1.gbk
>_delta_MZ535674.1.gbk
>_delta_MZ535112.1.gbk
>_delta_MZ535073.1.gbk
>_delta_MZ535009.1.gbk
>_delta_MZ535460.1.gbk
>_delta_MZ535156.1.gbk
>_delta_MZ535020.1.gbk
>_delta_MZ535038.1.gbk
>_delta_MZ534985.1.gbk
>_delta_MZ535555.1.gbk
>_delta_MZ535706.1.gbk
>_delta_MZ535158.1.gbk
>_delta_MZ535379.1.gbk
>_delta_MZ535251.1.gbk
>_delta_MZ535257.1.gbk
>_delta_MZ535282.1.gbk
>_delta_MZ535090.1.gbk
>_delta_MZ535271.1.gbk
>_delta_MZ535200.1.gbk
>_delta_MZ531121.1.gbk
>_delta_MZ531115.1.gbk
>_delta_MZ531122.1.gbk
>_delta_MZ520943.1.gbk
>_delta_MZ520945.1.gbk
>_delta_MZ530399.1.gbk
>_delta_MZ535290.1.gbk
>_delta_MZ535533.1.gbk
>_delta_MZ535888.1.gbk
>_delta_MZ535737.1.gbk
>_delta_MZ535772.1.gbk
>_delta_MZ530432.1.gbk
>_delta_MZ530789.1.gbk
>_delta_MZ530357.1.gbk
>_delta_MZ530310.1.gbk
>_delta_MZ530197.1.gbk
>_delta_MZ530266.1.gbk
>_delta_MZ530160.1.gbk
>_delta_MZ530168.1.gbk
>_delta_MZ530653.1.gbk
>_delta_MZ530626.1.gbk
>_delta_MZ530393.1.gbk
>_delta_MZ530341.1.gbk
>_delta_MZ530047.1.gbk
>_delta_MZ529995.1.gbk
>_delta_MZ530033.1.gbk
>_delta_MZ530337.1.gbk
>_delta_MZ530376.1.gbk
>_delta_MZ530121.1.gbk
>_delta_MZ530152.1.gbk
>_delta_MZ530551.1.gbk
>_delta_MZ530422.1.gbk
>_delta_MZ530379.1.gbk
>_delta_MZ530210.1.gbk
>_delta_MZ530005.1.gbk
>_delta_MZ530481.1.gbk
>_delta_MZ530115.1.gbk
>_delta_MZ530842.1.gbk
>_delta_MZ530788.1.gbk
>_delta_MZ530402.1.gbk
>_delta_MZ530624.1.gbk
>_delta_MZ529977.1.gbk
>_delta_MZ530109.1.gbk
>_delta_MZ530726.1.gbk
>_delta_MZ534980.1.gbk
>_delta_MZ533214.1.gbk
>_delta_MZ537290.1.gbk
>_delta_MZ530477.1.gbk
>_delta_MZ530505.1.gbk
>_delta_MZ530633.1.gbk
>_delta_MZ530446.1.gbk
>_delta_MZ530435.1.gbk
>_delta_MZ530586.1.gbk
>_delta_MZ530669.1.gbk
>_delta_MZ530514.1.gbk
>_delta_MZ530620.1.gbk
>_delta_MZ530825.1.gbk
>_delta_MZ530613.1.gbk
>_delta_MZ530763.1.gbk
>_delta_MZ530448.1.gbk
>_delta_MZ530811.1.gbk
>_delta_MZ530513.1.gbk
>_delta_MZ530508.1.gbk
>_delta_MZ530686.1.gbk
>_delta_MZ530470.1.gbk
>_delta_MZ530817.1.gbk
>_delta_MZ530547.1.gbk
>_delta_MZ530447.1.gbk
>_delta_MZ530792.1.gbk
>_delta_MZ530756.1.gbk
>_delta_MZ530670.1.gbk
>_delta_MZ535222.1.gbk
>_delta_MZ530587.1.gbk
>_delta_MZ535137.1.gbk
>_delta_MZ530332.1.gbk
>_delta_MZ530323.1.gbk
>_delta_MZ535000.1.gbk
>_delta_MZ535578.1.gbk
>_delta_MZ535596.1.gbk
>_delta_MZ532472.1.gbk
>_delta_MZ532450.1.gbk
>_delta_MZ532440.1.gbk
>_delta_MZ532468.1.gbk
>_delta_MZ532429.1.gbk
>_delta_MZ532456.1.gbk
>_delta_MZ532431.1.gbk
>_delta_MZ532449.1.gbk
>_delta_MZ532461.1.gbk
>_delta_MZ532430.1.gbk
>_delta_MZ532448.1.gbk
>_delta_MZ532465.1.gbk
>_delta_MZ532463.1.gbk
>_delta_MZ532462.1.gbk
>_delta_MZ532442.1.gbk
>_delta_MZ532436.1.gbk
>_delta_MZ532439.1.gbk
>_delta_MZ532443.1.gbk
>_delta_MZ532460.1.gbk
>_delta_MZ532438.1.gbk
>_delta_MZ532454.1.gbk
>_delta_MZ532425.1.gbk
>_delta_MZ534967.1.gbk
>_delta_MZ534935.1.gbk
>_delta_MZ534977.1.gbk
>_delta_MZ535521.1.gbk
>_delta_MZ535384.1.gbk
>_delta_MZ529953.1.gbk
>_delta_MZ530023.1.gbk
>_delta_MZ530068.1.gbk
>_delta_MZ530218.1.gbk
>_delta_MZ530291.1.gbk
>_delta_MZ530264.1.gbk
>_delta_MZ530162.1.gbk
>_delta_MZ530070.1.gbk
>_delta_MZ530280.1.gbk
>_delta_MZ530655.1.gbk
>_delta_MZ530138.1.gbk
>_delta_MZ530302.1.gbk
>_delta_MZ530069.1.gbk
>_delta_MZ531500.1.gbk
>_delta_MZ531087.1.gbk
>_delta_MZ531088.1.gbk
>_delta_MZ531086.1.gbk
>_delta_MZ531084.1.gbk
>_delta_MZ531097.1.gbk
>_delta_MZ531089.1.gbk
>_delta_MZ530785.1.gbk
>_delta_MZ535003.1.gbk
>_delta_MZ530687.1.gbk
>_delta_MZ530504.1.gbk
>_delta_MZ530608.1.gbk
>_delta_MZ530797.1.gbk
>_delta_MZ530736.1.gbk
>_delta_MZ530261.1.gbk
>_delta_MZ530271.1.gbk
>_delta_MZ530521.1.gbk
>_delta_MZ530602.1.gbk
>_delta_MZ530568.1.gbk
>_delta_MZ533477.1.gbk
>_delta_MZ530426.1.gbk
>_delta_MZ530677.1.gbk
>_delta_MZ530652.1.gbk
>_delta_MZ530455.1.gbk
>_delta_MZ530595.1.gbk
>_delta_MZ530836.1.gbk
>_delta_MZ530771.1.gbk
>_delta_MZ530566.1.gbk
>_delta_MZ530433.1.gbk
>_delta_MZ530754.1.gbk
>_delta_MZ530690.1.gbk
>_delta_MZ530553.1.gbk
>_delta_MZ530419.1.gbk
>_delta_MZ530526.1.gbk
>_delta_MZ530727.1.gbk
>_delta_MZ535380.1.gbk
>_delta_MZ530189.1.gbk
>_delta_MZ530436.1.gbk
>_delta_MZ530777.1.gbk
>_delta_MZ530816.1.gbk
>_delta_MZ520936.1.gbk
>_delta_MZ530100.1.gbk
>_delta_MZ530318.1.gbk
>_delta_MZ531502.1.gbk
>_delta_MZ539994.1.gbk
>_delta_MZ530289.1.gbk
>_delta_MZ530373.1.gbk
>_delta_MZ530206.1.gbk
>_delta_MZ531501.1.gbk
>_delta_MZ530472.1.gbk
>_delta_MZ530546.1.gbk
>_delta_MZ530767.1.gbk
>_delta_MZ530421.1.gbk
>_delta_MZ530465.1.gbk
>_delta_MZ530556.1.gbk
>_delta_MZ530619.1.gbk
>_delta_MZ530539.1.gbk
>_delta_MZ534981.1.gbk
>_delta_MZ530428.1.gbk
>_delta_MZ530704.1.gbk
>_delta_MZ530149.1.gbk
>_delta_MZ531497.1.gbk
>_delta_MZ531498.1.gbk
>_delta_MZ535938.1.gbk
>_delta_MZ532477.1.gbk
>_delta_MZ532476.1.gbk
>_delta_MZ535065.1.gbk
>_delta_MZ535100.1.gbk
>_delta_MZ535069.1.gbk
>_delta_MZ535254.1.gbk
>_delta_MZ534983.1.gbk
>_delta_MZ534941.1.gbk
>_delta_MZ530398.1.gbk
>_delta_MZ530495.1.gbk
>_delta_MZ530024.1.gbk
>_delta_MZ530030.1.gbk
>_delta_MZ530263.1.gbk
>_delta_MZ530307.1.gbk
>_delta_MZ531081.1.gbk
>_delta_MZ531079.1.gbk
>_delta_MZ531090.1.gbk
>_delta_MZ530010.1.gbk
>_delta_MZ530101.1.gbk
>_delta_MZ531196.1.gbk
>_delta_MZ531193.1.gbk
>_delta_MZ531200.1.gbk
>_delta_MZ531197.1.gbk
>_delta_MZ530209.1.gbk
>_delta_MZ531203.1.gbk
>_delta_MZ531202.1.gbk
>_delta_MZ531486.1.gbk
>_delta_MZ531488.1.gbk
>_delta_MZ531491.1.gbk
>_delta_MZ520935.1.gbk
>_delta_MZ531482.1.gbk
>_delta_MZ531478.1.gbk
>_delta_MZ530387.1.gbk
>_delta_MZ530327.1.gbk
>_delta_MZ530200.1.gbk
>_delta_MZ530202.1.gbk
>_delta_MZ530275.1.gbk
>_delta_MZ530110.1.gbk
>_delta_MZ530155.1.gbk
>_delta_MZ530167.1.gbk
>_delta_MZ530111.1.gbk
>_delta_MZ530272.1.gbk
>_delta_MZ529963.1.gbk
>_delta_MZ530177.1.gbk
>_delta_MZ530188.1.gbk
>_delta_MZ530061.1.gbk
>_delta_MZ530408.1.gbk
>_delta_MZ530182.1.gbk
>_delta_MZ530204.1.gbk
>_delta_MZ531477.1.gbk
>_delta_MZ530367.1.gbk
>_delta_MZ530295.1.gbk
>_delta_MZ540001.1.gbk
>_delta_MZ530124.1.gbk
>_delta_MZ530256.1.gbk
>_delta_MZ530723.1.gbk
>_delta_MZ534956.1.gbk
>_delta_MZ530473.1.gbk
>_delta_MZ530497.1.gbk
>_delta_MZ531480.1.gbk
>_delta_MZ531496.1.gbk
>_delta_MZ532480.1.gbk
>_delta_MZ532484.1.gbk
>_delta_MZ532482.1.gbk
>_delta_MZ531719.1.gbk
>_delta_MZ531718.1.gbk
>_delta_MZ531695.1.gbk
>_delta_MZ530140.1.gbk
>_delta_MZ530181.1.gbk
>_delta_MZ530734.1.gbk
>_delta_MZ530693.1.gbk
>_delta_MZ530187.1.gbk
>_delta_MZ530086.1.gbk
>_delta_MZ530351.1.gbk
>_delta_MZ530299.1.gbk
>_delta_MZ530795.1.gbk
>_delta_MZ530625.1.gbk
>_delta_MZ532858.1.gbk
>_delta_MZ532902.1.gbk
>_delta_MZ532837.1.gbk
>_delta_MZ532909.1.gbk
>_delta_MZ532833.1.gbk
>_delta_MZ532954.1.gbk
>_delta_MZ532850.1.gbk
>_delta_MZ532857.1.gbk
>_delta_MZ532919.1.gbk
>_delta_MZ532856.1.gbk
>_delta_MZ532925.1.gbk
>_delta_MZ539364.1.gbk
>_delta_MZ530974.1.gbk
>_delta_MZ530957.1.gbk
>_delta_MZ531080.1.gbk
>_delta_MZ531071.1.gbk
>_delta_MZ530491.1.gbk
>_delta_MZ531194.1.gbk
>_delta_MZ531451.1.gbk
>_delta_MZ530131.1.gbk
>_delta_MZ530006.1.gbk
>_delta_MZ531430.1.gbk
>_delta_MZ530193.1.gbk
>_delta_MZ531198.1.gbk
>_delta_MZ531183.1.gbk
>_delta_MZ530333.1.gbk
>_delta_MZ530145.1.gbk
>_delta_MZ530226.1.gbk
>_delta_MZ531189.1.gbk
>_delta_MZ531186.1.gbk
>_delta_MZ531185.1.gbk
>_delta_MZ531184.1.gbk
>_delta_MZ531192.1.gbk
>_delta_MZ531467.1.gbk
>_delta_MZ531462.1.gbk
>_delta_MZ531423.1.gbk
>_delta_MZ531444.1.gbk
>_delta_MZ531459.1.gbk
>_delta_MZ531439.1.gbk
>_delta_MZ531437.1.gbk
>_delta_MZ532845.1.gbk
>_delta_MZ520947.1.gbk
>_delta_MZ531455.1.gbk
>_delta_MZ531458.1.gbk
>_delta_MZ531448.1.gbk
>_delta_MZ531445.1.gbk
>_delta_MZ531453.1.gbk
>_delta_MZ530363.1.gbk
>_delta_MZ530071.1.gbk
>_delta_MZ531701.1.gbk
>_delta_MZ530380.1.gbk
>_delta_MZ530242.1.gbk
>_delta_MZ530169.1.gbk
>_delta_MZ529970.1.gbk
>_delta_MZ530396.1.gbk
>_delta_MZ530352.1.gbk
>_delta_MZ530293.1.gbk
>_delta_MZ530191.1.gbk
>_delta_MZ530322.1.gbk
>_delta_MZ530214.1.gbk
>_delta_MZ529965.1.gbk
>_delta_MZ531721.1.gbk
>_delta_MZ531696.1.gbk
>_delta_MZ531691.1.gbk
>_delta_MZ531690.1.gbk
>_delta_MZ530252.1.gbk
>_delta_MZ530112.1.gbk
>_delta_MZ531668.1.gbk
>_delta_MZ531669.1.gbk
>_delta_MZ530377.1.gbk
>_delta_MZ530378.1.gbk
>_delta_MZ530137.1.gbk
>_delta_MZ530334.1.gbk
>_delta_MZ530276.1.gbk
>_delta_MZ530224.1.gbk
>_delta_MZ529993.1.gbk
>_delta_MZ530004.1.gbk
>_delta_MZ530053.1.gbk
>_delta_MZ530031.1.gbk
>_delta_MZ530589.1.gbk
>_delta_MZ530301.1.gbk
>_delta_MZ530464.1.gbk
>_delta_MZ530775.1.gbk
>_delta_MZ530427.1.gbk
>_delta_MZ530456.1.gbk
>_delta_MZ529999.1.gbk
>_delta_MZ530643.1.gbk
>_delta_MZ530791.1.gbk
>_delta_MZ530097.1.gbk
>_delta_MZ530580.1.gbk
>_delta_MZ530413.1.gbk
>_delta_MZ530746.1.gbk
>_delta_MZ530682.1.gbk
>_delta_MZ530309.1.gbk
>_delta_MZ532877.1.gbk
>_delta_MZ532886.1.gbk
>_delta_MZ532894.1.gbk
>_delta_MZ532871.1.gbk
>_delta_MZ532936.1.gbk
>_delta_MZ532838.1.gbk
>_delta_MZ530257.1.gbk
>_delta_MZ531466.1.gbk
>_delta_MZ530954.1.gbk
>_delta_MZ530975.1.gbk
>_delta_MZ530803.1.gbk
>_delta_MZ531731.1.gbk
>_delta_MZ531390.1.gbk
>_delta_MZ531434.1.gbk
>_delta_MZ531389.1.gbk
>_delta_MZ530235.1.gbk
>_delta_MZ530336.1.gbk
>_delta_MZ529951.1.gbk
>_delta_MZ531433.1.gbk
>_delta_MZ530940.1.gbk
>_delta_MZ531068.1.gbk
>_delta_MZ530083.1.gbk
>_delta_MZ531179.1.gbk
>_delta_MZ531171.1.gbk
>_delta_MZ531181.1.gbk
>_delta_MZ531182.1.gbk
>_delta_MZ531174.1.gbk
>_delta_MZ531173.1.gbk
>_delta_MZ531178.1.gbk
>_delta_MZ530250.1.gbk
>_delta_MZ530324.1.gbk
>_delta_MZ530237.1.gbk
>_delta_MZ530338.1.gbk
>_delta_MZ529959.1.gbk
>_delta_MZ530161.1.gbk
>_delta_MZ530129.1.gbk
>_delta_MZ530371.1.gbk
>_delta_MZ530274.1.gbk
>_delta_MZ530099.1.gbk
>_delta_MZ530015.1.gbk
>_delta_MZ530343.1.gbk
>_delta_MZ529955.1.gbk
>_delta_MZ530239.1.gbk
>_delta_MZ530007.1.gbk
>_delta_MZ531416.1.gbk
>_delta_MZ531411.1.gbk
>_delta_MZ531395.1.gbk
>_delta_MZ531418.1.gbk
>_delta_MZ531424.1.gbk
>_delta_MZ520933.1.gbk
>_delta_MZ531401.1.gbk
>_delta_MZ531407.1.gbk
>_delta_MZ531383.1.gbk
>_delta_MZ530468.1.gbk
>_delta_MZ530415.1.gbk
>_delta_MZ530674.1.gbk
>_delta_MZ535138.1.gbk
>_delta_MZ530650.1.gbk
>_delta_MZ530530.1.gbk
>_delta_MZ530694.1.gbk
>_delta_MZ531697.1.gbk
>_delta_MZ531659.1.gbk
>_delta_MZ531662.1.gbk
>_delta_MZ531710.1.gbk
>_delta_MZ530315.1.gbk
>_delta_MZ530077.1.gbk
>_delta_MZ530011.1.gbk
>_delta_MZ530147.1.gbk
>_delta_MZ530094.1.gbk
>_delta_MZ530328.1.gbk
>_delta_MZ529983.1.gbk
>_delta_MZ530229.1.gbk
>_delta_MZ530166.1.gbk
>_delta_MZ530044.1.gbk
>_delta_MZ530395.1.gbk
>_delta_MZ530195.1.gbk
>_delta_MZ530154.1.gbk
>_delta_MZ530107.1.gbk
>_delta_MZ530282.1.gbk
>_delta_MZ531409.1.gbk
>_delta_MZ530515.1.gbk
>_delta_MZ530458.1.gbk
>_delta_MZ530790.1.gbk
>_delta_MZ530201.1.gbk
>_delta_MZ530286.1.gbk
>_delta_MZ530453.1.gbk
>_delta_MZ530444.1.gbk
>_delta_MZ531672.1.gbk
>_delta_MZ530186.1.gbk
>_delta_MZ529994.1.gbk
>_delta_MZ530089.1.gbk
>_delta_MZ530253.1.gbk
>_delta_MZ530375.1.gbk
>_delta_MZ530938.1.gbk
>_delta_MZ535318.1.gbk
>_delta_MZ530065.1.gbk
>_delta_MZ531614.1.gbk
>_delta_MZ531617.1.gbk
>_delta_MZ531636.1.gbk
>_delta_MZ531682.1.gbk
>_delta_MZ531634.1.gbk
>_delta_MZ531726.1.gbk
>_delta_MZ530032.1.gbk
>_delta_MZ530171.1.gbk
>_delta_MZ530062.1.gbk
>_delta_MZ530471.1.gbk
>_delta_MZ532887.1.gbk
>_delta_MZ530932.1.gbk
>_delta_MZ530922.1.gbk
>_delta_MZ530913.1.gbk
>_delta_MZ530904.1.gbk
>_delta_MZ530951.1.gbk
>_delta_MZ530914.1.gbk
>_delta_MZ530929.1.gbk
>_delta_MZ530330.1.gbk
>_delta_MZ530001.1.gbk
>_delta_MZ532927.1.gbk
>_delta_MZ531349.1.gbk
>_delta_MZ530298.1.gbk
>_delta_MZ530394.1.gbk
>_delta_MZ530013.1.gbk
>_delta_MZ531332.1.gbk
>_delta_MZ531331.1.gbk
>_delta_MZ531387.1.gbk
>_delta_MZ531158.1.gbk
>_delta_MZ531175.1.gbk
>_delta_MZ530288.1.gbk
>_delta_MZ531154.1.gbk
>_delta_MZ531155.1.gbk
>_delta_MZ531164.1.gbk
>_delta_MZ531162.1.gbk
>_delta_MZ531167.1.gbk
>_delta_MZ531159.1.gbk
>_delta_MZ531163.1.gbk
>_delta_MZ530355.1.gbk
>_delta_MZ530236.1.gbk
>_delta_MZ530944.1.gbk
>_delta_MZ531337.1.gbk
>_delta_MZ531335.1.gbk
>_delta_MZ531359.1.gbk
>_delta_MZ531367.1.gbk
>_delta_MZ531362.1.gbk
>_delta_MZ531345.1.gbk
>_delta_MZ531354.1.gbk
>_delta_MZ530627.1.gbk
>_delta_MZ535077.1.gbk
>_delta_MZ530518.1.gbk
>_delta_MZ530457.1.gbk
>_delta_MZ530562.1.gbk
>_delta_MZ531612.1.gbk
>_delta_MZ531638.1.gbk
>_delta_MZ531656.1.gbk
>_delta_MZ531406.1.gbk
>_delta_MZ530350.1.gbk
>_delta_MZ530902.1.gbk
>_delta_MZ531058.1.gbk
>_delta_MZ531598.1.gbk
>_delta_MZ531643.1.gbk
>_delta_MZ530025.1.gbk
>_delta_MZ539358.1.gbk
>_delta_MZ539411.1.gbk
>_delta_MZ530889.1.gbk
>_delta_MZ530895.1.gbk
>_delta_MZ530884.1.gbk
>_delta_MZ530931.1.gbk
>_delta_MZ530894.1.gbk
>_delta_MZ530890.1.gbk
>_delta_MZ531310.1.gbk
>_delta_MZ531295.1.gbk
>_delta_MZ530321.1.gbk
>_delta_MZ531151.1.gbk
>_delta_MZ530921.1.gbk
>_delta_MZ531150.1.gbk
>_delta_MZ531153.1.gbk
>_delta_MZ531152.1.gbk
>_delta_MZ531149.1.gbk
>_delta_MZ530392.1.gbk
>_delta_MZ530880.1.gbk
>_delta_MZ531279.1.gbk
>_delta_MZ531286.1.gbk
>_delta_MZ531318.1.gbk
>_delta_MZ531292.1.gbk
>_delta_MZ531298.1.gbk
>_delta_MZ531287.1.gbk
>_delta_MZ531324.1.gbk
>_delta_MZ531398.1.gbk
>_delta_MZ531297.1.gbk
>_delta_MZ535017.1.gbk
>_delta_MZ531623.1.gbk
>_delta_MZ538262.1.gbk
>_delta_MZ531340.1.gbk
>_delta_MZ538115.1.gbk
>_delta_MZ538309.1.gbk
>_delta_MZ538161.1.gbk
>_delta_MZ538157.1.gbk
>_delta_MZ538256.1.gbk
>_delta_MZ538056.1.gbk
>_delta_MZ538221.1.gbk
>_delta_MZ538798.1.gbk
>_delta_MZ530852.1.gbk
>_delta_MZ530867.1.gbk
>_delta_MZ530868.1.gbk
>_delta_MZ530896.1.gbk
>_delta_MZ530872.1.gbk
>_delta_MZ531045.1.gbk
>_delta_MZ538083.1.gbk
>_delta_MZ538400.1.gbk
>_delta_MZ538104.1.gbk
>_delta_MZ538348.1.gbk
>_delta_MZ531030.1.gbk
>_delta_MZ538258.1.gbk
>_delta_MZ531016.1.gbk
>_delta_MZ538113.1.gbk
>_delta_MZ538410.1.gbk
>_delta_MZ530049.1.gbk
>_delta_MZ531027.1.gbk
>_delta_MZ531020.1.gbk
>_delta_MZ531029.1.gbk
>_delta_MZ531031.1.gbk
>_delta_MZ531021.1.gbk
>_delta_MZ538380.1.gbk
>_delta_MZ538421.1.gbk
>_delta_MZ538266.1.gbk
>_delta_MZ538343.1.gbk
>_delta_MZ538272.1.gbk
>_delta_MZ538297.1.gbk
>_delta_MZ538109.1.gbk
>_delta_MZ538397.1.gbk
>_delta_MZ538192.1.gbk
>_delta_MZ538342.1.gbk
>_delta_MZ538385.1.gbk
>_delta_MZ538142.1.gbk
>_delta_MZ538163.1.gbk
>_delta_MZ538283.1.gbk
>_delta_MZ538125.1.gbk
>_delta_MZ538437.1.gbk
>_delta_MZ538324.1.gbk
>_delta_MZ538205.1.gbk
>_delta_MZ538265.1.gbk
>_delta_MZ538171.1.gbk
>_delta_MZ538332.1.gbk
>_delta_MZ538166.1.gbk
>_delta_MZ538239.1.gbk
>_delta_MZ538172.1.gbk
>_delta_MZ538214.1.gbk
>_delta_MZ538310.1.gbk
>_delta_MZ538287.1.gbk
>_delta_MZ538328.1.gbk
>_delta_MZ538188.1.gbk
>_delta_MZ531316.1.gbk
>_delta_MZ538390.1.gbk
>_delta_MZ538224.1.gbk
>_delta_MZ531239.1.gbk
>_delta_MZ531250.1.gbk
>_delta_MZ531266.1.gbk
>_delta_MZ531248.1.gbk
>_delta_MZ531263.1.gbk
>_delta_MZ531267.1.gbk
>_delta_MZ538032.1.gbk
>_delta_MZ538079.1.gbk
>_delta_MZ538217.1.gbk
>_delta_MZ538082.1.gbk
>_delta_MZ538394.1.gbk
>_delta_MZ538338.1.gbk
>_delta_MZ538305.1.gbk
>_delta_MZ538089.1.gbk
>_delta_MZ538438.1.gbk
>_delta_MZ531246.1.gbk
>_delta_MZ531580.1.gbk
>_delta_MZ530329.1.gbk
>_delta_MZ531018.1.gbk
>_delta_MZ538211.1.gbk
>_delta_MZ538235.1.gbk
>_delta_MZ538139.1.gbk
>_delta_MZ538304.1.gbk
>_delta_MZ538231.1.gbk
>_delta_MZ538416.1.gbk
>_delta_MZ538152.1.gbk
>_delta_MZ538344.1.gbk
>_delta_MZ538090.1.gbk
>_delta_MZ538220.1.gbk
>_delta_MZ538403.1.gbk
>_delta_MZ538177.1.gbk
>_delta_MZ538371.1.gbk
>_delta_MZ538247.1.gbk
>_delta_MZ538238.1.gbk
>_delta_MZ531556.1.gbk
>_delta_MZ531568.1.gbk
>_delta_MZ538175.1.gbk
>_delta_MZ538298.1.gbk
>_delta_MZ537890.1.gbk
>_delta_MZ537965.1.gbk
>_delta_MZ538806.1.gbk
>_delta_MZ538833.1.gbk
>_delta_MZ538404.1.gbk
>_delta_MZ538068.1.gbk
>_delta_MZ538284.1.gbk
>_delta_MZ538442.1.gbk
>_delta_MZ538203.1.gbk
>_delta_MZ536556.1.gbk
>_delta_MZ531214.1.gbk
>_delta_MZ531012.1.gbk
>_delta_MZ538218.1.gbk
>_delta_MZ538264.1.gbk
>_delta_MZ531014.1.gbk
>_delta_MZ531013.1.gbk
>_delta_MZ531011.1.gbk
>_delta_MZ531022.1.gbk
>_delta_MZ537977.1.gbk
>_delta_MZ537996.1.gbk
>_delta_MZ538040.1.gbk
>_delta_MZ538448.1.gbk
>_delta_MZ538441.1.gbk
>_delta_MZ538086.1.gbk
>_delta_MZ538010.1.gbk
>_delta_MZ538069.1.gbk
>_delta_MZ538095.1.gbk
>_delta_MZ538016.1.gbk
>_delta_MZ537974.1.gbk
>_delta_MZ538184.1.gbk
>_delta_MZ538429.1.gbk
>_delta_MZ538071.1.gbk
>_delta_MZ538050.1.gbk
>_delta_MZ531015.1.gbk
>_delta_MZ531218.1.gbk
>_delta_MZ531237.1.gbk
>_delta_MZ531213.1.gbk
>_delta_MZ531228.1.gbk
>_delta_MZ531232.1.gbk
>_delta_MZ531222.1.gbk
>_delta_MZ538415.1.gbk
>_delta_MZ531542.1.gbk
>_delta_MZ531036.1.gbk
>_delta_MZ538075.1.gbk
>_delta_MZ531539.1.gbk
>_delta_MZ531548.1.gbk
>_delta_MZ531541.1.gbk
>_delta_MZ538014.1.gbk
>_delta_MZ537968.1.gbk
>_delta_MZ537872.1.gbk
>_delta_MZ538318.1.gbk
>_delta_MZ538077.1.gbk
>_delta_MZ538179.1.gbk
>_delta_MZ538436.1.gbk
>_delta_MZ538364.1.gbk
>_delta_MZ538428.1.gbk
>_delta_MZ531555.1.gbk
>_delta_MZ531230.1.gbk
>_delta_MZ531217.1.gbk
>_delta_MZ537863.1.gbk
>_delta_MZ531567.1.gbk
>_delta_MZ538805.1.gbk
>_delta_MZ538810.1.gbk
>_delta_MZ538814.1.gbk
>_delta_MZ538796.1.gbk
>_delta_MZ530863.1.gbk
>_delta_MZ538099.1.gbk
>_delta_MZ538320.1.gbk
>_delta_MZ537874.1.gbk
>_delta_MZ537935.1.gbk
>_delta_MZ531032.1.gbk
>_delta_MZ538059.1.gbk
>_delta_MZ538290.1.gbk
>_delta_MZ537876.1.gbk
>_delta_MZ538281.1.gbk
>_delta_MZ537957.1.gbk
>_delta_MZ537871.1.gbk
>_delta_MZ538207.1.gbk
>_delta_MZ538200.1.gbk
>_delta_MZ531235.1.gbk
>_delta_MZ538196.1.gbk
>_delta_MZ531227.1.gbk
>_delta_MZ538100.1.gbk
>_delta_MZ538094.1.gbk
>_delta_MZ538334.1.gbk
>_delta_MZ538148.1.gbk
>_delta_MZ538447.1.gbk
>_delta_MZ538133.1.gbk
>_delta_MZ538219.1.gbk
>_delta_MZ538799.1.gbk
>_delta_MZ537973.1.gbk
>_delta_MZ537990.1.gbk
>_delta_MZ538046.1.gbk
>_delta_MZ537943.1.gbk
>_delta_MZ538156.1.gbk
>_delta_MZ537971.1.gbk
>_delta_MZ538233.1.gbk
>_delta_MZ538308.1.gbk
>_delta_MZ538401.1.gbk
>_delta_MZ538249.1.gbk
>_delta_MZ538145.1.gbk
>_delta_MZ538216.1.gbk
>_delta_MZ537936.1.gbk
>_delta_MZ538074.1.gbk
>_delta_MZ537911.1.gbk
>_delta_MZ537921.1.gbk
>_delta_MZ531209.1.gbk
>_delta_MZ537869.1.gbk
>_delta_MZ538808.1.gbk
>_delta_MZ537919.1.gbk
>_delta_MZ537966.1.gbk
>_delta_MZ538021.1.gbk
>_delta_MZ537858.1.gbk
>_delta_MZ538022.1.gbk
>_delta_MZ538201.1.gbk
>_delta_MZ531520.1.gbk
>_delta_MZ538091.1.gbk
>_delta_MZ537860.1.gbk
>_delta_MZ537887.1.gbk
>_delta_MZ537896.1.gbk
>_delta_MZ538336.1.gbk
>_delta_MZ537975.1.gbk
>_delta_MZ530995.1.gbk
>_delta_MZ538838.1.gbk
>_delta_MZ531509.1.gbk
>_delta_MZ538417.1.gbk
>_delta_MZ538444.1.gbk
>_delta_MZ530985.1.gbk
>_delta_MZ530983.1.gbk
>_delta_MZ532768.1.gbk
>_delta_MZ532786.1.gbk
>_delta_MZ532918.1.gbk
>_delta_MZ532776.1.gbk
>_delta_MZ532700.1.gbk
>_delta_MZ532783.1.gbk
>_delta_MZ538189.1.gbk
>_delta_MZ532714.1.gbk
>_delta_MZ532692.1.gbk
>_delta_MZ532728.1.gbk
>_delta_MZ532758.1.gbk
>_delta_MZ532722.1.gbk
>_delta_MZ532524.1.gbk
>_delta_MZ532711.1.gbk
>_delta_MZ532771.1.gbk
>_delta_MZ538790.1.gbk
>_delta_MZ532741.1.gbk
>_delta_MZ532730.1.gbk
>_delta_MZ532755.1.gbk
>_delta_MZ532735.1.gbk
>_delta_MZ532749.1.gbk
>_delta_MZ532763.1.gbk
>_delta_MZ532701.1.gbk
>_delta_MZ532769.1.gbk
>_delta_MZ532716.1.gbk
>_delta_MZ532753.1.gbk
>_delta_MZ532762.1.gbk
>_delta_MZ532740.1.gbk
>_delta_MZ532747.1.gbk
>_delta_MZ532629.1.gbk
>_delta_MZ532603.1.gbk
>_delta_MZ532600.1.gbk
>_delta_MZ532594.1.gbk
>_delta_MZ532657.1.gbk
>_delta_MZ532610.1.gbk
>_delta_MZ532608.1.gbk
>_delta_MZ532679.1.gbk
>_delta_MZ532637.1.gbk
>_delta_MZ532624.1.gbk
>_delta_MZ532612.1.gbk
>_delta_MZ532630.1.gbk
>_delta_MZ532674.1.gbk
>_delta_MZ532656.1.gbk
>_delta_MZ538746.1.gbk
>_delta_MZ538674.1.gbk
>_delta_MZ539422.1.gbk
>_delta_MZ539057.1.gbk
>_delta_MZ538602.1.gbk
>_delta_MZ542744.1.gbk
>_delta_MZ542747.1.gbk
>_delta_MZ542762.1.gbk
>_delta_MZ542424.1.gbk
>_delta_MZ540275.1.gbk
>_delta_MZ544648.1.gbk
>_delta_MZ544652.1.gbk
>_delta_MZ544655.1.gbk
>_delta_MZ544658.1.gbk
>_delta_MZ544659.1.gbk
>_delta_MZ544661.1.gbk
>_delta_MZ544662.1.gbk
>_delta_MZ544666.1.gbk
>_delta_MZ544671.1.gbk
>_delta_MZ544674.1.gbk
>_delta_MZ544677.1.gbk
>_delta_MZ544678.1.gbk
>_delta_MZ544681.1.gbk
>_delta_MZ544687.1.gbk
>_delta_MZ544691.1.gbk
>_delta_MZ544697.1.gbk
>_delta_MZ544698.1.gbk
>_delta_MZ544699.1.gbk
>_delta_MZ544701.1.gbk
>_delta_MZ544702.1.gbk
>_delta_MZ544703.1.gbk
>_delta_MZ544704.1.gbk
>_delta_MZ544707.1.gbk
>_delta_MZ544709.1.gbk
>_delta_MZ544711.1.gbk
>_delta_MZ544712.1.gbk
>_delta_MZ544713.1.gbk
>_delta_MZ544743.1.gbk
>_delta_MZ544746.1.gbk
>_delta_MZ544747.1.gbk
>_delta_MZ544750.1.gbk
>_delta_MZ544753.1.gbk
>_delta_MZ544754.1.gbk
>_delta_MZ544759.1.gbk
>_delta_MZ544770.1.gbk
>_delta_MZ553937.1.gbk
>_delta_MZ553946.1.gbk
>_delta_MZ553951.1.gbk
>_delta_MZ553955.1.gbk
>_delta_MZ553959.1.gbk
>_delta_MZ553960.1.gbk
>_delta_MZ553962.1.gbk
>_delta_MZ553965.1.gbk
>_delta_MZ553968.1.gbk
>_delta_MZ553970.1.gbk
>_delta_MZ553974.1.gbk
>_delta_MZ553978.1.gbk
>_delta_MZ553979.1.gbk
>_delta_MZ553985.1.gbk
>_delta_MZ553990.1.gbk
>_delta_MZ553993.1.gbk
>_delta_MZ554001.1.gbk
>_delta_MZ554002.1.gbk
>_delta_MZ554005.1.gbk
>_delta_MZ554010.1.gbk
>_delta_MZ554011.1.gbk
>_delta_MZ554014.1.gbk
>_delta_MZ554018.1.gbk
>_delta_MZ554019.1.gbk
>_delta_MZ554021.1.gbk
>_delta_MZ554029.1.gbk
>_delta_MZ554033.1.gbk
>_delta_MZ554034.1.gbk
>_delta_MZ554038.1.gbk
>_delta_MZ554040.1.gbk
>_delta_MZ554042.1.gbk
>_delta_MZ554043.1.gbk
>_delta_MZ554049.1.gbk
>_delta_MZ554052.1.gbk
>_delta_MZ554054.1.gbk
>_delta_MZ554056.1.gbk
>_delta_MZ554057.1.gbk
>_delta_MZ554060.1.gbk
>_delta_MZ554064.1.gbk
>_delta_MZ554065.1.gbk
>_delta_MZ554071.1.gbk
>_delta_MZ554075.1.gbk
>_delta_MZ554078.1.gbk
>_delta_MZ554079.1.gbk
>_delta_MZ554082.1.gbk
>_delta_MZ554086.1.gbk
>_delta_MZ554091.1.gbk
>_delta_MZ554094.1.gbk
>_delta_MZ554097.1.gbk
>_delta_MZ554100.1.gbk
>_delta_MZ554102.1.gbk
>_delta_MZ554110.1.gbk
>_delta_MZ554111.1.gbk
>_delta_MZ554113.1.gbk
>_delta_MZ554115.1.gbk
>_delta_MZ554116.1.gbk
>_delta_MZ554117.1.gbk
>_delta_MZ554118.1.gbk
>_delta_MZ554120.1.gbk
>_delta_MZ554127.1.gbk
>_delta_MZ554128.1.gbk
>_delta_MZ554131.1.gbk
>_delta_MZ554133.1.gbk
>_delta_MZ554135.1.gbk
>_delta_MZ554136.1.gbk
>_delta_MZ554139.1.gbk
>_delta_MZ554140.1.gbk
>_delta_MZ554143.1.gbk
>_delta_MZ554145.1.gbk
>_delta_MZ554146.1.gbk
>_delta_MZ554148.1.gbk
>_delta_MZ554151.1.gbk
>_delta_MZ554152.1.gbk
>_delta_MZ554153.1.gbk
>_delta_MZ554157.1.gbk
>_delta_MZ554158.1.gbk
>_delta_MZ554159.1.gbk
>_delta_MZ554173.1.gbk
>_delta_MZ554177.1.gbk
>_delta_MZ554181.1.gbk
>_delta_MZ554186.1.gbk
>_delta_MZ554193.1.gbk
>_delta_MZ554199.1.gbk
>_delta_MZ554200.1.gbk
>_delta_MZ554201.1.gbk
>_delta_MZ554202.1.gbk
>_delta_MZ554205.1.gbk
>_delta_MZ554208.1.gbk
>_delta_MZ554210.1.gbk
>_delta_MZ554214.1.gbk
>_delta_MZ554215.1.gbk
>_delta_MZ554218.1.gbk
>_delta_MZ554220.1.gbk
>_delta_MZ554221.1.gbk
>_delta_MZ554223.1.gbk
>_delta_MZ554224.1.gbk
>_delta_MZ554228.1.gbk
>_delta_MZ554229.1.gbk
>_delta_MZ554232.1.gbk
>_delta_MZ554233.1.gbk
>_delta_MZ554236.1.gbk
>_delta_MZ554237.1.gbk
>_delta_MZ554238.1.gbk
>_delta_MZ554249.1.gbk
>_delta_MZ554252.1.gbk
>_delta_MZ554253.1.gbk
>_delta_MZ554254.1.gbk
>_delta_MZ554263.1.gbk
>_delta_MZ554265.1.gbk
>_delta_MZ554266.1.gbk
>_delta_MZ554267.1.gbk
>_delta_MZ554268.1.gbk
>_delta_MZ554269.1.gbk
>_delta_MZ554270.1.gbk
>_delta_MZ554271.1.gbk
>_delta_MZ554272.1.gbk
>_delta_MZ554273.1.gbk
>_delta_MZ554275.1.gbk
>_delta_MZ554282.1.gbk
>_delta_MZ554285.1.gbk
>_delta_MZ554289.1.gbk
>_delta_MZ554290.1.gbk
>_delta_MZ554298.1.gbk
>_delta_MZ554300.1.gbk
>_delta_MZ554301.1.gbk
>_delta_MZ554303.1.gbk
>_delta_MZ554305.1.gbk
>_delta_MZ554307.1.gbk
>_delta_MZ554309.1.gbk
>_delta_MZ554310.1.gbk
>_delta_MZ554312.1.gbk
>_delta_MZ554314.1.gbk
>_delta_MZ554315.1.gbk
>_delta_MZ554316.1.gbk
>_delta_MZ554320.1.gbk
>_delta_MZ554321.1.gbk
>_delta_MZ554322.1.gbk
>_delta_MZ554323.1.gbk
>_delta_MZ554324.1.gbk
>_delta_MZ554325.1.gbk
>_delta_MZ554329.1.gbk
>_delta_MZ554330.1.gbk
>_delta_MZ554331.1.gbk
>_delta_MZ554332.1.gbk
>_delta_MZ554335.1.gbk
>_delta_MZ554341.1.gbk
>_delta_MZ554342.1.gbk
>_delta_MZ554349.1.gbk
>_delta_MZ554352.1.gbk
>_delta_MZ554356.1.gbk
>_delta_MZ554361.1.gbk
>_delta_MZ554362.1.gbk
>_delta_MZ554363.1.gbk
>_delta_MZ554364.1.gbk
>_delta_MZ554366.1.gbk
>_delta_MZ554369.1.gbk
>_delta_MZ554370.1.gbk
>_delta_MZ554371.1.gbk
>_delta_MZ554372.1.gbk
>_delta_MZ554373.1.gbk
>_delta_MZ554374.1.gbk
>_delta_MZ554379.1.gbk
>_delta_MZ554380.1.gbk
>_delta_MZ554389.1.gbk
>_delta_MZ554395.1.gbk
>_delta_MZ554398.1.gbk
>_delta_MZ554399.1.gbk
>_delta_MZ554404.1.gbk
>_delta_MZ554406.1.gbk
>_delta_MZ554407.1.gbk
>_delta_MZ554411.1.gbk
>_delta_MZ554413.1.gbk
>_delta_MZ554416.1.gbk
>_delta_MZ554418.1.gbk
>_delta_MZ554422.1.gbk
>_delta_MZ554432.1.gbk
>_delta_MZ554433.1.gbk
>_delta_MZ554434.1.gbk
>_delta_MZ554436.1.gbk
>_delta_MZ554439.1.gbk
>_delta_MZ554440.1.gbk
>_delta_MZ554441.1.gbk
>_delta_MZ554446.1.gbk
>_delta_MZ554448.1.gbk
>_delta_MZ554449.1.gbk
>_delta_MZ554452.1.gbk
>_delta_MZ554454.1.gbk
>_delta_MZ554455.1.gbk
>_delta_MZ554457.1.gbk
>_delta_MZ554461.1.gbk
>_delta_MZ554467.1.gbk
>_delta_MZ554468.1.gbk
>_delta_MZ554469.1.gbk
>_delta_MZ554470.1.gbk
>_delta_MZ554471.1.gbk
>_delta_MZ554475.1.gbk
>_delta_MZ554476.1.gbk
>_delta_MZ554479.1.gbk
>_delta_MZ554480.1.gbk
>_delta_MZ554482.1.gbk
>_delta_MZ554484.1.gbk
>_delta_MZ554487.1.gbk
>_delta_MZ554489.1.gbk
>_delta_MZ554491.1.gbk
>_delta_MZ554494.1.gbk
>_delta_MZ554506.1.gbk
>_delta_MZ554508.1.gbk
>_delta_MZ554509.1.gbk
>_delta_MZ554514.1.gbk
>_delta_MZ554516.1.gbk
>_delta_MZ554518.1.gbk
>_delta_MZ554519.1.gbk
>_delta_MZ554525.1.gbk
>_delta_MZ554526.1.gbk
>_delta_MZ554528.1.gbk
>_delta_MZ554530.1.gbk
>_delta_MZ554535.1.gbk
>_delta_MZ554536.1.gbk
>_delta_MZ554537.1.gbk
>_delta_MZ554538.1.gbk
>_delta_MZ554539.1.gbk
>_delta_MZ554542.1.gbk
>_delta_MZ554544.1.gbk
>_delta_MZ554546.1.gbk
>_delta_MZ554547.1.gbk
>_delta_MZ554548.1.gbk
>_delta_MZ554549.1.gbk
>_delta_MZ554551.1.gbk
>_delta_MZ554553.1.gbk
>_delta_MZ554557.1.gbk
>_delta_MZ554559.1.gbk
>_delta_MZ554561.1.gbk
>_delta_MZ554570.1.gbk
>_delta_MZ554572.1.gbk
>_delta_MZ554575.1.gbk
>_delta_MZ554580.1.gbk
>_delta_MZ554581.1.gbk
>_delta_MZ554588.1.gbk
>_delta_MZ554592.1.gbk
>_delta_MZ554604.1.gbk
>_delta_MZ554615.1.gbk
>_delta_MZ554629.1.gbk
>_delta_MZ554631.1.gbk
>_delta_MZ554642.1.gbk
>_delta_MZ554643.1.gbk
>_delta_MZ554649.1.gbk
>_delta_MZ554650.1.gbk
>_delta_MZ554674.1.gbk
>_delta_MZ554680.1.gbk
>_delta_MZ554689.1.gbk
>_delta_MZ554709.1.gbk
>_delta_MZ554711.1.gbk
>_delta_MZ554720.1.gbk
>_delta_MZ554722.1.gbk
>_delta_MZ554723.1.gbk
>_delta_MZ554726.1.gbk
>_delta_MZ554741.1.gbk
>_delta_MZ554744.1.gbk
>_delta_MZ554750.1.gbk
>_delta_MZ554753.1.gbk
>_delta_MZ554754.1.gbk
>_delta_MZ554755.1.gbk
>_delta_MZ554764.1.gbk
>_delta_MZ554769.1.gbk
>_delta_MZ554772.1.gbk
>_delta_MZ554780.1.gbk
>_delta_MZ554781.1.gbk
>_delta_MZ554782.1.gbk
>_delta_MZ554784.1.gbk
>_delta_MZ554790.1.gbk
>_delta_MZ554791.1.gbk
>_delta_MZ554794.1.gbk
>_delta_MZ554795.1.gbk
>_delta_MZ554798.1.gbk
>_delta_MZ554801.1.gbk
>_delta_MZ554805.1.gbk
>_delta_MZ554806.1.gbk
>_delta_MZ554807.1.gbk
>_delta_MZ554809.1.gbk
>_delta_MZ554811.1.gbk
>_delta_MZ554816.1.gbk
>_delta_MZ554824.1.gbk
>_delta_MZ554828.1.gbk
>_delta_MZ554830.1.gbk
>_delta_MZ554831.1.gbk
>_delta_MZ554837.1.gbk
>_delta_MZ554845.1.gbk
>_delta_MZ554860.1.gbk
>_delta_MZ554902.1.gbk
>_delta_MZ554912.1.gbk
>_delta_MZ554915.1.gbk
>_delta_MZ554916.1.gbk
>_delta_MZ554917.1.gbk
>_delta_MZ554918.1.gbk
>_delta_MZ554919.1.gbk
>_delta_MZ554920.1.gbk
>_delta_MZ554929.1.gbk
>_delta_MZ554934.1.gbk
>_delta_MZ554935.1.gbk
>_delta_MZ554943.1.gbk
>_delta_MZ554948.1.gbk
>_delta_MZ554950.1.gbk
>_delta_MZ554954.1.gbk
>_delta_MZ554961.1.gbk
>_delta_MZ554963.1.gbk
>_delta_MZ554976.1.gbk
>_delta_MZ554978.1.gbk
>_delta_MZ554987.1.gbk
>_delta_MZ554988.1.gbk
>_delta_MZ554989.1.gbk
>_delta_MZ554994.1.gbk
>_delta_MZ554997.1.gbk
>_delta_MZ554998.1.gbk
>_delta_MZ555005.1.gbk
>_delta_MZ555027.1.gbk
>_delta_MZ555031.1.gbk
>_delta_MZ555036.1.gbk
>_delta_MZ555049.1.gbk
>_delta_MZ555050.1.gbk
>_delta_MZ555051.1.gbk
>_delta_MZ555055.1.gbk
>_delta_MZ555057.1.gbk
>_delta_MZ555062.1.gbk
>_delta_MZ555064.1.gbk
>_delta_MZ555065.1.gbk
>_delta_MZ555068.1.gbk
>_delta_MZ555070.1.gbk
>_delta_MZ555072.1.gbk
>_delta_MZ555083.1.gbk
>_delta_MZ555091.1.gbk
>_delta_MZ555092.1.gbk
>_delta_MZ555096.1.gbk
>_delta_MZ555097.1.gbk
>_delta_MZ555098.1.gbk
>_delta_MZ555099.1.gbk
>_delta_MZ555100.1.gbk
>_delta_MZ555108.1.gbk
>_delta_MZ555109.1.gbk
>_delta_MZ555110.1.gbk
>_delta_MZ555117.1.gbk
>_delta_MZ555122.1.gbk
>_delta_MZ555123.1.gbk
>_delta_MZ555126.1.gbk
>_delta_MZ555131.1.gbk
>_delta_MZ555133.1.gbk
>_delta_MZ555138.1.gbk
>_delta_MZ555140.1.gbk
>_delta_MZ555143.1.gbk
>_delta_MZ555148.1.gbk
>_delta_MZ555155.1.gbk
>_delta_MZ555160.1.gbk
>_delta_MZ555166.1.gbk
>_delta_MZ555168.1.gbk
>_delta_MZ555172.1.gbk
>_delta_MZ555177.1.gbk
>_delta_MZ555184.1.gbk
>_delta_MZ555185.1.gbk
>_delta_MZ555189.1.gbk
>_delta_MZ555190.1.gbk
>_delta_MZ555191.1.gbk
>_delta_MZ555192.1.gbk
>_delta_MZ555194.1.gbk
>_delta_MZ555195.1.gbk
>_delta_MZ555197.1.gbk
>_delta_MZ555200.1.gbk
>_delta_MZ555206.1.gbk
>_delta_MZ555210.1.gbk
>_delta_MZ555217.1.gbk
>_delta_MZ555219.1.gbk
>_delta_MZ555222.1.gbk
>_delta_MZ555224.1.gbk
>_delta_MZ555225.1.gbk
>_delta_MZ555229.1.gbk
>_delta_MZ555233.1.gbk
>_delta_MZ555234.1.gbk
>_delta_MZ555237.1.gbk
>_delta_MZ555247.1.gbk
>_delta_MZ555250.1.gbk
>_delta_MZ555251.1.gbk
>_delta_MZ555253.1.gbk
>_delta_MZ555254.1.gbk
>_delta_MZ555255.1.gbk
>_delta_MZ555256.1.gbk
>_delta_MZ555259.1.gbk
>_delta_MZ555260.1.gbk
>_delta_MZ555264.1.gbk
>_delta_MZ555272.1.gbk
>_delta_MZ555277.1.gbk
>_delta_MZ555285.1.gbk
>_delta_MZ555290.1.gbk
>_delta_MZ555292.1.gbk
>_delta_MZ555294.1.gbk
>_delta_MZ555295.1.gbk
>_delta_MZ555301.1.gbk
>_delta_MZ555303.1.gbk
>_delta_MZ555304.1.gbk
>_delta_MZ555306.1.gbk
>_delta_MZ555307.1.gbk
>_delta_MZ555308.1.gbk
>_delta_MZ555309.1.gbk
>_delta_MZ555315.1.gbk
>_delta_MZ555316.1.gbk
>_delta_MZ555318.1.gbk
>_delta_MZ555319.1.gbk
>_delta_MZ555320.1.gbk
>_delta_MZ555322.1.gbk
>_delta_MZ555326.1.gbk
>_delta_MZ555331.1.gbk
>_delta_MZ555332.1.gbk
>_delta_MZ555338.1.gbk
>_delta_MZ555339.1.gbk
>_delta_MZ555340.1.gbk
>_delta_MZ555344.1.gbk
>_delta_MZ555346.1.gbk
>_delta_MZ555347.1.gbk
>_delta_MZ555355.1.gbk
>_delta_MZ555357.1.gbk
>_delta_MZ555361.1.gbk
>_delta_MZ555362.1.gbk
>_delta_MZ555365.1.gbk
>_delta_MZ555368.1.gbk
>_delta_MZ555369.1.gbk
>_delta_MZ555371.1.gbk
>_delta_MZ555373.1.gbk
>_delta_MZ555378.1.gbk
>_delta_MZ555383.1.gbk
>_delta_MZ555384.1.gbk
>_delta_MZ555389.1.gbk
>_delta_MZ555393.1.gbk
>_delta_MZ555403.1.gbk
>_delta_MZ555405.1.gbk
>_delta_MZ555407.1.gbk
>_delta_MZ555413.1.gbk
>_delta_MZ555416.1.gbk
>_delta_MZ555418.1.gbk
>_delta_MZ555422.1.gbk
>_delta_MZ555423.1.gbk
>_delta_MZ555424.1.gbk
>_delta_MZ555426.1.gbk
>_delta_MZ555429.1.gbk
>_delta_MZ555432.1.gbk
>_delta_MZ555436.1.gbk
>_delta_MZ555442.1.gbk
>_delta_MZ555453.1.gbk
>_delta_MZ555456.1.gbk
>_delta_MZ555457.1.gbk
>_delta_MZ555458.1.gbk
>_delta_MZ555459.1.gbk
>_delta_MZ555460.1.gbk
>_delta_MZ555462.1.gbk
>_delta_MZ555463.1.gbk
>_delta_MZ555467.1.gbk
>_delta_MZ555920.1.gbk
>_delta_MZ555936.1.gbk
>_delta_MZ555945.1.gbk
>_delta_MZ555950.1.gbk
>_delta_MZ557481.1.gbk
>_delta_MZ557483.1.gbk
>_delta_MZ557555.1.gbk
>_delta_MZ560960.1.gbk
>_delta_MZ560961.1.gbk
>_delta_MZ560962.1.gbk
>_delta_MZ560959.1.gbk
>_delta_MZ558053.1.gbk
>_delta_MZ560778.1.gbk
>_delta_MZ558298.1.gbk
>_delta_MZ560775.1.gbk
>_delta_MZ560950.1.gbk
>_delta_MZ560952.1.gbk
>_delta_MZ560953.1.gbk
>_delta_MZ560948.1.gbk
>_delta_MZ558155.1.gbk
>_delta_MZ560771.1.gbk
>_delta_MZ558149.1.gbk
>_delta_MZ558150.1.gbk
>_delta_MZ558286.1.gbk
>_delta_MZ558134.1.gbk
>_delta_MZ558131.1.gbk
>_delta_MZ558161.1.gbk
>_delta_MZ558160.1.gbk
>_delta_MZ558099.1.gbk
>_delta_MZ558111.1.gbk
>_delta_MZ558116.1.gbk
>_delta_MZ558087.1.gbk
>_delta_MZ558108.1.gbk
>_delta_MZ558107.1.gbk
>_delta_MZ570831.1.gbk
>_delta_MZ570837.1.gbk
>_delta_MZ570789.1.gbk
>_delta_MZ570815.1.gbk
>_delta_MZ570824.1.gbk
>_delta_MZ570826.1.gbk
>_delta_MZ570775.1.gbk
>_delta_MZ570766.1.gbk
>_delta_MZ570754.1.gbk
>_delta_MZ570736.1.gbk
>_delta_MZ567301.1.gbk
>_delta_MZ567293.1.gbk
>_delta_MZ567294.1.gbk
>_delta_MZ567297.1.gbk
>_delta_MZ567298.1.gbk
>_delta_MZ568101.1.gbk
>_delta_MZ567290.1.gbk
>_delta_MZ567289.1.gbk
>_delta_MZ567285.1.gbk
>_delta_MZ568102.1.gbk
>_delta_MZ564419.1.gbk
>_delta_MZ567282.1.gbk
>_delta_MZ566631.1.gbk
>_delta_MZ566630.1.gbk
>_delta_MZ566629.1.gbk
>_delta_MZ566633.1.gbk
>_delta_MZ564412.1.gbk
>_delta_MZ567278.1.gbk
>_delta_MZ567272.1.gbk
>_delta_MZ567273.1.gbk
>_delta_MZ566627.1.gbk
>_delta_MZ566626.1.gbk
>_delta_MZ566628.1.gbk
>_delta_MZ569126.1.gbk
>_delta_MZ569119.1.gbk
>_delta_MZ571299.1.gbk
>_delta_MZ571304.1.gbk
>_delta_MZ571307.1.gbk
>_delta_MZ571308.1.gbk
>_delta_MZ571310.1.gbk
>_delta_MZ571315.1.gbk
>_delta_MZ571328.1.gbk
>_delta_MZ571330.1.gbk
>_delta_MZ571332.1.gbk
>_delta_MZ571334.1.gbk
>_delta_MZ571335.1.gbk
>_delta_MZ571297.1.gbk
>_delta_MZ569392.1.gbk
>_delta_MZ569179.1.gbk
>_delta_MZ569385.1.gbk
>_delta_MZ569189.1.gbk
>_delta_MZ569374.1.gbk
>_delta_MZ569158.1.gbk
>_delta_MZ569159.1.gbk
>_delta_MZ569160.1.gbk
>_delta_MZ569161.1.gbk
>_delta_MZ569170.1.gbk
>_delta_MZ570844.1.gbk
>_delta_MZ570845.1.gbk
>_delta_MZ569371.1.gbk
>_delta_MZ569373.1.gbk
>_delta_MZ570842.1.gbk
>_delta_MZ569399.1.gbk
>_delta_MZ569400.1.gbk
>_delta_MZ569130.1.gbk
>_delta_MZ569131.1.gbk
>_delta_MZ569132.1.gbk
>_delta_MZ569127.1.gbk
>_delta_MZ569128.1.gbk
>_delta_MZ570843.1.gbk
>_delta_MZ569169.1.gbk

# number of handled genomes = 4309 (out of 4830)
