# number of genomes in 'kappa_list.txt' = 171

# checking GenBank accessions with NCBI e-utils efetch ...
>_kappa_MW891333.gbk
>_kappa_MW901867.gbk
>_kappa_MW903294.gbk
>_kappa_MW963458.gbk
>_kappa_MZ236651.gbk
>_kappa_MZ075508.gbk
>_kappa_MZ075739.gbk
>_kappa_MZ022819.gbk
>_kappa_MZ023220.gbk
>_kappa_MZ023695.gbk
>_kappa_MZ037253.gbk
>_kappa_MZ059304.gbk
>_kappa_MZ061059.gbk
>_kappa_MZ061479.gbk
>_kappa_MZ070670.gbk
>_kappa_MZ071515.gbk
>_kappa_MZ084892.gbk
>_kappa_MZ099826.gbk
>_kappa_MZ140618.gbk
>_kappa_MZ140647.gbk
>_kappa_MZ141999.gbk
>_kappa_MZ142276.gbk
>_kappa_MZ233150.gbk
>_kappa_MZ233151.gbk
>_kappa_MZ233356.gbk
>_kappa_MZ231711.gbk
>_kappa_MZ231844.gbk
>_kappa_MZ231846.gbk
>_kappa_MZ206438.gbk
>_kappa_MZ232876.gbk
>_kappa_MZ232878.gbk
>_kappa_MZ233013.gbk
>_kappa_MZ151990.gbk
>_kappa_MZ154482.gbk
>_kappa_MZ182065.gbk
>_kappa_MZ164102.gbk
>_kappa_MZ163796.gbk
>_kappa_MZ172301.gbk
>_kappa_MZ232698.gbk
>_kappa_MZ232602.gbk
>_kappa_MZ232621.gbk
>_kappa_MZ215414.gbk
>_kappa_MZ213654.gbk
>_kappa_MZ211571.gbk
>_kappa_MZ211574.gbk
>_kappa_MZ211576.gbk
>_kappa_MZ211577.gbk
>_kappa_MZ210278.gbk
>_kappa_MZ185534.gbk
>_kappa_MZ184555.gbk
>_kappa_MZ186021.gbk
>_kappa_MZ187639.gbk
>_kappa_MZ187544.gbk
>_kappa_MZ217580.gbk
>_kappa_MZ257556.gbk
>_kappa_MZ257515.gbk
>_kappa_MZ244384.gbk
>_kappa_MZ264359.gbk
>_kappa_MZ264360.gbk
>_kappa_MZ257695.gbk
>_kappa_MZ282294.gbk
>_kappa_MZ283907.gbk
>_kappa_MZ284275.gbk
>_kappa_MZ284276.gbk
>_kappa_MZ283944.gbk
>_kappa_MZ283285.gbk
>_kappa_MZ283846.gbk
>_kappa_MZ269263.gbk
>_kappa_MZ294484.gbk
>_kappa_MZ307765.gbk
>_kappa_MZ291207.gbk
>_kappa_MZ280496.gbk
>_kappa_MZ279284.gbk
>_kappa_LC633761.gbk
>_kappa_MZ310590.gbk
>_kappa_MZ310587.gbk
>_kappa_MZ310589.gbk
>_kappa_MZ333412.gbk
>_kappa_MZ314697.gbk
>_kappa_MZ314701.gbk
>_kappa_MZ314693.gbk
>_kappa_MZ342889.gbk
>_kappa_MZ340541.gbk
>_kappa_MZ340502.gbk
>_kappa_MZ350188.gbk
>_kappa_MZ325302.gbk
>_kappa_MZ332524.gbk
>_kappa_MZ332527.gbk
>_kappa_MZ340525.gbk
>_kappa_MZ340520.gbk
>_kappa_MZ340506.gbk
>_kappa_MZ363839.gbk
>_kappa_MZ359879.gbk
>_kappa_MZ359881.gbk
>_kappa_MZ390265.gbk
>_kappa_MZ401493.1.gbk
>_kappa_MZ401492.1.gbk
>_kappa_MZ401500.1.gbk
>_kappa_MZ397173.1.gbk
>_kappa_MZ397177.1.gbk
>_kappa_MZ434021.1.gbk
>_kappa_MZ021505.1.gbk
>_kappa_MZ021504.1.gbk
>_kappa_MZ505967.1.gbk
>_kappa_MZ538882.1.gbk
>_kappa_MZ562748.1.gbk
>_kappa_MZ562749.1.gbk
>_kappa_MZ562746.1.gbk
>_kappa_MZ562761.1.gbk
>_kappa_MZ562756.1.gbk
>_kappa_MZ562759.1.gbk
>_kappa_MZ562757.1.gbk
>_kappa_MZ562758.1.gbk
>_kappa_MZ569121.1.gbk
>_kappa_MZ571142.1.gbk

# number of handled genomes = 115 (out of 171)
