# number of genomes in 'zeta_list.txt' = 558

# checking GenBank accessions with NCBI e-utils efetch ...
>_zeta_MW338781.gbk
>_zeta_MW338782.gbk
>_zeta_MW518816.gbk
>_zeta_MW517346.gbk
>_zeta_MW638456.gbk
>_zeta_MW638454.gbk
>_zeta_MW638671.gbk
>_zeta_MW545227.gbk
>_zeta_FR990931.gbk
# file zeta_FR990931.gbk does not contain annotated CDSs
>_zeta_MW550246.gbk
>_zeta_MW550258.gbk
>_zeta_MW559040.gbk
>_zeta_MW577073.gbk
>_zeta_MW565851.gbk
>_zeta_MW581635.gbk
>_zeta_MW575576.gbk
>_zeta_MW583352.gbk
>_zeta_MW583367.gbk
>_zeta_MW586220.gbk
>_zeta_MW586751.gbk
>_zeta_MW586830.gbk
>_zeta_MW636865.gbk
>_zeta_MW637035.gbk
>_zeta_MW636341.gbk
>_zeta_MW702765.gbk
>_zeta_MW640599.gbk
>_zeta_MW640100.gbk
>_zeta_MW640231.gbk
>_zeta_MW643517.gbk
>_zeta_MW644034.gbk
>_zeta_MW644182.gbk
>_zeta_MW631784.gbk
>_zeta_MZ233803.gbk
>_zeta_MW666397.gbk
>_zeta_MW668527.gbk
>_zeta_MW668540.gbk
>_zeta_MW669035.gbk
>_zeta_MW669122.gbk
>_zeta_MW669388.gbk
>_zeta_MW669709.gbk
>_zeta_FR992894.gbk
# file zeta_FR992894.gbk does not contain annotated CDSs
>_zeta_MW672726.gbk
>_zeta_MW673294.gbk
>_zeta_FR990405.gbk
# file zeta_FR990405.gbk does not contain annotated CDSs
>_zeta_MW709234.gbk
>_zeta_MW673690.gbk
>_zeta_MW681227.gbk
>_zeta_MW681322.gbk
>_zeta_MW681361.gbk
>_zeta_MW681466.gbk
>_zeta_MW646943.gbk
>_zeta_MZ474080.1.gbk
>_zeta_MW693730.gbk
>_zeta_MW695388.gbk
>_zeta_MW696547.gbk
>_zeta_MW696572.gbk
>_zeta_MW697045.gbk
>_zeta_MW697785.gbk
>_zeta_MW697917.gbk
>_zeta_MW697956.gbk
>_zeta_MW698118.gbk
>_zeta_MW706673.gbk
>_zeta_MW707282.gbk
>_zeta_MW707376.gbk
>_zeta_MW707411.gbk
>_zeta_MW704503.gbk
>_zeta_MW704776.gbk
>_zeta_MW704925.gbk
>_zeta_MW705193.gbk
>_zeta_MW705288.gbk
>_zeta_MW705478.gbk
>_zeta_MW705915.gbk
>_zeta_MW705987.gbk
>_zeta_MW714592.gbk
>_zeta_MW719517.gbk
>_zeta_MW720001.gbk
>_zeta_MW720114.gbk
>_zeta_MW725581.gbk
>_zeta_MW725802.gbk
>_zeta_FR993011.gbk
# file zeta_FR993011.gbk does not contain annotated CDSs
>_zeta_MW731196.gbk
>_zeta_MW733225.gbk
>_zeta_MW733387.gbk
>_zeta_MW733436.gbk
>_zeta_MW733480.gbk
>_zeta_MW733532.gbk
>_zeta_MW734183.gbk
>_zeta_MW734334.gbk
>_zeta_MW734395.gbk
>_zeta_MW734454.gbk
>_zeta_MW734492.gbk
>_zeta_MW735060.gbk
>_zeta_MW736087.gbk
>_zeta_MW739375.gbk
>_zeta_MW748246.gbk
>_zeta_MW748266.gbk
>_zeta_MW752068.gbk
>_zeta_MW752072.gbk
>_zeta_MW758728.gbk
>_zeta_MW758864.gbk
>_zeta_MW763110.gbk
>_zeta_MW763369.gbk
>_zeta_MW763955.gbk
>_zeta_MW766525.gbk
>_zeta_MW766592.gbk
>_zeta_MW767239.gbk
>_zeta_MW767313.gbk
>_zeta_MW768061.gbk
>_zeta_MW771838.gbk
>_zeta_MW771863.gbk
>_zeta_MW771976.gbk
>_zeta_MW771982.gbk
>_zeta_MW771989.gbk
>_zeta_MW772131.gbk
>_zeta_MW772188.gbk
>_zeta_MW772224.gbk
>_zeta_MW772419.gbk
>_zeta_MW776968.gbk
>_zeta_MW777015.gbk
>_zeta_MW777122.gbk
>_zeta_MW777133.gbk
>_zeta_MW777156.gbk
>_zeta_MW777163.gbk
>_zeta_MW777232.gbk
>_zeta_MW777263.gbk
>_zeta_MW777273.gbk
>_zeta_MW777305.gbk
>_zeta_MW777315.gbk
>_zeta_MW777417.gbk
>_zeta_MW777435.gbk
>_zeta_MW777636.gbk
>_zeta_MW777639.gbk
>_zeta_MW777790.gbk
>_zeta_MW777794.gbk
>_zeta_MW777846.gbk
>_zeta_MW777855.gbk
>_zeta_MW777949.gbk
>_zeta_MW778104.gbk
>_zeta_MW778245.gbk
>_zeta_MW778252.gbk
>_zeta_MW778269.gbk
>_zeta_MW778272.gbk
>_zeta_MW778359.gbk
>_zeta_MW778381.gbk
>_zeta_MW778463.gbk
>_zeta_MW778534.gbk
>_zeta_MW778560.gbk
>_zeta_MW778680.gbk
>_zeta_MW778713.gbk
>_zeta_MW778751.gbk
>_zeta_MW779032.gbk
>_zeta_MW779241.gbk
>_zeta_MW779290.gbk
>_zeta_MW779427.gbk
>_zeta_MW779588.gbk
>_zeta_MW779727.gbk
>_zeta_MW779796.gbk
>_zeta_MW780218.gbk
>_zeta_MW780676.gbk
>_zeta_MW781105.gbk
>_zeta_MW782889.gbk
>_zeta_MW782912.gbk
>_zeta_MW783205.gbk
>_zeta_MW783354.gbk
>_zeta_MW786984.gbk
>_zeta_MW792663.gbk
>_zeta_MW792712.gbk
>_zeta_MW792720.gbk
>_zeta_MW793100.gbk
>_zeta_MW793129.gbk
>_zeta_MW793158.gbk
>_zeta_MW793301.gbk
>_zeta_MW804763.gbk
>_zeta_MW804944.gbk
>_zeta_MW804949.gbk
>_zeta_MW805008.gbk
>_zeta_MW805062.gbk
>_zeta_MW805118.gbk
>_zeta_MW808238.gbk
>_zeta_MW808428.gbk
>_zeta_MW808500.gbk
>_zeta_MW808667.gbk
>_zeta_MW808753.gbk
>_zeta_MW808832.gbk
>_zeta_MW808842.gbk
>_zeta_MW808852.gbk
>_zeta_MW808864.gbk
>_zeta_MW812574.gbk
>_zeta_MW816324.gbk
>_zeta_MW816396.gbk
>_zeta_MW816404.gbk
>_zeta_MW816425.gbk
>_zeta_MW816430.gbk
>_zeta_MW816456.gbk
>_zeta_MW848344.gbk
>_zeta_MW822593.gbk
>_zeta_MW825519.gbk
>_zeta_MW825567.gbk
>_zeta_MW825655.gbk
>_zeta_MW825672.gbk
>_zeta_MW825678.gbk
>_zeta_MW825694.gbk
>_zeta_MW825792.gbk
>_zeta_MW825979.gbk
>_zeta_MW848012.gbk
>_zeta_MW848278.gbk
>_zeta_MW848875.gbk
>_zeta_MW849201.gbk
>_zeta_MW850033.gbk
>_zeta_MW851460.gbk
>_zeta_MW851724.gbk
>_zeta_MW851725.gbk
>_zeta_MW855609.gbk
>_zeta_MW855712.gbk
>_zeta_MW864371.gbk
>_zeta_MW864439.gbk
>_zeta_MW868528.gbk
>_zeta_MW868593.gbk
>_zeta_MW868594.gbk
>_zeta_MW868733.gbk
>_zeta_MW868837.gbk
>_zeta_MW868887.gbk
>_zeta_MW870099.gbk
>_zeta_MW870697.gbk
>_zeta_MW870845.gbk
>_zeta_MW871285.gbk
>_zeta_MW876892.gbk
>_zeta_MW880480.gbk
>_zeta_MW880583.gbk
>_zeta_MW883283.gbk
>_zeta_MW884219.gbk
>_zeta_MW884220.gbk
>_zeta_MW884221.gbk
>_zeta_MW884222.gbk
>_zeta_MW884223.gbk
>_zeta_MW884224.gbk
>_zeta_MW884225.gbk
>_zeta_MW923051.gbk
>_zeta_MZ246386.gbk
>_zeta_MW890603.gbk
>_zeta_MW891097.gbk
>_zeta_MW891281.gbk
>_zeta_MW891298.gbk
>_zeta_MW891320.gbk
>_zeta_MW891377.gbk
>_zeta_MW892236.gbk
>_zeta_MW901676.gbk
>_zeta_MW901691.gbk
>_zeta_MW902383.gbk
>_zeta_MW902427.gbk
>_zeta_MW903045.gbk
>_zeta_MW903141.gbk
>_zeta_MW903597.gbk
>_zeta_MW903856.gbk
>_zeta_MW904393.gbk
>_zeta_MW931084.gbk
>_zeta_MW931500.gbk
>_zeta_MZ232480.gbk
>_zeta_MW966353.gbk
>_zeta_MW966398.gbk
>_zeta_MW966739.gbk
>_zeta_MW966936.gbk
>_zeta_MZ238184.gbk
>_zeta_MZ238349.gbk
>_zeta_MZ236594.gbk
>_zeta_MW932085.gbk
>_zeta_MW932379.gbk
>_zeta_MW932656.gbk
>_zeta_MW941106.gbk
>_zeta_MW941123.gbk
>_zeta_MW941255.gbk
>_zeta_MW941541.gbk
>_zeta_MW941577.gbk
>_zeta_MW941737.gbk
>_zeta_MW941791.gbk
>_zeta_MW941929.gbk
>_zeta_MW941981.gbk
>_zeta_MW942237.gbk
>_zeta_MW942274.gbk
>_zeta_MW942393.gbk
>_zeta_MW942433.gbk
>_zeta_MW942448.gbk
>_zeta_MW942483.gbk
>_zeta_MW942535.gbk
>_zeta_MW942542.gbk
>_zeta_MW942659.gbk
>_zeta_MW942682.gbk
>_zeta_MW942833.gbk
>_zeta_MW942857.gbk
>_zeta_MW942872.gbk
>_zeta_MW942899.gbk
>_zeta_MW943029.gbk
>_zeta_MW943234.gbk
>_zeta_MW943247.gbk
>_zeta_MW943426.gbk
>_zeta_MW943492.gbk
>_zeta_MW943534.gbk
>_zeta_MW943655.gbk
>_zeta_MW943675.gbk
>_zeta_MW943686.gbk
>_zeta_MW943706.gbk
>_zeta_MW943793.gbk
>_zeta_MW943871.gbk
>_zeta_MW943924.gbk
>_zeta_MW943931.gbk
>_zeta_MW943937.gbk
>_zeta_MW944033.gbk
>_zeta_MW944126.gbk
>_zeta_MW944305.gbk
>_zeta_MW944354.gbk
>_zeta_MW944365.gbk
>_zeta_MW945116.gbk
>_zeta_MW958097.gbk
>_zeta_MW959522.gbk
>_zeta_MW959963.gbk
>_zeta_MW964707.gbk
>_zeta_MW964888.gbk
>_zeta_MW964933.gbk
>_zeta_MW965027.gbk
>_zeta_MW967705.gbk
>_zeta_MW967857.gbk
>_zeta_MW968053.gbk
>_zeta_MW968287.gbk
>_zeta_MW968980.gbk
>_zeta_MW968989.gbk
>_zeta_MW969430.gbk
>_zeta_MW975155.gbk
>_zeta_MW975257.gbk
>_zeta_MW975548.gbk
>_zeta_MW975790.gbk
>_zeta_MW975857.gbk
>_zeta_MW976360.gbk
>_zeta_MW986089.gbk
>_zeta_MW986149.gbk
>_zeta_MW986176.gbk
>_zeta_MW986428.gbk
>_zeta_MW989248.gbk
>_zeta_MW989857.gbk
>_zeta_MW991264.gbk
>_zeta_MW992813.gbk
>_zeta_MW993881.gbk
>_zeta_MZ000795.gbk
>_zeta_MZ002800.gbk
>_zeta_MZ003209.gbk
>_zeta_MZ074549.gbk
>_zeta_MZ074914.gbk
>_zeta_MZ074956.gbk
>_zeta_MZ075778.gbk
>_zeta_MZ075797.gbk
>_zeta_MZ006632.gbk
>_zeta_MZ007087.gbk
>_zeta_MZ007095.gbk
>_zeta_MZ007323.gbk
>_zeta_MZ008795.gbk
>_zeta_MZ008825.gbk
>_zeta_MZ009062.gbk
>_zeta_MZ009401.gbk
>_zeta_MZ013791.gbk
>_zeta_MZ022846.gbk
>_zeta_MZ025268.gbk
>_zeta_MZ025845.gbk
>_zeta_MZ034581.gbk
>_zeta_MZ035318.gbk
>_zeta_MZ035580.gbk
>_zeta_MZ036449.gbk
>_zeta_MZ036492.gbk
>_zeta_MZ036793.gbk
>_zeta_MZ038952.gbk
>_zeta_MZ056413.gbk
>_zeta_MZ231479.gbk
>_zeta_MZ231480.gbk
>_zeta_MZ231615.gbk
>_zeta_MZ231633.gbk
>_zeta_MZ060997.gbk
>_zeta_MZ062153.gbk
>_zeta_MZ070436.gbk
>_zeta_MZ070597.gbk
>_zeta_MZ070598.gbk
>_zeta_MZ070813.gbk
>_zeta_MZ071197.gbk
>_zeta_MZ071209.gbk
>_zeta_MZ071277.gbk
>_zeta_MZ073197.gbk
>_zeta_MZ083139.gbk
>_zeta_MZ084186.gbk
>_zeta_MZ084615.gbk
>_zeta_MZ085334.gbk
>_zeta_MZ086271.gbk
>_zeta_MZ133023.gbk
>_zeta_MZ142252.gbk
>_zeta_MZ165983.gbk
>_zeta_MZ165774.gbk
>_zeta_MZ163798.gbk
>_zeta_MZ167826.gbk
>_zeta_MZ167740.gbk
>_zeta_MZ166874.gbk
>_zeta_MZ160241.gbk
>_zeta_MZ169917.gbk
>_zeta_MZ169912.gbk
>_zeta_MZ169913.gbk
>_zeta_MZ169914.gbk
>_zeta_MZ169915.gbk
>_zeta_MZ169916.gbk
>_zeta_MZ213269.gbk
>_zeta_MZ210578.gbk
>_zeta_MZ210875.gbk
>_zeta_MZ210233.gbk
>_zeta_MZ210351.gbk
>_zeta_MZ203357.gbk
>_zeta_MZ203368.gbk
>_zeta_MZ186046.gbk
>_zeta_MZ239381.gbk
>_zeta_MZ257501.gbk
>_zeta_MZ238030.gbk
>_zeta_MZ227861.gbk
>_zeta_MZ258859.gbk
>_zeta_MZ260021.gbk
>_zeta_MZ256068.gbk
>_zeta_MZ260099.gbk
>_zeta_MZ260109.gbk
>_zeta_MZ237224.gbk
>_zeta_MZ259370.gbk
>_zeta_MZ259077.gbk
>_zeta_MZ257783.gbk
>_zeta_MZ259479.gbk
>_zeta_MZ284203.gbk
>_zeta_MZ291427.gbk
>_zeta_MZ279468.gbk
>_zeta_MW988205.gbk
>_zeta_MW626709.gbk
>_zeta_MW626698.gbk
>_zeta_MZ349162.gbk
>_zeta_MZ349542.gbk
>_zeta_MZ349320.gbk
>_zeta_MZ349459.gbk
>_zeta_MZ358555.gbk
>_zeta_MZ372476.gbk
>_zeta_MZ368285.gbk
>_zeta_MZ368282.gbk
>_zeta_MZ397170.1.gbk
>_zeta_MZ444573.1.gbk
>_zeta_MZ498354.1.gbk
>_zeta_MZ499749.1.gbk
>_zeta_MZ499761.1.gbk
>_zeta_MZ504082.1.gbk

# number of handled genomes = 441 (out of 558)
