# number of genomes in 'epsilon_list.txt' = 2929

# checking GenBank accessions with NCBI e-utils efetch ...
>_epsilon_MW564715.gbk
>_epsilon_MW565045.gbk
>_epsilon_MW564740.gbk
>_epsilon_MW565001.gbk
>_epsilon_MW564966.gbk
>_epsilon_MW564964.gbk
>_epsilon_MW565087.gbk
>_epsilon_MW493681.gbk
>_epsilon_MW973885.gbk
>_epsilon_MW972983.gbk
>_epsilon_MW973115.gbk
>_epsilon_MW973121.gbk
>_epsilon_MW973123.gbk
>_epsilon_MW973407.gbk
>_epsilon_MW973408.gbk
>_epsilon_MW973128.gbk
>_epsilon_MW973216.gbk
>_epsilon_MW972786.gbk
>_epsilon_MW972789.gbk
>_epsilon_MW972805.gbk
>_epsilon_MW653457.gbk
>_epsilon_MW653456.gbk
>_epsilon_MW653455.gbk
>_epsilon_MW653615.gbk
>_epsilon_MW653594.gbk
>_epsilon_MW653547.gbk
>_epsilon_MW653540.gbk
>_epsilon_MW653537.gbk
>_epsilon_MW653519.gbk
>_epsilon_MW653506.gbk
>_epsilon_MW653487.gbk
>_epsilon_MW519631.gbk
>_epsilon_MW519652.gbk
>_epsilon_MW519738.gbk
>_epsilon_MW518820.gbk
>_epsilon_MW518822.gbk
>_epsilon_MW494353.gbk
>_epsilon_MW494381.gbk
>_epsilon_MW701902.gbk
>_epsilon_MW505147.gbk
>_epsilon_MW517767.gbk
>_epsilon_MW517768.gbk
>_epsilon_MW523795.gbk
>_epsilon_MW545439.gbk
>_epsilon_MW545442.gbk
>_epsilon_MW974371.gbk
>_epsilon_MW702315.gbk
>_epsilon_MW702283.gbk
>_epsilon_MW702272.gbk
>_epsilon_MW702258.gbk
>_epsilon_MW702244.gbk
>_epsilon_MW702226.gbk
>_epsilon_MW702225.gbk
>_epsilon_MW702220.gbk
>_epsilon_MW702216.gbk
>_epsilon_MW702208.gbk
>_epsilon_MW702187.gbk
>_epsilon_MW702138.gbk
>_epsilon_MW702137.gbk
>_epsilon_MW702136.gbk
>_epsilon_MW702135.gbk
>_epsilon_MW702134.gbk
>_epsilon_MW702133.gbk
>_epsilon_MW702132.gbk
>_epsilon_MW702131.gbk
>_epsilon_MW638933.gbk
>_epsilon_MW638380.gbk
>_epsilon_MW638377.gbk
>_epsilon_MW545254.gbk
>_epsilon_MW974357.gbk
>_epsilon_MW550404.gbk
>_epsilon_MW550543.gbk
>_epsilon_MW550669.gbk
>_epsilon_MW560801.gbk
>_epsilon_MW972514.gbk
>_epsilon_MW566223.gbk
>_epsilon_MW685573.gbk
>_epsilon_MW629209.gbk
>_epsilon_MW629228.gbk
>_epsilon_MW629300.gbk
>_epsilon_MW583126.gbk
>_epsilon_MW583128.gbk
>_epsilon_MW583182.gbk
>_epsilon_MW583264.gbk
>_epsilon_MW583321.gbk
>_epsilon_MW702369.gbk
>_epsilon_MW700416.gbk
>_epsilon_MW586182.gbk
>_epsilon_MW586193.gbk
>_epsilon_MW586258.gbk
>_epsilon_MW586300.gbk
>_epsilon_MW586324.gbk
>_epsilon_MW586438.gbk
>_epsilon_MW586450.gbk
>_epsilon_MW586568.gbk
>_epsilon_MW586699.gbk
>_epsilon_MW586740.gbk
>_epsilon_MW586749.gbk
>_epsilon_MW586757.gbk
>_epsilon_MW586809.gbk
>_epsilon_MW973300.gbk
>_epsilon_MW700680.gbk
>_epsilon_MW700664.gbk
>_epsilon_MW700661.gbk
>_epsilon_MW700656.gbk
>_epsilon_MW700651.gbk
>_epsilon_MW700650.gbk
>_epsilon_MW700647.gbk
>_epsilon_MW700638.gbk
>_epsilon_MW700637.gbk
>_epsilon_MW700634.gbk
>_epsilon_MW700627.gbk
>_epsilon_MW700611.gbk
>_epsilon_MW700608.gbk
>_epsilon_MW700607.gbk
>_epsilon_MW700606.gbk
>_epsilon_MW700599.gbk
>_epsilon_MW700686.gbk
>_epsilon_MW628988.gbk
>_epsilon_MW701141.gbk
>_epsilon_MW701119.gbk
>_epsilon_MW701172.gbk
>_epsilon_MW701171.gbk
>_epsilon_MW972612.gbk
>_epsilon_MW596007.gbk
>_epsilon_MW596170.gbk
>_epsilon_MW596172.gbk
>_epsilon_MW596174.gbk
>_epsilon_MW596191.gbk
>_epsilon_FR991578.gbk
# file epsilon_FR991578.gbk does not contain annotated CDSs
>_epsilon_MW629516.gbk
>_epsilon_MW629520.gbk
>_epsilon_MW972913.gbk
>_epsilon_MW973105.gbk
>_epsilon_MW973205.gbk
>_epsilon_MW617620.gbk
>_epsilon_MW642606.gbk
>_epsilon_MW642621.gbk
>_epsilon_MW636395.gbk
>_epsilon_MW636975.gbk
>_epsilon_MW702651.gbk
>_epsilon_MW703038.gbk
>_epsilon_MW635098.gbk
>_epsilon_MW634409.gbk
>_epsilon_MW702750.gbk
>_epsilon_MW702730.gbk
>_epsilon_MW702753.gbk
>_epsilon_MW702747.gbk
>_epsilon_MW702741.gbk
>_epsilon_MW702804.gbk
>_epsilon_MW702800.gbk
>_epsilon_MW702788.gbk
>_epsilon_MW702786.gbk
>_epsilon_MW702811.gbk
>_epsilon_MW702806.gbk
>_epsilon_MW640601.gbk
>_epsilon_MW640128.gbk
>_epsilon_MW640254.gbk
>_epsilon_MW640259.gbk
>_epsilon_MW640285.gbk
>_epsilon_MW640350.gbk
>_epsilon_MW640064.gbk
>_epsilon_MW642014.gbk
>_epsilon_MW642015.gbk
>_epsilon_MW642016.gbk
>_epsilon_MW642694.gbk
>_epsilon_MW642777.gbk
>_epsilon_MW643191.gbk
>_epsilon_MW643223.gbk
>_epsilon_MW643290.gbk
>_epsilon_MW643345.gbk
>_epsilon_MW643418.gbk
>_epsilon_MW643745.gbk
>_epsilon_MW643750.gbk
>_epsilon_MW643807.gbk
>_epsilon_MW644000.gbk
>_epsilon_MW644001.gbk
>_epsilon_MW644011.gbk
>_epsilon_MW644036.gbk
>_epsilon_MW644495.gbk
>_epsilon_MW648308.gbk
>_epsilon_MW648319.gbk
>_epsilon_MW648283.gbk
>_epsilon_MW631896.gbk
>_epsilon_MW631913.gbk
>_epsilon_FR991694.gbk
# file epsilon_FR991694.gbk does not contain annotated CDSs
>_epsilon_MW685752.gbk
>_epsilon_MW879558.gbk
>_epsilon_MW879570.gbk
>_epsilon_MW879574.gbk
>_epsilon_MW879590.gbk
>_epsilon_MW879605.gbk
>_epsilon_MW879619.gbk
>_epsilon_MW879624.gbk
>_epsilon_MW879632.gbk
>_epsilon_MW879633.gbk
>_epsilon_MW879634.gbk
>_epsilon_MW879652.gbk
>_epsilon_MW879694.gbk
>_epsilon_MW665584.gbk
>_epsilon_MW669761.gbk
>_epsilon_MW671589.gbk
>_epsilon_MW671605.gbk
>_epsilon_MW671685.gbk
>_epsilon_MW671703.gbk
>_epsilon_MW671710.gbk
>_epsilon_MW671730.gbk
>_epsilon_MW672788.gbk
>_epsilon_MW672932.gbk
>_epsilon_MW672716.gbk
>_epsilon_MW672758.gbk
>_epsilon_MW673203.gbk
>_epsilon_MW708392.gbk
>_epsilon_MW708398.gbk
>_epsilon_MW709246.gbk
>_epsilon_MW708272.gbk
>_epsilon_MW708750.gbk
>_epsilon_MW709181.gbk
>_epsilon_MW708208.gbk
>_epsilon_MW708216.gbk
>_epsilon_MW709033.gbk
>_epsilon_MW709010.gbk
>_epsilon_MW708249.gbk
>_epsilon_MW708192.gbk
>_epsilon_MW674262.gbk
>_epsilon_MW674265.gbk
>_epsilon_MW987677.gbk
>_epsilon_MW987690.gbk
>_epsilon_MW987711.gbk
>_epsilon_MW987716.gbk
>_epsilon_MW987730.gbk
>_epsilon_MW703164.gbk
>_epsilon_MW703166.gbk
>_epsilon_MW703411.gbk
>_epsilon_MW689741.gbk
>_epsilon_MW689765.gbk
>_epsilon_MZ473364.1.gbk
>_epsilon_MZ473365.1.gbk
>_epsilon_MZ473366.1.gbk
>_epsilon_MZ474109.1.gbk
>_epsilon_MZ474118.1.gbk
>_epsilon_MZ473478.1.gbk
>_epsilon_MZ473495.1.gbk
>_epsilon_MZ474157.1.gbk
>_epsilon_MZ473458.1.gbk
>_epsilon_MZ473622.1.gbk
>_epsilon_MZ473624.1.gbk
>_epsilon_MZ473452.1.gbk
>_epsilon_MZ474119.1.gbk
>_epsilon_MZ473416.1.gbk
>_epsilon_MZ474081.1.gbk
>_epsilon_MZ473348.1.gbk
>_epsilon_MW693861.gbk
>_epsilon_MW694009.gbk
>_epsilon_MW694067.gbk
>_epsilon_MW696672.gbk
>_epsilon_MW696767.gbk
>_epsilon_MW696929.gbk
>_epsilon_MW696943.gbk
>_epsilon_MW706672.gbk
>_epsilon_MW706801.gbk
>_epsilon_MW707740.gbk
>_epsilon_MW708002.gbk
>_epsilon_MW706116.gbk
>_epsilon_MW706124.gbk
>_epsilon_MW706201.gbk
>_epsilon_MW706410.gbk
>_epsilon_MW987759.gbk
>_epsilon_MW987760.gbk
>_epsilon_MW987762.gbk
>_epsilon_MW987767.gbk
>_epsilon_MW715183.gbk
>_epsilon_MW715224.gbk
>_epsilon_MW715283.gbk
>_epsilon_MW715148.gbk
>_epsilon_MW715201.gbk
>_epsilon_MW715206.gbk
>_epsilon_MW715223.gbk
>_epsilon_MW750938.gbk
>_epsilon_MW751002.gbk
>_epsilon_MW714577.gbk
>_epsilon_MW738159.gbk
>_epsilon_MW738135.gbk
>_epsilon_MW738474.gbk
>_epsilon_MW738511.gbk
>_epsilon_MW738514.gbk
>_epsilon_MW738463.gbk
>_epsilon_MW738510.gbk
>_epsilon_MW738523.gbk
>_epsilon_MW738517.gbk
>_epsilon_MW738515.gbk
>_epsilon_MW738503.gbk
>_epsilon_MW738518.gbk
>_epsilon_MW738524.gbk
>_epsilon_MW738535.gbk
>_epsilon_MW738377.gbk
>_epsilon_MW738468.gbk
>_epsilon_MW738519.gbk
>_epsilon_MW738497.gbk
>_epsilon_MW738516.gbk
>_epsilon_MW738521.gbk
>_epsilon_MW738477.gbk
>_epsilon_MW738472.gbk
>_epsilon_MW738360.gbk
>_epsilon_MW738525.gbk
>_epsilon_MW738473.gbk
>_epsilon_MW738513.gbk
>_epsilon_MW738476.gbk
>_epsilon_MW738498.gbk
>_epsilon_MW738522.gbk
>_epsilon_MW738512.gbk
>_epsilon_MW738508.gbk
>_epsilon_MW739327.gbk
>_epsilon_MW739132.gbk
>_epsilon_MW679503.gbk
>_epsilon_MW715484.gbk
>_epsilon_MW715486.gbk
>_epsilon_MW715487.gbk
>_epsilon_MW715489.gbk
>_epsilon_MW715546.gbk
>_epsilon_MW720259.gbk
>_epsilon_MW720286.gbk
>_epsilon_MW720368.gbk
>_epsilon_MW720487.gbk
>_epsilon_MW725590.gbk
>_epsilon_MW725651.gbk
>_epsilon_MW725729.gbk
>_epsilon_MW725734.gbk
>_epsilon_MW725821.gbk
>_epsilon_MW725830.gbk
>_epsilon_MW725831.gbk
>_epsilon_MW730981.gbk
>_epsilon_MW730982.gbk
>_epsilon_MW730983.gbk
>_epsilon_MW730984.gbk
>_epsilon_MW730985.gbk
>_epsilon_MW730992.gbk
>_epsilon_MW730995.gbk
>_epsilon_MW730997.gbk
>_epsilon_MW731139.gbk
>_epsilon_MW731155.gbk
>_epsilon_MW731206.gbk
>_epsilon_MW731252.gbk
>_epsilon_MW731261.gbk
>_epsilon_MW731262.gbk
>_epsilon_MW731273.gbk
>_epsilon_MW731274.gbk
>_epsilon_MW731284.gbk
>_epsilon_MW731288.gbk
>_epsilon_MW731292.gbk
>_epsilon_MW731299.gbk
>_epsilon_MW731418.gbk
>_epsilon_MW731430.gbk
>_epsilon_MW731438.gbk
>_epsilon_MW731747.gbk
>_epsilon_MW733970.gbk
>_epsilon_MW733971.gbk
>_epsilon_MW734006.gbk
>_epsilon_MW734039.gbk
>_epsilon_MW734100.gbk
>_epsilon_MW734211.gbk
>_epsilon_MW734390.gbk
>_epsilon_MW734501.gbk
>_epsilon_MW734670.gbk
>_epsilon_MW734709.gbk
>_epsilon_MW734766.gbk
>_epsilon_MW734811.gbk
>_epsilon_MW734922.gbk
>_epsilon_MW735130.gbk
>_epsilon_MW735464.gbk
>_epsilon_MW736689.gbk
>_epsilon_MW736690.gbk
>_epsilon_MW736693.gbk
>_epsilon_MW736694.gbk
>_epsilon_MW736708.gbk
>_epsilon_MW736712.gbk
>_epsilon_MW736721.gbk
>_epsilon_MW736722.gbk
>_epsilon_MW736726.gbk
>_epsilon_MW736750.gbk
>_epsilon_MW736754.gbk
>_epsilon_MW736767.gbk
>_epsilon_MZ474160.1.gbk
>_epsilon_MZ474161.1.gbk
>_epsilon_MW751521.gbk
>_epsilon_MW796674.gbk
>_epsilon_MW796716.gbk
>_epsilon_MW796742.gbk
>_epsilon_MW796765.gbk
>_epsilon_MW796782.gbk
>_epsilon_MW796793.gbk
>_epsilon_MW796811.gbk
>_epsilon_MW796825.gbk
>_epsilon_MW796961.gbk
>_epsilon_MW796996.gbk
>_epsilon_MW750913.gbk
>_epsilon_MW737882.gbk
>_epsilon_MW737930.gbk
>_epsilon_MW737935.gbk
>_epsilon_MW737942.gbk
>_epsilon_MW737947.gbk
>_epsilon_MW737948.gbk
>_epsilon_MW737949.gbk
>_epsilon_MW737951.gbk
>_epsilon_MW737960.gbk
>_epsilon_MW737996.gbk
>_epsilon_MW738012.gbk
>_epsilon_MW739390.gbk
>_epsilon_MW739410.gbk
>_epsilon_MW739413.gbk
>_epsilon_MW739415.gbk
>_epsilon_MW739420.gbk
>_epsilon_MW739423.gbk
>_epsilon_MW739429.gbk
>_epsilon_MW739430.gbk
>_epsilon_MW739431.gbk
>_epsilon_MW739432.gbk
>_epsilon_MW739439.gbk
>_epsilon_MW739487.gbk
>_epsilon_MW739514.gbk
>_epsilon_MW739515.gbk
>_epsilon_MW739516.gbk
>_epsilon_MW739521.gbk
>_epsilon_MW739525.gbk
>_epsilon_MW739542.gbk
>_epsilon_MW739563.gbk
>_epsilon_MW739666.gbk
>_epsilon_MW739667.gbk
>_epsilon_MW739681.gbk
>_epsilon_MW739690.gbk
>_epsilon_MW739696.gbk
>_epsilon_MW739843.gbk
>_epsilon_MW739844.gbk
>_epsilon_MW739859.gbk
>_epsilon_MW741955.gbk
>_epsilon_MW749368.gbk
>_epsilon_MW749446.gbk
>_epsilon_MW749926.gbk
>_epsilon_MW749976.gbk
>_epsilon_MW750116.gbk
>_epsilon_MW766906.gbk
>_epsilon_MW766915.gbk
>_epsilon_MW755809.gbk
>_epsilon_MW767587.gbk
>_epsilon_MZ473836.1.gbk
>_epsilon_MZ473838.1.gbk
>_epsilon_MZ474170.1.gbk
>_epsilon_MZ473837.1.gbk
>_epsilon_MZ474049.1.gbk
>_epsilon_MZ474072.1.gbk
>_epsilon_MW722242.gbk
>_epsilon_MW758634.gbk
>_epsilon_MW758661.gbk
>_epsilon_MW758671.gbk
>_epsilon_MW758825.gbk
>_epsilon_MW758828.gbk
>_epsilon_MW758841.gbk
>_epsilon_MW758854.gbk
>_epsilon_MW758983.gbk
>_epsilon_MW766422.gbk
>_epsilon_MW766434.gbk
>_epsilon_MW766486.gbk
>_epsilon_MW766554.gbk
>_epsilon_MW766558.gbk
>_epsilon_MW766559.gbk
>_epsilon_MW766560.gbk
>_epsilon_MW766561.gbk
>_epsilon_MW766562.gbk
>_epsilon_MW766570.gbk
>_epsilon_MW766590.gbk
>_epsilon_MW766636.gbk
>_epsilon_MW766658.gbk
>_epsilon_MW766705.gbk
>_epsilon_MW766709.gbk
>_epsilon_MW766770.gbk
>_epsilon_MW766773.gbk
>_epsilon_MW766774.gbk
>_epsilon_MW766775.gbk
>_epsilon_MW766777.gbk
>_epsilon_MW766787.gbk
>_epsilon_MW766793.gbk
>_epsilon_MW766797.gbk
>_epsilon_MW766801.gbk
>_epsilon_MW766808.gbk
>_epsilon_MW766840.gbk
>_epsilon_MW767210.gbk
>_epsilon_MW767280.gbk
>_epsilon_MW767333.gbk
>_epsilon_MW767347.gbk
>_epsilon_MW771799.gbk
>_epsilon_MW771853.gbk
>_epsilon_MW771968.gbk
>_epsilon_MW771973.gbk
>_epsilon_MW771977.gbk
>_epsilon_MW771987.gbk
>_epsilon_MW771993.gbk
>_epsilon_MW771996.gbk
>_epsilon_MW772026.gbk
>_epsilon_MW772106.gbk
>_epsilon_MW772123.gbk
>_epsilon_MW772124.gbk
>_epsilon_MW772132.gbk
>_epsilon_MW772136.gbk
>_epsilon_MW772149.gbk
>_epsilon_MW772198.gbk
>_epsilon_MW772201.gbk
>_epsilon_MW772202.gbk
>_epsilon_MW772223.gbk
>_epsilon_MW773369.gbk
>_epsilon_MW776952.gbk
>_epsilon_MW776971.gbk
>_epsilon_MW776998.gbk
>_epsilon_MW777001.gbk
>_epsilon_MW777031.gbk
>_epsilon_MW777064.gbk
>_epsilon_MW777090.gbk
>_epsilon_MW777094.gbk
>_epsilon_MW777095.gbk
>_epsilon_MW777168.gbk
>_epsilon_MW777179.gbk
>_epsilon_MW777189.gbk
>_epsilon_MW777211.gbk
>_epsilon_MW777242.gbk
>_epsilon_MW777270.gbk
>_epsilon_MW777277.gbk
>_epsilon_MW777280.gbk
>_epsilon_MW777331.gbk
>_epsilon_MW777334.gbk
>_epsilon_MW777349.gbk
>_epsilon_MW777386.gbk
>_epsilon_MW777392.gbk
>_epsilon_MW777482.gbk
>_epsilon_MW777574.gbk
>_epsilon_MW777607.gbk
>_epsilon_MW777613.gbk
>_epsilon_MW777614.gbk
>_epsilon_MW777626.gbk
>_epsilon_MW777659.gbk
>_epsilon_MW777814.gbk
>_epsilon_MW777840.gbk
>_epsilon_MW777931.gbk
>_epsilon_MW777996.gbk
>_epsilon_MW778006.gbk
>_epsilon_MW778031.gbk
>_epsilon_MW778091.gbk
>_epsilon_MW778156.gbk
>_epsilon_MW778170.gbk
>_epsilon_MW778172.gbk
>_epsilon_MW778209.gbk
>_epsilon_MW778277.gbk
>_epsilon_MW778292.gbk
>_epsilon_MW778299.gbk
>_epsilon_MW778348.gbk
>_epsilon_MW778546.gbk
>_epsilon_MW778567.gbk
>_epsilon_MW778573.gbk
>_epsilon_MW778592.gbk
>_epsilon_MW778635.gbk
>_epsilon_MW778643.gbk
>_epsilon_MW778660.gbk
>_epsilon_MW778723.gbk
>_epsilon_MW778731.gbk
>_epsilon_MW778734.gbk
>_epsilon_MW778741.gbk
>_epsilon_MW778777.gbk
>_epsilon_MW778781.gbk
>_epsilon_MW778949.gbk
>_epsilon_MW778968.gbk
>_epsilon_MW778970.gbk
>_epsilon_MW778984.gbk
>_epsilon_MW778992.gbk
>_epsilon_MW779027.gbk
>_epsilon_MW779052.gbk
>_epsilon_MW779059.gbk
>_epsilon_MW779106.gbk
>_epsilon_MW779110.gbk
>_epsilon_MW779114.gbk
>_epsilon_MW779177.gbk
>_epsilon_MW779242.gbk
>_epsilon_MW779246.gbk
>_epsilon_MW779293.gbk
>_epsilon_MW779316.gbk
>_epsilon_MW779438.gbk
>_epsilon_MW779614.gbk
>_epsilon_MW780349.gbk
>_epsilon_MW780372.gbk
>_epsilon_MW780393.gbk
>_epsilon_MW780402.gbk
>_epsilon_MW780427.gbk
>_epsilon_MW780580.gbk
>_epsilon_MW780613.gbk
>_epsilon_MW780621.gbk
>_epsilon_MW780753.gbk
>_epsilon_MW780778.gbk
>_epsilon_MW780819.gbk
>_epsilon_MW780876.gbk
>_epsilon_MW780890.gbk
>_epsilon_MW781051.gbk
>_epsilon_MW781157.gbk
>_epsilon_MW781183.gbk
>_epsilon_MW781216.gbk
>_epsilon_MW781319.gbk
>_epsilon_MW781331.gbk
>_epsilon_MW781336.gbk
>_epsilon_MW781383.gbk
>_epsilon_MW781415.gbk
>_epsilon_MW781510.gbk
>_epsilon_MW781513.gbk
>_epsilon_MW781562.gbk
>_epsilon_MW781567.gbk
>_epsilon_MW781600.gbk
>_epsilon_MW781624.gbk
>_epsilon_MW781634.gbk
>_epsilon_MW781639.gbk
>_epsilon_MW782747.gbk
>_epsilon_MW783095.gbk
>_epsilon_MW783114.gbk
>_epsilon_MW783115.gbk
>_epsilon_MW783201.gbk
>_epsilon_MW783277.gbk
>_epsilon_MW783293.gbk
>_epsilon_MW783319.gbk
>_epsilon_MW783372.gbk
>_epsilon_MW783382.gbk
>_epsilon_MW783385.gbk
>_epsilon_MW793564.gbk
>_epsilon_MW793573.gbk
>_epsilon_MW793591.gbk
>_epsilon_MW793601.gbk
>_epsilon_MW793637.gbk
>_epsilon_MW793639.gbk
>_epsilon_MW788836.gbk
>_epsilon_MW788833.gbk
>_epsilon_MW788792.gbk
>_epsilon_MW792645.gbk
>_epsilon_MW792704.gbk
>_epsilon_MW792722.gbk
>_epsilon_MW792804.gbk
>_epsilon_MW792811.gbk
>_epsilon_MW792817.gbk
>_epsilon_MW792820.gbk
>_epsilon_MW792834.gbk
>_epsilon_MW792902.gbk
>_epsilon_MW792918.gbk
>_epsilon_MW792919.gbk
>_epsilon_MW792927.gbk
>_epsilon_MW792967.gbk
>_epsilon_MW792978.gbk
>_epsilon_MW792980.gbk
>_epsilon_MW792981.gbk
>_epsilon_MW792986.gbk
>_epsilon_MW792987.gbk
>_epsilon_MW792990.gbk
>_epsilon_MW792991.gbk
>_epsilon_MW792992.gbk
>_epsilon_MW792993.gbk
>_epsilon_MW793003.gbk
>_epsilon_MW793008.gbk
>_epsilon_MW793030.gbk
>_epsilon_MW795884.gbk
>_epsilon_MW795899.gbk
>_epsilon_MW795970.gbk
>_epsilon_MW795982.gbk
>_epsilon_MZ473771.1.gbk
>_epsilon_MW796082.gbk
>_epsilon_MW796101.gbk
>_epsilon_MW795350.gbk
>_epsilon_MZ473541.1.gbk
>_epsilon_MW804870.gbk
>_epsilon_MZ474105.1.gbk
>_epsilon_MZ474133.1.gbk
>_epsilon_MW808249.gbk
>_epsilon_MW808270.gbk
>_epsilon_MW808305.gbk
>_epsilon_MW808326.gbk
>_epsilon_MW808340.gbk
>_epsilon_MW808374.gbk
>_epsilon_MW808416.gbk
>_epsilon_MW808426.gbk
>_epsilon_MW808430.gbk
>_epsilon_MW808441.gbk
>_epsilon_MW808442.gbk
>_epsilon_MW808493.gbk
>_epsilon_MW808495.gbk
>_epsilon_MW808566.gbk
>_epsilon_MW808598.gbk
>_epsilon_MW808634.gbk
>_epsilon_MW808662.gbk
>_epsilon_MW808685.gbk
>_epsilon_MW808702.gbk
>_epsilon_MW808713.gbk
>_epsilon_MW808748.gbk
>_epsilon_MW808792.gbk
>_epsilon_MW808798.gbk
>_epsilon_MW808810.gbk
>_epsilon_MW808815.gbk
>_epsilon_MW808825.gbk
>_epsilon_MW808835.gbk
>_epsilon_MW808848.gbk
>_epsilon_MW808893.gbk
>_epsilon_MZ151589.gbk
>_epsilon_MZ151616.gbk
>_epsilon_MZ151627.gbk
>_epsilon_MZ236107.gbk
>_epsilon_MZ236138.gbk
>_epsilon_MZ235679.gbk
>_epsilon_MZ235692.gbk
>_epsilon_MZ235709.gbk
>_epsilon_MZ235726.gbk
>_epsilon_MZ151720.gbk
>_epsilon_MZ151722.gbk
>_epsilon_MZ151735.gbk
>_epsilon_MZ151736.gbk
>_epsilon_MZ151745.gbk
>_epsilon_MZ236409.gbk
>_epsilon_MZ236438.gbk
>_epsilon_MZ236439.gbk
>_epsilon_MZ473543.1.gbk
>_epsilon_MW812758.gbk
>_epsilon_MW813032.gbk
>_epsilon_MW813039.gbk
>_epsilon_MW813047.gbk
>_epsilon_MW813068.gbk
>_epsilon_MW813174.gbk
>_epsilon_MW813225.gbk
>_epsilon_MW813315.gbk
>_epsilon_MW813317.gbk
>_epsilon_MW813826.gbk
>_epsilon_MW816973.gbk
>_epsilon_MW818124.gbk
>_epsilon_MW821785.gbk
>_epsilon_MW863907.gbk
>_epsilon_MZ473544.1.gbk
>_epsilon_MW825793.gbk
>_epsilon_MW825806.gbk
>_epsilon_MW825816.gbk
>_epsilon_MW825826.gbk
>_epsilon_MW825847.gbk
>_epsilon_MW825875.gbk
>_epsilon_MW825877.gbk
>_epsilon_MW825954.gbk
>_epsilon_MW826003.gbk
>_epsilon_MW826007.gbk
>_epsilon_MW834793.gbk
>_epsilon_MW834820.gbk
>_epsilon_MW837267.gbk
>_epsilon_MW837275.gbk
>_epsilon_MW837292.gbk
>_epsilon_MW837324.gbk
>_epsilon_MW837332.gbk
>_epsilon_MW837392.gbk
>_epsilon_MW837398.gbk
>_epsilon_MW837433.gbk
>_epsilon_MW837438.gbk
>_epsilon_MW837443.gbk
>_epsilon_MW837457.gbk
>_epsilon_MW837475.gbk
>_epsilon_MW837490.gbk
>_epsilon_MW837501.gbk
>_epsilon_MW837532.gbk
>_epsilon_MW838253.gbk
>_epsilon_MW838259.gbk
>_epsilon_MW838262.gbk
>_epsilon_MW838264.gbk
>_epsilon_MW838269.gbk
>_epsilon_MW838277.gbk
>_epsilon_MW838289.gbk
>_epsilon_MW838294.gbk
>_epsilon_MW838305.gbk
>_epsilon_MW838321.gbk
>_epsilon_MW838345.gbk
>_epsilon_MW838348.gbk
>_epsilon_MW838362.gbk
>_epsilon_MW838366.gbk
>_epsilon_MW838370.gbk
>_epsilon_MW838379.gbk
>_epsilon_MW838389.gbk
>_epsilon_MW838394.gbk
>_epsilon_MW838405.gbk
>_epsilon_MW838428.gbk
>_epsilon_MW838431.gbk
>_epsilon_MW838432.gbk
>_epsilon_MW838436.gbk
>_epsilon_MW838441.gbk
>_epsilon_MW838447.gbk
>_epsilon_MW838456.gbk
>_epsilon_MW838461.gbk
>_epsilon_MZ473553.1.gbk
>_epsilon_MZ473554.1.gbk
>_epsilon_MW847649.gbk
>_epsilon_MW847650.gbk
>_epsilon_MW847651.gbk
>_epsilon_MW847662.gbk
>_epsilon_MW847954.gbk
>_epsilon_MW848017.gbk
>_epsilon_MW848031.gbk
>_epsilon_MW848098.gbk
>_epsilon_MW848139.gbk
>_epsilon_MW848191.gbk
>_epsilon_MW848244.gbk
>_epsilon_MW848246.gbk
>_epsilon_MW848251.gbk
>_epsilon_MW848285.gbk
>_epsilon_MW848965.gbk
>_epsilon_MW849132.gbk
>_epsilon_MW849155.gbk
>_epsilon_MW849896.gbk
>_epsilon_MW849905.gbk
>_epsilon_MW849911.gbk
>_epsilon_MW849914.gbk
>_epsilon_MW849917.gbk
>_epsilon_MW849920.gbk
>_epsilon_MW849922.gbk
>_epsilon_MW849990.gbk
>_epsilon_MW850019.gbk
>_epsilon_MW850020.gbk
>_epsilon_MW850041.gbk
>_epsilon_MW850057.gbk
>_epsilon_MW850100.gbk
>_epsilon_MW850174.gbk
>_epsilon_MW850181.gbk
>_epsilon_MW850182.gbk
>_epsilon_MW850190.gbk
>_epsilon_MW850193.gbk
>_epsilon_MW850194.gbk
>_epsilon_MW850198.gbk
>_epsilon_MW850200.gbk
>_epsilon_MW850207.gbk
>_epsilon_MW850208.gbk
>_epsilon_MW850236.gbk
>_epsilon_MW850249.gbk
>_epsilon_MW850250.gbk
>_epsilon_MW850286.gbk
>_epsilon_MZ231952.gbk
>_epsilon_MZ231997.gbk
>_epsilon_MZ232035.gbk
>_epsilon_MZ232086.gbk
>_epsilon_MZ232125.gbk
>_epsilon_MZ232133.gbk
>_epsilon_MZ232171.gbk
>_epsilon_MW850609.gbk
>_epsilon_MW850901.gbk
>_epsilon_MW850902.gbk
>_epsilon_MW850909.gbk
>_epsilon_MW850910.gbk
>_epsilon_MW850927.gbk
>_epsilon_MW850937.gbk
>_epsilon_MW850976.gbk
>_epsilon_MW850981.gbk
>_epsilon_MW851019.gbk
>_epsilon_MW851030.gbk
>_epsilon_MW851031.gbk
>_epsilon_MW851052.gbk
>_epsilon_MW851067.gbk
>_epsilon_MW851094.gbk
>_epsilon_MW851116.gbk
>_epsilon_MW851120.gbk
>_epsilon_MW851146.gbk
>_epsilon_MW851166.gbk
>_epsilon_MW851172.gbk
>_epsilon_MW851174.gbk
>_epsilon_MW851182.gbk
>_epsilon_MW851188.gbk
>_epsilon_MW851397.gbk
>_epsilon_MW851409.gbk
>_epsilon_MW851436.gbk
>_epsilon_MW851493.gbk
>_epsilon_MW851500.gbk
>_epsilon_MW851527.gbk
>_epsilon_MW851543.gbk
>_epsilon_MW851586.gbk
>_epsilon_MW851590.gbk
>_epsilon_MW851600.gbk
>_epsilon_MW851603.gbk
>_epsilon_MW851613.gbk
>_epsilon_MW851628.gbk
>_epsilon_MW851637.gbk
>_epsilon_MW851669.gbk
>_epsilon_MW851679.gbk
>_epsilon_MW851686.gbk
>_epsilon_MW851695.gbk
>_epsilon_MW851698.gbk
>_epsilon_MW851712.gbk
>_epsilon_MW851730.gbk
>_epsilon_MW851735.gbk
>_epsilon_MW851737.gbk
>_epsilon_MW851776.gbk
>_epsilon_MW851789.gbk
>_epsilon_MW851791.gbk
>_epsilon_MW851846.gbk
>_epsilon_MW852028.gbk
>_epsilon_MW852058.gbk
>_epsilon_MW852067.gbk
>_epsilon_MW855621.gbk
>_epsilon_MW855626.gbk
>_epsilon_MW855636.gbk
>_epsilon_MW855662.gbk
>_epsilon_MW855714.gbk
>_epsilon_MW855719.gbk
>_epsilon_MW855727.gbk
>_epsilon_MW855728.gbk
>_epsilon_MW855811.gbk
>_epsilon_MW864231.gbk
>_epsilon_MW864480.gbk
>_epsilon_MW868343.gbk
>_epsilon_MW868408.gbk
>_epsilon_MW868460.gbk
>_epsilon_MW868461.gbk
>_epsilon_MW868468.gbk
>_epsilon_MW868475.gbk
>_epsilon_MW868476.gbk
>_epsilon_MW868509.gbk
>_epsilon_MW868532.gbk
>_epsilon_MW868551.gbk
>_epsilon_MW868557.gbk
>_epsilon_MW868580.gbk
>_epsilon_MW868617.gbk
>_epsilon_MW868619.gbk
>_epsilon_MW868727.gbk
>_epsilon_MW868779.gbk
>_epsilon_MW868794.gbk
>_epsilon_MW868800.gbk
>_epsilon_MW868814.gbk
>_epsilon_MW868850.gbk
>_epsilon_MW868867.gbk
>_epsilon_MW869926.gbk
>_epsilon_MW869965.gbk
>_epsilon_MW869984.gbk
>_epsilon_MW870062.gbk
>_epsilon_MW870070.gbk
>_epsilon_MW870084.gbk
>_epsilon_MW870086.gbk
>_epsilon_MW870110.gbk
>_epsilon_MW870160.gbk
>_epsilon_MW870231.gbk
>_epsilon_MW870364.gbk
>_epsilon_MW870513.gbk
>_epsilon_MW870591.gbk
>_epsilon_MW870719.gbk
>_epsilon_MW870792.gbk
>_epsilon_MW871203.gbk
>_epsilon_MW872691.gbk
>_epsilon_MW876889.gbk
>_epsilon_MW876949.gbk
>_epsilon_MW876979.gbk
>_epsilon_MW877009.gbk
>_epsilon_MW877010.gbk
>_epsilon_MW877713.gbk
>_epsilon_MW877731.gbk
>_epsilon_MW880307.gbk
>_epsilon_MW880350.gbk
>_epsilon_MW882060.gbk
>_epsilon_MW883202.gbk
>_epsilon_MW883379.gbk
>_epsilon_MW921623.gbk
>_epsilon_MW921739.gbk
>_epsilon_MW922925.gbk
>_epsilon_MW922932.gbk
>_epsilon_MW922894.gbk
>_epsilon_MW923102.gbk
>_epsilon_MW922951.gbk
>_epsilon_MW922954.gbk
>_epsilon_MW923072.gbk
>_epsilon_MW922902.gbk
>_epsilon_MW922913.gbk
>_epsilon_MW923007.gbk
>_epsilon_MW923022.gbk
>_epsilon_MW923349.gbk
>_epsilon_MW923256.gbk
>_epsilon_MW923384.gbk
>_epsilon_MW923344.gbk
>_epsilon_MW923332.gbk
>_epsilon_MW923362.gbk
>_epsilon_MW923313.gbk
>_epsilon_MW923207.gbk
>_epsilon_MW923338.gbk
>_epsilon_MW923240.gbk
>_epsilon_MW923237.gbk
>_epsilon_MW923309.gbk
>_epsilon_MW923127.gbk
>_epsilon_MW923291.gbk
>_epsilon_MW923195.gbk
>_epsilon_MW923277.gbk
>_epsilon_MW923231.gbk
>_epsilon_MW923187.gbk
>_epsilon_MW923330.gbk
>_epsilon_MW923316.gbk
>_epsilon_MW923225.gbk
>_epsilon_MW923192.gbk
>_epsilon_MW923306.gbk
>_epsilon_MW923366.gbk
>_epsilon_MW923220.gbk
>_epsilon_MW923226.gbk
>_epsilon_MW923214.gbk
>_epsilon_MW923213.gbk
>_epsilon_MW923236.gbk
>_epsilon_MW923282.gbk
>_epsilon_MW923296.gbk
>_epsilon_MW923312.gbk
>_epsilon_MW923369.gbk
>_epsilon_MW923314.gbk
>_epsilon_MW923257.gbk
>_epsilon_MW923205.gbk
>_epsilon_MW923319.gbk
>_epsilon_MW923196.gbk
>_epsilon_MW923198.gbk
>_epsilon_MW923298.gbk
>_epsilon_MW923191.gbk
>_epsilon_MW923210.gbk
>_epsilon_MW923708.gbk
>_epsilon_MW923560.gbk
>_epsilon_MW923625.gbk
>_epsilon_MW923569.gbk
>_epsilon_MW923618.gbk
>_epsilon_MW923571.gbk
>_epsilon_MW923555.gbk
>_epsilon_MW923596.gbk
>_epsilon_MW923587.gbk
>_epsilon_MW923566.gbk
>_epsilon_MW923570.gbk
>_epsilon_MW923551.gbk
>_epsilon_MW923550.gbk
>_epsilon_MW923536.gbk
>_epsilon_MW923506.gbk
>_epsilon_MW923712.gbk
>_epsilon_MW923563.gbk
>_epsilon_MW923556.gbk
>_epsilon_MW923586.gbk
>_epsilon_MZ474163.1.gbk
>_epsilon_MW887966.gbk
>_epsilon_MW887970.gbk
>_epsilon_MW887985.gbk
>_epsilon_MW887987.gbk
>_epsilon_MW887998.gbk
>_epsilon_MW888000.gbk
>_epsilon_MW888001.gbk
>_epsilon_MW888002.gbk
>_epsilon_MW888003.gbk
>_epsilon_MW888017.gbk
>_epsilon_MW888018.gbk
>_epsilon_MW888073.gbk
>_epsilon_MW888075.gbk
>_epsilon_MW888085.gbk
>_epsilon_MW888166.gbk
>_epsilon_MW890972.gbk
>_epsilon_MW890980.gbk
>_epsilon_MW891009.gbk
>_epsilon_MW891015.gbk
>_epsilon_MW891021.gbk
>_epsilon_MW891037.gbk
>_epsilon_MW891068.gbk
>_epsilon_MW891104.gbk
>_epsilon_MW891120.gbk
>_epsilon_MW891132.gbk
>_epsilon_MW891153.gbk
>_epsilon_MW891170.gbk
>_epsilon_MW891188.gbk
>_epsilon_MW891198.gbk
>_epsilon_MW891200.gbk
>_epsilon_MW891218.gbk
>_epsilon_MW891272.gbk
>_epsilon_MW891290.gbk
>_epsilon_MW891326.gbk
>_epsilon_MW891327.gbk
>_epsilon_MW891354.gbk
>_epsilon_MW891356.gbk
>_epsilon_MW891432.gbk
>_epsilon_MW891433.gbk
>_epsilon_MW891437.gbk
>_epsilon_MW891444.gbk
>_epsilon_MW891458.gbk
>_epsilon_MW891462.gbk
>_epsilon_MW891466.gbk
>_epsilon_MW891474.gbk
>_epsilon_MW891503.gbk
>_epsilon_MW891610.gbk
>_epsilon_MW891733.gbk
>_epsilon_MW891867.gbk
>_epsilon_MW891931.gbk
>_epsilon_MW892208.gbk
>_epsilon_MW892696.gbk
>_epsilon_MW893577.gbk
>_epsilon_MW897364.gbk
>_epsilon_MW897462.gbk
>_epsilon_MW897481.gbk
>_epsilon_MW897482.gbk
>_epsilon_MW897503.gbk
>_epsilon_MW897564.gbk
>_epsilon_MW897577.gbk
>_epsilon_MW897596.gbk
>_epsilon_MW897599.gbk
>_epsilon_MW897602.gbk
>_epsilon_MW897615.gbk
>_epsilon_MW897619.gbk
>_epsilon_MW900213.gbk
>_epsilon_MW900216.gbk
>_epsilon_MW901675.gbk
>_epsilon_MW901725.gbk
>_epsilon_MW901798.gbk
>_epsilon_MW901817.gbk
>_epsilon_MW901938.gbk
>_epsilon_MW902017.gbk
>_epsilon_MW902022.gbk
>_epsilon_MW902062.gbk
>_epsilon_MW902111.gbk
>_epsilon_MW902125.gbk
>_epsilon_MW902133.gbk
>_epsilon_MW902150.gbk
>_epsilon_MW902152.gbk
>_epsilon_MW902160.gbk
>_epsilon_MW902163.gbk
>_epsilon_MW902168.gbk
>_epsilon_MW902288.gbk
>_epsilon_MW902307.gbk
>_epsilon_MW902308.gbk
>_epsilon_MW902328.gbk
>_epsilon_MW902429.gbk
>_epsilon_MW902568.gbk
>_epsilon_MW902674.gbk
>_epsilon_MW902751.gbk
>_epsilon_MW902806.gbk
>_epsilon_MW902830.gbk
>_epsilon_MW903012.gbk
>_epsilon_MW903015.gbk
>_epsilon_MW903019.gbk
>_epsilon_MW903061.gbk
>_epsilon_MW903098.gbk
>_epsilon_MW903108.gbk
>_epsilon_MW903122.gbk
>_epsilon_MW903143.gbk
>_epsilon_MW903156.gbk
>_epsilon_MW903160.gbk
>_epsilon_MW903229.gbk
>_epsilon_MW903238.gbk
>_epsilon_MW903247.gbk
>_epsilon_MW903267.gbk
>_epsilon_MW903268.gbk
>_epsilon_MW903270.gbk
>_epsilon_MW903304.gbk
>_epsilon_MW903375.gbk
>_epsilon_MW903380.gbk
>_epsilon_MW903403.gbk
>_epsilon_MW903404.gbk
>_epsilon_MW903418.gbk
>_epsilon_MW903426.gbk
>_epsilon_MW903553.gbk
>_epsilon_MW903633.gbk
>_epsilon_MW903639.gbk
>_epsilon_MW903640.gbk
>_epsilon_MW903664.gbk
>_epsilon_MW903668.gbk
>_epsilon_MW903681.gbk
>_epsilon_MW903687.gbk
>_epsilon_MW903694.gbk
>_epsilon_MW903723.gbk
>_epsilon_MW903725.gbk
>_epsilon_MW903735.gbk
>_epsilon_MW903742.gbk
>_epsilon_MW903747.gbk
>_epsilon_MW903756.gbk
>_epsilon_MW903793.gbk
>_epsilon_MW903794.gbk
>_epsilon_MW903838.gbk
>_epsilon_MW903881.gbk
>_epsilon_MW904165.gbk
>_epsilon_MW904177.gbk
>_epsilon_MW904178.gbk
>_epsilon_MW904180.gbk
>_epsilon_MW904188.gbk
>_epsilon_MW904198.gbk
>_epsilon_MW904199.gbk
>_epsilon_MW904200.gbk
>_epsilon_MW904220.gbk
>_epsilon_MW904257.gbk
>_epsilon_MW904316.gbk
>_epsilon_MW904321.gbk
>_epsilon_MW904339.gbk
>_epsilon_MW904385.gbk
>_epsilon_MW904405.gbk
>_epsilon_MW904421.gbk
>_epsilon_MW904439.gbk
>_epsilon_MW904442.gbk
>_epsilon_MW911396.gbk
>_epsilon_MW911402.gbk
>_epsilon_MW911403.gbk
>_epsilon_MW911404.gbk
>_epsilon_MW911405.gbk
>_epsilon_MW911407.gbk
>_epsilon_MW911427.gbk
>_epsilon_MW915254.gbk
>_epsilon_MW921796.gbk
>_epsilon_MW921871.gbk
>_epsilon_MW921886.gbk
>_epsilon_MW921892.gbk
>_epsilon_MW921907.gbk
>_epsilon_MW921926.gbk
>_epsilon_MW921927.gbk
>_epsilon_MW921929.gbk
>_epsilon_MW921941.gbk
>_epsilon_MW921945.gbk
>_epsilon_MW921949.gbk
>_epsilon_MW921950.gbk
>_epsilon_MW921951.gbk
>_epsilon_MW921952.gbk
>_epsilon_MW921956.gbk
>_epsilon_MW921960.gbk
>_epsilon_MW921963.gbk
>_epsilon_MW921964.gbk
>_epsilon_MW921968.gbk
>_epsilon_MW921977.gbk
>_epsilon_MW921989.gbk
>_epsilon_MW921990.gbk
>_epsilon_MW922001.gbk
>_epsilon_MW930693.gbk
>_epsilon_MW930766.gbk
>_epsilon_MW931097.gbk
>_epsilon_MW931270.gbk
>_epsilon_MW931307.gbk
>_epsilon_MW931341.gbk
>_epsilon_MW931394.gbk
>_epsilon_MW931407.gbk
>_epsilon_MW931505.gbk
>_epsilon_MZ473567.1.gbk
>_epsilon_MZ232381.gbk
>_epsilon_MZ232394.gbk
>_epsilon_MZ232395.gbk
>_epsilon_MZ232413.gbk
>_epsilon_MZ232445.gbk
>_epsilon_MW966106.gbk
>_epsilon_MW966129.gbk
>_epsilon_MW966276.gbk
>_epsilon_MW966354.gbk
>_epsilon_MZ199215.gbk
>_epsilon_MW889948.gbk
>_epsilon_MW889956.gbk
>_epsilon_MZ232317.gbk
>_epsilon_MZ232321.gbk
>_epsilon_MW965891.gbk
>_epsilon_MW965892.gbk
>_epsilon_MW965896.gbk
>_epsilon_MW965931.gbk
>_epsilon_MW965953.gbk
>_epsilon_MW966023.gbk
>_epsilon_MW966051.gbk
>_epsilon_MW966079.gbk
>_epsilon_MW966080.gbk
>_epsilon_MW966097.gbk
>_epsilon_MW966364.gbk
>_epsilon_MW993716.gbk
>_epsilon_MW966414.gbk
>_epsilon_MW966425.gbk
>_epsilon_MW966441.gbk
>_epsilon_MW966444.gbk
>_epsilon_MW966477.gbk
>_epsilon_MW966499.gbk
>_epsilon_MW966518.gbk
>_epsilon_MW966537.gbk
>_epsilon_MW966540.gbk
>_epsilon_MW966560.gbk
>_epsilon_MW966567.gbk
>_epsilon_MW966569.gbk
>_epsilon_MW966640.gbk
>_epsilon_MW966646.gbk
>_epsilon_MW966683.gbk
>_epsilon_MW966693.gbk
>_epsilon_MW966711.gbk
>_epsilon_MW994343.gbk
>_epsilon_MW966764.gbk
>_epsilon_MW966775.gbk
>_epsilon_MW966803.gbk
>_epsilon_MW966849.gbk
>_epsilon_MW966995.gbk
>_epsilon_MW967079.gbk
>_epsilon_MW967096.gbk
>_epsilon_MW967138.gbk
>_epsilon_MW967145.gbk
>_epsilon_MZ238122.gbk
>_epsilon_MZ003784.gbk
>_epsilon_MZ003825.gbk
>_epsilon_MZ003828.gbk
>_epsilon_MZ003836.gbk
>_epsilon_MZ238220.gbk
>_epsilon_MZ238226.gbk
>_epsilon_MZ236609.gbk
>_epsilon_MZ236532.gbk
>_epsilon_MZ236564.gbk
>_epsilon_MZ236649.gbk
>_epsilon_MZ236794.gbk
>_epsilon_MZ236795.gbk
>_epsilon_MZ236846.gbk
>_epsilon_MZ267432.gbk
>_epsilon_MZ239045.gbk
>_epsilon_MZ239052.gbk
>_epsilon_MZ239087.gbk
>_epsilon_MZ239115.gbk
>_epsilon_MZ239174.gbk
>_epsilon_MZ048016.gbk
>_epsilon_MZ236395.gbk
>_epsilon_MZ236396.gbk
>_epsilon_MW932080.gbk
>_epsilon_MW932177.gbk
>_epsilon_MW932241.gbk
>_epsilon_MW932248.gbk
>_epsilon_MW932274.gbk
>_epsilon_MW941088.gbk
>_epsilon_MW941091.gbk
>_epsilon_MW941146.gbk
>_epsilon_MW941184.gbk
>_epsilon_MW941202.gbk
>_epsilon_MW941230.gbk
>_epsilon_MW941247.gbk
>_epsilon_MW941262.gbk
>_epsilon_MW941266.gbk
>_epsilon_MW941317.gbk
>_epsilon_MW941337.gbk
>_epsilon_MW941357.gbk
>_epsilon_MW941388.gbk
>_epsilon_MW941524.gbk
>_epsilon_MW941527.gbk
>_epsilon_MW941529.gbk
>_epsilon_MW941542.gbk
>_epsilon_MW941565.gbk
>_epsilon_MW941581.gbk
>_epsilon_MW941604.gbk
>_epsilon_MW941646.gbk
>_epsilon_MW941649.gbk
>_epsilon_MW941714.gbk
>_epsilon_MW941812.gbk
>_epsilon_MW941817.gbk
>_epsilon_MW941890.gbk
>_epsilon_MW941937.gbk
>_epsilon_MW941953.gbk
>_epsilon_MW941970.gbk
>_epsilon_MW942035.gbk
>_epsilon_MW942076.gbk
>_epsilon_MW942081.gbk
>_epsilon_MW942154.gbk
>_epsilon_MW942156.gbk
>_epsilon_MW942158.gbk
>_epsilon_MW942163.gbk
>_epsilon_MW942182.gbk
>_epsilon_MW942197.gbk
>_epsilon_MW942214.gbk
>_epsilon_MW942246.gbk
>_epsilon_MW942289.gbk
>_epsilon_MW942364.gbk
>_epsilon_MW942388.gbk
>_epsilon_MW942413.gbk
>_epsilon_MW942445.gbk
>_epsilon_MW942449.gbk
>_epsilon_MW942602.gbk
>_epsilon_MW942654.gbk
>_epsilon_MW942655.gbk
>_epsilon_MW942687.gbk
>_epsilon_MW942697.gbk
>_epsilon_MW942756.gbk
>_epsilon_MW942802.gbk
>_epsilon_MW942901.gbk
>_epsilon_MW943042.gbk
>_epsilon_MW943137.gbk
>_epsilon_MW943154.gbk
>_epsilon_MW943189.gbk
>_epsilon_MW943199.gbk
>_epsilon_MW943238.gbk
>_epsilon_MW943303.gbk
>_epsilon_MW943333.gbk
>_epsilon_MW943376.gbk
>_epsilon_MW943438.gbk
>_epsilon_MW943443.gbk
>_epsilon_MW943528.gbk
>_epsilon_MW943564.gbk
>_epsilon_MW943596.gbk
>_epsilon_MW943614.gbk
>_epsilon_MW943616.gbk
>_epsilon_MW943637.gbk
>_epsilon_MW943660.gbk
>_epsilon_MW943679.gbk
>_epsilon_MW943710.gbk
>_epsilon_MW943711.gbk
>_epsilon_MW943732.gbk
>_epsilon_MW943828.gbk
>_epsilon_MW943857.gbk
>_epsilon_MW943916.gbk
>_epsilon_MW943923.gbk
>_epsilon_MW943959.gbk
>_epsilon_MW943984.gbk
>_epsilon_MW944140.gbk
>_epsilon_MW944185.gbk
>_epsilon_MW944188.gbk
>_epsilon_MW944237.gbk
>_epsilon_MW944255.gbk
>_epsilon_MW944273.gbk
>_epsilon_MW944310.gbk
>_epsilon_MW944332.gbk
>_epsilon_MW944412.gbk
>_epsilon_MW944594.gbk
>_epsilon_MW944603.gbk
>_epsilon_MW944606.gbk
>_epsilon_MW944750.gbk
>_epsilon_MW944956.gbk
>_epsilon_MW945063.gbk
>_epsilon_MW945230.gbk
>_epsilon_MW945259.gbk
>_epsilon_MW959849.gbk
>_epsilon_MW959890.gbk
>_epsilon_MW959934.gbk
>_epsilon_MW964549.gbk
>_epsilon_MW966225.gbk
>_epsilon_MW967263.gbk
>_epsilon_MW967268.gbk
>_epsilon_MW967323.gbk
>_epsilon_MW967340.gbk
>_epsilon_MW967361.gbk
>_epsilon_MW967646.gbk
>_epsilon_MW967658.gbk
>_epsilon_MW967948.gbk
>_epsilon_MW968178.gbk
>_epsilon_MW968309.gbk
>_epsilon_MW968405.gbk
>_epsilon_MW968408.gbk
>_epsilon_MW968458.gbk
>_epsilon_MW968549.gbk
>_epsilon_MW968774.gbk
>_epsilon_MW968775.gbk
>_epsilon_MW968777.gbk
>_epsilon_MW968779.gbk
>_epsilon_MW968854.gbk
>_epsilon_MW968875.gbk
>_epsilon_MW968943.gbk
>_epsilon_MW968947.gbk
>_epsilon_MW969015.gbk
>_epsilon_MW969043.gbk
>_epsilon_MW969272.gbk
>_epsilon_MW969287.gbk
>_epsilon_MW969342.gbk
>_epsilon_MW969379.gbk
>_epsilon_MW969410.gbk
>_epsilon_MW969436.gbk
>_epsilon_MW973783.gbk
>_epsilon_MW973789.gbk
>_epsilon_MW973808.gbk
>_epsilon_MW973823.gbk
>_epsilon_MW973918.gbk
>_epsilon_MW974027.gbk
>_epsilon_MW974058.gbk
>_epsilon_MW974163.gbk
>_epsilon_MW974259.gbk
>_epsilon_MW974307.gbk
>_epsilon_MW974379.gbk
>_epsilon_MW974412.gbk
>_epsilon_MW975298.gbk
>_epsilon_MW987977.gbk
>_epsilon_MW988334.gbk
>_epsilon_MW988407.gbk
>_epsilon_MW988510.gbk
>_epsilon_MW988528.gbk
>_epsilon_MW989261.gbk
>_epsilon_MZ473581.1.gbk
>_epsilon_MZ207164.gbk
>_epsilon_MZ207114.gbk
>_epsilon_MZ207180.gbk
>_epsilon_MZ207088.gbk
>_epsilon_MZ207256.gbk
>_epsilon_MZ207139.gbk
>_epsilon_MZ207263.gbk
>_epsilon_MZ207186.gbk
>_epsilon_MZ207110.gbk
>_epsilon_MZ207102.gbk
>_epsilon_MZ207111.gbk
>_epsilon_MZ207091.gbk
>_epsilon_MZ207166.gbk
>_epsilon_MZ207162.gbk
>_epsilon_MZ207158.gbk
>_epsilon_MZ207154.gbk
>_epsilon_MZ207188.gbk
>_epsilon_MZ207159.gbk
>_epsilon_MZ207163.gbk
>_epsilon_MW990999.gbk
>_epsilon_MZ240066.gbk
>_epsilon_MZ240143.gbk
>_epsilon_MW989758.gbk
>_epsilon_MW989759.gbk
>_epsilon_MW989769.gbk
>_epsilon_MW989779.gbk
>_epsilon_MW989820.gbk
>_epsilon_MW989833.gbk
>_epsilon_MW989834.gbk
>_epsilon_MW989835.gbk
>_epsilon_MW989871.gbk
>_epsilon_MW989872.gbk
>_epsilon_MW989884.gbk
>_epsilon_MW989888.gbk
>_epsilon_MW989895.gbk
>_epsilon_MW990535.gbk
>_epsilon_MW990748.gbk
>_epsilon_MW990750.gbk
>_epsilon_MW990761.gbk
>_epsilon_MW990889.gbk
>_epsilon_MW990969.gbk
>_epsilon_MW991098.gbk
>_epsilon_MW991116.gbk
>_epsilon_MW992792.gbk
>_epsilon_MW992980.gbk
>_epsilon_MW993052.gbk
>_epsilon_MW993081.gbk
>_epsilon_MW993159.gbk
>_epsilon_MW993160.gbk
>_epsilon_MW993171.gbk
>_epsilon_MW993173.gbk
>_epsilon_MW993250.gbk
>_epsilon_MW993419.gbk
>_epsilon_MW993485.gbk
>_epsilon_MW993749.gbk
>_epsilon_MW993822.gbk
>_epsilon_MW993904.gbk
>_epsilon_MW993947.gbk
>_epsilon_MW993970.gbk
>_epsilon_MW994065.gbk
>_epsilon_MW994082.gbk
>_epsilon_MW994129.gbk
>_epsilon_MW994132.gbk
>_epsilon_MW994134.gbk
>_epsilon_MW994301.gbk
>_epsilon_MW994502.gbk
>_epsilon_MW994667.gbk
>_epsilon_MW994685.gbk
>_epsilon_MW994742.gbk
>_epsilon_MW994869.gbk
>_epsilon_MW994879.gbk
>_epsilon_MW994918.gbk
>_epsilon_MW999984.gbk
>_epsilon_MZ000205.gbk
>_epsilon_MZ000248.gbk
>_epsilon_MZ000308.gbk
>_epsilon_MZ000346.gbk
>_epsilon_MZ001245.gbk
>_epsilon_MZ002284.gbk
>_epsilon_MZ002303.gbk
>_epsilon_MZ002628.gbk
>_epsilon_MZ002804.gbk
>_epsilon_MZ003155.gbk
>_epsilon_MZ003342.gbk
>_epsilon_MZ003380.gbk
>_epsilon_MZ003538.gbk
>_epsilon_MZ003618.gbk
>_epsilon_MZ003793.gbk
>_epsilon_MZ003797.gbk
>_epsilon_MZ003811.gbk
>_epsilon_MZ074343.gbk
>_epsilon_MZ074373.gbk
>_epsilon_MZ074825.gbk
>_epsilon_MZ074885.gbk
>_epsilon_MZ074945.gbk
>_epsilon_MZ075171.gbk
>_epsilon_MZ075200.gbk
>_epsilon_MZ075307.gbk
>_epsilon_MZ075432.gbk
>_epsilon_MZ075684.gbk
>_epsilon_MZ075711.gbk
>_epsilon_MZ075896.gbk
>_epsilon_MZ075897.gbk
>_epsilon_MZ075899.gbk
>_epsilon_MZ075906.gbk
>_epsilon_MZ076069.gbk
>_epsilon_MZ076101.gbk
>_epsilon_MZ076371.gbk
>_epsilon_MZ076372.gbk
>_epsilon_MZ006603.gbk
>_epsilon_MZ006968.gbk
>_epsilon_MZ007011.gbk
>_epsilon_MZ007151.gbk
>_epsilon_MZ007311.gbk
>_epsilon_MZ008661.gbk
>_epsilon_MZ008725.gbk
>_epsilon_MZ008883.gbk
>_epsilon_MZ009133.gbk
>_epsilon_MZ009276.gbk
>_epsilon_MZ009570.gbk
>_epsilon_MZ009596.gbk
>_epsilon_MZ009729.gbk
>_epsilon_MZ010897.gbk
>_epsilon_MZ010979.gbk
>_epsilon_MZ011081.gbk
>_epsilon_MZ011108.gbk
>_epsilon_MZ011449.gbk
>_epsilon_MZ011611.gbk
>_epsilon_MZ011669.gbk
>_epsilon_MZ012497.gbk
>_epsilon_MZ012513.gbk
>_epsilon_MZ012540.gbk
>_epsilon_MZ012673.gbk
>_epsilon_MZ013305.gbk
>_epsilon_MZ013379.gbk
>_epsilon_MZ013380.gbk
>_epsilon_MZ013419.gbk
>_epsilon_MZ013437.gbk
>_epsilon_MZ013454.gbk
>_epsilon_MZ013545.gbk
>_epsilon_MZ013771.gbk
>_epsilon_MZ015265.gbk
>_epsilon_MZ015286.gbk
>_epsilon_MZ015308.gbk
>_epsilon_MZ015486.gbk
>_epsilon_MZ015500.gbk
>_epsilon_MZ022133.gbk
>_epsilon_MZ022159.gbk
>_epsilon_MZ022211.gbk
>_epsilon_MZ022252.gbk
>_epsilon_MZ022396.gbk
>_epsilon_MZ022479.gbk
>_epsilon_MZ022616.gbk
>_epsilon_MZ022731.gbk
>_epsilon_MZ022768.gbk
>_epsilon_MZ022958.gbk
>_epsilon_MZ022996.gbk
>_epsilon_MZ023003.gbk
>_epsilon_MZ023004.gbk
>_epsilon_MZ023038.gbk
>_epsilon_MZ023199.gbk
>_epsilon_MZ023305.gbk
>_epsilon_MZ023310.gbk
>_epsilon_MZ023384.gbk
>_epsilon_MZ023472.gbk
>_epsilon_MZ023503.gbk
>_epsilon_MZ023574.gbk
>_epsilon_MZ023672.gbk
>_epsilon_MZ023716.gbk
>_epsilon_MZ023980.gbk
>_epsilon_MZ024029.gbk
>_epsilon_MZ024401.gbk
>_epsilon_MZ024418.gbk
>_epsilon_MZ024447.gbk
>_epsilon_MZ024558.gbk
>_epsilon_MZ024695.gbk
>_epsilon_MZ024788.gbk
>_epsilon_MZ024919.gbk
>_epsilon_MZ024933.gbk
>_epsilon_MZ024951.gbk
>_epsilon_MZ024952.gbk
>_epsilon_MZ024953.gbk
>_epsilon_MZ025023.gbk
>_epsilon_MZ025029.gbk
>_epsilon_MZ025233.gbk
>_epsilon_MZ025339.gbk
>_epsilon_MZ025401.gbk
>_epsilon_MZ025420.gbk
>_epsilon_MZ025450.gbk
>_epsilon_MZ025723.gbk
>_epsilon_MZ028696.gbk
>_epsilon_MZ028716.gbk
>_epsilon_MZ028731.gbk
>_epsilon_MZ028772.gbk
>_epsilon_MZ030010.gbk
>_epsilon_MZ030289.gbk
>_epsilon_MZ031347.gbk
>_epsilon_MZ032242.gbk
>_epsilon_MZ034300.gbk
>_epsilon_MZ034425.gbk
>_epsilon_MZ034928.gbk
>_epsilon_MZ035117.gbk
>_epsilon_MZ035176.gbk
>_epsilon_MZ035211.gbk
>_epsilon_MZ035275.gbk
>_epsilon_MZ035421.gbk
>_epsilon_MZ035487.gbk
>_epsilon_MZ037335.gbk
>_epsilon_MZ037742.gbk
>_epsilon_MZ038995.gbk
>_epsilon_MZ039007.gbk
>_epsilon_MZ039009.gbk
>_epsilon_MZ039010.gbk
>_epsilon_MZ039031.gbk
>_epsilon_MZ039089.gbk
>_epsilon_MZ039202.gbk
>_epsilon_MZ039209.gbk
>_epsilon_MZ039244.gbk
>_epsilon_MZ039395.gbk
>_epsilon_MZ039482.gbk
>_epsilon_MZ044604.gbk
>_epsilon_MZ044615.gbk
>_epsilon_MZ045335.gbk
>_epsilon_MZ047453.gbk
>_epsilon_MZ049802.gbk
>_epsilon_MZ049884.gbk
>_epsilon_MZ054792.gbk
>_epsilon_MZ054795.gbk
>_epsilon_MZ055388.gbk
>_epsilon_MZ055389.gbk
>_epsilon_MZ056032.gbk
>_epsilon_MZ056045.gbk
>_epsilon_MZ056058.gbk
>_epsilon_MZ056090.gbk
>_epsilon_MZ056115.gbk
>_epsilon_MZ056151.gbk
>_epsilon_MZ056154.gbk
>_epsilon_MZ231493.gbk
>_epsilon_MZ231629.gbk
>_epsilon_MZ207087.gbk
>_epsilon_MZ207012.gbk
>_epsilon_MZ206922.gbk
>_epsilon_MZ206938.gbk
>_epsilon_MZ207023.gbk
>_epsilon_MZ207021.gbk
>_epsilon_MZ206968.gbk
>_epsilon_MZ207003.gbk
>_epsilon_MZ206962.gbk
>_epsilon_MZ207013.gbk
>_epsilon_MZ207026.gbk
>_epsilon_MZ207017.gbk
>_epsilon_MZ206826.gbk
>_epsilon_MZ206961.gbk
>_epsilon_MZ206824.gbk
>_epsilon_MZ202904.gbk
>_epsilon_MZ202863.gbk
>_epsilon_MZ202860.gbk
>_epsilon_MZ203028.gbk
>_epsilon_MZ202905.gbk
>_epsilon_MZ202995.gbk
>_epsilon_MZ202862.gbk
>_epsilon_MZ058376.gbk
>_epsilon_MZ058452.gbk
>_epsilon_MZ058491.gbk
>_epsilon_MZ059439.gbk
>_epsilon_MZ059726.gbk
>_epsilon_MZ059766.gbk
>_epsilon_MZ060009.gbk
>_epsilon_MZ060228.gbk
>_epsilon_MZ060455.gbk
>_epsilon_MZ060738.gbk
>_epsilon_MZ060923.gbk
>_epsilon_MZ060971.gbk
>_epsilon_MZ061278.gbk
>_epsilon_MZ061442.gbk
>_epsilon_MZ069252.gbk
>_epsilon_MZ069565.gbk
>_epsilon_MZ069670.gbk
>_epsilon_MZ070003.gbk
>_epsilon_MZ070038.gbk
>_epsilon_MZ070566.gbk
>_epsilon_MZ070679.gbk
>_epsilon_MZ070774.gbk
>_epsilon_MZ070818.gbk
>_epsilon_MZ071805.gbk
>_epsilon_MZ082580.gbk
>_epsilon_MZ082604.gbk
>_epsilon_MZ082690.gbk
>_epsilon_MZ082930.gbk
>_epsilon_MZ082932.gbk
>_epsilon_MZ082957.gbk
>_epsilon_MZ083084.gbk
>_epsilon_MZ083119.gbk
>_epsilon_MZ083512.gbk
>_epsilon_MZ083666.gbk
>_epsilon_MZ083743.gbk
>_epsilon_MZ083791.gbk
>_epsilon_MZ083792.gbk
>_epsilon_MZ083807.gbk
>_epsilon_MZ083990.gbk
>_epsilon_MZ084019.gbk
>_epsilon_MZ084038.gbk
>_epsilon_MZ084109.gbk
>_epsilon_MZ084395.gbk
>_epsilon_MZ084579.gbk
>_epsilon_MZ084678.gbk
>_epsilon_MZ084787.gbk
>_epsilon_MZ084910.gbk
>_epsilon_MZ085026.gbk
>_epsilon_MZ085100.gbk
>_epsilon_MZ085180.gbk
>_epsilon_MZ085278.gbk
>_epsilon_MZ085418.gbk
>_epsilon_MZ085599.gbk
>_epsilon_MZ085623.gbk
>_epsilon_MZ085740.gbk
>_epsilon_MZ085837.gbk
>_epsilon_MZ085858.gbk
>_epsilon_MZ085932.gbk
>_epsilon_MZ086561.gbk
>_epsilon_MZ086564.gbk
>_epsilon_MZ086590.gbk
>_epsilon_MZ086679.gbk
>_epsilon_MZ086754.gbk
>_epsilon_MZ088055.gbk
>_epsilon_MZ088058.gbk
>_epsilon_MZ088059.gbk
>_epsilon_MZ100450.gbk
>_epsilon_MZ100668.gbk
>_epsilon_MZ100681.gbk
>_epsilon_MZ100705.gbk
>_epsilon_MZ100706.gbk
>_epsilon_MZ101039.gbk
>_epsilon_MZ101045.gbk
>_epsilon_MZ101051.gbk
>_epsilon_MZ101126.gbk
>_epsilon_MZ101240.gbk
>_epsilon_MZ131203.gbk
>_epsilon_MZ131225.gbk
>_epsilon_MZ133031.gbk
>_epsilon_MZ133067.gbk
>_epsilon_MZ140494.gbk
>_epsilon_MZ140700.gbk
>_epsilon_MZ142264.gbk
>_epsilon_MZ142913.gbk
>_epsilon_MZ143129.gbk
>_epsilon_MZ143146.gbk
>_epsilon_MZ143725.gbk
>_epsilon_MZ143729.gbk
>_epsilon_MZ143911.gbk
>_epsilon_MZ233323.gbk
>_epsilon_MZ231852.gbk
>_epsilon_MZ231877.gbk
>_epsilon_MZ206524.gbk
>_epsilon_MZ206555.gbk
>_epsilon_MZ206527.gbk
>_epsilon_MZ206468.gbk
>_epsilon_MZ206554.gbk
>_epsilon_MZ206529.gbk
>_epsilon_MZ206488.gbk
>_epsilon_MZ206457.gbk
>_epsilon_MZ206548.gbk
>_epsilon_MZ240635.gbk
>_epsilon_MZ240442.gbk
>_epsilon_MZ240454.gbk
>_epsilon_MZ240589.gbk
>_epsilon_MZ232774.gbk
>_epsilon_MZ449940.1.gbk
>_epsilon_MZ158785.gbk
>_epsilon_MZ158799.gbk
>_epsilon_MZ158823.gbk
>_epsilon_MZ158859.gbk
>_epsilon_MZ159095.gbk
>_epsilon_MZ159160.gbk
>_epsilon_MZ159187.gbk
>_epsilon_MZ159217.gbk
>_epsilon_MZ152967.gbk
>_epsilon_MZ153034.gbk
>_epsilon_MZ153058.gbk
>_epsilon_MZ153534.gbk
>_epsilon_MZ154281.gbk
>_epsilon_MZ153812.gbk
>_epsilon_MZ166881.gbk
>_epsilon_MZ166876.gbk
>_epsilon_MZ167100.gbk
>_epsilon_MZ165806.gbk
>_epsilon_MZ181996.gbk
>_epsilon_MZ181857.gbk
>_epsilon_MZ180555.gbk
>_epsilon_MZ181303.gbk
>_epsilon_MZ180414.gbk
>_epsilon_MZ180415.gbk
>_epsilon_MZ179711.gbk
>_epsilon_MZ181395.gbk
>_epsilon_MZ171303.gbk
>_epsilon_MZ171664.gbk
>_epsilon_MZ171659.gbk
>_epsilon_MZ164028.gbk
>_epsilon_MZ163730.gbk
>_epsilon_MZ164250.gbk
>_epsilon_MZ163528.gbk
>_epsilon_MZ171861.gbk
>_epsilon_MZ163631.gbk
>_epsilon_MZ172357.gbk
>_epsilon_MZ164742.gbk
>_epsilon_MZ171504.gbk
>_epsilon_MZ164849.gbk
>_epsilon_MZ181689.gbk
>_epsilon_MZ181688.gbk
>_epsilon_MZ172153.gbk
>_epsilon_MZ164788.gbk
>_epsilon_MZ172095.gbk
>_epsilon_MZ168540.gbk
>_epsilon_MZ158432.gbk
>_epsilon_MZ168255.gbk
>_epsilon_MZ164772.gbk
>_epsilon_MZ167663.gbk
>_epsilon_MZ168056.gbk
>_epsilon_MZ167439.gbk
>_epsilon_MZ167262.gbk
>_epsilon_MZ170562.gbk
>_epsilon_MZ167033.gbk
>_epsilon_MZ170482.gbk
>_epsilon_MZ167208.gbk
>_epsilon_MZ167233.gbk
>_epsilon_MZ167258.gbk
>_epsilon_MZ166937.gbk
>_epsilon_MZ166696.gbk
>_epsilon_MZ166778.gbk
>_epsilon_MZ164612.gbk
>_epsilon_MZ164749.gbk
>_epsilon_MZ232733.gbk
>_epsilon_MZ214984.gbk
>_epsilon_MZ215181.gbk
>_epsilon_MZ214250.gbk
>_epsilon_MZ214366.gbk
>_epsilon_MZ215285.gbk
>_epsilon_MZ212680.gbk
>_epsilon_MZ214360.gbk
>_epsilon_MZ212543.gbk
>_epsilon_MZ213840.gbk
>_epsilon_MZ213966.gbk
>_epsilon_MZ213978.gbk
>_epsilon_MZ214000.gbk
>_epsilon_MZ214329.gbk
>_epsilon_MZ213759.gbk
>_epsilon_MZ213637.gbk
>_epsilon_MZ213690.gbk
>_epsilon_MZ213762.gbk
>_epsilon_MZ232281.gbk
>_epsilon_MZ232284.gbk
>_epsilon_MZ211109.gbk
>_epsilon_MZ212874.gbk
>_epsilon_MZ213977.gbk
>_epsilon_MZ213775.gbk
>_epsilon_MZ213989.gbk
>_epsilon_MZ212944.gbk
>_epsilon_MZ211349.gbk
>_epsilon_MZ212840.gbk
>_epsilon_MZ211043.gbk
>_epsilon_MZ212330.gbk
>_epsilon_MZ212333.gbk
>_epsilon_MZ212359.gbk
>_epsilon_MZ210470.gbk
>_epsilon_MZ211837.gbk
>_epsilon_MZ213053.gbk
>_epsilon_MZ212904.gbk
>_epsilon_MZ211494.gbk
>_epsilon_MZ211569.gbk
>_epsilon_MZ213439.gbk
>_epsilon_MZ211997.gbk
>_epsilon_MZ210335.gbk
>_epsilon_MZ211973.gbk
>_epsilon_MZ212206.gbk
>_epsilon_MZ239951.gbk
>_epsilon_MZ184678.gbk
>_epsilon_MZ184677.gbk
>_epsilon_MZ201435.gbk
>_epsilon_MZ199110.gbk
>_epsilon_MZ194387.gbk
>_epsilon_MZ199151.gbk
>_epsilon_MZ195513.gbk
>_epsilon_MZ195517.gbk
>_epsilon_MZ195771.gbk
>_epsilon_MZ195902.gbk
>_epsilon_MZ196179.gbk
>_epsilon_MZ193635.gbk
>_epsilon_MZ193673.gbk
>_epsilon_MZ193780.gbk
>_epsilon_MZ202028.gbk
>_epsilon_MZ188419.gbk
>_epsilon_MZ195340.gbk
>_epsilon_MZ193833.gbk
>_epsilon_MZ193486.gbk
>_epsilon_MZ193522.gbk
>_epsilon_MZ188385.gbk
>_epsilon_MZ188389.gbk
>_epsilon_MZ193971.gbk
>_epsilon_MZ192191.gbk
>_epsilon_MZ186650.gbk
>_epsilon_MZ192357.gbk
>_epsilon_MZ193943.gbk
>_epsilon_MZ195330.gbk
>_epsilon_MZ187786.gbk
>_epsilon_MZ193512.gbk
>_epsilon_MZ196353.gbk
>_epsilon_MZ186928.gbk
>_epsilon_MZ187945.gbk
>_epsilon_MZ187654.gbk
>_epsilon_MZ188709.gbk
>_epsilon_MZ187635.gbk
>_epsilon_MZ185663.gbk
>_epsilon_MZ187775.gbk
>_epsilon_MZ185931.gbk
>_epsilon_MZ190275.gbk
>_epsilon_MZ185967.gbk
>_epsilon_MZ187148.gbk
>_epsilon_MZ189088.gbk
>_epsilon_MZ189564.gbk
>_epsilon_MZ206741.gbk
>_epsilon_MZ206745.gbk
>_epsilon_MZ206748.gbk
>_epsilon_MZ206747.gbk
>_epsilon_MZ206686.gbk
>_epsilon_MZ206752.gbk
>_epsilon_MZ206579.gbk
>_epsilon_MZ206760.gbk
>_epsilon_MZ206767.gbk
>_epsilon_MZ206768.gbk
>_epsilon_MZ206774.gbk
>_epsilon_MZ206801.gbk
>_epsilon_MZ206789.gbk
>_epsilon_MZ206807.gbk
>_epsilon_MZ206803.gbk
>_epsilon_MZ206816.gbk
>_epsilon_MZ206814.gbk
>_epsilon_MZ377740.gbk
>_epsilon_MZ377749.gbk
>_epsilon_MZ377641.gbk
>_epsilon_MZ377724.gbk
>_epsilon_MZ377804.gbk
>_epsilon_MZ377805.gbk
>_epsilon_MZ377358.gbk
>_epsilon_MZ377648.gbk
>_epsilon_MZ377663.gbk
>_epsilon_MZ377657.gbk
>_epsilon_MZ377656.gbk
>_epsilon_MZ377679.gbk
>_epsilon_MZ377678.gbk
>_epsilon_MZ377681.gbk
>_epsilon_MZ377686.gbk
>_epsilon_MZ377683.gbk
>_epsilon_MZ377685.gbk
>_epsilon_MZ377691.gbk
>_epsilon_MZ377693.gbk
>_epsilon_MZ377695.gbk
>_epsilon_MZ377697.gbk
>_epsilon_MZ377688.gbk
>_epsilon_MZ377694.gbk
>_epsilon_MZ377366.gbk
>_epsilon_MZ377699.gbk
>_epsilon_MZ377703.gbk
>_epsilon_MZ377716.gbk
>_epsilon_MZ377708.gbk
>_epsilon_MZ377718.gbk
>_epsilon_MZ377317.gbk
>_epsilon_MZ377752.gbk
>_epsilon_MZ224466.gbk
>_epsilon_MZ239301.gbk
>_epsilon_MZ239308.gbk
>_epsilon_MZ254561.gbk
>_epsilon_MZ228080.gbk
>_epsilon_MZ258838.gbk
>_epsilon_MZ259373.gbk
>_epsilon_MZ245262.gbk
>_epsilon_MZ245303.gbk
>_epsilon_MZ244575.gbk
>_epsilon_MZ228630.gbk
>_epsilon_MZ257197.gbk
>_epsilon_MZ257239.gbk
>_epsilon_MZ258124.gbk
>_epsilon_MZ258943.gbk
>_epsilon_MZ258846.gbk
>_epsilon_MZ257500.gbk
>_epsilon_MZ259227.gbk
>_epsilon_MZ260166.gbk
>_epsilon_MZ258697.gbk
>_epsilon_MZ258700.gbk
>_epsilon_MZ258705.gbk
>_epsilon_MZ258730.gbk
>_epsilon_MZ260189.gbk
>_epsilon_MZ260417.gbk
>_epsilon_MZ260422.gbk
>_epsilon_MZ260059.gbk
>_epsilon_MZ259146.gbk
>_epsilon_MZ259087.gbk
>_epsilon_MZ258661.gbk
>_epsilon_MZ259106.gbk
>_epsilon_MZ259207.gbk
>_epsilon_MZ260089.gbk
>_epsilon_MZ256301.gbk
>_epsilon_MZ259275.gbk
>_epsilon_MZ260469.gbk
>_epsilon_MZ252579.gbk
>_epsilon_MZ260330.gbk
>_epsilon_MZ260413.gbk
>_epsilon_MZ260159.gbk
>_epsilon_MZ260125.gbk
>_epsilon_MZ260131.gbk
>_epsilon_MZ244501.gbk
>_epsilon_MZ257860.gbk
>_epsilon_MZ258786.gbk
>_epsilon_MZ257365.gbk
>_epsilon_MZ257816.gbk
>_epsilon_MZ259383.gbk
>_epsilon_MZ259149.gbk
>_epsilon_MZ256079.gbk
>_epsilon_MZ257237.gbk
>_epsilon_MZ258585.gbk
>_epsilon_MZ237100.gbk
>_epsilon_MZ257228.gbk
>_epsilon_MZ238478.gbk
>_epsilon_MZ260327.gbk
>_epsilon_MZ238805.gbk
>_epsilon_MZ261309.gbk
>_epsilon_MZ257142.gbk
>_epsilon_MZ258168.gbk
>_epsilon_MZ258024.gbk
>_epsilon_MZ258047.gbk
>_epsilon_MZ257572.gbk
>_epsilon_MZ258916.gbk
>_epsilon_MZ258618.gbk
>_epsilon_MZ259010.gbk
>_epsilon_MZ258655.gbk
>_epsilon_MZ258656.gbk
>_epsilon_MZ260554.gbk
>_epsilon_MZ259324.gbk
>_epsilon_MZ254183.gbk
>_epsilon_MZ257456.gbk
>_epsilon_MZ258852.gbk
>_epsilon_MZ260470.gbk
>_epsilon_MZ258710.gbk
>_epsilon_MZ260069.gbk
>_epsilon_MZ256383.gbk
>_epsilon_MZ259314.gbk
>_epsilon_MZ259173.gbk
>_epsilon_MZ238425.gbk
>_epsilon_MZ260272.gbk
>_epsilon_MZ240242.gbk
>_epsilon_MZ258435.gbk
>_epsilon_MZ258240.gbk
>_epsilon_MZ258832.gbk
>_epsilon_MZ259432.gbk
>_epsilon_MZ282998.gbk
>_epsilon_MZ283003.gbk
>_epsilon_MZ282418.gbk
>_epsilon_MZ282034.gbk
>_epsilon_MZ282671.gbk
>_epsilon_MZ284425.gbk
>_epsilon_MZ283122.gbk
>_epsilon_MZ283097.gbk
>_epsilon_MZ283636.gbk
>_epsilon_MZ284311.gbk
>_epsilon_MZ284314.gbk
>_epsilon_MZ284081.gbk
>_epsilon_MZ283424.gbk
>_epsilon_MZ283589.gbk
>_epsilon_MZ283220.gbk
>_epsilon_MZ283253.gbk
>_epsilon_MZ284101.gbk
>_epsilon_MZ284736.gbk
>_epsilon_MZ284739.gbk
>_epsilon_MZ274589.gbk
>_epsilon_MZ271614.gbk
>_epsilon_MZ271620.gbk
>_epsilon_MZ271391.gbk
>_epsilon_MZ271462.gbk
>_epsilon_MZ271085.gbk
>_epsilon_MZ271332.gbk
>_epsilon_MZ270961.gbk
>_epsilon_MZ269250.gbk
>_epsilon_MZ293137.gbk
>_epsilon_MZ378325.gbk
>_epsilon_MZ378323.gbk
>_epsilon_MZ378324.gbk
>_epsilon_MZ378328.gbk
>_epsilon_MZ378330.gbk
>_epsilon_MZ378334.gbk
>_epsilon_MZ378342.gbk
>_epsilon_MZ378341.gbk
>_epsilon_MZ378360.gbk
>_epsilon_MZ378359.gbk
>_epsilon_MZ378365.gbk
>_epsilon_MZ378364.gbk
>_epsilon_MZ378369.gbk
>_epsilon_MZ378371.gbk
>_epsilon_MZ378373.gbk
>_epsilon_MZ378375.gbk
>_epsilon_MZ378380.gbk
>_epsilon_MZ378378.gbk
>_epsilon_MZ279121.gbk
>_epsilon_MZ286654.gbk
>_epsilon_MZ306809.gbk
>_epsilon_MZ307902.gbk
>_epsilon_MZ294503.gbk
>_epsilon_MZ308025.gbk
>_epsilon_MZ306064.gbk
>_epsilon_MZ295520.gbk
>_epsilon_MZ471458.1.gbk
>_epsilon_MZ471826.1.gbk
>_epsilon_MZ471816.1.gbk
>_epsilon_MZ471976.1.gbk
>_epsilon_MZ296635.gbk
>_epsilon_MZ296691.gbk
>_epsilon_MZ295080.gbk
>_epsilon_MZ471982.1.gbk
>_epsilon_MZ472037.1.gbk
>_epsilon_MZ295167.gbk
>_epsilon_MZ471860.1.gbk
>_epsilon_MZ492797.1.gbk
>_epsilon_MZ492460.1.gbk
>_epsilon_MZ492200.1.gbk
>_epsilon_MZ492806.1.gbk
>_epsilon_MZ281743.gbk
>_epsilon_MZ290661.gbk
>_epsilon_MZ290931.gbk
>_epsilon_MZ290913.gbk
>_epsilon_MZ280441.gbk
>_epsilon_MZ280319.gbk
>_epsilon_MZ280872.gbk
>_epsilon_MZ281528.gbk
>_epsilon_MZ281530.gbk
>_epsilon_MZ281531.gbk
>_epsilon_MZ279273.gbk
>_epsilon_MZ291025.gbk
>_epsilon_MZ290777.gbk
>_epsilon_MZ278473.gbk
>_epsilon_MZ297580.gbk
>_epsilon_MZ471947.1.gbk
>_epsilon_MZ471767.1.gbk
>_epsilon_MZ297570.gbk
>_epsilon_MZ310343.gbk
>_epsilon_MZ310344.gbk
>_epsilon_MZ313055.gbk
>_epsilon_MZ313034.gbk
>_epsilon_MZ312993.gbk
>_epsilon_MZ313012.gbk
>_epsilon_MZ333365.gbk
>_epsilon_MZ333388.gbk
>_epsilon_MZ316360.gbk
>_epsilon_MZ319671.gbk
>_epsilon_MZ319711.gbk
>_epsilon_MZ315506.gbk
>_epsilon_MZ316054.gbk
>_epsilon_MZ378647.gbk
>_epsilon_MZ378481.gbk
>_epsilon_MZ378480.gbk
>_epsilon_MZ378479.gbk
>_epsilon_MZ378483.gbk
>_epsilon_MZ378501.gbk
>_epsilon_MZ378528.gbk
>_epsilon_MZ378527.gbk
>_epsilon_MZ378542.gbk
>_epsilon_MZ378541.gbk
>_epsilon_MZ378536.gbk
>_epsilon_MZ378540.gbk
>_epsilon_MZ322804.gbk
>_epsilon_MZ319926.gbk
>_epsilon_MW646688.gbk
>_epsilon_MZ331138.gbk
>_epsilon_MZ357778.gbk
>_epsilon_MZ349154.gbk
>_epsilon_MZ349601.gbk
>_epsilon_MZ349417.gbk
>_epsilon_MZ349576.gbk
>_epsilon_MZ349555.gbk
>_epsilon_MZ349156.gbk
>_epsilon_MZ349290.gbk
>_epsilon_MZ349468.gbk
>_epsilon_MZ358630.gbk
>_epsilon_MZ358658.gbk
>_epsilon_MZ350710.gbk
>_epsilon_MZ477039.1.gbk
>_epsilon_MZ398799.1.gbk
>_epsilon_MZ360480.gbk
>_epsilon_MZ360491.gbk
>_epsilon_MZ360522.gbk
>_epsilon_MZ372463.gbk
>_epsilon_MZ372440.gbk
>_epsilon_MZ366736.gbk
>_epsilon_MZ373557.gbk
>_epsilon_MZ373621.gbk
>_epsilon_MZ373847.gbk
>_epsilon_MZ373454.gbk
>_epsilon_MZ373409.gbk
>_epsilon_MZ372899.gbk
>_epsilon_MZ368239.gbk
>_epsilon_MZ368245.gbk
>_epsilon_MZ363994.gbk
>_epsilon_MZ360873.gbk
>_epsilon_MZ360919.gbk
>_epsilon_MZ360647.gbk
>_epsilon_MZ360934.gbk
>_epsilon_MZ360709.gbk
>_epsilon_MZ360762.gbk
>_epsilon_MZ360766.gbk
>_epsilon_MZ360746.gbk
>_epsilon_MZ360757.gbk
>_epsilon_MZ360814.gbk
>_epsilon_MZ360820.gbk
>_epsilon_MZ360821.gbk
>_epsilon_MZ360844.gbk
>_epsilon_MZ360715.gbk
>_epsilon_MZ376769.gbk
>_epsilon_MZ376788.gbk
>_epsilon_MZ376799.gbk
>_epsilon_MZ375854.gbk
>_epsilon_MZ375858.gbk
>_epsilon_MZ376661.gbk
>_epsilon_MZ375964.gbk
>_epsilon_MZ375606.gbk
>_epsilon_MZ377583.gbk
>_epsilon_MZ378216.gbk
>_epsilon_MZ378202.gbk
>_epsilon_MZ378032.gbk
>_epsilon_MZ378030.gbk
>_epsilon_MZ378067.gbk
>_epsilon_MZ378103.gbk
>_epsilon_MZ378102.gbk
>_epsilon_MZ378101.gbk
>_epsilon_MZ378108.gbk
>_epsilon_MZ378085.gbk
>_epsilon_MZ378073.gbk
>_epsilon_MZ378093.gbk
>_epsilon_MZ378092.gbk
>_epsilon_MZ378091.gbk
>_epsilon_MZ378090.gbk
>_epsilon_MZ378089.gbk
>_epsilon_MZ377870.gbk
>_epsilon_MZ377879.gbk
>_epsilon_MZ377849.gbk
>_epsilon_MZ377865.gbk
>_epsilon_MZ377850.gbk
>_epsilon_MZ377845.gbk
>_epsilon_MZ377904.gbk
>_epsilon_MZ394286.1.gbk
>_epsilon_MZ394275.1.gbk
>_epsilon_MZ394127.1.gbk
>_epsilon_MZ433677.1.gbk
>_epsilon_MZ404463.1.gbk
>_epsilon_MZ397335.1.gbk
>_epsilon_MZ397562.1.gbk
>_epsilon_MZ394787.1.gbk
>_epsilon_MZ414719.1.gbk
>_epsilon_MZ414610.1.gbk
>_epsilon_MZ413527.1.gbk
>_epsilon_MZ434379.1.gbk
>_epsilon_MZ433991.1.gbk
>_epsilon_MZ437189.1.gbk
>_epsilon_MZ449745.1.gbk
>_epsilon_MZ451814.1.gbk
>_epsilon_MZ450209.1.gbk
>_epsilon_MZ449081.1.gbk
>_epsilon_MZ449082.1.gbk
>_epsilon_MZ449040.1.gbk
>_epsilon_MZ448984.1.gbk
>_epsilon_MZ448964.1.gbk
>_epsilon_MZ448956.1.gbk
>_epsilon_MZ448936.1.gbk
>_epsilon_MZ448913.1.gbk
>_epsilon_MZ451495.1.gbk
>_epsilon_MZ448906.1.gbk
>_epsilon_MZ448806.1.gbk
>_epsilon_MZ444404.1.gbk
>_epsilon_MZ444273.1.gbk
>_epsilon_MZ449160.1.gbk
>_epsilon_MZ456015.1.gbk
>_epsilon_MZ453550.1.gbk
>_epsilon_MZ457497.1.gbk
>_epsilon_MZ455166.1.gbk
>_epsilon_MZ454972.1.gbk
>_epsilon_MZ454997.1.gbk
>_epsilon_MZ461096.1.gbk
>_epsilon_MZ461081.1.gbk
>_epsilon_MZ461103.1.gbk
>_epsilon_MZ454482.1.gbk
>_epsilon_MZ455374.1.gbk
>_epsilon_MZ455375.1.gbk
>_epsilon_MZ455202.1.gbk
>_epsilon_MZ454502.1.gbk
>_epsilon_MZ454554.1.gbk
>_epsilon_MZ454565.1.gbk
>_epsilon_MZ454576.1.gbk
>_epsilon_MZ455406.1.gbk
>_epsilon_MZ454718.1.gbk
>_epsilon_MZ454749.1.gbk
>_epsilon_MZ455841.1.gbk
>_epsilon_MZ455460.1.gbk
>_epsilon_MZ455613.1.gbk
>_epsilon_MZ453944.1.gbk
>_epsilon_MZ453901.1.gbk
>_epsilon_MZ453876.1.gbk
>_epsilon_MZ453793.1.gbk
>_epsilon_MZ467646.1.gbk
>_epsilon_MZ467318.1.gbk
>_epsilon_MZ469887.1.gbk
>_epsilon_MZ475445.1.gbk
>_epsilon_MZ475670.1.gbk
>_epsilon_MZ473518.1.gbk
>_epsilon_MZ474192.1.gbk
>_epsilon_MZ475536.1.gbk
>_epsilon_MZ490231.1.gbk
>_epsilon_MZ490185.1.gbk
>_epsilon_MZ490238.1.gbk
>_epsilon_MZ490183.1.gbk
>_epsilon_MZ490229.1.gbk
>_epsilon_MZ490335.1.gbk
>_epsilon_MZ490282.1.gbk
>_epsilon_MZ490315.1.gbk
>_epsilon_MZ489984.1.gbk
>_epsilon_MZ489906.1.gbk
>_epsilon_MZ490070.1.gbk
>_epsilon_MZ490280.1.gbk
>_epsilon_MZ493457.1.gbk
>_epsilon_MZ566253.1.gbk
>_epsilon_MZ566254.1.gbk
>_epsilon_MZ504280.1.gbk
>_epsilon_MZ501381.1.gbk
>_epsilon_MZ498266.1.gbk
>_epsilon_MZ499104.1.gbk
>_epsilon_MZ500056.1.gbk
>_epsilon_MZ505797.1.gbk
>_epsilon_MZ505811.1.gbk
>_epsilon_MZ505848.1.gbk
>_epsilon_MZ513924.1.gbk
>_epsilon_MZ512579.1.gbk
>_epsilon_MZ505832.1.gbk
>_epsilon_MZ518649.1.gbk
>_epsilon_MZ518144.1.gbk
>_epsilon_MZ518266.1.gbk
>_epsilon_MZ535861.1.gbk
>_epsilon_MZ535210.1.gbk
>_epsilon_MZ538949.1.gbk
>_epsilon_MZ557511.1.gbk

# number of handled genomes = 2400 (out of 2929)
