# number of genomes in 'iota_list.txt' = 5000

# checking GenBank accessions with NCBI e-utils efetch ...
>_iota_MZ290450.gbk
>_iota_MZ012016.gbk
>_iota_MZ143303.gbk
>_iota_MZ331228.gbk
>_iota_MZ076509.gbk
>_iota_MW891101.gbk
>_iota_MZ231888.gbk
>_iota_MW945228.gbk
>_iota_MZ257812.gbk
>_iota_MZ083563.gbk
>_iota_MZ237894.gbk
>_iota_MZ434587.1.gbk
>_iota_MZ253073.gbk
>_iota_MZ282392.gbk
>_iota_MW901891.gbk
>_iota_MZ075315.gbk
>_iota_MZ207668.gbk
>_iota_MZ237606.gbk
>_iota_MZ085347.gbk
>_iota_MZ341963.gbk
>_iota_MZ366694.gbk
>_iota_MZ211478.gbk
>_iota_MZ210209.gbk
>_iota_MZ009511.gbk
>_iota_MZ288187.gbk
>_iota_MZ035340.gbk
>_iota_MZ166760.gbk
>_iota_MZ076131.gbk
>_iota_MW930017.gbk
>_iota_MZ499915.1.gbk
>_iota_MZ274594.gbk
>_iota_MW986290.gbk
>_iota_MZ531494.1.gbk
>_iota_MZ180289.gbk
>_iota_MZ179607.gbk
>_iota_MZ253594.gbk
>_iota_MZ216995.gbk
>_iota_MW986110.gbk
>_iota_MZ210257.gbk
>_iota_MZ207523.gbk
>_iota_MZ196109.gbk
>_iota_MZ256321.gbk
>_iota_MW986492.gbk
>_iota_MZ001037.gbk
>_iota_MZ238489.gbk
>_iota_MZ038622.gbk
>_iota_MZ455590.1.gbk
>_iota_MZ238457.gbk
>_iota_MZ161297.gbk
>_iota_MZ201783.gbk
>_iota_MZ152484.gbk
>_iota_MW941112.gbk
>_iota_MZ282489.gbk
>_iota_MZ337272.gbk
>_iota_MZ060174.gbk
>_iota_MZ034957.gbk
>_iota_MZ184806.gbk
>_iota_MZ257037.gbk
>_iota_MW959665.gbk
>_iota_MZ286688.gbk
>_iota_MZ025419.gbk
>_iota_MZ061373.gbk
>_iota_MZ236930.gbk
>_iota_MZ225772.gbk
>_iota_MZ167947.gbk
>_iota_MZ059690.gbk
>_iota_MW930759.gbk
>_iota_MW834842.gbk
>_iota_MZ053632.gbk
>_iota_MZ281781.gbk
>_iota_MW901822.gbk
>_iota_MZ160408.gbk
>_iota_MZ211391.gbk
>_iota_MZ237989.gbk
>_iota_MW768077.gbk
>_iota_MZ000613.gbk
>_iota_MZ554345.1.gbk
>_iota_MZ497659.1.gbk
>_iota_MZ141647.gbk
>_iota_MZ499360.1.gbk
>_iota_MZ101757.gbk
>_iota_MZ500164.1.gbk
>_iota_MZ039189.gbk
>_iota_MZ090421.gbk
>_iota_MZ281236.gbk
>_iota_MZ331161.gbk
>_iota_MZ376115.gbk
>_iota_MZ086453.gbk
>_iota_MZ257250.gbk
>_iota_MZ226133.gbk
>_iota_MZ146108.gbk
>_iota_MZ071391.gbk
>_iota_MZ294290.gbk
>_iota_MZ358677.gbk
>_iota_MZ282965.gbk
>_iota_MW989810.gbk
>_iota_MZ011030.gbk
>_iota_MZ349807.gbk
>_iota_MW796748.gbk
>_iota_MZ009782.gbk
>_iota_MZ039320.gbk
>_iota_MZ187591.gbk
>_iota_MZ143139.gbk
>_iota_MZ294728.gbk
>_iota_MZ059381.gbk
>_iota_MZ009416.gbk
>_iota_MZ059286.gbk
>_iota_MZ075670.gbk
>_iota_MW991181.gbk
>_iota_MZ498647.1.gbk
>_iota_MW974928.gbk
>_iota_MZ259359.gbk
>_iota_MZ100813.gbk
>_iota_MZ279265.gbk
>_iota_MZ189647.gbk
>_iota_MZ039186.gbk
>_iota_MZ410077.1.gbk
>_iota_MZ036723.gbk
>_iota_MZ202097.gbk
>_iota_MW976742.gbk
>_iota_MW985455.gbk
>_iota_MW993449.gbk
>_iota_MZ185673.gbk
>_iota_MZ268275.gbk
>_iota_MZ308333.gbk
>_iota_MW945217.gbk
>_iota_MZ341752.gbk
>_iota_MZ000462.gbk
>_iota_MW966464.gbk
>_iota_MW945035.gbk
>_iota_MZ013283.gbk
>_iota_MZ294726.gbk
>_iota_MZ415645.1.gbk
>_iota_MZ386493.gbk
>_iota_MZ143588.gbk
>_iota_MZ358799.gbk
>_iota_MZ074893.gbk
>_iota_MZ030126.gbk
>_iota_MZ349626.gbk
>_iota_MW990792.gbk
>_iota_MW975526.gbk
>_iota_MZ153674.gbk
>_iota_MZ239994.gbk
>_iota_MZ262482.gbk
>_iota_MW975575.gbk
>_iota_MZ023014.gbk
>_iota_MZ372131.gbk
>_iota_MZ236681.gbk
>_iota_MZ315241.gbk
>_iota_MZ034775.gbk
>_iota_MW863086.gbk
>_iota_MZ278408.gbk
>_iota_MZ213361.gbk
>_iota_MZ259500.gbk
>_iota_MZ006898.gbk
>_iota_MZ237245.gbk
>_iota_MZ029299.gbk
>_iota_MZ279415.gbk
>_iota_MW987390.gbk
>_iota_MZ253033.gbk
>_iota_MZ000565.gbk
>_iota_MZ037489.gbk
>_iota_MZ316561.gbk
>_iota_MZ384262.gbk
>_iota_MZ210133.gbk
>_iota_MZ294100.gbk
>_iota_MZ188597.gbk
>_iota_MZ102106.gbk
>_iota_MW975204.gbk
>_iota_MZ279658.gbk
>_iota_MW989789.gbk
>_iota_MZ238950.gbk
>_iota_MZ254305.gbk
>_iota_MZ053638.gbk
>_iota_MW930114.gbk
>_iota_MW891315.gbk
>_iota_MZ034839.gbk
>_iota_MZ074904.gbk
>_iota_MZ252713.gbk
>_iota_MW902593.gbk
>_iota_MW932096.gbk
>_iota_MZ075059.gbk
>_iota_MZ168514.gbk
>_iota_MZ187349.gbk
>_iota_MW915131.gbk
>_iota_MZ455142.1.gbk
>_iota_MZ212556.gbk
>_iota_MZ060107.gbk
>_iota_MW903414.gbk
>_iota_MZ154203.gbk
>_iota_MW987142.gbk
>_iota_MZ232256.gbk
>_iota_MZ131834.gbk
>_iota_MZ142477.gbk
>_iota_MZ184060.gbk
>_iota_MZ061436.gbk
>_iota_MZ319519.gbk
>_iota_MW976570.gbk
>_iota_MZ037439.gbk
>_iota_MZ258506.gbk
>_iota_MZ132502.gbk
>_iota_MZ294119.gbk
>_iota_MZ141111.gbk
>_iota_MZ101443.gbk
>_iota_MZ196087.gbk
>_iota_MZ024110.gbk
>_iota_MZ035140.gbk
>_iota_MZ237978.gbk
>_iota_MZ257559.gbk
>_iota_MZ153691.gbk
>_iota_MZ061141.gbk
>_iota_MZ060662.gbk
>_iota_MZ565830.1.gbk
>_iota_MW891352.gbk
>_iota_MZ448965.1.gbk
>_iota_MW975776.gbk
>_iota_MZ025586.gbk
>_iota_MZ376216.gbk
>_iota_MW902581.gbk
>_iota_MZ084301.gbk
>_iota_MZ053668.gbk
>_iota_MZ259101.gbk
>_iota_MZ288506.gbk
>_iota_MW891397.gbk
>_iota_MW986085.gbk
>_iota_MZ179337.gbk
>_iota_MZ084675.gbk
>_iota_MZ254375.gbk
>_iota_MZ252281.gbk
>_iota_MZ082861.gbk
>_iota_MZ009885.gbk
>_iota_MZ280338.gbk
>_iota_MZ358475.gbk
>_iota_MW942653.gbk
>_iota_MZ006911.gbk
>_iota_MZ280052.gbk
>_iota_MW969161.gbk
>_iota_MZ210898.gbk
>_iota_MZ390701.gbk
>_iota_MZ260217.gbk
>_iota_MZ073406.gbk
>_iota_MZ083305.gbk
>_iota_MZ206184.gbk
>_iota_MZ086726.gbk
>_iota_MZ415169.1.gbk
>_iota_MZ021728.gbk
>_iota_MZ214746.gbk
>_iota_MZ390608.gbk
>_iota_MW964617.gbk
>_iota_MZ100791.gbk
>_iota_MZ055311.gbk
>_iota_MW959563.gbk
>_iota_MZ071278.gbk
>_iota_MZ531035.1.gbk
>_iota_MZ083304.gbk
>_iota_MW882040.gbk
>_iota_MZ181578.gbk
>_iota_MZ186638.gbk
>_iota_MZ045323.gbk
>_iota_MZ433155.1.gbk
>_iota_MZ071565.gbk
>_iota_MZ278395.gbk
>_iota_MZ206233.gbk
>_iota_MZ260323.gbk
>_iota_MZ062131.gbk
>_iota_MZ500409.1.gbk
>_iota_MZ036102.gbk
>_iota_MZ415253.1.gbk
>_iota_MZ405310.1.gbk
>_iota_MZ467869.1.gbk
>_iota_MZ317781.gbk
>_iota_MZ133146.gbk
>_iota_MZ180243.gbk
>_iota_MZ242637.gbk
>_iota_MZ363291.gbk
>_iota_MZ212842.gbk
>_iota_MZ011183.gbk
>_iota_MZ141871.gbk
>_iota_MZ143774.gbk
>_iota_MZ288089.gbk
>_iota_MZ038200.gbk
>_iota_MZ145588.gbk
>_iota_MZ059722.gbk
>_iota_MZ160409.gbk
>_iota_MW990352.gbk
>_iota_MZ455379.1.gbk
>_iota_MZ316121.gbk
>_iota_MZ342435.gbk
>_iota_MZ393532.gbk
>_iota_MZ085171.gbk
>_iota_MZ448226.1.gbk
>_iota_MW992824.gbk
>_iota_MZ006425.gbk
>_iota_MZ059384.gbk
>_iota_MZ316337.gbk
>_iota_MZ070055.gbk
>_iota_MZ225695.gbk
>_iota_MW975018.gbk
>_iota_MZ060117.gbk
>_iota_MW915154.gbk
>_iota_MZ075642.gbk
>_iota_MZ333399.gbk
>_iota_MZ156726.gbk
>_iota_MZ152487.gbk
>_iota_MW941453.gbk
>_iota_MZ069465.gbk
>_iota_MZ538209.1.gbk
>_iota_MW966915.gbk
>_iota_MZ085966.gbk
>_iota_MZ271251.gbk
>_iota_MZ337130.gbk
>_iota_MZ256274.gbk
>_iota_MW943597.gbk
>_iota_MZ061421.gbk
>_iota_MZ008871.gbk
>_iota_MZ083662.gbk
>_iota_MZ252106.gbk
>_iota_MZ256097.gbk
>_iota_MZ083054.gbk
>_iota_MW880439.gbk
>_iota_MZ354184.gbk
>_iota_MZ294288.gbk
>_iota_MZ036610.gbk
>_iota_MZ181166.gbk
>_iota_MZ491774.1.gbk
>_iota_MZ059318.gbk
>_iota_MZ003770.gbk
>_iota_MZ142563.gbk
>_iota_MZ215030.gbk
>_iota_MZ281002.gbk
>_iota_MZ415533.1.gbk
>_iota_MZ455815.1.gbk
>_iota_MZ337141.gbk
>_iota_MZ319743.gbk
>_iota_MZ158908.gbk
>_iota_MZ319778.gbk
>_iota_MW891500.gbk
>_iota_MZ169378.gbk
>_iota_MZ228151.gbk
>_iota_MZ142899.gbk
>_iota_MZ163311.gbk
>_iota_MZ141690.gbk
>_iota_MZ228792.gbk
>_iota_MZ371301.gbk
>_iota_MZ085913.gbk
>_iota_MZ354337.gbk
>_iota_MZ083391.gbk
>_iota_MZ090257.gbk
>_iota_MZ340781.gbk
>_iota_MZ013288.gbk
>_iota_MZ228141.gbk
>_iota_MZ290881.gbk
>_iota_MZ280519.gbk
>_iota_MZ258423.gbk
>_iota_MZ237566.gbk
>_iota_MW959626.gbk
>_iota_MZ213060.gbk
>_iota_MZ240367.gbk
>_iota_MZ034933.gbk
>_iota_MZ158903.gbk
>_iota_MW835044.gbk
>_iota_MZ194003.gbk
>_iota_MZ038230.gbk
>_iota_MZ378670.gbk
>_iota_MZ254145.gbk
>_iota_MZ257534.gbk
>_iota_MZ283148.gbk
>_iota_MZ363191.gbk
>_iota_MZ245218.gbk
>_iota_MZ318814.gbk
>_iota_MZ159052.gbk
>_iota_MZ415147.1.gbk
>_iota_MZ211979.gbk
>_iota_MW941551.gbk
>_iota_MW943672.gbk
>_iota_MZ141128.gbk
>_iota_MW880547.gbk
>_iota_MZ154640.gbk
>_iota_MZ308279.gbk
>_iota_MZ075576.gbk
>_iota_MZ023200.gbk
>_iota_MZ253390.gbk
>_iota_MZ260370.gbk
>_iota_MZ004895.gbk
>_iota_MW890734.gbk
>_iota_MZ337352.gbk
>_iota_MZ271637.gbk
>_iota_MZ011733.gbk
>_iota_MZ371538.gbk
>_iota_MW941657.gbk
>_iota_MZ415884.1.gbk
>_iota_MZ011809.gbk
>_iota_MZ179815.gbk
>_iota_MZ038537.gbk
>_iota_MW965084.gbk
>_iota_MW915279.gbk
>_iota_MZ130970.gbk
>_iota_MZ376060.gbk
>_iota_MZ296117.gbk
>_iota_MZ337156.gbk
>_iota_MZ164855.gbk
>_iota_MZ368171.gbk
>_iota_MZ214832.gbk
>_iota_MZ172105.gbk
>_iota_MW897509.gbk
>_iota_MZ252962.gbk
>_iota_MZ164861.gbk
>_iota_MW968566.gbk
>_iota_MZ074799.gbk
>_iota_MZ211947.gbk
>_iota_MW891226.gbk
>_iota_MW988844.gbk
>_iota_MZ195803.gbk
>_iota_MW976346.gbk
>_iota_MZ260423.gbk
>_iota_MZ372760.gbk
>_iota_MZ186924.gbk
>_iota_MZ296565.gbk
>_iota_MZ354462.gbk
>_iota_MZ101084.gbk
>_iota_MW892125.gbk
>_iota_MW966804.gbk
>_iota_MZ498931.1.gbk
>_iota_MZ240063.gbk
>_iota_MZ226380.gbk
>_iota_MW985146.gbk
>_iota_MZ253764.gbk
>_iota_MZ337213.gbk
>_iota_MZ034215.gbk
>_iota_MZ337249.gbk
>_iota_MW994151.gbk
>_iota_MZ083907.gbk
>_iota_MZ319012.gbk
>_iota_MZ493383.1.gbk
>_iota_MZ342459.gbk
>_iota_MZ284752.gbk
>_iota_MW903462.gbk
>_iota_MZ291275.gbk
>_iota_MZ141805.gbk
>_iota_MZ201366.gbk
>_iota_MZ258970.gbk
>_iota_MZ006608.gbk
>_iota_MZ057989.gbk
>_iota_MZ083146.gbk
>_iota_MZ024149.gbk
>_iota_MZ038299.gbk
>_iota_MZ186385.gbk
>_iota_MZ023567.gbk
>_iota_MZ085223.gbk
>_iota_MW891878.gbk
>_iota_MZ390652.gbk
>_iota_MZ075366.gbk
>_iota_MW903945.gbk
>_iota_MZ000497.gbk
>_iota_MZ131761.gbk
>_iota_MZ363237.gbk
>_iota_MW942936.gbk
>_iota_MZ498474.1.gbk
>_iota_MZ086130.gbk
>_iota_MZ101465.gbk
>_iota_MZ212971.gbk
>_iota_MZ535935.1.gbk
>_iota_MZ086385.gbk
>_iota_MZ260076.gbk
>_iota_MZ025623.gbk
>_iota_MZ227956.gbk
>_iota_MW904179.gbk
>_iota_MZ006428.gbk
>_iota_MZ035033.gbk
>_iota_MZ062125.gbk
>_iota_MZ141816.gbk
>_iota_MZ038778.gbk
>_iota_MZ072219.gbk
>_iota_MZ141904.gbk
>_iota_MW945121.gbk
>_iota_MZ237988.gbk
>_iota_MZ152466.gbk
>_iota_MZ172067.gbk
>_iota_MZ260524.gbk
>_iota_MW959977.gbk
>_iota_MW966785.gbk
>_iota_MZ059526.gbk
>_iota_MW944815.gbk
>_iota_MW987262.gbk
>_iota_MZ228386.gbk
>_iota_MZ021024.gbk
>_iota_MZ500852.1.gbk
>_iota_MZ368181.gbk
>_iota_MW975112.gbk
>_iota_MZ217789.gbk
>_iota_MZ212249.gbk
>_iota_MZ186360.gbk
>_iota_MZ512771.1.gbk
>_iota_MZ049801.gbk
>_iota_MW877777.gbk
>_iota_MZ028898.gbk
>_iota_MZ256384.gbk
>_iota_MZ401543.1.gbk
>_iota_MZ536105.1.gbk
>_iota_MW931316.gbk
>_iota_MZ252547.gbk
>_iota_MW985925.gbk
>_iota_MZ059530.gbk
>_iota_MZ086315.gbk
>_iota_MW975149.gbk
>_iota_MZ132505.gbk
>_iota_MZ029969.gbk
>_iota_MZ083600.gbk
>_iota_MZ455168.1.gbk
>_iota_MZ083191.gbk
>_iota_MW975507.gbk
>_iota_MZ310903.gbk
>_iota_MZ211649.gbk
>_iota_MZ030356.gbk
>_iota_MZ415862.1.gbk
>_iota_MZ083031.gbk
>_iota_MZ036658.gbk
>_iota_MZ244675.gbk
>_iota_MZ034866.gbk
>_iota_MZ316167.gbk
>_iota_MZ318751.gbk
>_iota_MZ371863.gbk
>_iota_MZ214615.gbk
>_iota_MZ499190.1.gbk
>_iota_MZ232779.gbk
>_iota_MZ331151.gbk
>_iota_MZ211495.gbk
>_iota_MZ226200.gbk
>_iota_MZ321181.gbk
>_iota_MZ237266.gbk
>_iota_MZ193291.gbk
>_iota_MZ010981.gbk
>_iota_MZ281097.gbk
>_iota_MZ070447.gbk
>_iota_MZ530262.1.gbk
>_iota_MW988980.gbk
>_iota_MW942559.gbk
>_iota_MZ058430.gbk
>_iota_MZ245226.gbk
>_iota_MZ061246.gbk
>_iota_MZ257176.gbk
>_iota_MW891201.gbk
>_iota_MW976322.gbk
>_iota_MZ171478.gbk
>_iota_MW959831.gbk
>_iota_MZ315127.gbk
>_iota_MZ399025.1.gbk
>_iota_MZ214230.gbk
>_iota_MZ194860.gbk
>_iota_MZ402372.1.gbk
>_iota_MZ181709.gbk
>_iota_MZ211333.gbk
>_iota_MZ290870.gbk
>_iota_MZ085868.gbk
>_iota_MZ180201.gbk
>_iota_MZ021059.gbk
>_iota_MW901750.gbk
>_iota_MZ015394.gbk
>_iota_MZ085981.gbk
>_iota_MZ242647.gbk
>_iota_MZ284597.gbk
>_iota_MW986432.gbk
>_iota_MZ512739.1.gbk
>_iota_MZ029890.gbk
>_iota_MZ286730.gbk
>_iota_MW944100.gbk
>_iota_MZ239904.gbk
>_iota_MZ006053.gbk
>_iota_MZ038033.gbk
>_iota_MZ056272.gbk
>_iota_MW944796.gbk
>_iota_MZ371323.gbk
>_iota_MZ038331.gbk
>_iota_MZ245080.gbk
>_iota_MZ009429.gbk
>_iota_MZ145691.gbk
>_iota_MZ238265.gbk
>_iota_MZ090541.gbk
>_iota_MZ259327.gbk
>_iota_MW968673.gbk
>_iota_MZ071586.gbk
>_iota_MZ141768.gbk
>_iota_MZ237610.gbk
>_iota_MZ311496.gbk
>_iota_MZ362887.gbk
>_iota_MZ061119.gbk
>_iota_MZ036904.gbk
>_iota_MZ142340.gbk
>_iota_MZ245256.gbk
>_iota_MZ236633.gbk
>_iota_MW944095.gbk
>_iota_MZ100297.gbk
>_iota_MZ210627.gbk
>_iota_MZ179788.gbk
>_iota_MZ252510.gbk
>_iota_MW763133.gbk
>_iota_MZ002613.gbk
>_iota_MW880589.gbk
>_iota_MZ038038.gbk
>_iota_MZ290498.gbk
>_iota_MZ393411.2.gbk
>_iota_MW987379.gbk
>_iota_MZ006534.gbk
>_iota_MZ006593.gbk
>_iota_MZ232888.gbk
>_iota_MZ474177.1.gbk
>_iota_MZ319370.gbk
>_iota_MZ291259.gbk
>_iota_MZ372939.gbk
>_iota_MZ090396.gbk
>_iota_MZ358672.gbk
>_iota_MZ131009.gbk
>_iota_MZ038756.gbk
>_iota_MZ047027.gbk
>_iota_MZ498604.1.gbk
>_iota_MZ023235.gbk
>_iota_MZ131391.gbk
>_iota_MW944329.gbk
>_iota_MZ056264.gbk
>_iota_MZ163519.gbk
>_iota_MZ006752.gbk
>_iota_MZ037136.gbk
>_iota_MZ101501.gbk
>_iota_MZ378653.gbk
>_iota_MW890642.gbk
>_iota_MW944472.gbk
>_iota_MZ358671.gbk
>_iota_MZ283293.gbk
>_iota_MZ101437.gbk
>_iota_MZ430675.1.gbk
>_iota_MZ029817.gbk
>_iota_MZ084590.gbk
>_iota_MZ252994.gbk
>_iota_MZ084106.gbk
>_iota_MZ163753.gbk
>_iota_MZ007001.gbk
>_iota_MZ233496.gbk
>_iota_MZ194342.gbk
>_iota_MZ227972.gbk
>_iota_MW986311.gbk
>_iota_MZ270802.gbk
>_iota_MZ258496.gbk
>_iota_MZ074729.gbk
>_iota_MZ011756.gbk
>_iota_MZ153679.gbk
>_iota_MZ084260.gbk
>_iota_MZ385562.gbk
>_iota_MZ022123.gbk
>_iota_MZ372132.gbk
>_iota_MZ074841.gbk
>_iota_MZ141948.gbk
>_iota_MZ283552.gbk
>_iota_MZ290261.gbk
>_iota_MW892310.gbk
>_iota_MZ006320.gbk
>_iota_MZ321130.gbk
>_iota_MZ451575.1.gbk
>_iota_MZ280753.gbk
>_iota_MZ153562.gbk
>_iota_MZ294694.gbk
>_iota_MZ071098.gbk
>_iota_MZ498612.1.gbk
>_iota_MZ012433.gbk
>_iota_MZ179292.gbk
>_iota_MZ132533.gbk
>_iota_MZ034989.gbk
>_iota_MZ073166.gbk
>_iota_MZ022478.gbk
>_iota_MZ228692.gbk
>_iota_MZ284395.gbk
>_iota_MZ379562.gbk
>_iota_MZ154245.gbk
>_iota_MZ171963.gbk
>_iota_MZ201576.gbk
>_iota_MZ082817.gbk
>_iota_MZ217809.gbk
>_iota_MZ075879.gbk
>_iota_MZ072999.gbk
>_iota_MZ233078.gbk
>_iota_MZ141072.gbk
>_iota_MZ206804.gbk
>_iota_MZ071945.gbk
>_iota_MZ032366.gbk
>_iota_MZ141917.gbk
>_iota_MZ083777.gbk
>_iota_MZ141809.gbk
>_iota_MZ188556.gbk
>_iota_MZ227992.gbk
>_iota_MZ195320.gbk
>_iota_MZ253313.gbk
>_iota_MW976448.gbk
>_iota_MZ491315.1.gbk
>_iota_MZ002345.gbk
>_iota_MW935681.gbk
>_iota_MZ341483.gbk
>_iota_MW975069.gbk
>_iota_MZ153550.gbk
>_iota_MZ085844.gbk
>_iota_MZ390179.gbk
>_iota_MZ086432.gbk
>_iota_MZ166866.gbk
>_iota_MZ213603.gbk
>_iota_MW929801.gbk
>_iota_MZ145466.gbk
>_iota_MW941843.gbk
>_iota_MW729267.gbk
>_iota_MZ267446.gbk
>_iota_MZ371110.gbk
>_iota_MW902904.gbk
>_iota_MZ169605.gbk
>_iota_MZ186068.gbk
>_iota_MZ307722.gbk
>_iota_MZ164292.gbk
>_iota_MZ000859.gbk
>_iota_MZ225762.gbk
>_iota_MZ056438.gbk
>_iota_MZ010891.gbk
>_iota_MZ499186.1.gbk
>_iota_MW991182.gbk
>_iota_MZ140966.gbk
>_iota_MZ181081.gbk
>_iota_MW930103.gbk
>_iota_MZ337119.gbk
>_iota_MZ518524.1.gbk
>_iota_MZ257353.gbk
>_iota_MZ454528.1.gbk
>_iota_MW903686.gbk
>_iota_MZ211686.gbk
>_iota_MW966078.gbk
>_iota_MZ316827.gbk
>_iota_MZ053819.gbk
>_iota_MZ253046.gbk
>_iota_MZ281109.gbk
>_iota_MZ171627.gbk
>_iota_MW891723.gbk
>_iota_MZ025364.gbk
>_iota_MZ167969.gbk
>_iota_MZ009519.gbk
>_iota_MZ260255.gbk
>_iota_MZ252909.gbk
>_iota_MZ199091.gbk
>_iota_MZ372043.gbk
>_iota_MW904260.gbk
>_iota_MW942859.gbk
>_iota_MZ288547.gbk
>_iota_MZ159163.gbk
>_iota_MZ252544.gbk
>_iota_MZ538327.1.gbk
>_iota_MW976386.gbk
>_iota_MZ363248.gbk
>_iota_MW944068.gbk
>_iota_MZ320552.gbk
>_iota_MZ389992.gbk
>_iota_MZ491345.1.gbk
>_iota_MZ085172.gbk
>_iota_MZ341599.gbk
>_iota_MZ498934.1.gbk
>_iota_MW932300.gbk
>_iota_MZ022153.gbk
>_iota_MZ213032.gbk
>_iota_MW975264.gbk
>_iota_MW987363.gbk
>_iota_MW942420.gbk
>_iota_MZ048116.gbk
>_iota_MZ231413.gbk
>_iota_MZ214857.gbk
>_iota_MZ061509.gbk
>_iota_MZ315213.gbk
>_iota_MZ288313.gbk
>_iota_MZ258199.gbk
>_iota_MW990816.gbk
>_iota_MW894251.gbk
>_iota_MZ024304.gbk
>_iota_MZ086037.gbk
>_iota_MZ002917.gbk
>_iota_MZ315963.gbk
>_iota_MW880430.gbk
>_iota_MZ075449.gbk
>_iota_MZ554892.1.gbk
>_iota_MZ180315.gbk
>_iota_MZ140704.gbk
>_iota_MZ023902.gbk
>_iota_MW932131.gbk
>_iota_MZ194289.gbk
>_iota_MZ163456.gbk
>_iota_MZ225914.gbk
>_iota_MW985756.gbk
>_iota_MZ148323.gbk
>_iota_MZ015111.gbk
>_iota_MZ073222.gbk
>_iota_MW985833.gbk
>_iota_MZ061127.gbk
>_iota_MZ283620.gbk
>_iota_MZ000469.gbk
>_iota_MZ072980.gbk
>_iota_MZ061042.gbk
>_iota_MW968742.gbk
>_iota_MW986681.gbk
>_iota_MZ035823.gbk
>_iota_MZ311148.gbk
>_iota_MZ321152.gbk
>_iota_MZ132052.gbk
>_iota_MZ288681.gbk
>_iota_MW987269.gbk
>_iota_MZ071678.gbk
>_iota_MW965108.gbk
>_iota_MZ229053.gbk
>_iota_MZ260766.gbk
>_iota_MZ039315.gbk
>_iota_MZ185723.gbk
>_iota_MZ333304.gbk
>_iota_MW929810.gbk
>_iota_MZ371894.gbk
>_iota_MW944049.gbk
>_iota_MZ035858.gbk
>_iota_MZ240337.gbk
>_iota_MZ358809.gbk
>_iota_MZ279232.gbk
>_iota_MW844190.gbk
>_iota_MZ030476.gbk
>_iota_MZ184971.gbk
>_iota_MZ498062.1.gbk
>_iota_MZ153599.gbk
>_iota_MZ074265.gbk
>_iota_MZ307929.gbk
>_iota_MZ152525.gbk
>_iota_MZ252669.gbk
>_iota_MZ075451.gbk
>_iota_MW891725.gbk
>_iota_MW986482.gbk
>_iota_MZ252805.gbk
>_iota_MZ270318.gbk
>_iota_MZ163566.gbk
>_iota_MZ430805.1.gbk
>_iota_MZ006883.gbk
>_iota_MZ083817.gbk
>_iota_MZ291016.gbk
>_iota_MZ002559.gbk
>_iota_MZ167641.gbk
>_iota_MZ354486.gbk
>_iota_MZ032274.gbk
>_iota_MW987104.gbk
>_iota_MZ180990.gbk
>_iota_MZ256287.gbk
>_iota_MW902697.gbk
>_iota_MZ021727.gbk
>_iota_MZ288179.gbk
>_iota_MZ271771.gbk
>_iota_MZ253369.gbk
>_iota_MZ354419.gbk
>_iota_MW714409.gbk
>_iota_MW891054.gbk
>_iota_MZ035935.gbk
>_iota_MZ064695.gbk
>_iota_MZ499191.1.gbk
>_iota_MZ023956.gbk
>_iota_MZ212044.gbk
>_iota_MZ012926.gbk
>_iota_MZ006390.gbk
>_iota_MZ179805.gbk
>_iota_MZ025461.gbk
>_iota_MZ180970.gbk
>_iota_MZ131460.gbk
>_iota_MZ225913.gbk
>_iota_MZ331153.gbk
>_iota_MW880657.gbk
>_iota_MW882032.gbk
>_iota_MZ213052.gbk
>_iota_MW932597.gbk
>_iota_MZ378231.gbk
>_iota_MZ048505.gbk
>_iota_MZ167622.gbk
>_iota_MZ274541.gbk
>_iota_MW990919.gbk
>_iota_MZ256715.gbk
>_iota_MZ371135.gbk
>_iota_MZ306065.gbk
>_iota_MZ360081.gbk
>_iota_MZ022740.gbk
>_iota_MZ023595.gbk
>_iota_MZ008771.gbk
>_iota_MZ210244.gbk
>_iota_MZ344618.gbk
>_iota_MZ228003.gbk
>_iota_MZ253611.gbk
>_iota_MZ154420.gbk
>_iota_MZ145640.gbk
>_iota_MZ075389.gbk
>_iota_MZ231572.gbk
>_iota_MZ342571.gbk
>_iota_MZ371955.gbk
>_iota_MW966869.gbk
>_iota_MZ084457.gbk
>_iota_MZ530952.1.gbk
>_iota_MZ084520.gbk
>_iota_MZ321165.gbk
>_iota_MZ140398.gbk
>_iota_MZ497775.1.gbk
>_iota_MW915301.gbk
>_iota_MZ296576.gbk
>_iota_MZ054935.gbk
>_iota_MZ140639.gbk
>_iota_MZ036057.gbk
>_iota_MZ132059.gbk
>_iota_MZ282434.gbk
>_iota_MZ375591.gbk
>_iota_MZ290348.gbk
>_iota_MZ310357.gbk
>_iota_MZ035673.gbk
>_iota_MZ022358.gbk
>_iota_MZ023836.gbk
>_iota_MZ000519.gbk
>_iota_MZ449057.1.gbk
>_iota_MW944798.gbk
>_iota_MZ180835.gbk
>_iota_MZ006954.gbk
>_iota_MZ101715.gbk
>_iota_MW959473.gbk
>_iota_MZ101381.gbk
>_iota_MZ179569.gbk
>_iota_MZ271107.gbk
>_iota_MW904347.gbk
>_iota_MZ037155.gbk
>_iota_MZ039116.gbk
>_iota_MZ225719.gbk
>_iota_MW751621.gbk
>_iota_MZ279137.gbk
>_iota_MZ036744.gbk
>_iota_MZ132359.gbk
>_iota_MZ029160.gbk
>_iota_MZ036255.gbk
>_iota_MW959418.gbk
>_iota_MZ253346.gbk
>_iota_MW943104.gbk
>_iota_MZ237912.gbk
>_iota_MW942736.gbk
>_iota_MZ011884.gbk
>_iota_MZ257460.gbk
>_iota_MW975292.gbk
>_iota_MW990507.gbk
>_iota_MZ315256.gbk
>_iota_MZ028913.gbk
>_iota_MZ288199.gbk
>_iota_MZ065186.gbk
>_iota_MW863019.gbk
>_iota_MZ188447.gbk
>_iota_MZ024976.gbk
>_iota_MZ280548.gbk
>_iota_MZ037995.gbk
>_iota_MZ069192.gbk
>_iota_MZ271515.gbk
>_iota_MZ455003.1.gbk
>_iota_MW944797.gbk
>_iota_MZ253622.gbk
>_iota_MZ003901.gbk
>_iota_MZ074470.gbk
>_iota_MZ034981.gbk
>_iota_MZ131314.gbk
>_iota_MW975704.gbk
>_iota_MZ349676.gbk
>_iota_MZ337035.gbk
>_iota_MZ163564.gbk
>_iota_MZ149620.gbk
>_iota_MZ473537.1.gbk
>_iota_MZ499273.1.gbk
>_iota_MW943458.gbk
>_iota_MZ037704.gbk
>_iota_MZ071578.gbk
>_iota_MZ101105.gbk
>_iota_MZ390099.gbk
>_iota_MW904334.gbk
>_iota_MZ035163.gbk
>_iota_MZ194237.gbk
>_iota_MZ227829.gbk
>_iota_MZ132924.gbk
>_iota_MZ142223.gbk
>_iota_MZ308252.gbk
>_iota_MZ228395.gbk
>_iota_MW943563.gbk
>_iota_MZ451500.1.gbk
>_iota_MZ378578.gbk
>_iota_MW943101.gbk
>_iota_MW975759.gbk
>_iota_MW904426.gbk
>_iota_MZ060526.gbk
>_iota_MW976554.gbk
>_iota_MZ082870.gbk
>_iota_MZ257799.gbk
>_iota_MZ009427.gbk
>_iota_MZ164718.gbk
>_iota_MW891423.gbk
>_iota_MW964948.gbk
>_iota_MZ179558.gbk
>_iota_MZ056446.gbk
>_iota_MZ214176.gbk
>_iota_MW904403.gbk
>_iota_MW975729.gbk
>_iota_MZ038072.gbk
>_iota_MZ270322.gbk
>_iota_MZ023380.gbk
>_iota_MZ349170.gbk
>_iota_MZ498237.1.gbk
>_iota_MZ010915.gbk
>_iota_MZ390051.gbk
>_iota_MW890565.gbk
>_iota_MZ075912.gbk
>_iota_MZ226118.gbk
>_iota_MZ212021.gbk
>_iota_MW987162.gbk
>_iota_MZ360528.gbk
>_iota_MZ455702.1.gbk
>_iota_MZ022990.gbk
>_iota_MZ181105.gbk
>_iota_MZ201964.gbk
>_iota_MZ000663.gbk
>_iota_MZ467889.1.gbk
>_iota_MZ075026.gbk
>_iota_MZ256991.gbk
>_iota_MW994702.gbk
>_iota_MZ243453.gbk
>_iota_MZ143055.gbk
>_iota_MZ282567.gbk
>_iota_MZ401940.1.gbk
>_iota_MZ336945.gbk
>_iota_MZ037867.gbk
>_iota_MZ210141.gbk
>_iota_MW966292.gbk
>_iota_MZ101128.gbk
>_iota_MW932053.gbk
>_iota_MZ184815.gbk
>_iota_MW976668.gbk
>_iota_MW894541.gbk
>_iota_MZ009812.gbk
>_iota_MZ011399.gbk
>_iota_MW965920.gbk
>_iota_MZ142513.gbk
>_iota_MW894201.gbk
>_iota_MW944741.gbk
>_iota_MZ321259.gbk
>_iota_MZ145876.gbk
>_iota_MZ254161.gbk
>_iota_MZ432400.1.gbk
>_iota_MZ163464.gbk
>_iota_MZ023975.gbk
>_iota_MZ271439.gbk
>_iota_MZ100180.gbk
>_iota_MZ372058.gbk
>_iota_MZ498905.1.gbk
>_iota_MZ228743.gbk
>_iota_MZ269786.gbk
>_iota_MZ039497.gbk
>_iota_MZ071063.gbk
>_iota_MZ100285.gbk
>_iota_MW976512.gbk
>_iota_MZ034996.gbk
>_iota_MZ342327.gbk
>_iota_MW904369.gbk
>_iota_MZ071825.gbk
>_iota_MZ531259.1.gbk
>_iota_MZ184484.gbk
>_iota_MZ163613.gbk
>_iota_MZ085475.gbk
>_iota_MZ141962.gbk
>_iota_MZ228629.gbk
>_iota_MZ215306.gbk
>_iota_MZ283872.gbk
>_iota_MW969154.gbk
>_iota_MZ279555.gbk
>_iota_MZ340816.gbk
>_iota_MZ015338.gbk
>_iota_MZ477911.1.gbk
>_iota_MZ280550.gbk
>_iota_MZ003003.gbk
>_iota_MZ278229.gbk
>_iota_MZ308026.gbk
>_iota_MZ071750.gbk
>_iota_MZ159077.gbk
>_iota_MW959972.gbk
>_iota_MW975538.gbk
>_iota_MZ023236.gbk
>_iota_MZ259025.gbk
>_iota_MZ354234.gbk
>_iota_MW938319.gbk
>_iota_MZ053946.gbk
>_iota_MZ358769.gbk
>_iota_MW901715.gbk
>_iota_MZ192002.gbk
>_iota_MW966648.gbk
>_iota_MZ024636.gbk
>_iota_MZ498452.1.gbk
>_iota_MZ064809.gbk
>_iota_MW945013.gbk
>_iota_MW968955.gbk
>_iota_MZ187113.gbk
>_iota_MZ049825.gbk
>_iota_MZ180236.gbk
>_iota_MZ153975.gbk
>_iota_MZ316388.gbk
>_iota_MZ085407.gbk
>_iota_MZ371382.gbk
>_iota_MZ083458.gbk
>_iota_MZ213664.gbk
>_iota_MZ021835.gbk
>_iota_MZ035799.gbk
>_iota_MZ211871.gbk
>_iota_MZ212692.gbk
>_iota_MZ451809.1.gbk
>_iota_MW985357.gbk
>_iota_MZ186002.gbk
>_iota_MZ283012.gbk
>_iota_MZ035158.gbk
>_iota_MZ207396.gbk
>_iota_MW763200.gbk
>_iota_MW891418.gbk
>_iota_MZ171110.gbk
>_iota_MZ039161.gbk
>_iota_MZ448678.1.gbk
>_iota_MW975281.gbk
>_iota_MZ316320.gbk
>_iota_MZ371566.gbk
>_iota_MZ012038.gbk
>_iota_MZ046943.gbk
>_iota_MZ171107.gbk
>_iota_MZ390650.gbk
>_iota_MZ154624.gbk
>_iota_MW975653.gbk
>_iota_MZ275174.gbk
>_iota_MZ059295.gbk
>_iota_MZ238609.gbk
>_iota_MZ169584.gbk
>_iota_MZ282787.gbk
>_iota_MZ142541.gbk
>_iota_MZ499908.1.gbk
>_iota_MZ036212.gbk
>_iota_MZ149410.gbk
>_iota_MZ212450.gbk
>_iota_MZ315743.gbk
>_iota_MZ061524.gbk
>_iota_MZ331150.gbk
>_iota_MZ282746.gbk
>_iota_MZ296699.gbk
>_iota_MW938145.gbk
>_iota_MZ056225.gbk
>_iota_MZ164642.gbk
>_iota_MZ059808.gbk
>_iota_MZ217254.gbk
>_iota_MW986481.gbk
>_iota_MZ001721.gbk
>_iota_MZ074197.gbk
>_iota_MW993452.gbk
>_iota_MZ186208.gbk
>_iota_MW931166.gbk
>_iota_MZ294627.gbk
>_iota_MW985185.gbk
>_iota_MW986850.gbk
>_iota_MZ167257.gbk
>_iota_MW890680.gbk
>_iota_MZ259384.gbk
>_iota_MZ013209.gbk
>_iota_MZ414656.1.gbk
>_iota_MZ038475.gbk
>_iota_MZ022842.gbk
>_iota_MZ048420.gbk
>_iota_MZ257295.gbk
>_iota_MZ180694.gbk
>_iota_MZ214449.gbk
>_iota_MZ055943.gbk
>_iota_MZ371215.gbk
>_iota_MW985577.gbk
>_iota_MZ025492.gbk
>_iota_MZ186527.gbk
>_iota_MZ239703.gbk
>_iota_MZ283007.gbk
>_iota_MZ084329.gbk
>_iota_MW963447.gbk
>_iota_MW897608.gbk
>_iota_MZ257873.gbk
>_iota_MZ133059.gbk
>_iota_MZ228066.gbk
>_iota_MW994619.gbk
>_iota_MZ499288.1.gbk
>_iota_MZ281523.gbk
>_iota_MW987332.gbk
>_iota_MZ002083.gbk
>_iota_MZ179471.gbk
>_iota_MZ187528.gbk
>_iota_MZ316089.gbk
>_iota_MZ035141.gbk
>_iota_MZ498451.1.gbk
>_iota_MW994138.gbk
>_iota_MW890554.gbk
>_iota_MW890632.gbk
>_iota_MZ270524.gbk
>_iota_MZ237284.gbk
>_iota_MZ090313.gbk
>_iota_MZ258512.gbk
>_iota_MZ181359.gbk
>_iota_MZ282049.gbk
>_iota_MZ054919.gbk
>_iota_MW984805.gbk
>_iota_MZ260293.gbk
>_iota_MW966095.gbk
>_iota_MW985484.gbk
>_iota_MZ074432.gbk
>_iota_MZ023522.gbk
>_iota_MW976339.gbk
>_iota_MZ002747.gbk
>_iota_MZ039391.gbk
>_iota_MZ002594.gbk
>_iota_MZ035820.gbk
>_iota_MZ153734.gbk
>_iota_MZ024931.gbk
>_iota_MZ274517.gbk
>_iota_MW942623.gbk
>_iota_MZ025622.gbk
>_iota_MZ257587.gbk
>_iota_MZ376529.gbk
>_iota_MZ163470.gbk
>_iota_MZ100873.gbk
>_iota_MZ290698.gbk
>_iota_MZ036972.gbk
>_iota_MW943047.gbk
>_iota_MZ295981.gbk
>_iota_MZ084419.gbk
>_iota_MW890688.gbk
>_iota_MZ228260.gbk
>_iota_MW964906.gbk
>_iota_MZ431895.1.gbk
>_iota_MZ025104.gbk
>_iota_MZ378367.gbk
>_iota_MZ296636.gbk
>_iota_MZ317749.gbk
>_iota_MZ372187.gbk
>_iota_MZ257064.gbk
>_iota_MZ493576.1.gbk
>_iota_MW975899.gbk
>_iota_MZ281553.gbk
>_iota_MZ072926.gbk
>_iota_MZ185957.gbk
>_iota_MZ281029.gbk
>_iota_MZ290516.gbk
>_iota_MW991106.gbk
>_iota_MW941246.gbk
>_iota_MZ097533.gbk
>_iota_MZ064799.gbk
>_iota_MZ163530.gbk
>_iota_MZ467958.1.gbk
>_iota_MZ376130.gbk
>_iota_MW723414.gbk
>_iota_MZ053951.gbk
>_iota_MZ101541.gbk
>_iota_MZ131787.gbk
>_iota_MZ366602.gbk
>_iota_MW891322.gbk
>_iota_MZ497748.1.gbk
>_iota_MZ076301.gbk
>_iota_MZ282708.gbk
>_iota_MW942230.gbk
>_iota_MZ307612.gbk
>_iota_MZ152577.gbk
>_iota_MZ535950.1.gbk
>_iota_MW966602.gbk
>_iota_MZ236533.gbk
>_iota_MW989357.gbk
>_iota_MZ046936.gbk
>_iota_MZ506099.1.gbk
>_iota_MZ185753.gbk
>_iota_MZ025090.gbk
>_iota_MZ058974.gbk
>_iota_MZ307663.gbk
>_iota_MZ164602.gbk
>_iota_MW891140.gbk
>_iota_MW903196.gbk
>_iota_MW963445.gbk
>_iota_MW723428.gbk
>_iota_MZ142422.gbk
>_iota_MZ163386.gbk
>_iota_MZ390247.gbk
>_iota_MW903392.gbk
>_iota_MZ184633.gbk
>_iota_MZ090489.gbk
>_iota_MZ512597.1.gbk
>_iota_MW975021.gbk
>_iota_MW986713.gbk
>_iota_MW931483.gbk
>_iota_MZ390364.gbk
>_iota_MZ180793.gbk
>_iota_MZ253754.gbk
>_iota_MZ538384.1.gbk
>_iota_MZ090530.gbk
>_iota_MZ152543.gbk
>_iota_MZ270470.gbk
>_iota_MZ240062.gbk
>_iota_MZ454986.1.gbk
>_iota_MZ187053.gbk
>_iota_MW976111.gbk
>_iota_MZ278224.gbk
>_iota_MZ073834.gbk
>_iota_MZ386592.gbk
>_iota_MZ142362.gbk
>_iota_MZ167708.gbk
>_iota_MZ163811.gbk
>_iota_MZ500348.1.gbk
>_iota_MW986370.gbk
>_iota_MZ240215.gbk
>_iota_MZ316040.gbk
>_iota_MZ308278.gbk
>_iota_MW963457.gbk
>_iota_MW976477.gbk
>_iota_MZ233368.gbk
>_iota_MZ280421.gbk
>_iota_MZ228212.gbk
>_iota_MZ058172.gbk
>_iota_MW975305.gbk
>_iota_MZ315854.gbk
>_iota_MZ060359.gbk
>_iota_MZ357600.gbk
>_iota_MZ022983.gbk
>_iota_MZ032833.gbk
>_iota_MZ167984.gbk
>_iota_MZ291250.gbk
>_iota_MZ215385.gbk
>_iota_MZ237968.gbk
>_iota_MZ186662.gbk
>_iota_MW993931.gbk
>_iota_MZ072054.gbk
>_iota_MZ142764.gbk
>_iota_MZ398795.1.gbk
>_iota_MZ083569.gbk
>_iota_MW890715.gbk
>_iota_MZ252288.gbk
>_iota_MZ005937.gbk
>_iota_MZ054922.gbk
>_iota_MZ153496.gbk
>_iota_MZ257589.gbk
>_iota_MZ171542.gbk
>_iota_MZ331232.gbk
>_iota_MW986254.gbk
>_iota_MZ306495.gbk
>_iota_MZ030637.gbk
>_iota_MZ037287.gbk
>_iota_MZ086397.gbk
>_iota_MZ386383.gbk
>_iota_MZ307947.gbk
>_iota_MZ390904.gbk
>_iota_MZ195382.gbk
>_iota_MZ531055.1.gbk
>_iota_MW932414.gbk
>_iota_MZ152565.gbk
>_iota_MZ237766.gbk
>_iota_MZ012260.gbk
>_iota_MZ083102.gbk
>_iota_MW976107.gbk
>_iota_MZ143579.gbk
>_iota_MZ143705.gbk
>_iota_MZ316708.gbk
>_iota_MZ498601.1.gbk
>_iota_MW975559.gbk
>_iota_MZ037569.gbk
>_iota_MZ011853.gbk
>_iota_MZ071019.gbk
>_iota_MW969269.gbk
>_iota_MZ498121.1.gbk
>_iota_MZ012048.gbk
>_iota_MW880531.gbk
>_iota_MZ210780.gbk
>_iota_MW975479.gbk
>_iota_MZ090266.gbk
>_iota_MZ438647.1.gbk
>_iota_MZ035364.gbk
>_iota_MW928296.gbk
>_iota_MZ072392.gbk
>_iota_MZ164083.gbk
>_iota_MZ006624.gbk
>_iota_MW724495.gbk
>_iota_MZ084522.gbk
>_iota_MW938221.gbk
>_iota_MZ022894.gbk
>_iota_MZ253980.gbk
>_iota_MZ257426.gbk
>_iota_MW945100.gbk
>_iota_MZ211192.gbk
>_iota_MW903545.gbk
>_iota_MZ133015.gbk
>_iota_MZ258154.gbk
>_iota_MZ179892.gbk
>_iota_MZ186824.gbk
>_iota_MZ294090.gbk
>_iota_MW976655.gbk
>_iota_MZ233255.gbk
>_iota_MW944693.gbk
>_iota_MZ034250.gbk
>_iota_MW941967.gbk
>_iota_MZ186378.gbk
>_iota_MZ100943.gbk
>_iota_MW943963.gbk
>_iota_MW985755.gbk
>_iota_MZ201438.gbk
>_iota_MW931368.gbk
>_iota_MZ202039.gbk
>_iota_MW968560.gbk
>_iota_MW987097.gbk
>_iota_MZ187738.gbk
>_iota_MZ192972.gbk
>_iota_MW888149.gbk
>_iota_MW942662.gbk
>_iota_MW985558.gbk
>_iota_MZ282080.gbk
>_iota_MZ414328.1.gbk
>_iota_MW959399.gbk
>_iota_MZ009252.gbk
>_iota_MZ085436.gbk
>_iota_MZ225795.gbk
>_iota_MZ315713.gbk
>_iota_MZ371241.gbk
>_iota_MW891059.gbk
>_iota_MW945056.gbk
>_iota_MZ253380.gbk
>_iota_MZ283783.gbk
>_iota_MZ271399.gbk
>_iota_MW725747.gbk
>_iota_MZ228785.gbk
>_iota_MW985316.gbk
>_iota_MZ007070.gbk
>_iota_MZ071422.gbk
>_iota_MW987223.gbk
>_iota_MZ035282.gbk
>_iota_MZ005046.gbk
>_iota_MW944052.gbk
>_iota_MZ179899.gbk
>_iota_MZ226129.gbk
>_iota_MZ142442.gbk
>_iota_MZ357627.gbk
>_iota_MZ512974.1.gbk
>_iota_MZ316324.gbk
>_iota_MZ056123.gbk
>_iota_MW793561.gbk
>_iota_MZ009085.gbk
>_iota_MZ225910.gbk
>_iota_MW891219.gbk
>_iota_MZ213436.gbk
>_iota_MZ194938.gbk
>_iota_MZ253067.gbk
>_iota_MW944108.gbk
>_iota_MW903384.gbk
>_iota_MZ537892.1.gbk
>_iota_MZ240247.gbk
>_iota_MW903391.gbk
>_iota_MW940989.gbk
>_iota_MZ257047.gbk
>_iota_MW965883.gbk
>_iota_MZ131483.gbk
>_iota_MZ187870.gbk
>_iota_MZ217470.gbk
>_iota_MZ337159.gbk
>_iota_MW750041.gbk
>_iota_MZ074494.gbk
>_iota_MZ228211.gbk
>_iota_MW959385.gbk
>_iota_MZ188028.gbk
>_iota_MW931227.gbk
>_iota_MZ056410.gbk
>_iota_MZ195065.gbk
>_iota_MZ216936.gbk
>_iota_MW945211.gbk
>_iota_MZ491509.1.gbk
>_iota_MZ011903.gbk
>_iota_MZ035027.gbk
>_iota_MW942529.gbk
>_iota_MW969503.gbk
>_iota_MZ377775.gbk
>_iota_MZ349365.gbk
>_iota_MZ036582.gbk
>_iota_MW941693.gbk
>_iota_MZ060261.gbk
>_iota_MZ163189.gbk
>_iota_MZ410087.1.gbk
>_iota_MZ075533.gbk
>_iota_MZ065024.gbk
>_iota_MZ319251.gbk
>_iota_MZ536906.1.gbk
>_iota_MZ002782.gbk
>_iota_MZ261127.gbk
>_iota_MZ006105.gbk
>_iota_MW987279.gbk
>_iota_MW831671.gbk
>_iota_MZ270949.gbk
>_iota_MZ215282.gbk
>_iota_MZ308269.gbk
>_iota_MZ239841.gbk
>_iota_MZ307685.gbk
>_iota_MZ030235.gbk
>_iota_MZ006561.gbk
>_iota_MZ259033.gbk
>_iota_MW904379.gbk
>_iota_MW725702.gbk
>_iota_MW901685.gbk
>_iota_MW904434.gbk
>_iota_MZ131307.gbk
>_iota_MW945131.gbk
>_iota_MZ316190.gbk
>_iota_MZ060860.gbk
>_iota_MZ025080.gbk
>_iota_MW975135.gbk
>_iota_MZ141580.gbk
>_iota_MZ153770.gbk
>_iota_MZ206428.gbk
>_iota_MZ087968.gbk
>_iota_MZ074869.gbk
>_iota_MW993225.gbk
>_iota_MZ213437.gbk
>_iota_MZ279369.gbk
>_iota_MZ074485.gbk
>_iota_MZ006740.gbk
>_iota_MZ053863.gbk
>_iota_MW902472.gbk
>_iota_MZ060897.gbk
>_iota_MZ492255.1.gbk
>_iota_MZ211251.gbk
>_iota_MZ164048.gbk
>_iota_MZ316287.gbk
>_iota_MW966296.gbk
>_iota_MZ090556.gbk
>_iota_MZ132616.gbk
>_iota_MZ491611.1.gbk
>_iota_MZ023969.gbk
>_iota_MZ284639.gbk
>_iota_MZ321541.gbk
>_iota_MZ225928.gbk
>_iota_MZ099938.gbk
>_iota_MZ038643.gbk
>_iota_MZ272742.gbk
>_iota_MZ493621.1.gbk
>_iota_MZ007020.gbk
>_iota_MZ069611.gbk
>_iota_MZ500430.1.gbk
>_iota_MW903519.gbk
>_iota_MZ045267.gbk
>_iota_MZ160401.gbk
>_iota_MZ257254.gbk
>_iota_MZ011261.gbk
>_iota_MZ257774.gbk
>_iota_MZ196056.gbk
>_iota_MZ161491.gbk
>_iota_MW891400.gbk
>_iota_MZ280838.gbk
>_iota_MZ173113.gbk
>_iota_MZ075217.gbk
>_iota_MZ179510.gbk
>_iota_MZ140564.gbk
>_iota_MZ390012.gbk
>_iota_MZ074217.gbk
>_iota_MZ252200.gbk
>_iota_MZ538084.1.gbk
>_iota_MZ257146.gbk
>_iota_MW959520.gbk
>_iota_MZ153714.gbk
>_iota_MZ283855.gbk
>_iota_MZ271636.gbk
>_iota_MW664409.gbk
>_iota_MW964791.gbk
>_iota_MZ377944.gbk
>_iota_MZ037064.gbk
>_iota_MW986605.gbk
>_iota_MZ076397.gbk
>_iota_MW991198.gbk
>_iota_MZ530227.1.gbk
>_iota_MZ181710.gbk
>_iota_MZ214741.gbk
>_iota_MZ074878.gbk
>_iota_MZ035208.gbk
>_iota_MZ372658.gbk
>_iota_MZ145447.gbk
>_iota_MZ032465.gbk
>_iota_MZ055978.gbk
>_iota_MZ035768.gbk
>_iota_MW902752.gbk
>_iota_MZ194224.gbk
>_iota_MZ288665.gbk
>_iota_MZ156635.gbk
>_iota_MZ342196.gbk
>_iota_MZ497914.1.gbk
>_iota_MW944708.gbk
>_iota_MW985217.gbk
>_iota_MZ159199.gbk
>_iota_MZ062203.gbk
>_iota_MZ181085.gbk
>_iota_MZ076931.gbk
>_iota_MZ376595.gbk
>_iota_MZ378259.gbk
>_iota_MZ012484.gbk
>_iota_MZ181111.gbk
>_iota_MZ060588.gbk
>_iota_MW941966.gbk
>_iota_MZ284553.gbk
>_iota_MW930159.gbk
>_iota_MZ252240.gbk
>_iota_MZ142663.gbk
>_iota_MZ192404.gbk
>_iota_MZ282114.gbk
>_iota_MZ430615.1.gbk
>_iota_MZ257010.gbk
>_iota_MZ163925.gbk
>_iota_MZ257018.gbk
>_iota_MZ158989.gbk
>_iota_MW903864.gbk
>_iota_MZ003044.gbk
>_iota_MZ226300.gbk
>_iota_MZ217867.gbk
>_iota_MW944847.gbk
>_iota_MZ256256.gbk
>_iota_MZ390560.gbk
>_iota_MZ315417.gbk
>_iota_MZ213447.gbk
>_iota_MZ296442.gbk
>_iota_MZ497890.1.gbk
>_iota_MZ194813.gbk
>_iota_MZ212622.gbk
>_iota_MZ283116.gbk
>_iota_MW942455.gbk
>_iota_MW943499.gbk
>_iota_MW969177.gbk
>_iota_MZ217857.gbk
>_iota_MZ239357.gbk
>_iota_MW890743.gbk
>_iota_MW993426.gbk
>_iota_MZ253084.gbk
>_iota_MW976658.gbk
>_iota_MZ153872.gbk
>_iota_MZ389943.gbk
>_iota_MZ024776.gbk
>_iota_MZ471724.1.gbk
>_iota_MZ279470.gbk
>_iota_MW931050.gbk
>_iota_MZ071303.gbk
>_iota_MW985203.gbk
>_iota_MZ187313.gbk
>_iota_MZ253531.gbk
>_iota_MZ308228.gbk
>_iota_MZ195105.gbk
>_iota_MZ500163.1.gbk
>_iota_MZ035945.gbk
>_iota_MW986285.gbk
>_iota_MZ084412.gbk
>_iota_MZ240568.gbk
>_iota_MZ146039.gbk
>_iota_MZ252241.gbk
>_iota_MW944209.gbk
>_iota_MZ101436.gbk
>_iota_MZ030196.gbk
>_iota_MZ245029.gbk
>_iota_MZ321400.gbk
>_iota_MZ279162.gbk
>_iota_MZ401572.1.gbk
>_iota_MZ518543.1.gbk
>_iota_MZ021718.gbk
>_iota_MZ037354.gbk
>_iota_MZ363171.gbk
>_iota_MZ023837.gbk
>_iota_MW945247.gbk
>_iota_MZ271310.gbk
>_iota_MZ307739.gbk
>_iota_MZ291348.gbk
>_iota_MW966713.gbk
>_iota_MW944926.gbk
>_iota_MZ242519.gbk
>_iota_MZ451510.1.gbk
>_iota_MW915150.gbk
>_iota_MZ362470.gbk
>_iota_MZ002969.gbk
>_iota_MZ075358.gbk
>_iota_MZ212058.gbk
>_iota_MZ453809.1.gbk
>_iota_MZ035981.gbk
>_iota_MZ290829.gbk
>_iota_MZ164706.gbk
>_iota_MZ390967.gbk
>_iota_MZ570699.1.gbk
>_iota_MW870728.gbk
>_iota_MZ075362.gbk
>_iota_MZ186239.gbk
>_iota_MW987155.gbk
>_iota_MZ181186.gbk
>_iota_MW880549.gbk
>_iota_MW976543.gbk
>_iota_MZ189539.gbk
>_iota_MW902836.gbk
>_iota_MZ225809.gbk
>_iota_MZ133196.gbk
>_iota_MZ140637.gbk
>_iota_MW966061.gbk
>_iota_MZ283902.gbk
>_iota_MZ372931.gbk
>_iota_MZ030036.gbk
>_iota_MZ253254.gbk
>_iota_MZ008805.gbk
>_iota_MZ072171.gbk
>_iota_MW890735.gbk
>_iota_MZ213833.gbk
>_iota_MZ156007.gbk
>_iota_MZ287996.gbk
>_iota_MZ059949.gbk
>_iota_MZ353823.gbk
>_iota_MZ039078.gbk
>_iota_MZ252452.gbk
>_iota_MZ280233.gbk
>_iota_MZ072176.gbk
>_iota_MZ023520.gbk
>_iota_MZ037991.gbk
>_iota_MZ202020.gbk
>_iota_MZ341703.gbk
>_iota_MW941432.gbk
>_iota_MZ015064.gbk
>_iota_MZ280893.gbk
>_iota_MZ499400.1.gbk
>_iota_MZ266712.gbk
>_iota_MW975748.gbk
>_iota_MZ498928.1.gbk
>_iota_MZ029773.gbk
>_iota_MZ195968.gbk
>_iota_MZ037516.gbk
>_iota_MZ071695.gbk
>_iota_MZ315859.gbk
>_iota_MZ072469.gbk
>_iota_MZ085336.gbk
>_iota_MW892340.gbk
>_iota_MZ085291.gbk
>_iota_MZ171902.gbk
>_iota_MW986174.gbk
>_iota_MZ006474.gbk
>_iota_MZ030071.gbk
>_iota_MZ085728.gbk
>_iota_MZ149810.gbk
>_iota_MZ071441.gbk
>_iota_MW985688.gbk
>_iota_MZ013873.gbk
>_iota_MZ398732.1.gbk
>_iota_MZ539265.1.gbk
>_iota_MZ076039.gbk
>_iota_MW863090.gbk
>_iota_MZ025493.gbk
>_iota_MZ141674.gbk
>_iota_MW938084.gbk
>_iota_MZ368247.gbk
>_iota_MZ331162.gbk
>_iota_MZ083500.gbk
>_iota_MZ155983.gbk
>_iota_MW968367.gbk
>_iota_MW975543.gbk
>_iota_MZ179894.gbk
>_iota_MW975844.gbk
>_iota_MZ034830.gbk
>_iota_MZ180897.gbk
>_iota_MZ533516.1.gbk
>_iota_MW975179.gbk
>_iota_MW993593.gbk
>_iota_MZ337081.gbk
>_iota_MZ553956.1.gbk
>_iota_MW986499.gbk
>_iota_MZ083586.gbk
>_iota_MZ180403.gbk
>_iota_MZ164867.gbk
>_iota_MW820257.gbk
>_iota_MZ025422.gbk
>_iota_MZ143533.gbk
>_iota_MZ258257.gbk
>_iota_MZ141545.gbk
>_iota_MZ181239.gbk
>_iota_MW888058.gbk
>_iota_MZ211037.gbk
>_iota_MW880581.gbk
>_iota_MW943765.gbk
>_iota_MZ470779.1.gbk
>_iota_MZ372975.gbk
>_iota_MZ232520.gbk
>_iota_MZ082909.gbk
>_iota_MZ085977.gbk
>_iota_MZ306683.gbk
>_iota_MZ278945.gbk
>_iota_MZ172720.gbk
>_iota_MZ214919.gbk
>_iota_MZ252595.gbk
>_iota_MZ491048.1.gbk
>_iota_MZ288332.gbk
>_iota_MZ021211.gbk
>_iota_MZ036753.gbk
>_iota_MZ173360.gbk
>_iota_MZ214724.gbk
>_iota_MZ060221.gbk
>_iota_MZ164032.gbk
>_iota_MZ206224.gbk
>_iota_MZ354163.gbk
>_iota_MZ362499.gbk
>_iota_MW902433.gbk
>_iota_MZ024537.gbk
>_iota_MW976012.gbk
>_iota_MZ037517.gbk
>_iota_MZ318997.gbk
>_iota_MZ007076.gbk
>_iota_MZ450020.1.gbk
>_iota_MZ072328.gbk
>_iota_MZ012805.gbk
>_iota_MZ320856.gbk
>_iota_MW944899.gbk
>_iota_MW994227.gbk
>_iota_MZ353838.gbk
>_iota_MZ432392.1.gbk
>_iota_MW988834.gbk
>_iota_MW969305.gbk
>_iota_MZ291030.gbk
>_iota_MZ059125.gbk
>_iota_MW945105.gbk
>_iota_MZ021859.gbk
>_iota_MZ282414.gbk
>_iota_MZ059669.gbk
>_iota_MZ156711.gbk
>_iota_MZ185786.gbk
>_iota_MZ280835.gbk
>_iota_MW897496.gbk
>_iota_MW988637.gbk
>_iota_MZ180341.gbk
>_iota_MZ011886.gbk
>_iota_MZ030176.gbk
>_iota_MZ472117.1.gbk
>_iota_MZ354586.gbk
>_iota_MZ030564.gbk
>_iota_MZ133013.gbk
>_iota_MZ210747.gbk
>_iota_MZ260216.gbk
>_iota_MZ032605.gbk
>_iota_MZ060906.gbk
>_iota_MW945058.gbk
>_iota_MZ278752.gbk
>_iota_MZ023089.gbk
>_iota_MZ316243.gbk
>_iota_MW932102.gbk
>_iota_MZ101690.gbk
>_iota_MZ244551.gbk
>_iota_MZ275197.gbk
>_iota_MZ038704.gbk
>_iota_MZ194884.gbk
>_iota_MW941314.gbk
>_iota_MZ290990.gbk
>_iota_MZ045243.gbk
>_iota_MZ353737.gbk
>_iota_MZ213423.gbk
>_iota_MZ337205.gbk
>_iota_MZ152598.gbk
>_iota_MW966641.gbk
>_iota_MZ493459.1.gbk
>_iota_MZ072192.gbk
>_iota_MZ283389.gbk
>_iota_MZ278859.gbk
>_iota_MZ215111.gbk
>_iota_MZ011848.gbk
>_iota_MZ186861.gbk
>_iota_MZ072648.gbk
>_iota_MZ207739.gbk
>_iota_MZ290764.gbk
>_iota_MZ025097.gbk
>_iota_MZ101296.gbk
>_iota_MZ252453.gbk
>_iota_MW944364.gbk
>_iota_MZ064676.gbk
>_iota_MW902945.gbk
>_iota_MZ376143.gbk
>_iota_MW975342.gbk
>_iota_MZ029976.gbk
>_iota_MZ164739.gbk
>_iota_MW975592.gbk
>_iota_MZ187380.gbk
>_iota_MZ344623.gbk
>_iota_MZ210699.gbk
>_iota_MZ259407.gbk
>_iota_MZ372823.gbk
>_iota_MZ025288.gbk
>_iota_MW891819.gbk
>_iota_MW975406.gbk
>_iota_MZ237252.gbk
>_iota_MW880415.gbk
>_iota_MZ188600.gbk
>_iota_MZ282577.gbk
>_iota_MZ538042.1.gbk
>_iota_MZ029912.gbk
>_iota_MZ210640.gbk
>_iota_MZ193128.gbk
>_iota_MZ060629.gbk
>_iota_MZ499378.1.gbk
>_iota_MZ455016.1.gbk
>_iota_MZ257771.gbk
>_iota_MZ278817.gbk
>_iota_MZ372919.gbk
>_iota_MZ259282.gbk
>_iota_MZ430921.1.gbk
>_iota_MZ254194.gbk
>_iota_MZ100767.gbk
>_iota_MZ083921.gbk
>_iota_MZ133099.gbk
>_iota_MZ497916.1.gbk
>_iota_MZ045282.gbk
>_iota_MZ055974.gbk
>_iota_MW942569.gbk
>_iota_MZ497939.1.gbk
>_iota_MZ351825.gbk
>_iota_MZ213456.gbk
>_iota_MZ306777.gbk
>_iota_MZ237532.gbk
>_iota_MZ038765.gbk
>_iota_MZ261405.gbk
>_iota_MZ376184.gbk
>_iota_MZ215360.gbk
>_iota_MZ304899.gbk
>_iota_MW932165.gbk
>_iota_MZ212737.gbk
>_iota_MZ282865.gbk
>_iota_MZ084957.gbk
>_iota_MZ132826.gbk
>_iota_MZ090274.gbk
>_iota_MZ212397.gbk
>_iota_MZ283454.gbk
>_iota_MW915129.gbk
>_iota_MZ075360.gbk
>_iota_MZ160278.gbk
>_iota_MZ311064.gbk
>_iota_MZ331033.gbk
>_iota_MZ009529.gbk
>_iota_MZ210298.gbk
>_iota_MZ357563.gbk
>_iota_MZ013768.gbk
>_iota_MZ086653.gbk
>_iota_MZ278053.gbk
>_iota_MW994307.gbk
>_iota_MZ100109.gbk
>_iota_MZ007234.gbk
>_iota_MZ007057.gbk
>_iota_MZ035073.gbk
>_iota_MZ316965.gbk
>_iota_MZ009771.gbk
>_iota_MZ163359.gbk
>_iota_MZ240028.gbk
>_iota_MZ022741.gbk
>_iota_MZ024516.gbk
>_iota_MZ085285.gbk
>_iota_MW987026.gbk
>_iota_MZ164814.gbk
>_iota_MZ454470.1.gbk
>_iota_MZ210855.gbk
>_iota_MW904462.gbk
>_iota_MZ228711.gbk
>_iota_MZ025683.gbk
>_iota_MW943892.gbk
>_iota_MZ214927.gbk
>_iota_MZ140616.gbk
>_iota_MW986426.gbk
>_iota_MZ201796.gbk
>_iota_MZ450749.1.gbk
>_iota_MZ410099.1.gbk
>_iota_MZ532284.1.gbk
>_iota_MZ283560.gbk
>_iota_MZ131847.gbk
>_iota_MW904469.gbk
>_iota_MZ035042.gbk
>_iota_MZ260508.gbk
>_iota_MZ308014.gbk
>_iota_MW966828.gbk
>_iota_MW986815.gbk
>_iota_MZ161575.gbk
>_iota_MZ253204.gbk
>_iota_MW985491.gbk
>_iota_MZ237787.gbk
>_iota_MZ011346.gbk
>_iota_MZ056431.gbk
>_iota_MZ440624.1.gbk
>_iota_MZ100398.gbk
>_iota_MZ341575.gbk
>_iota_MW968755.gbk
>_iota_MW972336.gbk
>_iota_MZ282455.gbk
>_iota_MZ002880.gbk
>_iota_MW967521.gbk
>_iota_MW976181.gbk
>_iota_MZ291141.gbk
>_iota_MZ390370.gbk
>_iota_MZ082234.gbk
>_iota_MZ349236.gbk
>_iota_MZ036370.gbk
>_iota_MW931369.gbk
>_iota_MZ038882.gbk
>_iota_MW944050.gbk
>_iota_MZ214865.gbk
>_iota_MZ179661.gbk
>_iota_MZ308181.gbk
>_iota_MZ240001.gbk
>_iota_MZ076063.gbk
>_iota_MZ074238.gbk
>_iota_MZ186465.gbk
>_iota_MZ201784.gbk
>_iota_MZ002339.gbk
>_iota_MZ053667.gbk
>_iota_MZ258169.gbk
>_iota_MZ341819.gbk
>_iota_MW968293.gbk
>_iota_MZ152409.gbk
>_iota_MZ170580.gbk
>_iota_MW901875.gbk
>_iota_MZ278956.gbk
>_iota_MZ060477.gbk
>_iota_MZ455233.1.gbk
>_iota_MZ282629.gbk
>_iota_MW945089.gbk
>_iota_MZ398810.1.gbk
>_iota_MZ257268.gbk
>_iota_MZ290694.gbk
>_iota_MW793558.gbk
>_iota_MW901707.gbk
>_iota_MZ083763.gbk
>_iota_MZ181095.gbk
>_iota_MZ156701.gbk
>_iota_MZ083797.gbk
>_iota_MZ033149.gbk
>_iota_MZ173020.gbk
>_iota_MZ163302.gbk
>_iota_MZ030490.gbk
>_iota_MZ390750.gbk
>_iota_MZ167018.gbk
>_iota_MZ371994.gbk
>_iota_MZ172993.gbk
>_iota_MZ180529.gbk
>_iota_MZ006771.gbk
>_iota_MZ498613.1.gbk
>_iota_MZ140918.gbk
>_iota_MW968996.gbk
>_iota_MZ184759.gbk
>_iota_MW892206.gbk
>_iota_MZ231516.gbk
>_iota_MZ213270.gbk
>_iota_MZ201886.gbk
>_iota_MZ207330.gbk
>_iota_MZ006709.gbk
>_iota_MW975088.gbk
>_iota_MZ173418.gbk
>_iota_MW945155.gbk
>_iota_MZ145878.gbk
>_iota_MZ498835.1.gbk
>_iota_MZ059520.gbk
>_iota_MZ159004.gbk
>_iota_MZ231383.gbk
>_iota_MZ153951.gbk
>_iota_MZ258561.gbk
>_iota_MZ282589.gbk
>_iota_MW903754.gbk
>_iota_MZ032781.gbk
>_iota_MW943953.gbk
>_iota_MZ154084.gbk
>_iota_MW891558.gbk
>_iota_MZ033206.gbk
>_iota_MW935713.gbk
>_iota_MZ141704.gbk
>_iota_MZ288320.gbk
>_iota_MZ039430.gbk
>_iota_MZ337275.gbk
>_iota_MW944818.gbk
>_iota_MZ317822.gbk
>_iota_MW904253.gbk
>_iota_MZ210637.gbk
>_iota_MZ193314.gbk
>_iota_MZ143141.gbk
>_iota_MZ179353.gbk
>_iota_MZ282747.gbk
>_iota_MZ228175.gbk
>_iota_MZ179556.gbk
>_iota_MZ500412.1.gbk
>_iota_MZ210082.gbk
>_iota_MW945192.gbk
>_iota_MW894045.gbk
>_iota_MZ342685.gbk
>_iota_MW891344.gbk
>_iota_MZ036240.gbk
>_iota_MZ498564.1.gbk
>_iota_MZ082178.gbk
>_iota_MZ511523.1.gbk
>_iota_MZ390541.gbk
>_iota_MW994110.gbk
>_iota_MZ181217.gbk
>_iota_MZ343578.gbk
>_iota_MW985826.gbk
>_iota_MZ173181.gbk
>_iota_MZ337257.gbk
>_iota_MZ268285.gbk
>_iota_MZ491736.1.gbk
>_iota_MZ161259.gbk
>_iota_MW976765.gbk
>_iota_MZ141632.gbk
>_iota_MZ149794.gbk
>_iota_MZ086382.gbk
>_iota_MZ316315.gbk
>_iota_MZ154416.gbk
>_iota_MZ062135.gbk
>_iota_MZ278648.gbk
>_iota_MW959433.gbk
>_iota_MZ405193.1.gbk
>_iota_MZ226386.gbk
>_iota_MZ055066.gbk
>_iota_MZ533207.1.gbk
>_iota_MW966235.gbk
>_iota_MZ295414.gbk
>_iota_MZ075885.gbk
>_iota_MZ173059.gbk
>_iota_MZ140419.gbk
>_iota_MW987257.gbk
>_iota_MZ195944.gbk
>_iota_MZ450277.1.gbk
>_iota_MZ512807.1.gbk
>_iota_MW931452.gbk
>_iota_MZ062114.gbk
>_iota_MW750075.gbk
>_iota_MZ084051.gbk
>_iota_MW994326.gbk
>_iota_MZ290312.gbk
>_iota_MZ179579.gbk
>_iota_MZ317771.gbk
>_iota_MZ257614.gbk
>_iota_MZ294171.gbk
>_iota_MW894347.gbk
>_iota_MW892332.gbk
>_iota_MW942327.gbk
>_iota_MZ531481.1.gbk
>_iota_MZ512791.1.gbk
>_iota_MZ259039.gbk
>_iota_MZ021088.gbk
>_iota_MZ184845.gbk
>_iota_MZ064960.gbk
>_iota_MZ069193.gbk
>_iota_MZ101037.gbk
>_iota_MZ566075.1.gbk
>_iota_MZ025677.gbk
>_iota_MZ212809.gbk
>_iota_MZ384359.gbk
>_iota_MZ295325.gbk
>_iota_MZ086121.gbk
>_iota_MW931217.gbk
>_iota_MZ315961.gbk
>_iota_MZ491737.1.gbk
>_iota_MZ307977.gbk
>_iota_MZ283303.gbk
>_iota_MZ279620.gbk
>_iota_MZ022830.gbk
>_iota_MZ037947.gbk
>_iota_MZ045367.gbk
>_iota_MZ048040.gbk
>_iota_MZ252562.gbk
>_iota_MZ226290.gbk
>_iota_MZ288680.gbk
>_iota_MW943805.gbk
>_iota_MW930132.gbk
>_iota_MW943985.gbk
>_iota_MW943277.gbk
>_iota_MZ003045.gbk
>_iota_MZ306570.gbk
>_iota_MZ166718.gbk
>_iota_MW891047.gbk
>_iota_MW891119.gbk
>_iota_MW931464.gbk
>_iota_MZ054047.gbk
>_iota_MZ257314.gbk
>_iota_MZ006027.gbk
>_iota_MZ034375.gbk
>_iota_MZ039195.gbk
>_iota_MZ425110.1.gbk
>_iota_MZ195415.gbk
>_iota_MW992871.gbk
>_iota_MZ294486.gbk
>_iota_MZ363292.gbk
>_iota_MZ009005.gbk
>_iota_MZ086127.gbk
>_iota_MZ315250.gbk
>_iota_MW931501.gbk
>_iota_MZ090502.gbk
>_iota_MW943292.gbk
>_iota_MZ390293.gbk
>_iota_MZ030018.gbk
>_iota_MW990970.gbk
>_iota_MW931043.gbk
>_iota_MZ215485.gbk
>_iota_MW929945.gbk
>_iota_MZ240511.gbk
>_iota_MZ304883.gbk
>_iota_MZ163769.gbk
>_iota_MZ280058.gbk
>_iota_MZ152514.gbk
>_iota_MZ450321.1.gbk
>_iota_MZ056364.gbk
>_iota_MZ349520.gbk
>_iota_MZ072369.gbk
>_iota_MZ140413.gbk
>_iota_MZ164298.gbk
>_iota_MZ184589.gbk
>_iota_MZ308420.gbk
>_iota_MZ101429.gbk
>_iota_MZ371613.gbk
>_iota_MZ360842.gbk
>_iota_MW904293.gbk
>_iota_MZ002341.gbk
>_iota_MZ212546.gbk
>_iota_MZ186611.gbk
>_iota_MW891559.gbk
>_iota_MZ296459.gbk
>_iota_MZ039307.gbk
>_iota_MZ142433.gbk
>_iota_MZ024685.gbk
>_iota_MW904216.gbk
>_iota_MZ186914.gbk
>_iota_MZ102032.gbk
>_iota_MZ152622.gbk
>_iota_MZ180333.gbk
>_iota_MZ158878.gbk
>_iota_MZ278744.gbk
>_iota_MZ002911.gbk
>_iota_MZ358576.gbk
>_iota_MW941744.gbk
>_iota_MZ076128.gbk
>_iota_MZ038181.gbk
>_iota_MZ074506.gbk
>_iota_MZ342523.gbk
>_iota_MW891110.gbk
>_iota_MZ238513.gbk
>_iota_MZ288329.gbk
>_iota_MW989363.gbk
>_iota_MZ140740.gbk
>_iota_MZ217480.gbk
>_iota_MZ060434.gbk
>_iota_MZ240346.gbk
>_iota_MZ180166.gbk
>_iota_MZ390823.gbk
>_iota_MZ082869.gbk
>_iota_MZ165990.gbk
>_iota_MZ167868.gbk
>_iota_MZ062127.gbk
>_iota_MZ074069.gbk
>_iota_MZ187542.gbk
>_iota_MZ268307.gbk
>_iota_MZ281674.gbk
>_iota_MW944600.gbk
>_iota_MZ073540.gbk
>_iota_MZ163204.gbk
>_iota_MZ064718.gbk
>_iota_MZ378212.gbk
>_iota_MZ002746.gbk
>_iota_MZ023684.gbk
>_iota_MZ154137.gbk
>_iota_MZ271081.gbk
>_iota_MZ371484.gbk
>_iota_MZ030296.gbk
>_iota_MZ059055.gbk
>_iota_MW986476.gbk
>_iota_MZ001127.gbk
>_iota_MZ090325.gbk
>_iota_MZ173392.gbk
>_iota_MZ336995.gbk
>_iota_MZ306106.gbk
>_iota_MZ212214.gbk
>_iota_MZ184623.gbk
>_iota_MW897652.gbk
>_iota_MZ039824.gbk
>_iota_MZ161475.gbk
>_iota_MW990701.gbk
>_iota_MZ035537.gbk
>_iota_MZ402326.1.gbk
>_iota_MZ233389.gbk
>_iota_MW989172.gbk
>_iota_MZ259201.gbk
>_iota_MZ360136.gbk
>_iota_MZ497578.1.gbk
>_iota_MZ411922.1.gbk
>_iota_MZ264896.gbk
>_iota_MZ331021.gbk
>_iota_MZ390794.gbk
>_iota_MZ025682.gbk
>_iota_MW907371.gbk
>_iota_MZ497631.1.gbk
>_iota_MZ015469.gbk
>_iota_MZ156633.gbk
>_iota_MZ535036.1.gbk
>_iota_MZ288250.gbk
>_iota_MZ170593.gbk
>_iota_MZ032296.gbk
>_iota_MZ001158.gbk
>_iota_MW966795.gbk
>_iota_MW992820.gbk
>_iota_MZ180252.gbk
>_iota_MZ261038.gbk
>_iota_MZ236334.gbk
>_iota_MZ245049.gbk
>_iota_MZ500786.1.gbk
>_iota_MZ256651.gbk
>_iota_MZ498900.1.gbk
>_iota_MW990525.gbk
>_iota_MW931415.gbk
>_iota_MZ060818.gbk
>_iota_MZ186645.gbk
>_iota_MZ386266.gbk
>_iota_MZ202431.gbk
>_iota_MW897514.gbk
>_iota_MZ074766.gbk
>_iota_MZ163216.gbk
>_iota_MZ024675.gbk
>_iota_MZ211949.gbk
>_iota_MZ372120.gbk
>_iota_MZ388263.gbk
>_iota_MZ035015.gbk
>_iota_MZ053901.gbk
>_iota_MZ211700.gbk
>_iota_MZ025380.gbk
>_iota_MZ233349.gbk
>_iota_MZ214261.gbk
>_iota_MW987093.gbk
>_iota_MZ337121.gbk
>_iota_MZ451457.1.gbk
>_iota_MZ180334.gbk
>_iota_MZ166939.gbk
>_iota_MZ213069.gbk
>_iota_MZ436519.1.gbk
>_iota_MZ181736.gbk
>_iota_MZ211639.gbk
>_iota_MZ075227.gbk
>_iota_MW901848.gbk
>_iota_MZ186898.gbk
>_iota_MZ161247.gbk
>_iota_MZ378612.gbk
>_iota_MW985889.gbk
>_iota_MZ075239.gbk
>_iota_MZ059713.gbk
>_iota_MW880567.gbk
>_iota_MZ432358.1.gbk
>_iota_MW929986.gbk
>_iota_MZ260274.gbk
>_iota_MZ296562.gbk
>_iota_MW772423.gbk
>_iota_MZ100756.gbk
>_iota_MW986106.gbk
>_iota_MZ085205.gbk
>_iota_MZ260348.gbk
>_iota_MW931147.gbk
>_iota_MZ253336.gbk
>_iota_MW985266.gbk
>_iota_MZ023687.gbk
>_iota_MW965919.gbk
>_iota_MZ358675.gbk
>_iota_MZ072619.gbk
>_iota_MZ100079.gbk
>_iota_MZ340965.gbk
>_iota_MZ181075.gbk
>_iota_MW938317.gbk
>_iota_MZ343604.gbk
>_iota_MW976490.gbk
>_iota_MZ154141.gbk
>_iota_MW993158.gbk
>_iota_MZ191928.gbk
>_iota_MZ021002.gbk
>_iota_MZ213129.gbk
>_iota_MZ283820.gbk
>_iota_MW942365.gbk
>_iota_MW967769.gbk
>_iota_MZ253279.gbk
>_iota_MZ493497.1.gbk
>_iota_MW944244.gbk
>_iota_MZ030228.gbk
>_iota_MZ086480.gbk
>_iota_MZ237774.gbk
>_iota_MZ022243.gbk
>_iota_MZ100620.gbk
>_iota_MZ184417.gbk
>_iota_MZ152631.gbk
>_iota_MZ217305.gbk
>_iota_MZ275147.gbk
>_iota_MZ084508.gbk
>_iota_MZ307757.gbk
>_iota_MZ237357.gbk
>_iota_MZ311507.gbk
>_iota_MW944139.gbk
>_iota_MW944270.gbk
>_iota_MZ257577.gbk
>_iota_MZ451443.1.gbk
>_iota_MW944795.gbk
>_iota_MZ476120.1.gbk
>_iota_MW915275.gbk
>_iota_MZ037849.gbk
>_iota_MZ321460.gbk
>_iota_MZ349296.gbk
>_iota_MZ000898.gbk
>_iota_MZ167912.gbk
>_iota_MZ002235.gbk
>_iota_MZ164621.gbk
>_iota_MZ059106.gbk
>_iota_MZ555209.1.gbk
>_iota_MZ000652.gbk
>_iota_MZ195212.gbk
>_iota_MZ187405.gbk
>_iota_MW944920.gbk
>_iota_MW944808.gbk
>_iota_MZ071440.gbk
>_iota_MZ211542.gbk
>_iota_MZ029207.gbk
>_iota_MZ143763.gbk
>_iota_MZ164261.gbk
>_iota_MZ253311.gbk
>_iota_MW880633.gbk
>_iota_MW891822.gbk
>_iota_MZ038522.gbk
>_iota_MZ539278.1.gbk
>_iota_MZ288683.gbk
>_iota_MZ500831.1.gbk
>_iota_MW901497.gbk
>_iota_MZ455912.1.gbk
>_iota_MW890665.gbk
>_iota_MZ291310.gbk
>_iota_MZ023216.gbk
>_iota_MZ279634.gbk
>_iota_MZ319328.gbk
>_iota_MW945081.gbk
>_iota_MZ207727.gbk
>_iota_MZ022838.gbk
>_iota_MZ194030.gbk
>_iota_MZ317830.gbk
>_iota_MZ037703.gbk
>_iota_MZ071191.gbk
>_iota_MW994875.gbk
>_iota_MZ288154.gbk
>_iota_MZ076071.gbk
>_iota_MZ538801.1.gbk
>_iota_MZ187993.gbk
>_iota_MZ518260.1.gbk
>_iota_MZ290998.gbk
>_iota_MZ290322.gbk
>_iota_MZ315681.gbk
>_iota_MZ023890.gbk
>_iota_MZ167081.gbk
>_iota_MZ001829.gbk
>_iota_MZ072286.gbk
>_iota_MZ295861.gbk
>_iota_MZ055931.gbk
>_iota_MZ217432.gbk
>_iota_MW944452.gbk
>_iota_MW897594.gbk
>_iota_MW992819.gbk
>_iota_MZ278851.gbk
>_iota_MZ342555.gbk
>_iota_MZ471711.1.gbk
>_iota_MZ068520.gbk
>_iota_MZ306407.gbk
>_iota_MZ282875.gbk
>_iota_MZ212077.gbk
>_iota_MW880582.gbk
>_iota_MZ060623.gbk
>_iota_MZ061434.gbk
>_iota_MZ433160.1.gbk
>_iota_MW891431.gbk
>_iota_MZ566426.1.gbk
>_iota_MW975111.gbk
>_iota_MZ013788.gbk
>_iota_MZ279194.gbk
>_iota_MZ032411.gbk
>_iota_MZ164779.gbk
>_iota_MZ181660.gbk
>_iota_MZ337092.gbk
>_iota_MZ497824.1.gbk
>_iota_MW880316.gbk
>_iota_MZ194557.gbk
>_iota_MZ308324.gbk
>_iota_MZ056379.gbk
>_iota_MZ281996.gbk
>_iota_MZ433999.1.gbk
>_iota_MZ086527.gbk
>_iota_MZ358534.gbk
>_iota_MZ064702.gbk
>_iota_MZ060290.gbk
>_iota_MZ343609.gbk
>_iota_MZ071590.gbk
>_iota_MZ349616.gbk
>_iota_MW985011.gbk
>_iota_MZ030276.gbk
>_iota_MZ390623.gbk
>_iota_MZ237408.gbk
>_iota_MZ278219.gbk
>_iota_MZ451505.1.gbk
>_iota_MZ060675.gbk
>_iota_MZ239653.gbk
>_iota_MZ284799.gbk
>_iota_MZ279221.gbk
>_iota_MZ354488.gbk
>_iota_MZ191449.gbk
>_iota_MZ075645.gbk
>_iota_MZ100395.gbk
>_iota_MZ152559.gbk
>_iota_MZ256074.gbk
>_iota_MW976045.gbk
>_iota_MW990472.gbk
>_iota_MZ279458.gbk
>_iota_MZ039231.gbk
>_iota_MZ217469.gbk
>_iota_MZ068803.gbk
>_iota_MZ226021.gbk
>_iota_MZ053740.gbk
>_iota_MZ256524.gbk
>_iota_MZ243409.gbk
>_iota_MZ333290.gbk
>_iota_MZ071279.gbk
>_iota_MZ145770.gbk
>_iota_MZ085173.gbk
>_iota_MZ085747.gbk
>_iota_MZ213151.gbk
>_iota_MZ173274.gbk
>_iota_MZ257267.gbk
>_iota_MZ343748.gbk
>_iota_MZ216953.gbk
>_iota_MZ512772.1.gbk
>_iota_MZ032682.gbk
>_iota_MZ034812.gbk
>_iota_MZ141320.gbk
>_iota_MZ257178.gbk
>_iota_MZ056193.gbk
>_iota_MZ195063.gbk
>_iota_MW976743.gbk
>_iota_MZ256272.gbk
>_iota_MZ210347.gbk
>_iota_MZ005001.gbk
>_iota_MZ454534.1.gbk
>_iota_MZ037874.gbk
>_iota_MZ084100.gbk
>_iota_MZ366562.gbk
>_iota_MW930151.gbk
>_iota_MZ282876.gbk
>_iota_MZ185598.gbk
>_iota_MZ159204.gbk
>_iota_MZ194477.gbk
>_iota_MZ229021.gbk
>_iota_MZ236988.gbk
>_iota_MZ029815.gbk
>_iota_MZ141787.gbk
>_iota_MZ075911.gbk
>_iota_MZ195751.gbk
>_iota_MW880414.gbk
>_iota_MW976605.gbk
>_iota_MZ498944.1.gbk
>_iota_MZ032665.gbk
>_iota_MZ316919.gbk
>_iota_MZ401837.1.gbk
>_iota_MZ179467.gbk
>_iota_MZ131752.gbk
>_iota_MZ212409.gbk
>_iota_MZ462737.1.gbk
>_iota_MZ329316.gbk
>_iota_MZ282142.gbk
>_iota_MZ195348.gbk
>_iota_MW989947.gbk
>_iota_MZ001193.gbk
>_iota_MZ217214.gbk
>_iota_MW929964.gbk
>_iota_MW904184.gbk
>_iota_MZ294776.gbk
>_iota_MW796984.gbk
>_iota_MZ000564.gbk
>_iota_MZ025903.gbk
>_iota_MZ168453.gbk
>_iota_MZ228323.gbk
>_iota_MZ100603.gbk
>_iota_MZ321240.gbk
>_iota_MZ390207.gbk
>_iota_MZ288269.gbk
>_iota_MZ377983.gbk
>_iota_MZ100160.gbk
>_iota_MZ184504.gbk
>_iota_MZ048149.gbk
>_iota_MZ257993.gbk
>_iota_MW976541.gbk
>_iota_MZ316971.gbk
>_iota_MZ082529.gbk
>_iota_MZ102237.gbk
>_iota_MW880443.gbk
>_iota_MW942456.gbk
>_iota_MW942832.gbk
>_iota_MZ085593.gbk
>_iota_MZ215361.gbk
>_iota_MZ201690.gbk
>_iota_MZ256899.gbk
>_iota_MZ024385.gbk
>_iota_MZ253527.gbk
>_iota_MW944280.gbk
>_iota_MZ142446.gbk
>_iota_MZ009470.gbk
>_iota_MZ083015.gbk
>_iota_MZ414912.1.gbk
>_iota_MZ045154.gbk
>_iota_MZ257430.gbk
>_iota_MZ101313.gbk
>_iota_MZ163591.gbk
>_iota_MZ186572.gbk
>_iota_MW974982.gbk
>_iota_MW975395.gbk
>_iota_MZ084830.gbk
>_iota_MZ163263.gbk
>_iota_MZ167951.gbk
>_iota_MZ207298.gbk
>_iota_MZ037007.gbk
>_iota_MZ037433.gbk
>_iota_MZ023780.gbk
>_iota_MZ294273.gbk
>_iota_MZ260040.gbk
>_iota_MZ283364.gbk
>_iota_MZ059831.gbk
>_iota_MZ102234.gbk
>_iota_MZ286757.gbk
>_iota_MZ239114.gbk
>_iota_MZ315587.gbk
>_iota_MZ282236.gbk
>_iota_MW897513.gbk
>_iota_MZ187962.gbk
>_iota_MW945062.gbk
>_iota_MZ069400.gbk
>_iota_MZ195931.gbk
>_iota_MW966916.gbk
>_iota_MZ143841.gbk
>_iota_MZ253231.gbk
>_iota_MZ195688.gbk
>_iota_MW903367.gbk
>_iota_MW943503.gbk
>_iota_MW986182.gbk
>_iota_MZ358510.gbk
>_iota_MZ253306.gbk
>_iota_MZ414715.1.gbk
>_iota_MW890740.gbk
>_iota_MZ085094.gbk
>_iota_MZ212076.gbk
>_iota_MZ286741.gbk
>_iota_MZ100420.gbk
>_iota_MW931004.gbk
>_iota_MZ530442.1.gbk
>_iota_MW943391.gbk
>_iota_MW990759.gbk
>_iota_MZ009380.gbk
>_iota_MZ003909.gbk
>_iota_MZ011097.gbk
>_iota_MZ061267.gbk
>_iota_MZ511619.1.gbk
>_iota_MW881996.gbk
>_iota_MZ371796.gbk
>_iota_MW904255.gbk
>_iota_MZ061233.gbk
>_iota_MZ280283.gbk
>_iota_MZ414522.1.gbk
>_iota_MZ275027.gbk
>_iota_MZ212227.gbk
>_iota_MZ306615.gbk
>_iota_MZ003641.gbk
>_iota_MZ100645.gbk
>_iota_MZ132613.gbk
>_iota_MZ131342.gbk
>_iota_MZ000281.gbk
>_iota_MZ059847.gbk
>_iota_MZ288245.gbk
>_iota_MZ287997.gbk
>_iota_MZ065042.gbk
>_iota_MW987277.gbk
>_iota_MZ288142.gbk
>_iota_MZ451501.1.gbk
>_iota_MZ011184.gbk
>_iota_MZ101433.gbk
>_iota_MZ180814.gbk
>_iota_MZ512945.1.gbk
>_iota_MZ378641.gbk
>_iota_MZ500161.1.gbk
>_iota_MZ181237.gbk
>_iota_MZ100763.gbk
>_iota_MZ195165.gbk
>_iota_MZ415185.1.gbk
>_iota_MZ097535.gbk
>_iota_MW994599.gbk
>_iota_MZ061235.gbk
>_iota_MZ320788.gbk
>_iota_MW890712.gbk
>_iota_MZ239894.gbk
>_iota_MZ253324.gbk
>_iota_MZ253037.gbk
>_iota_MZ022932.gbk
>_iota_MZ361926.gbk
>_iota_MZ244715.gbk
>_iota_MW892334.gbk
>_iota_MZ001499.gbk
>_iota_MZ143169.gbk
>_iota_MW892092.gbk
>_iota_MW969424.gbk
>_iota_MZ085578.gbk
>_iota_MZ141961.gbk
>_iota_MZ034901.gbk
>_iota_MZ307492.gbk
>_iota_MW938223.gbk
>_iota_MZ035993.gbk
>_iota_MW943006.gbk
>_iota_MZ256388.gbk
>_iota_MZ131422.gbk
>_iota_MW931349.gbk
>_iota_MZ015122.gbk
>_iota_MZ023181.gbk
>_iota_MZ237735.gbk
>_iota_MZ071748.gbk
>_iota_MZ152547.gbk
>_iota_MZ090553.gbk
>_iota_MZ254321.gbk
>_iota_MZ082818.gbk
>_iota_MW941904.gbk
>_iota_MZ390516.gbk
>_iota_MW966538.gbk
>_iota_MZ029805.gbk
>_iota_MW942883.gbk
>_iota_MZ201375.gbk
>_iota_MW892014.gbk
>_iota_MW975224.gbk
>_iota_MZ498664.1.gbk
>_iota_MZ141649.gbk
>_iota_MW993490.gbk
>_iota_MZ212159.gbk
>_iota_MW986845.gbk
>_iota_MW944857.gbk
>_iota_MZ059905.gbk
>_iota_MZ186388.gbk
>_iota_MZ186768.gbk
>_iota_MZ100925.gbk
>_iota_MZ161428.gbk
>_iota_MZ376446.gbk
>_iota_MZ280830.gbk
>_iota_MZ195585.gbk
>_iota_MZ141790.gbk
>_iota_MZ337328.gbk
>_iota_MZ537905.1.gbk
>_iota_MZ186684.gbk
>_iota_MZ228001.gbk
>_iota_MZ070735.gbk
>_iota_MZ315844.gbk
>_iota_MW942247.gbk
>_iota_MZ060324.gbk
>_iota_MW903909.gbk
>_iota_MZ214566.gbk
>_iota_MZ290900.gbk
>_iota_MZ500952.1.gbk
>_iota_MZ213687.gbk
>_iota_MZ228318.gbk
>_iota_MZ349299.gbk
>_iota_MW938220.gbk
>_iota_MZ085480.gbk
>_iota_MZ060184.gbk
>_iota_MZ555412.1.gbk
>_iota_MZ232376.gbk
>_iota_MZ271117.gbk
>_iota_MW986516.gbk
>_iota_MZ007180.gbk
>_iota_MZ164130.gbk
>_iota_MW891388.gbk
>_iota_MZ279082.gbk
>_iota_MZ493679.1.gbk
>_iota_MZ061062.gbk
>_iota_MZ337210.gbk
>_iota_MW931259.gbk
>_iota_MZ184211.gbk
>_iota_MW976127.gbk
>_iota_MZ401590.1.gbk
>_iota_MZ023489.gbk
>_iota_MZ023609.gbk
>_iota_MZ172279.gbk
>_iota_MZ239509.gbk
>_iota_MZ554081.1.gbk
>_iota_MZ451772.1.gbk
>_iota_MZ048069.gbk
>_iota_MZ074603.gbk
>_iota_MZ185567.gbk
>_iota_MZ188502.gbk
>_iota_MZ390279.gbk
>_iota_MW930082.gbk
>_iota_MZ059348.gbk
>_iota_MW965018.gbk
>_iota_MZ290330.gbk
>_iota_MZ068915.gbk
>_iota_MZ085653.gbk
>_iota_MW987091.gbk
>_iota_MZ011670.gbk
>_iota_MZ186613.gbk
>_iota_MZ227877.gbk
>_iota_MZ038854.gbk
>_iota_MW994002.gbk
>_iota_MZ170610.gbk
>_iota_MZ294701.gbk
>_iota_MZ011137.gbk
>_iota_MZ238458.gbk
>_iota_MZ059920.gbk
>_iota_MZ554080.1.gbk
>_iota_MZ083772.gbk
>_iota_MZ450498.1.gbk
>_iota_MZ059783.gbk
>_iota_MW966600.gbk
>_iota_MZ032371.gbk
>_iota_MZ537915.1.gbk
>_iota_MW966987.gbk
>_iota_MZ354496.gbk
>_iota_MW969131.gbk
>_iota_MZ002788.gbk
>_iota_MZ317833.gbk
>_iota_MZ085198.gbk
>_iota_MZ317226.gbk
>_iota_MZ228191.gbk
>_iota_MZ384285.gbk
>_iota_MZ539393.1.gbk
>_iota_MZ296622.gbk
>_iota_MZ158896.gbk
>_iota_MZ046975.gbk
>_iota_MZ319863.gbk
>_iota_MZ256130.gbk
>_iota_MW991318.gbk
>_iota_MW915223.gbk
>_iota_MZ354205.gbk
>_iota_MZ392055.gbk
>_iota_MZ085182.gbk
>_iota_MZ181621.gbk
>_iota_MZ372680.gbk
>_iota_MZ025649.gbk
>_iota_MW887973.gbk
>_iota_MZ173359.gbk
>_iota_MZ132985.gbk
>_iota_MZ237992.gbk
>_iota_MZ513658.1.gbk
>_iota_MZ009726.gbk
>_iota_MZ376080.gbk
>_iota_MZ270195.gbk
>_iota_MZ316664.gbk
>_iota_MZ086125.gbk
>_iota_MZ291219.gbk
>_iota_MZ282269.gbk
>_iota_MZ373787.gbk
>_iota_MW932314.gbk
>_iota_MZ154284.gbk
>_iota_MZ038787.gbk
>_iota_MZ082678.gbk
>_iota_MW903571.gbk
>_iota_MZ279538.gbk
>_iota_MZ306079.gbk
>_iota_MW965189.gbk
>_iota_MW891636.gbk
>_iota_MZ271177.gbk
>_iota_MW904458.gbk
>_iota_MW943262.gbk
>_iota_MZ505753.1.gbk
>_iota_MZ216931.gbk
>_iota_MW942442.gbk
>_iota_MZ211164.gbk
>_iota_MZ253398.gbk
>_iota_MZ141584.gbk
>_iota_MW994313.gbk
>_iota_MZ252451.gbk
>_iota_MZ498374.1.gbk
>_iota_MZ269826.gbk
>_iota_MW945032.gbk
>_iota_MZ202123.gbk
>_iota_MZ385861.gbk
>_iota_MZ028653.gbk
>_iota_MZ236933.gbk
>_iota_MZ283753.gbk
>_iota_MZ284774.gbk
>_iota_MZ061104.gbk
>_iota_MW930911.gbk
>_iota_MZ499909.1.gbk
>_iota_MZ075101.gbk
>_iota_MZ133268.gbk
>_iota_MZ184113.gbk
>_iota_MZ141673.gbk
>_iota_MZ398550.1.gbk
>_iota_MW986208.gbk
>_iota_MW986310.gbk
>_iota_MZ071482.gbk
>_iota_MZ288304.gbk
>_iota_MZ170233.gbk
>_iota_MZ280446.gbk
>_iota_MW725851.gbk
>_iota_MZ212879.gbk
>_iota_MZ173325.gbk
>_iota_MW903336.gbk
>_iota_MW968250.gbk
>_iota_MZ149398.gbk
>_iota_MW943390.gbk
>_iota_MW796930.gbk
>_iota_MW904441.gbk
>_iota_MZ152367.gbk
>_iota_MW891291.gbk
>_iota_MZ006966.gbk
>_iota_MZ011411.gbk
>_iota_MZ245328.gbk
>_iota_MZ538811.1.gbk
>_iota_MZ188690.gbk
>_iota_MZ024129.gbk
>_iota_MW941028.gbk
>_iota_MZ024003.gbk
>_iota_MZ035871.gbk
>_iota_MZ363288.gbk
>_iota_MZ566030.1.gbk
>_iota_MW932476.gbk
>_iota_MZ386606.gbk
>_iota_MZ376217.gbk
>_iota_MZ035191.gbk
>_iota_MZ201351.gbk
>_iota_MZ059196.gbk
>_iota_MW750090.gbk
>_iota_MZ270773.gbk
>_iota_MZ280770.gbk
>_iota_MW991009.gbk
>_iota_MZ082725.gbk
>_iota_MW809048.gbk
>_iota_MZ312917.gbk
>_iota_MW902615.gbk
>_iota_MZ179388.gbk
>_iota_MZ539197.1.gbk
>_iota_MW902036.gbk
>_iota_MZ447816.1.gbk
>_iota_MW985210.gbk
>_iota_MZ284686.gbk
>_iota_MZ288349.gbk
>_iota_MZ390116.gbk
>_iota_MZ450031.1.gbk
>_iota_MW945090.gbk
>_iota_MW976006.gbk
>_iota_MZ070402.gbk
>_iota_MZ214791.gbk
>_iota_MZ235659.gbk
>_iota_MZ180690.gbk
>_iota_MZ260151.gbk
>_iota_MZ084521.gbk
>_iota_MZ180254.gbk
>_iota_MZ060582.gbk
>_iota_MZ498380.1.gbk
>_iota_MW944735.gbk
>_iota_MZ416096.1.gbk
>_iota_MZ284128.gbk
>_iota_MZ412340.1.gbk
>_iota_MZ036592.gbk
>_iota_MW882002.gbk
>_iota_MZ282159.gbk
>_iota_MZ143487.gbk
>_iota_MZ270395.gbk
>_iota_MZ448649.1.gbk
>_iota_MZ145564.gbk
>_iota_MZ008972.gbk
>_iota_MZ315701.gbk
>_iota_MW834755.gbk
>_iota_MZ181715.gbk
>_iota_MZ005036.gbk
>_iota_MZ451951.1.gbk
>_iota_MZ448958.1.gbk
>_iota_MW987348.gbk
>_iota_MZ217114.gbk
>_iota_MW887941.gbk
>_iota_MW942634.gbk
>_iota_MZ531410.1.gbk
>_iota_MZ167860.gbk
>_iota_MZ214435.gbk
>_iota_MZ180674.gbk
>_iota_MZ432261.1.gbk
>_iota_MZ498640.1.gbk
>_iota_MZ032566.gbk
>_iota_MW891465.gbk
>_iota_MZ493623.1.gbk
>_iota_MZ021700.gbk
>_iota_MZ023508.gbk
>_iota_MZ086185.gbk
>_iota_MZ198989.gbk
>_iota_MZ318804.gbk
>_iota_MZ100917.gbk
>_iota_MW930116.gbk
>_iota_MW902749.gbk
>_iota_MZ555387.1.gbk
>_iota_MZ035159.gbk
>_iota_MZ228535.gbk
>_iota_MW944361.gbk
>_iota_MZ238724.gbk
>_iota_MZ258175.gbk
>_iota_MZ023614.gbk
>_iota_MZ030212.gbk
>_iota_MZ038663.gbk
>_iota_MZ281706.gbk
>_iota_MZ278237.gbk
>_iota_MZ074062.gbk
>_iota_MZ044605.gbk
>_iota_MZ414439.1.gbk
>_iota_MZ071351.gbk
>_iota_MW966218.gbk
>_iota_MZ231643.gbk
>_iota_MZ100130.gbk
>_iota_MW993293.gbk
>_iota_MZ023459.gbk
>_iota_MZ316227.gbk
>_iota_MZ358477.gbk
>_iota_MZ002757.gbk
>_iota_MW942048.gbk
>_iota_MZ076080.gbk
>_iota_MZ194356.gbk
>_iota_MZ142357.gbk
>_iota_MW964436.gbk
>_iota_MW976385.gbk
>_iota_MW892112.gbk
>_iota_MZ187279.gbk
>_iota_MZ000869.gbk
>_iota_MW891494.gbk
>_iota_MZ076439.gbk
>_iota_MW987081.gbk
>_iota_MZ099941.gbk
>_iota_MZ141709.gbk
>_iota_MW932291.gbk
>_iota_MZ158775.gbk
>_iota_MZ180064.gbk
>_iota_MZ531344.1.gbk
>_iota_MZ099835.gbk
>_iota_MZ252731.gbk
>_iota_MZ498222.1.gbk
>_iota_MZ028659.gbk
>_iota_MW930073.gbk
>_iota_MZ145924.gbk
>_iota_MZ142416.gbk
>_iota_MZ082900.gbk
>_iota_MZ140450.gbk
>_iota_MZ034962.gbk
>_iota_MZ353799.gbk
>_iota_MZ009876.gbk
>_iota_MZ498320.1.gbk
>_iota_MZ074894.gbk
>_iota_MZ237952.gbk
>_iota_MZ012146.gbk
>_iota_MZ201794.gbk
>_iota_MZ187702.gbk
>_iota_MW894373.gbk
>_iota_MZ007272.gbk
>_iota_MZ045006.gbk
>_iota_MZ282366.gbk
>_iota_MZ036430.gbk
>_iota_MZ187406.gbk
>_iota_MZ090363.gbk
>_iota_MZ187647.gbk
>_iota_MZ164860.gbk
>_iota_MW976470.gbk
>_iota_MZ083909.gbk
>_iota_MZ023878.gbk
>_iota_MZ037528.gbk
>_iota_MZ239781.gbk
>_iota_MZ101146.gbk
>_iota_MZ132562.gbk
>_iota_MZ154445.gbk
>_iota_MZ321472.gbk
>_iota_MZ072396.gbk
>_iota_MZ228841.gbk
>_iota_MZ257084.gbk
>_iota_MZ342532.gbk
>_iota_MZ319043.gbk
>_iota_MZ288299.gbk
>_iota_MW965012.gbk
>_iota_MZ002406.gbk
>_iota_MZ239346.gbk
>_iota_MZ260302.gbk
>_iota_MZ074606.gbk
>_iota_MZ132435.gbk
>_iota_MZ154364.gbk
>_iota_MZ321059.gbk
>_iota_MZ059441.gbk
>_iota_MZ478028.1.gbk
>_iota_MW901546.gbk
>_iota_MZ089650.gbk
>_iota_MZ001134.gbk
>_iota_MW892316.gbk
>_iota_MZ009922.gbk
>_iota_MZ061567.gbk
>_iota_MZ498918.1.gbk
>_iota_MZ341899.gbk
>_iota_MZ074851.gbk
>_iota_MZ024645.gbk
>_iota_MZ210970.gbk
>_iota_MZ055950.gbk
>_iota_MZ212112.gbk
>_iota_MW994438.gbk
>_iota_MZ009308.gbk
>_iota_MZ024479.gbk
>_iota_MZ011980.gbk
>_iota_MZ084605.gbk
>_iota_MW880889.gbk
>_iota_MZ035308.gbk
>_iota_MZ075695.gbk
>_iota_MW931305.gbk
>_iota_MW938234.gbk
>_iota_MW902878.gbk
>_iota_MW986696.gbk
>_iota_MZ012440.gbk
>_iota_MZ337365.gbk
>_iota_MZ512900.1.gbk
>_iota_MZ308331.gbk
>_iota_MW891744.gbk
>_iota_MZ025168.gbk
>_iota_MZ430773.1.gbk
>_iota_MZ253632.gbk
>_iota_MZ141532.gbk
>_iota_MW969139.gbk
>_iota_MZ278372.gbk
>_iota_MW976509.gbk
>_iota_MZ225918.gbk
>_iota_MZ084259.gbk
>_iota_MW897515.gbk
>_iota_MZ166979.gbk
>_iota_MZ283113.gbk
>_iota_MZ271466.gbk
>_iota_MZ072062.gbk
>_iota_MZ210500.gbk
>_iota_MZ160393.gbk
>_iota_MZ390397.gbk
>_iota_MZ376331.gbk
>_iota_MZ164319.gbk
>_iota_MZ064684.gbk
>_iota_MZ191473.gbk
>_iota_MW984892.gbk
>_iota_MZ035691.gbk
>_iota_MW751582.gbk
>_iota_MZ154450.gbk
>_iota_MZ228202.gbk
>_iota_MZ211276.gbk
>_iota_MW891267.gbk
>_iota_MZ185980.gbk
>_iota_MZ069227.gbk
>_iota_MZ244577.gbk
>_iota_MZ258454.gbk
>_iota_MZ225771.gbk
>_iota_MZ401571.1.gbk
>_iota_MZ011696.gbk
>_iota_MZ068922.gbk
>_iota_MZ352234.gbk
>_iota_MZ149753.gbk
>_iota_MZ004894.gbk
>_iota_MZ212267.gbk
>_iota_MZ349588.gbk
>_iota_MW932097.gbk
>_iota_MZ212895.gbk
>_iota_MZ029943.gbk
>_iota_MZ451949.1.gbk
>_iota_MZ491705.1.gbk
>_iota_MZ101483.gbk
>_iota_MW943081.gbk
>_iota_MZ001977.gbk
>_iota_MZ070383.gbk
>_iota_MZ214395.gbk
>_iota_MZ024712.gbk
>_iota_MZ039573.gbk
>_iota_MW915297.gbk
>_iota_MZ257882.gbk
>_iota_MZ146024.gbk
>_iota_MZ090180.gbk
>_iota_MZ100497.gbk
>_iota_MZ159071.gbk
>_iota_MZ357800.gbk
>_iota_MZ238911.gbk
>_iota_MZ038570.gbk
>_iota_MZ045093.gbk
>_iota_MZ232642.gbk
>_iota_MZ159221.gbk
>_iota_MZ011401.gbk
>_iota_MZ072231.gbk
>_iota_MZ166783.gbk
>_iota_MZ282095.gbk
>_iota_MZ009787.gbk
>_iota_MZ390763.gbk
>_iota_MZ059413.gbk
>_iota_MZ153932.gbk
>_iota_MZ060246.gbk
>_iota_MZ271492.gbk
>_iota_MZ145752.gbk
>_iota_MZ239810.gbk
>_iota_MZ167252.gbk
>_iota_MW931080.gbk
>_iota_MZ065173.gbk
>_iota_MW986498.gbk
>_iota_MZ006041.gbk
>_iota_MZ260285.gbk
>_iota_MZ337372.gbk
>_iota_MZ074144.gbk
>_iota_MZ449039.1.gbk
>_iota_MZ476132.1.gbk
>_iota_MZ213112.gbk
>_iota_MZ143551.gbk
>_iota_MW890976.gbk
>_iota_MZ008916.gbk
>_iota_MZ015320.gbk
>_iota_MZ179848.gbk
>_iota_MZ283707.gbk
>_iota_MW986911.gbk
>_iota_MZ083602.gbk
>_iota_MZ186114.gbk
>_iota_MZ286659.gbk
>_iota_MZ022044.gbk
>_iota_MZ022108.gbk
>_iota_MW945143.gbk
>_iota_MZ317087.gbk
>_iota_MZ007228.gbk
>_iota_MZ009206.gbk
>_iota_MZ039838.gbk
>_iota_MZ035288.gbk
>_iota_MZ179886.gbk
>_iota_MZ243345.gbk
>_iota_MZ007181.gbk
>_iota_MZ005948.gbk
>_iota_MZ449059.1.gbk
>_iota_MW932187.gbk
>_iota_MZ228658.gbk
>_iota_MZ238743.gbk
>_iota_MZ009870.gbk
>_iota_MZ004900.gbk
>_iota_MW891081.gbk
>_iota_MW994392.gbk
>_iota_MW941864.gbk
>_iota_MZ153677.gbk
>_iota_MZ260046.gbk
>_iota_MZ257136.gbk
>_iota_MZ554430.1.gbk
>_iota_MW894248.gbk
>_iota_MW931328.gbk
>_iota_MZ257835.gbk
>_iota_MZ308222.gbk
>_iota_MZ282372.gbk
>_iota_MZ166793.gbk
>_iota_MZ257824.gbk
>_iota_MZ390925.gbk
>_iota_MZ030292.gbk
>_iota_MW994677.gbk
>_iota_MZ156700.gbk
>_iota_MW891884.gbk
>_iota_MZ045354.gbk
>_iota_MZ180768.gbk
>_iota_MZ085246.gbk
>_iota_MZ131313.gbk
>_iota_MW976590.gbk
>_iota_MZ261184.gbk
>_iota_MZ025383.gbk
>_iota_MZ084754.gbk
>_iota_MZ239716.gbk
>_iota_MZ021133.gbk
>_iota_MW901911.gbk
>_iota_MZ038707.gbk
>_iota_MZ141699.gbk
>_iota_MZ002338.gbk
>_iota_MZ268372.gbk
>_iota_MZ280527.gbk
>_iota_MZ000053.gbk
>_iota_MZ491373.1.gbk
>_iota_MZ288284.gbk
>_iota_MZ046990.gbk
>_iota_MZ056121.gbk
>_iota_MZ344612.gbk
>_iota_MZ362947.gbk
>_iota_MZ215229.gbk
>_iota_MZ184235.gbk
>_iota_MZ228887.gbk
>_iota_MZ186373.gbk
>_iota_MZ262509.gbk
>_iota_MZ254239.gbk
>_iota_MZ172170.gbk
>_iota_MZ082595.gbk
>_iota_MZ316507.gbk
>_iota_MZ188583.gbk
>_iota_MZ296419.gbk
>_iota_MZ195982.gbk
>_iota_MZ196018.gbk
>_iota_MZ267310.gbk
>_iota_MW897648.gbk
>_iota_MZ143734.gbk
>_iota_MZ058390.gbk
>_iota_MZ202131.gbk
>_iota_MZ237247.gbk
>_iota_MZ286664.gbk
>_iota_MZ073821.gbk
>_iota_MZ259067.gbk
>_iota_MZ228296.gbk
>_iota_MZ290377.gbk
>_iota_MZ512951.1.gbk
>_iota_MZ169361.gbk
>_iota_MZ035901.gbk
>_iota_MW892104.gbk
>_iota_MZ163900.gbk
>_iota_MZ284721.gbk
>_iota_MZ295966.gbk
>_iota_MZ023563.gbk
>_iota_MZ493522.1.gbk
>_iota_MZ070989.gbk
>_iota_MZ318963.gbk
>_iota_MZ385820.gbk
>_iota_MZ101262.gbk
>_iota_MZ279208.gbk
>_iota_MZ132520.gbk
>_iota_MW888036.gbk
>_iota_MZ086422.gbk
>_iota_MZ131233.gbk
>_iota_MZ000940.gbk
>_iota_MZ060269.gbk
>_iota_MZ006908.gbk
>_iota_MZ037944.gbk
>_iota_MZ360630.gbk
>_iota_MZ086239.gbk
>_iota_MW986597.gbk
>_iota_MZ390087.gbk
>_iota_MZ213206.gbk
>_iota_MZ192757.gbk
>_iota_MZ189097.gbk
>_iota_MZ260561.gbk
>_iota_MW976171.gbk
>_iota_MZ013647.gbk
>_iota_MZ060014.gbk
>_iota_MZ448466.1.gbk
>_iota_MZ141682.gbk
>_iota_MZ010996.gbk
>_iota_MZ085583.gbk
>_iota_MW880459.gbk
>_iota_MZ061572.gbk
>_iota_MZ535091.1.gbk
>_iota_MZ312686.gbk
>_iota_MW935789.gbk
>_iota_MZ215224.gbk
>_iota_MW915216.gbk
>_iota_MZ282051.gbk
>_iota_MZ000900.gbk
>_iota_MZ184108.gbk
>_iota_MZ210368.gbk
>_iota_MZ142596.gbk
>_iota_MZ252195.gbk
>_iota_MZ535161.1.gbk
>_iota_MZ024650.gbk
>_iota_MZ357803.gbk
>_iota_MZ185693.gbk
>_iota_MW941340.gbk
>_iota_MZ071621.gbk
>_iota_MW975787.gbk
>_iota_MZ072888.gbk
>_iota_MZ566287.1.gbk
>_iota_MZ498827.1.gbk
>_iota_MZ141853.gbk
>_iota_MZ225738.gbk
>_iota_MZ257424.gbk
>_iota_MZ238668.gbk
>_iota_MW976375.gbk
>_iota_MZ071407.gbk
>_iota_MZ140462.gbk
>_iota_MZ321409.gbk
>_iota_MZ007208.gbk
>_iota_MZ143021.gbk
>_iota_MW969174.gbk
>_iota_MZ188303.gbk
>_iota_MZ288147.gbk
>_iota_MZ025225.gbk
>_iota_MZ056001.gbk
>_iota_MZ260487.gbk
>_iota_MW976751.gbk
>_iota_MZ164818.gbk
>_iota_MZ376785.gbk
>_iota_MZ038544.gbk
>_iota_MZ059011.gbk
>_iota_MZ102215.gbk
>_iota_MZ213159.gbk
>_iota_MZ386177.gbk
>_iota_MZ076284.gbk
>_iota_MZ009215.gbk
>_iota_MZ258165.gbk
>_iota_MZ061094.gbk
>_iota_MZ006719.gbk
>_iota_MZ290406.gbk
>_iota_MZ075730.gbk
>_iota_MZ075817.gbk
>_iota_MZ184630.gbk
>_iota_MZ498641.1.gbk
>_iota_MW883157.gbk
>_iota_MZ212828.gbk
>_iota_MW987164.gbk
>_iota_MZ271269.gbk
>_iota_MW976313.gbk
>_iota_MZ216913.gbk
>_iota_MW904344.gbk
>_iota_MW976478.gbk
>_iota_MZ260457.gbk
>_iota_MZ283021.gbk
>_iota_MZ075215.gbk
>_iota_MZ319689.gbk
>_iota_MZ238587.gbk
>_iota_MW959869.gbk
>_iota_MZ535465.1.gbk
>_iota_MW902889.gbk
>_iota_MZ371153.gbk
>_iota_MZ140888.gbk
>_iota_MZ280646.gbk
>_iota_MZ531139.1.gbk
>_iota_MW995137.gbk
>_iota_MZ216974.gbk
>_iota_MZ028736.gbk
>_iota_MW882015.gbk
>_iota_MZ316571.gbk
>_iota_MZ170609.gbk
>_iota_MW723425.gbk
>_iota_MZ180394.gbk
>_iota_MZ013809.gbk
>_iota_MZ282680.gbk
>_iota_MZ307911.gbk
>_iota_MZ288067.gbk
>_iota_MW932440.gbk
>_iota_MZ046880.gbk
>_iota_MZ281625.gbk
>_iota_MZ048171.gbk
>_iota_MZ143556.gbk
>_iota_MW931429.gbk
>_iota_MZ260494.gbk
>_iota_MZ257441.gbk
>_iota_MZ512745.1.gbk
>_iota_MW985493.gbk
>_iota_MZ153892.gbk
>_iota_MW931401.gbk
>_iota_MZ085693.gbk
>_iota_MW901680.gbk
>_iota_MZ252145.gbk
>_iota_MW966877.gbk
>_iota_MW975293.gbk
>_iota_MZ022836.gbk
>_iota_MZ259501.gbk
>_iota_MZ028900.gbk
>_iota_MZ215173.gbk
>_iota_MZ231560.gbk
>_iota_MZ288195.gbk
>_iota_MZ184250.gbk
>_iota_MZ294234.gbk
>_iota_MW988683.gbk
>_iota_MZ184673.gbk
>_iota_MZ163699.gbk
>_iota_MZ064692.gbk
>_iota_MZ202130.gbk
>_iota_MZ011094.gbk
>_iota_MZ131312.gbk
>_iota_MZ163412.gbk
>_iota_MW915117.gbk
>_iota_MW944840.gbk
>_iota_MZ142071.gbk
>_iota_MZ283455.gbk
>_iota_MW968456.gbk
>_iota_MZ143772.gbk
>_iota_MZ246453.gbk
>_iota_MW890684.gbk
>_iota_MZ432235.1.gbk
>_iota_MW888129.gbk
>_iota_MZ358678.gbk
>_iota_MZ082674.gbk
>_iota_MZ039633.gbk
>_iota_MW943218.gbk
>_iota_MZ153577.gbk
>_iota_MZ340749.gbk
>_iota_MZ538122.1.gbk
>_iota_MZ069557.gbk
>_iota_MZ060199.gbk
>_iota_MW880570.gbk
>_iota_MZ371193.gbk
>_iota_MW890592.gbk
>_iota_MZ317234.gbk
>_iota_MZ075336.gbk
>_iota_MZ282953.gbk
>_iota_MZ308367.gbk
>_iota_MW976392.gbk
>_iota_MZ131019.gbk
>_iota_MZ085523.gbk
>_iota_MZ143663.gbk
>_iota_MZ006160.gbk
>_iota_MZ512893.1.gbk
>_iota_MZ164787.gbk
>_iota_MZ213331.gbk
>_iota_MZ375983.gbk
>_iota_MZ188171.gbk
>_iota_MZ056012.gbk
>_iota_MZ237708.gbk
>_iota_MZ179906.gbk
>_iota_MW944134.gbk
>_iota_MZ386438.gbk
>_iota_MZ217516.gbk
>_iota_MZ257496.gbk
>_iota_MZ217810.gbk
>_iota_MZ281907.gbk
>_iota_MZ275007.gbk
>_iota_MW984807.gbk
>_iota_MZ201559.gbk
>_iota_MW986715.gbk
>_iota_MZ132741.gbk
>_iota_MZ185494.gbk
>_iota_MZ006688.gbk
>_iota_MW902842.gbk
>_iota_MZ238109.gbk
>_iota_MZ539076.1.gbk
>_iota_MZ083040.gbk
>_iota_MZ257446.gbk
>_iota_MZ252782.gbk
>_iota_MZ253864.gbk
>_iota_MW944036.gbk
>_iota_MZ290942.gbk
>_iota_MW986739.gbk
>_iota_MZ007164.gbk
>_iota_MW890747.gbk
>_iota_MZ253635.gbk
>_iota_MZ101439.gbk
>_iota_MZ195608.gbk
>_iota_MZ211725.gbk
>_iota_MW987401.gbk
>_iota_MZ072307.gbk
>_iota_MZ282066.gbk
>_iota_MZ084422.gbk
>_iota_MZ193553.gbk
>_iota_MZ187278.gbk
>_iota_MZ256936.gbk
>_iota_MZ342305.gbk
>_iota_MZ228291.gbk
>_iota_MZ294287.gbk
>_iota_MZ054930.gbk
>_iota_MZ256159.gbk
>_iota_MZ083765.gbk
>_iota_MZ260232.gbk
>_iota_MW708379.gbk
>_iota_MZ321352.gbk
>_iota_MZ379564.gbk
>_iota_MZ259204.gbk
>_iota_MZ028055.gbk
>_iota_MZ358613.gbk
>_iota_MZ256329.gbk
>_iota_MZ271184.gbk
>_iota_MZ064708.gbk
>_iota_MZ354475.gbk
>_iota_MZ024942.gbk
>_iota_MZ002212.gbk
>_iota_MW725833.gbk
>_iota_MZ142405.gbk
>_iota_MZ238280.gbk
>_iota_MZ341315.gbk
>_iota_MZ142390.gbk
>_iota_MZ154560.gbk
>_iota_MZ181868.gbk
>_iota_MZ030254.gbk
>_iota_MW891135.gbk
>_iota_MZ196366.gbk
>_iota_MZ013608.gbk
>_iota_MZ236330.gbk
>_iota_MZ215233.gbk
>_iota_MZ253036.gbk
>_iota_MZ034987.gbk
>_iota_MZ194297.gbk
>_iota_MZ471804.1.gbk
>_iota_MZ059357.gbk
>_iota_MZ366645.gbk
>_iota_MZ184333.gbk
>_iota_MZ341772.gbk
>_iota_MZ045081.gbk
>_iota_MW987380.gbk
>_iota_MW976653.gbk
>_iota_MZ390544.gbk
>_iota_MZ085127.gbk
>_iota_MZ450671.1.gbk
>_iota_MZ497710.1.gbk
>_iota_MZ003257.gbk
>_iota_MZ024374.gbk
>_iota_MZ354391.gbk
>_iota_MZ201997.gbk
>_iota_MZ279559.gbk
>_iota_MZ535986.1.gbk
>_iota_MW966074.gbk
>_iota_MZ536033.1.gbk
>_iota_MZ179452.gbk
>_iota_MW809036.gbk
>_iota_MZ056149.gbk
>_iota_MZ073528.gbk
>_iota_MZ214967.gbk
>_iota_MW945047.gbk
>_iota_MZ085777.gbk
>_iota_MW942490.gbk
>_iota_MZ240620.gbk
>_iota_MW892115.gbk
>_iota_MZ101558.gbk
>_iota_MZ214030.gbk
>_iota_MZ025580.gbk
>_iota_MZ253161.gbk
>_iota_MZ072509.gbk
>_iota_MZ202003.gbk
>_iota_MZ397957.1.gbk
>_iota_MZ244578.gbk
>_iota_MW891461.gbk
>_iota_MZ225667.gbk
>_iota_MZ207842.gbk
>_iota_MW976252.gbk
>_iota_MZ009167.gbk
>_iota_MW930760.gbk
>_iota_MZ038454.gbk
>_iota_MZ212048.gbk
>_iota_MW809052.gbk
>_iota_MZ201577.gbk
>_iota_MZ363653.gbk
>_iota_MZ492350.1.gbk
>_iota_MZ260177.gbk
>_iota_MW959436.gbk
>_iota_MZ180298.gbk
>_iota_MZ531054.1.gbk
>_iota_MZ211092.gbk
>_iota_MW966348.gbk
>_iota_MZ009395.gbk
>_iota_MZ186311.gbk
>_iota_MZ498635.1.gbk
>_iota_MZ186614.gbk
>_iota_MZ458167.1.gbk
>_iota_MZ131051.gbk
>_iota_MZ163348.gbk
>_iota_MZ238681.gbk
>_iota_MZ141920.gbk
>_iota_MW894278.gbk
>_iota_MW985716.gbk
>_iota_MW968807.gbk
>_iota_MZ282479.gbk
>_iota_MZ321078.gbk
>_iota_MZ450724.1.gbk
>_iota_MZ163740.gbk
>_iota_MZ141885.gbk
>_iota_MZ143873.gbk
>_iota_MZ003774.gbk
>_iota_MZ000920.gbk
>_iota_MZ368238.gbk
>_iota_MW903149.gbk
>_iota_MZ132264.gbk
>_iota_MZ238891.gbk
>_iota_MZ291441.gbk
>_iota_MZ180180.gbk
>_iota_MZ006828.gbk
>_iota_MZ100199.gbk
>_iota_MZ451902.1.gbk
>_iota_MZ012632.gbk
>_iota_MW968855.gbk
>_iota_MZ003078.gbk
>_iota_MZ432637.1.gbk
>_iota_MZ498611.1.gbk
>_iota_MW975731.gbk
>_iota_MW988355.gbk
>_iota_MZ214082.gbk
>_iota_MW891847.gbk
>_iota_MZ214817.gbk
>_iota_MZ195066.gbk
>_iota_MZ237591.gbk
>_iota_MZ154177.gbk
>_iota_MZ143178.gbk
>_iota_MZ100664.gbk
>_iota_MZ454685.1.gbk
>_iota_MZ257407.gbk
>_iota_MW930137.gbk
>_iota_MZ101081.gbk
>_iota_MZ211705.gbk
>_iota_MZ164016.gbk
>_iota_MW944929.gbk
>_iota_MZ069030.gbk
>_iota_MZ146258.gbk
>_iota_MZ142142.gbk
>_iota_MZ184643.gbk
>_iota_MZ163323.gbk
>_iota_MW890674.gbk
>_iota_MW976641.gbk
>_iota_MZ001113.gbk
>_iota_MZ012471.gbk
>_iota_MZ315831.gbk
>_iota_MZ566043.1.gbk
>_iota_MZ072421.gbk
>_iota_MZ023954.gbk
>_iota_MZ133058.gbk
>_iota_MZ152623.gbk
>_iota_MZ145670.gbk
>_iota_MZ411819.1.gbk
>_iota_MZ535665.1.gbk
>_iota_MZ059538.gbk
>_iota_MZ071073.gbk
>_iota_MZ284802.gbk
>_iota_MZ290384.gbk
>_iota_MZ101310.gbk
>_iota_MZ149805.gbk
>_iota_MW985597.gbk
>_iota_MZ161281.gbk
>_iota_MZ490271.1.gbk
>_iota_MZ304877.gbk
>_iota_MW902406.gbk
>_iota_MZ012460.gbk
>_iota_MW941773.gbk
>_iota_MZ331714.gbk
>_iota_MW989314.gbk
>_iota_MZ133104.gbk
>_iota_MW891138.gbk
>_iota_MZ321340.gbk
>_iota_MZ390187.gbk
>_iota_MZ450013.1.gbk
>_iota_MZ180198.gbk
>_iota_MZ180864.gbk
>_iota_MZ188621.gbk
>_iota_MZ084965.gbk
>_iota_MZ238536.gbk
>_iota_MZ353812.gbk
>_iota_MZ064720.gbk
>_iota_MW966956.gbk
>_iota_MZ188119.gbk
>_iota_MZ257823.gbk
>_iota_MZ226054.gbk
>_iota_MZ186660.gbk
>_iota_MZ290815.gbk
>_iota_MZ025060.gbk
>_iota_MZ159173.gbk
>_iota_MZ213740.gbk
>_iota_MZ172876.gbk
>_iota_MZ491550.1.gbk
>_iota_MW994767.gbk
>_iota_MZ086177.gbk
>_iota_MZ349514.gbk
>_iota_MZ472034.1.gbk
>_iota_MZ035791.gbk
>_iota_MZ210533.gbk
>_iota_MZ257130.gbk
>_iota_MZ149828.gbk
>_iota_MZ008777.gbk
>_iota_MW941019.gbk
>_iota_MZ025569.gbk
>_iota_MZ074939.gbk
>_iota_MW975465.gbk
>_iota_MZ499192.1.gbk
>_iota_MZ353795.gbk
>_iota_MZ259325.gbk
>_iota_MZ353979.gbk
>_iota_MZ160396.gbk
>_iota_MZ064830.gbk
>_iota_MW976461.gbk
>_iota_MZ180856.gbk
>_iota_MZ237509.gbk
>_iota_MZ060901.gbk
>_iota_MZ022963.gbk
>_iota_MZ143801.gbk
>_iota_MZ195270.gbk
>_iota_MZ161695.gbk
>_iota_MZ211001.gbk
>_iota_MZ532231.1.gbk
>_iota_MZ009500.gbk
>_iota_MZ141536.gbk
>_iota_MZ071581.gbk
>_iota_MZ032527.gbk
>_iota_MZ053601.gbk
>_iota_MZ212437.gbk
>_iota_MZ293910.gbk
>_iota_MZ166951.gbk
>_iota_MW901702.gbk
>_iota_MZ315825.gbk
>_iota_MZ349274.gbk
>_iota_MZ371992.gbk
>_iota_MZ076454.gbk
>_iota_MZ288607.gbk
>_iota_MZ025223.gbk
>_iota_MZ085940.gbk
>_iota_MW987153.gbk
>_iota_MZ045129.gbk
>_iota_MW923622.gbk
>_iota_MZ187451.gbk
>_iota_MZ455959.1.gbk
>_iota_MZ142778.gbk
>_iota_MZ283144.gbk
>_iota_MW985916.gbk
>_iota_MZ132020.gbk
>_iota_MW892135.gbk
>_iota_MZ253518.gbk
>_iota_MZ257834.gbk
>_iota_MW975049.gbk
>_iota_MZ307203.gbk
>_iota_MZ296735.gbk
>_iota_MW975573.gbk
>_iota_MZ296671.gbk
>_iota_MZ288308.gbk
>_iota_MZ378019.gbk
>_iota_MZ192949.gbk
>_iota_MZ038819.gbk
>_iota_MZ152442.gbk
>_iota_MW944731.gbk
>_iota_MZ036413.gbk
>_iota_MZ152510.gbk
>_iota_MZ037921.gbk
>_iota_MZ497738.1.gbk
>_iota_MW941086.gbk
>_iota_MZ011973.gbk
>_iota_MZ058750.gbk
>_iota_MZ180647.gbk
>_iota_MZ296507.gbk
>_iota_MZ179790.gbk
>_iota_MW976001.gbk
>_iota_MZ039767.gbk
>_iota_MZ500405.1.gbk
>_iota_MZ008897.gbk
>_iota_MZ015051.gbk
>_iota_MZ140905.gbk
>_iota_MZ149764.gbk
>_iota_MZ257578.gbk
>_iota_MZ321412.gbk
>_iota_MZ390755.gbk
>_iota_MZ058888.gbk
>_iota_MZ260376.gbk
>_iota_MZ344610.gbk
>_iota_MZ002254.gbk
>_iota_MZ210221.gbk
>_iota_MZ064769.gbk
>_iota_MZ168209.gbk
>_iota_MW992801.gbk
>_iota_MZ260101.gbk
>_iota_MW890752.gbk
>_iota_MZ372974.gbk
>_iota_MZ415908.1.gbk
>_iota_MZ002491.gbk
>_iota_MZ141431.gbk
>_iota_MZ216948.gbk
>_iota_MZ497925.1.gbk
>_iota_MZ186038.gbk
>_iota_MZ252222.gbk
>_iota_MZ372557.gbk
>_iota_MW888029.gbk
>_iota_MW897641.gbk
>_iota_MZ240303.gbk
>_iota_MZ390355.gbk
>_iota_MW975180.gbk
>_iota_MW931428.gbk
>_iota_MZ161299.gbk
>_iota_MZ321447.gbk
>_iota_MZ415629.1.gbk
>_iota_MZ007321.gbk
>_iota_MZ090054.gbk
>_iota_MZ337144.gbk
>_iota_MW976099.gbk
>_iota_MZ131423.gbk
>_iota_MZ154264.gbk
>_iota_MZ201495.gbk
>_iota_MZ341964.gbk
>_iota_MZ133032.gbk
>_iota_MZ207451.gbk
>_iota_MZ056540.gbk
>_iota_MZ046940.gbk
>_iota_MZ244695.gbk
>_iota_MZ317134.gbk
>_iota_MZ202060.gbk
>_iota_MW944453.gbk
>_iota_MZ013824.gbk
>_iota_MZ075009.gbk
>_iota_MZ390360.gbk
>_iota_MW969145.gbk
>_iota_MW986698.gbk
>_iota_MZ436520.1.gbk
>_iota_MZ498904.1.gbk
>_iota_MW945074.gbk
>_iota_MW894303.gbk
>_iota_MZ101279.gbk
>_iota_MZ210566.gbk
>_iota_MZ237256.gbk
>_iota_MZ056406.gbk
>_iota_MZ163360.gbk
>_iota_MZ152599.gbk
>_iota_MW750179.gbk
>_iota_MZ454666.1.gbk
>_iota_MZ035019.gbk
>_iota_MW965904.gbk
>_iota_MW902890.gbk
>_iota_MW891667.gbk
>_iota_MZ274558.gbk
>_iota_MZ187793.gbk
>_iota_MW890676.gbk
>_iota_MZ102021.gbk
>_iota_MZ054783.gbk
>_iota_MZ390272.gbk
>_iota_MW902291.gbk
>_iota_MW941047.gbk
>_iota_MW901877.gbk
>_iota_MZ401519.1.gbk
>_iota_MZ059431.gbk
>_iota_MW904387.gbk
>_iota_MZ071474.gbk
>_iota_MZ239490.gbk
>_iota_MZ227947.gbk
>_iota_MZ210644.gbk
>_iota_MZ179378.gbk
>_iota_MW942272.gbk
>_iota_MW932635.gbk
>_iota_MZ024459.gbk
>_iota_MZ213773.gbk
>_iota_MZ304800.gbk
>_iota_MZ185729.gbk
>_iota_MZ188236.gbk
>_iota_MW975515.gbk
>_iota_MZ064943.gbk
>_iota_MZ154469.gbk
>_iota_MW932380.gbk
>_iota_MZ036969.gbk
>_iota_MZ028794.gbk
>_iota_MZ253446.gbk
>_iota_MW986055.gbk
>_iota_MZ075832.gbk
>_iota_MZ260560.gbk
>_iota_MZ376108.gbk
>_iota_MZ282063.gbk
>_iota_MZ498917.1.gbk
>_iota_MZ076175.gbk
>_iota_MZ075853.gbk
>_iota_MZ271432.gbk
>_iota_MZ076726.gbk
>_iota_MZ038387.gbk
>_iota_MZ054076.gbk
>_iota_MZ071321.gbk
>_iota_MZ217498.gbk
>_iota_MZ166679.gbk
>_iota_MZ038626.gbk
>_iota_MZ035439.gbk
>_iota_MZ185890.gbk
>_iota_MZ071354.gbk
>_iota_MZ188324.gbk
>_iota_MZ244918.gbk
>_iota_MZ082685.gbk
>_iota_MZ084571.gbk
>_iota_MZ152448.gbk
>_iota_MZ140772.gbk
>_iota_MZ371659.gbk
>_iota_MW751578.gbk
>_iota_MW944587.gbk
>_iota_MZ072647.gbk
>_iota_MZ207773.gbk
>_iota_MW943854.gbk
>_iota_MZ271093.gbk
>_iota_MZ039579.gbk
>_iota_MZ341383.gbk
>_iota_MW944810.gbk
>_iota_MZ061377.gbk
>_iota_MZ100994.gbk
>_iota_MZ000684.gbk
>_iota_MZ179354.gbk
>_iota_MZ131036.gbk
>_iota_MZ154299.gbk
>_iota_MZ401927.1.gbk
>_iota_MZ008954.gbk
>_iota_MZ320005.gbk
>_iota_MW975414.gbk
>_iota_MZ286680.gbk
>_iota_MZ278664.gbk
>_iota_MZ055951.gbk
>_iota_MZ181206.gbk
>_iota_MZ279595.gbk
>_iota_MW975528.gbk
>_iota_MW966747.gbk
>_iota_MZ288103.gbk
>_iota_MZ349408.gbk
>_iota_MZ274486.gbk
>_iota_MZ086528.gbk
>_iota_MZ288203.gbk
>_iota_MZ315653.gbk
>_iota_MZ270808.gbk
>_iota_MW968475.gbk
>_iota_MZ228936.gbk
>_iota_MZ181371.gbk
>_iota_MZ046861.gbk
>_iota_MZ059281.gbk
>_iota_MZ500130.1.gbk
>_iota_MW990522.gbk
>_iota_MZ284493.gbk
>_iota_MZ024111.gbk
>_iota_MZ271526.gbk
>_iota_MZ059134.gbk
>_iota_MW901792.gbk
>_iota_MW903777.gbk
>_iota_MZ544729.1.gbk
>_iota_MZ074796.gbk
>_iota_MZ159074.gbk
>_iota_MZ034972.gbk
>_iota_MZ342085.gbk
>_iota_MZ240113.gbk
>_iota_MZ100703.gbk
>_iota_MZ163425.gbk
>_iota_MZ008254.gbk
>_iota_MZ082866.gbk
>_iota_MZ429168.1.gbk
>_iota_MZ158954.gbk
>_iota_MZ404466.1.gbk
>_iota_MZ045078.gbk
>_iota_MZ363256.gbk
>_iota_MZ038951.gbk
>_iota_MZ258465.gbk
>_iota_MZ271747.gbk
>_iota_MZ376371.gbk
>_iota_MW964637.gbk
>_iota_MW968551.gbk
>_iota_MZ085146.gbk
>_iota_MZ163597.gbk
>_iota_MZ569124.1.gbk
>_iota_MZ448801.1.gbk
>_iota_MZ006096.gbk
>_iota_MZ025020.gbk
>_iota_MZ186536.gbk
>_iota_MZ252605.gbk
>_iota_MZ287827.gbk
>_iota_MZ002745.gbk
>_iota_MW904274.gbk
>_iota_MZ244935.gbk
>_iota_MZ284771.gbk
>_iota_MZ179614.gbk
>_iota_MZ009235.gbk
>_iota_MZ252917.gbk
>_iota_MZ071353.gbk
>_iota_MZ158728.gbk
>_iota_MZ061404.gbk
>_iota_MZ145671.gbk
>_iota_MW938227.gbk
>_iota_MZ132660.gbk
>_iota_MZ207323.gbk
>_iota_MZ002451.gbk
>_iota_MZ211868.gbk
>_iota_MZ349605.gbk
>_iota_MZ341216.gbk
>_iota_MZ455473.1.gbk
>_iota_MZ498901.1.gbk
>_iota_MZ056132.gbk
>_iota_MZ073498.gbk
>_iota_MW891991.gbk
>_iota_MZ100521.gbk
>_iota_MZ085013.gbk
>_iota_MZ159109.gbk
>_iota_MZ287950.gbk
>_iota_MZ059481.gbk
>_iota_MZ073503.gbk
>_iota_MZ259399.gbk
>_iota_MW903051.gbk
>_iota_MZ086421.gbk
>_iota_MW908125.gbk
>_iota_MZ182034.gbk
>_iota_MZ260275.gbk
>_iota_MZ210253.gbk
>_iota_MZ167553.gbk
>_iota_MZ257432.gbk
>_iota_MZ022351.gbk
>_iota_MZ298071.gbk
>_iota_MZ451555.1.gbk
>_iota_MZ228819.gbk
>_iota_MZ184169.gbk
>_iota_MZ415868.1.gbk
>_iota_MZ011715.gbk
>_iota_MZ253385.gbk
>_iota_MZ002644.gbk
>_iota_MZ166965.gbk
>_iota_MZ536111.1.gbk
>_iota_MW743283.gbk
>_iota_MZ349699.gbk
>_iota_MZ372042.gbk
>_iota_MZ294284.gbk
>_iota_MZ021834.gbk
>_iota_MZ315876.gbk
>_iota_MZ011965.gbk
>_iota_MZ057981.gbk
>_iota_MZ036891.gbk
>_iota_MZ231851.gbk
>_iota_MW768002.gbk
>_iota_MZ133220.gbk
>_iota_MZ354166.gbk
>_iota_MZ253041.gbk
>_iota_MZ075480.gbk
>_iota_MZ202133.gbk
>_iota_MZ244687.gbk
>_iota_MW959633.gbk
>_iota_MZ068847.gbk
>_iota_MZ145583.gbk
>_iota_MZ154475.gbk
>_iota_MZ237222.gbk
>_iota_MZ090280.gbk
>_iota_MZ006352.gbk
>_iota_MW968908.gbk
>_iota_MZ022417.gbk
>_iota_MZ257001.gbk
>_iota_MZ083314.gbk
>_iota_MZ141997.gbk
>_iota_MW943881.gbk
>_iota_MZ131086.gbk
>_iota_MZ215435.gbk
>_iota_MZ224471.gbk

# number of handled genomes = 4079 (out of 5000)
