# number of genomes in 'alpha_list.txt' = 5000

# checking GenBank accessions with NCBI e-utils efetch ...
>_alpha_MZ535931.1.gbk
>_alpha_MZ354038.gbk
>_alpha_MW905632.gbk
>_alpha_MZ232069.gbk
>_alpha_MZ163249.gbk
>_alpha_MZ207719.gbk
>_alpha_MZ274532.gbk
>_alpha_MZ320241.gbk
>_alpha_LR882266.gbk
# file alpha_LR882266.gbk does not contain annotated CDSs
>_alpha_MZ037823.gbk
>_alpha_MW751641.gbk
>_alpha_MZ144328.gbk
>_alpha_MW773652.gbk
>_alpha_MZ431920.1.gbk
>_alpha_MZ029143.gbk
>_alpha_MZ163590.gbk
>_alpha_FR992072.gbk
# file alpha_FR992072.gbk does not contain annotated CDSs
>_alpha_MZ070514.gbk
>_alpha_MZ186289.gbk
>_alpha_MZ499031.1.gbk
>_alpha_MZ213440.gbk
>_alpha_MZ394485.1.gbk
>_alpha_MW712865.gbk
>_alpha_MZ054988.gbk
>_alpha_MW968507.gbk
>_alpha_MZ146166.gbk
>_alpha_MZ290758.gbk
>_alpha_MZ512866.1.gbk
>_alpha_MZ279260.gbk
>_alpha_MW994602.gbk
>_alpha_MZ290324.gbk
>_alpha_MZ039165.gbk
>_alpha_MZ404727.1.gbk
>_alpha_MZ194150.gbk
>_alpha_MZ188458.gbk
>_alpha_MZ259841.gbk
>_alpha_MW715252.gbk
>_alpha_MW907850.gbk
>_alpha_MZ319969.gbk
>_alpha_MW912007.gbk
>_alpha_MZ086730.gbk
>_alpha_MZ163970.gbk
>_alpha_MW781901.gbk
>_alpha_MZ142983.gbk
>_alpha_MZ228898.gbk
>_alpha_MZ083246.gbk
>_alpha_MW518236.gbk
>_alpha_MZ349834.gbk
>_alpha_MZ002993.gbk
>_alpha_MZ131008.gbk
>_alpha_MZ455845.1.gbk
>_alpha_MZ086193.gbk
>_alpha_MZ313512.gbk
>_alpha_MW906464.gbk
>_alpha_MZ001261.gbk
>_alpha_MZ491635.1.gbk
>_alpha_MZ413990.1.gbk
>_alpha_MZ342442.gbk
>_alpha_MZ069801.gbk
>_alpha_MZ398523.1.gbk
>_alpha_MZ349073.gbk
>_alpha_MZ187925.gbk
>_alpha_MW880167.gbk
>_alpha_MZ173310.gbk
>_alpha_MZ002332.gbk
>_alpha_MZ207409.gbk
>_alpha_MZ278694.gbk
>_alpha_MZ319553.gbk
>_alpha_MZ055082.gbk
>_alpha_MZ244944.gbk
>_alpha_MW586672.gbk
>_alpha_MZ191965.gbk
>_alpha_MZ284480.gbk
>_alpha_MW892254.gbk
>_alpha_MZ169364.gbk
>_alpha_MZ187264.gbk
>_alpha_MW906426.gbk
>_alpha_MZ238426.gbk
>_alpha_MZ282790.gbk
>_alpha_MZ532661.1.gbk
>_alpha_MZ074567.gbk
>_alpha_MZ207864.gbk
>_alpha_MZ032537.gbk
>_alpha_MZ308263.gbk
>_alpha_MZ354310.gbk
>_alpha_MZ192309.gbk
>_alpha_MZ280819.gbk
>_alpha_MW913813.gbk
>_alpha_MZ278711.gbk
>_alpha_MZ240691.gbk
>_alpha_MW913717.gbk
>_alpha_MW989135.gbk
>_alpha_MZ102109.gbk
>_alpha_MZ073582.gbk
>_alpha_MZ154293.gbk
>_alpha_MZ101123.gbk
>_alpha_MZ342875.gbk
>_alpha_MW908463.gbk
>_alpha_MZ238979.gbk
>_alpha_FR992659.gbk
# file alpha_FR992659.gbk does not contain annotated CDSs
>_alpha_MZ269832.gbk
>_alpha_MW911947.gbk
>_alpha_MW758989.gbk
>_alpha_MZ007265.gbk
>_alpha_MZ185077.gbk
>_alpha_MW907154.gbk
>_alpha_FR992135.gbk
# file alpha_FR992135.gbk does not contain annotated CDSs
>_alpha_MW906356.gbk
>_alpha_MZ351804.gbk
>_alpha_MZ009903.gbk
>_alpha_MZ213768.gbk
>_alpha_MZ202072.gbk
>_alpha_MZ424090.1.gbk
>_alpha_MZ084348.gbk
>_alpha_MZ492229.1.gbk
>_alpha_FR992419.gbk
# file alpha_FR992419.gbk does not contain annotated CDSs
>_alpha_MZ010937.gbk
>_alpha_MZ034795.gbk
>_alpha_MZ048507.gbk
>_alpha_MZ431906.1.gbk
>_alpha_MZ074610.gbk
>_alpha_MZ378224.gbk
>_alpha_MW847390.gbk
>_alpha_MZ072265.gbk
>_alpha_MZ214219.gbk
>_alpha_MW841784.gbk
>_alpha_MZ283805.gbk
>_alpha_MZ038150.gbk
>_alpha_MZ401639.1.gbk
>_alpha_MZ141753.gbk
>_alpha_MZ450227.1.gbk
>_alpha_MZ306346.gbk
>_alpha_MZ295308.gbk
>_alpha_MZ173109.gbk
>_alpha_MZ047066.gbk
>_alpha_MW751618.gbk
>_alpha_MZ440618.1.gbk
>_alpha_MZ002154.gbk
>_alpha_MZ217223.gbk
>_alpha_MZ385548.gbk
>_alpha_MZ244540.gbk
>_alpha_MZ180642.gbk
>_alpha_MZ188548.gbk
>_alpha_MW844309.gbk
>_alpha_MZ363185.gbk
>_alpha_MW912252.gbk
>_alpha_MZ142995.gbk
>_alpha_MZ354497.gbk
>_alpha_HG999095.gbk
# file alpha_HG999095.gbk does not contain annotated CDSs
>_alpha_MZ390301.gbk
>_alpha_MZ493488.1.gbk
>_alpha_MW874847.gbk
>_alpha_MZ227973.gbk
>_alpha_MZ146191.gbk
>_alpha_MZ357605.gbk
>_alpha_MZ467752.1.gbk
>_alpha_MZ084190.gbk
>_alpha_MW803476.gbk
>_alpha_MW907243.gbk
>_alpha_MZ154168.gbk
>_alpha_MZ154031.gbk
>_alpha_MZ498393.1.gbk
>_alpha_MZ554904.1.gbk
>_alpha_MZ188519.gbk
>_alpha_MZ315718.gbk
>_alpha_MW735580.gbk
>_alpha_MZ075418.gbk
>_alpha_MZ237702.gbk
>_alpha_MZ281456.gbk
>_alpha_MZ316211.gbk
>_alpha_MZ493399.1.gbk
>_alpha_MZ201922.gbk
>_alpha_MZ316255.gbk
>_alpha_MZ064817.gbk
>_alpha_MZ083429.gbk
>_alpha_MZ566632.1.gbk
>_alpha_MZ130997.gbk
>_alpha_MW935809.gbk
>_alpha_MZ083796.gbk
>_alpha_MZ322793.gbk
>_alpha_MZ416005.1.gbk
>_alpha_MZ149650.gbk
>_alpha_MZ506037.1.gbk
>_alpha_MW967127.gbk
>_alpha_MZ186990.gbk
>_alpha_MZ101206.gbk
>_alpha_MZ055053.gbk
>_alpha_MW849831.gbk
>_alpha_MW988907.gbk
>_alpha_MZ166539.gbk
>_alpha_MZ061203.gbk
>_alpha_MZ036622.gbk
>_alpha_MZ055270.gbk
>_alpha_MZ167099.gbk
>_alpha_MW840909.gbk
>_alpha_MZ278270.gbk
>_alpha_MZ025894.gbk
>_alpha_FR992504.gbk
# file alpha_FR992504.gbk does not contain annotated CDSs
>_alpha_MW829576.gbk
>_alpha_MZ337174.gbk
>_alpha_MW963409.gbk
>_alpha_MZ454505.1.gbk
>_alpha_MZ061058.gbk
>_alpha_MW842024.gbk
>_alpha_MZ172017.gbk
>_alpha_MW877100.gbk
>_alpha_MZ073141.gbk
>_alpha_MW984459.gbk
>_alpha_MZ145695.gbk
>_alpha_MZ062160.gbk
>_alpha_MZ164082.gbk
>_alpha_MZ217430.gbk
>_alpha_MZ153617.gbk
>_alpha_MZ244486.gbk
>_alpha_MW904951.gbk
>_alpha_MZ179257.gbk
>_alpha_MZ349092.gbk
>_alpha_MZ058180.gbk
>_alpha_MZ004798.gbk
>_alpha_MZ154007.gbk
>_alpha_MZ475547.1.gbk
>_alpha_MZ450408.1.gbk
>_alpha_MZ084048.gbk
>_alpha_MZ415119.1.gbk
>_alpha_MW842413.gbk
>_alpha_MZ462730.1.gbk
>_alpha_MZ131177.gbk
>_alpha_MW869038.gbk
>_alpha_MZ184656.gbk
>_alpha_MZ490357.1.gbk
>_alpha_MW803384.gbk
>_alpha_MZ216990.gbk
>_alpha_MZ307279.gbk
>_alpha_MZ498339.1.gbk
>_alpha_MW993337.gbk
>_alpha_MZ538335.1.gbk
>_alpha_MZ075688.gbk
>_alpha_MZ232519.gbk
>_alpha_MZ170589.gbk
>_alpha_MZ306956.gbk
>_alpha_MZ279318.gbk
>_alpha_MZ394588.1.gbk
>_alpha_FR993261.gbk
# file alpha_FR993261.gbk does not contain annotated CDSs
>_alpha_MZ216903.gbk
>_alpha_MZ035834.gbk
>_alpha_MW913970.gbk
>_alpha_MZ279220.gbk
>_alpha_MZ167743.gbk
>_alpha_MZ214156.gbk
>_alpha_MZ168078.gbk
>_alpha_MZ290787.gbk
>_alpha_MZ085086.gbk
>_alpha_MW842015.gbk
>_alpha_MZ006784.gbk
>_alpha_MZ188187.gbk
>_alpha_MZ411876.1.gbk
>_alpha_MZ037680.gbk
>_alpha_MZ084408.gbk
>_alpha_MZ227937.gbk
>_alpha_FR989589.gbk
# file alpha_FR989589.gbk does not contain annotated CDSs
>_alpha_MW849635.gbk
>_alpha_MZ261063.gbk
>_alpha_MW914103.gbk
>_alpha_MZ281285.gbk
>_alpha_MZ006820.gbk
>_alpha_MZ385970.gbk
>_alpha_MW803508.gbk
>_alpha_MW874950.gbk
>_alpha_MZ035265.gbk
>_alpha_MZ451826.1.gbk
>_alpha_MW914405.gbk
>_alpha_MW864809.gbk
>_alpha_MZ255598.gbk
>_alpha_MZ413493.1.gbk
>_alpha_MZ184346.gbk
>_alpha_MZ317121.gbk
>_alpha_MZ498253.1.gbk
>_alpha_MW905153.gbk
>_alpha_MZ341959.gbk
>_alpha_MZ352206.gbk
>_alpha_MW969025.gbk
>_alpha_FR992913.gbk
# file alpha_FR992913.gbk does not contain annotated CDSs
>_alpha_MW931280.gbk
>_alpha_MW913399.gbk
>_alpha_MZ390977.gbk
>_alpha_MZ193480.gbk
>_alpha_MW803501.gbk
>_alpha_MZ539173.1.gbk
>_alpha_MW858235.gbk
>_alpha_MZ032668.gbk
>_alpha_MZ100820.gbk
>_alpha_MZ170605.gbk
>_alpha_MW959410.gbk
>_alpha_MZ132262.gbk
>_alpha_MW959627.gbk
>_alpha_MZ101088.gbk
>_alpha_MZ181223.gbk
>_alpha_MZ184200.gbk
>_alpha_MZ513940.1.gbk
>_alpha_MZ233510.gbk
>_alpha_MZ454141.1.gbk
>_alpha_MZ164271.gbk
>_alpha_MW865118.gbk
>_alpha_MW913734.gbk
>_alpha_MW831040.gbk
>_alpha_MZ340757.gbk
>_alpha_MZ228868.gbk
>_alpha_MZ493366.1.gbk
>_alpha_MW894593.gbk
>_alpha_MZ284642.gbk
>_alpha_MW913376.gbk
>_alpha_MZ056074.gbk
>_alpha_MZ154231.gbk
>_alpha_MZ282055.gbk
>_alpha_MZ331297.gbk
>_alpha_MZ032521.gbk
>_alpha_MZ085174.gbk
>_alpha_MZ531667.1.gbk
>_alpha_MZ056384.gbk
>_alpha_MZ086446.gbk
>_alpha_MZ533278.1.gbk
>_alpha_MW904697.gbk
>_alpha_MZ006462.gbk
>_alpha_MZ075063.gbk
>_alpha_MZ141098.gbk
>_alpha_MW904679.gbk
>_alpha_MZ433675.1.gbk
>_alpha_MZ159056.gbk
>_alpha_MZ179696.gbk
>_alpha_MZ244583.gbk
>_alpha_MW914577.gbk
>_alpha_MZ342124.gbk
>_alpha_MZ069209.gbk
>_alpha_MW906921.gbk
>_alpha_MZ210263.gbk
>_alpha_MZ083646.gbk
>_alpha_MZ354236.gbk
>_alpha_MZ475659.1.gbk
>_alpha_MZ354431.gbk
>_alpha_MZ201802.gbk
>_alpha_MW966924.gbk
>_alpha_MZ070947.gbk
>_alpha_MW735436.gbk
>_alpha_MZ045094.gbk
>_alpha_MZ065076.gbk
>_alpha_MZ242183.gbk
>_alpha_MZ032298.gbk
>_alpha_MZ001114.gbk
>_alpha_MW773179.gbk
>_alpha_MZ184331.gbk
>_alpha_MW908972.gbk
>_alpha_MW909112.gbk
>_alpha_MZ214823.gbk
>_alpha_MZ070494.gbk
>_alpha_MZ187036.gbk
>_alpha_MZ064864.gbk
>_alpha_MZ252098.gbk
>_alpha_MZ056062.gbk
>_alpha_MZ164038.gbk
>_alpha_MZ170379.gbk
>_alpha_MZ390069.gbk
>_alpha_MZ331100.gbk
>_alpha_MZ083224.gbk
>_alpha_MZ376559.gbk
>_alpha_MW989130.gbk
>_alpha_MZ165835.gbk
>_alpha_MW930183.gbk
>_alpha_MZ167076.gbk
>_alpha_MZ072854.gbk
>_alpha_MZ244557.gbk
>_alpha_MZ172135.gbk
>_alpha_MZ194022.gbk
>_alpha_MW844247.gbk
>_alpha_MZ084499.gbk
>_alpha_MZ184261.gbk
>_alpha_MZ228404.gbk
>_alpha_MW906774.gbk
>_alpha_MZ145708.gbk
>_alpha_MZ307670.gbk
>_alpha_MZ454886.1.gbk
>_alpha_MZ278426.gbk
>_alpha_MW626520.gbk
>_alpha_MZ036661.gbk
>_alpha_MW808159.gbk
>_alpha_MZ566371.1.gbk
>_alpha_MZ453729.1.gbk
>_alpha_MZ132942.gbk
>_alpha_MZ100461.gbk
>_alpha_MZ282883.gbk
>_alpha_MW803390.gbk
>_alpha_MZ022187.gbk
>_alpha_MZ431898.1.gbk
>_alpha_MZ306431.gbk
>_alpha_MZ434498.1.gbk
>_alpha_MW799818.gbk
>_alpha_MZ315939.gbk
>_alpha_MZ212942.gbk
>_alpha_MZ280332.gbk
>_alpha_MZ499169.1.gbk
>_alpha_MZ306691.gbk
>_alpha_MZ211426.gbk
>_alpha_MZ255944.gbk
>_alpha_MZ376150.gbk
>_alpha_MZ511333.1.gbk
>_alpha_MW993053.gbk
>_alpha_MZ257125.gbk
>_alpha_MZ039328.gbk
>_alpha_MZ189129.gbk
>_alpha_MZ022806.gbk
>_alpha_MZ316002.gbk
>_alpha_MZ181657.gbk
>_alpha_MZ083686.gbk
>_alpha_MZ131331.gbk
>_alpha_MZ022943.gbk
>_alpha_MZ085576.gbk
>_alpha_MZ194183.gbk
>_alpha_MZ291142.gbk
>_alpha_MZ288043.gbk
>_alpha_MZ486469.1.gbk
>_alpha_MZ531234.1.gbk
>_alpha_MZ236551.gbk
>_alpha_MZ202440.gbk
>_alpha_MZ307572.gbk
>_alpha_MW807867.gbk
>_alpha_MZ284109.gbk
>_alpha_MZ032718.gbk
>_alpha_MZ398870.1.gbk
>_alpha_MZ499689.1.gbk
>_alpha_MZ570741.1.gbk
>_alpha_MZ002067.gbk
>_alpha_MZ025010.gbk
>_alpha_MZ153867.gbk
>_alpha_MZ341731.gbk
>_alpha_MZ025532.gbk
>_alpha_MZ186932.gbk
>_alpha_MZ060601.gbk
>_alpha_MZ376833.gbk
>_alpha_MZ083236.gbk
>_alpha_MZ186612.gbk
>_alpha_MZ294125.gbk
>_alpha_MZ025662.gbk
>_alpha_MZ158753.gbk
>_alpha_MZ501411.1.gbk
>_alpha_MZ163708.gbk
>_alpha_MZ252691.gbk
>_alpha_MZ294662.gbk
>_alpha_MZ533380.1.gbk
>_alpha_MW915229.gbk
>_alpha_MW964443.gbk
>_alpha_MZ061083.gbk
>_alpha_MZ085881.gbk
>_alpha_MZ152608.gbk
>_alpha_MZ371391.gbk
>_alpha_HG997012.gbk
# file alpha_HG997012.gbk does not contain annotated CDSs
>_alpha_MZ060329.gbk
>_alpha_MZ293659.gbk
>_alpha_MZ499059.1.gbk
>_alpha_MZ554669.1.gbk
>_alpha_MZ188275.gbk
>_alpha_MZ211593.gbk
>_alpha_MW969602.1.gbk
>_alpha_MZ163501.gbk
>_alpha_MZ210391.gbk
>_alpha_MZ039251.gbk
>_alpha_MZ101040.gbk
>_alpha_MZ236574.gbk
>_alpha_MZ046668.gbk
>_alpha_MZ060321.gbk
>_alpha_MZ076086.gbk
>_alpha_MZ180796.gbk
>_alpha_MZ213009.gbk
>_alpha_MZ538048.1.gbk
>_alpha_MZ254085.gbk
>_alpha_MZ058373.gbk
>_alpha_MZ341507.gbk
>_alpha_MZ402493.1.gbk
>_alpha_MZ149686.gbk
>_alpha_MZ320259.gbk
>_alpha_MZ388134.gbk
>_alpha_MZ386626.gbk
>_alpha_MZ520092.1.gbk
>_alpha_MZ256663.gbk
>_alpha_MW905269.gbk
>_alpha_MZ506272.1.gbk
>_alpha_MZ320915.gbk
>_alpha_MW931420.gbk
>_alpha_MZ196113.gbk
>_alpha_MZ131351.gbk
>_alpha_MZ194225.gbk
>_alpha_MZ003331.gbk
>_alpha_MZ232663.gbk
>_alpha_MZ013455.gbk
>_alpha_MZ206413.gbk
>_alpha_MZ291369.gbk
>_alpha_MZ414280.1.gbk
>_alpha_MW912485.gbk
>_alpha_MZ056060.gbk
>_alpha_MZ212551.gbk
>_alpha_MW908543.gbk
>_alpha_MZ039625.gbk
>_alpha_MZ004908.gbk
>_alpha_MZ243379.gbk
>_alpha_MZ530604.1.gbk
>_alpha_MW877243.gbk
>_alpha_MZ366604.gbk
>_alpha_MZ530609.1.gbk
>_alpha_MZ212550.gbk
>_alpha_MZ164750.gbk
>_alpha_MW524867.gbk
>_alpha_MW803585.gbk
>_alpha_MZ304843.gbk
>_alpha_MW921925.gbk
>_alpha_MW519832.gbk
>_alpha_MZ237771.gbk
>_alpha_MZ315723.gbk
>_alpha_MZ166837.gbk
>_alpha_MZ225803.gbk
>_alpha_MZ100566.gbk
>_alpha_MZ064699.gbk
>_alpha_MZ181401.gbk
>_alpha_MZ398878.1.gbk
>_alpha_MZ531037.1.gbk
>_alpha_MZ307553.gbk
>_alpha_MZ288156.gbk
>_alpha_MW963496.gbk
>_alpha_MZ035605.gbk
>_alpha_MZ237489.gbk
>_alpha_MW905164.gbk
>_alpha_FR991929.gbk
# file alpha_FR991929.gbk does not contain annotated CDSs
>_alpha_MZ411648.1.gbk
>_alpha_MZ001925.gbk
>_alpha_MZ131441.gbk
>_alpha_MZ054921.gbk
>_alpha_MZ372679.gbk
>_alpha_MW914099.gbk
>_alpha_MZ009766.gbk
>_alpha_MZ282046.gbk
>_alpha_MZ215545.gbk
>_alpha_MW907730.gbk
>_alpha_MW991105.gbk
>_alpha_MZ084855.gbk
>_alpha_MZ212744.gbk
>_alpha_MZ168498.gbk
>_alpha_MZ372106.gbk
>_alpha_MZ497744.1.gbk
>_alpha_MZ281015.gbk
>_alpha_MZ227926.gbk
>_alpha_MW972384.gbk
>_alpha_MZ333360.gbk
>_alpha_MZ180463.gbk
>_alpha_MZ013770.gbk
>_alpha_MW869014.gbk
>_alpha_MZ304801.gbk
>_alpha_MZ371511.gbk
>_alpha_MZ393551.gbk
>_alpha_MZ035223.gbk
>_alpha_MW820276.gbk
>_alpha_MZ012522.gbk
>_alpha_MW968446.gbk
>_alpha_MZ011300.gbk
>_alpha_MZ188390.gbk
>_alpha_MZ163481.gbk
>_alpha_MZ084890.gbk
>_alpha_MZ168178.gbk
>_alpha_MZ206250.gbk
>_alpha_MZ146302.gbk
>_alpha_MW842373.gbk
>_alpha_MW969330.gbk
>_alpha_MZ083930.gbk
>_alpha_MZ070555.gbk
>_alpha_MZ060026.gbk
>_alpha_MZ161673.gbk
>_alpha_MZ337265.gbk
>_alpha_MW626523.gbk
>_alpha_MW964445.gbk
>_alpha_MZ228801.gbk
>_alpha_MZ448814.1.gbk
>_alpha_MW908403.gbk
>_alpha_FR993044.gbk
# file alpha_FR993044.gbk does not contain annotated CDSs
>_alpha_MW914060.gbk
>_alpha_MZ181683.gbk
>_alpha_FR992213.gbk
# file alpha_FR992213.gbk does not contain annotated CDSs
>_alpha_MZ034940.gbk
>_alpha_MZ431905.1.gbk
>_alpha_MZ068953.gbk
>_alpha_MZ195929.gbk
>_alpha_MZ275159.gbk
>_alpha_MW984474.gbk
>_alpha_MW914488.gbk
>_alpha_MZ342122.gbk
>_alpha_MZ047398.gbk
>_alpha_MZ244509.gbk
>_alpha_MZ069415.gbk
>_alpha_MZ315488.gbk
>_alpha_MW869478.gbk
>_alpha_MZ295546.gbk
>_alpha_MZ053715.gbk
>_alpha_MZ475526.1.gbk
>_alpha_MW992900.gbk
>_alpha_MW273786.gbk
>_alpha_MZ143063.gbk
>_alpha_MZ145324.gbk
>_alpha_MZ152985.gbk
>_alpha_MZ152419.gbk
>_alpha_MZ167517.gbk
>_alpha_MZ564441.1.gbk
>_alpha_MZ059980.gbk
>_alpha_MZ351308.gbk
>_alpha_MW994039.gbk
>_alpha_MZ432726.1.gbk
>_alpha_MZ006292.gbk
>_alpha_MW905552.gbk
>_alpha_MZ086206.gbk
>_alpha_MZ158431.gbk
>_alpha_MZ009424.gbk
>_alpha_MZ375428.gbk
>_alpha_MZ032610.gbk
>_alpha_MZ455923.1.gbk
>_alpha_MZ538119.1.gbk
>_alpha_MZ212334.gbk
>_alpha_MZ231772.gbk
>_alpha_MZ192055.gbk
>_alpha_MZ149755.gbk
>_alpha_MZ029268.gbk
>_alpha_MZ319865.gbk
>_alpha_MZ430663.1.gbk
>_alpha_MW967625.gbk
>_alpha_MW988253.gbk
>_alpha_MZ307746.gbk
>_alpha_MW931120.gbk
>_alpha_MW990512.gbk
>_alpha_MZ415218.1.gbk
>_alpha_MZ449091.1.gbk
>_alpha_MZ045027.gbk
>_alpha_MZ158731.gbk
>_alpha_MZ354291.gbk
>_alpha_MW908955.gbk
>_alpha_MZ211029.gbk
>_alpha_MZ253841.gbk
>_alpha_MZ294339.gbk
>_alpha_MZ390118.gbk
>_alpha_MZ142431.gbk
>_alpha_MZ156658.gbk
>_alpha_MZ023907.gbk
>_alpha_MZ290436.gbk
>_alpha_MZ455266.1.gbk
>_alpha_MZ034214.gbk
>_alpha_MZ316146.gbk
>_alpha_MZ448680.1.gbk
>_alpha_MZ163344.gbk
>_alpha_FR991701.gbk
# file alpha_FR991701.gbk does not contain annotated CDSs
>_alpha_MZ074759.gbk
>_alpha_MZ360256.gbk
>_alpha_MZ213575.gbk
>_alpha_MZ075049.gbk
>_alpha_MZ486488.1.gbk
>_alpha_MZ539297.1.gbk
>_alpha_MZ210732.gbk
>_alpha_MZ376498.gbk
>_alpha_MZ386617.gbk
>_alpha_MZ132852.gbk
>_alpha_MZ316510.gbk
>_alpha_MZ152999.gbk
>_alpha_MZ169366.gbk
>_alpha_MZ274750.gbk
>_alpha_MZ432666.1.gbk
>_alpha_MZ533344.1.gbk
>_alpha_MW907350.gbk
>_alpha_MW894199.gbk
>_alpha_MZ228057.gbk
>_alpha_MZ168374.gbk
>_alpha_MZ000072.gbk
>_alpha_MZ360087.gbk
>_alpha_MZ328491.gbk
>_alpha_MZ288159.gbk
>_alpha_MW844959.gbk
>_alpha_MZ538657.1.gbk
>_alpha_MZ131990.gbk
>_alpha_MZ308128.gbk
>_alpha_MZ072584.gbk
>_alpha_MZ237513.gbk
>_alpha_MZ037190.gbk
>_alpha_MZ410269.1.gbk
>_alpha_MZ060517.gbk
>_alpha_MZ056430.gbk
>_alpha_MZ184279.gbk
>_alpha_MZ193080.gbk
>_alpha_MZ058381.gbk
>_alpha_MW937182.gbk
>_alpha_MZ499041.1.gbk
>_alpha_MZ212962.gbk
>_alpha_MZ036389.gbk
>_alpha_MZ244964.gbk
>_alpha_MZ332528.gbk
>_alpha_MZ008808.gbk
>_alpha_MW964616.gbk
>_alpha_MZ294159.gbk
>_alpha_MZ566441.1.gbk
>_alpha_MZ226066.gbk
>_alpha_MW965988.gbk
>_alpha_MW906195.gbk
>_alpha_MZ022424.gbk
>_alpha_MZ030250.gbk
>_alpha_MZ505802.1.gbk
>_alpha_MZ210630.gbk
>_alpha_MZ001744.gbk
>_alpha_MZ002051.gbk
>_alpha_MZ164723.gbk
>_alpha_MZ228942.gbk
>_alpha_MW907651.gbk
>_alpha_MZ284738.gbk
>_alpha_MW804728.gbk
>_alpha_MZ538351.1.gbk
>_alpha_MZ186207.gbk
>_alpha_MZ512395.1.gbk
>_alpha_MZ145458.gbk
>_alpha_MZ161476.gbk
>_alpha_MZ500667.1.gbk
>_alpha_MW485378.gbk
>_alpha_MZ454828.1.gbk
>_alpha_MW909382.gbk
>_alpha_MZ373496.gbk
>_alpha_MZ000970.gbk
>_alpha_MZ436871.1.gbk
>_alpha_MW841961.gbk
>_alpha_MZ455991.1.gbk
>_alpha_MZ034632.gbk
>_alpha_MZ084075.gbk
>_alpha_MZ354387.gbk
>_alpha_MZ173438.gbk
>_alpha_MZ532636.1.gbk
>_alpha_MZ475667.1.gbk
>_alpha_MZ376301.gbk
>_alpha_FR992939.gbk
# file alpha_FR992939.gbk does not contain annotated CDSs
>_alpha_MZ132251.gbk
>_alpha_MZ194087.gbk
>_alpha_MZ280355.gbk
>_alpha_MZ415962.1.gbk
>_alpha_MZ191922.gbk
>_alpha_MZ535926.1.gbk
>_alpha_MZ167512.gbk
>_alpha_MZ333387.gbk
>_alpha_MZ294441.gbk
>_alpha_MZ245178.gbk
>_alpha_MZ166714.gbk
>_alpha_MZ211829.gbk
>_alpha_MZ316907.gbk
>_alpha_MZ331211.gbk
>_alpha_MZ045041.gbk
>_alpha_MZ186485.gbk
>_alpha_MZ083979.gbk
>_alpha_MZ074106.gbk
>_alpha_MZ161263.gbk
>_alpha_MZ376584.gbk
>_alpha_MZ132614.gbk
>_alpha_MZ141218.gbk
>_alpha_MZ472007.1.gbk
>_alpha_MZ075021.gbk
>_alpha_MZ011446.gbk
>_alpha_MZ397305.1.gbk
>_alpha_MZ279278.gbk
>_alpha_MW967473.gbk
>_alpha_MZ003051.gbk
>_alpha_MZ152481.gbk
>_alpha_MZ497861.1.gbk
>_alpha_MZ025191.gbk
>_alpha_MZ193577.gbk
>_alpha_MZ061152.gbk
>_alpha_MZ214970.gbk
>_alpha_MW721477.gbk
>_alpha_MZ210132.gbk
>_alpha_FR991724.gbk
# file alpha_FR991724.gbk does not contain annotated CDSs
>_alpha_MZ181352.gbk
>_alpha_MZ160368.gbk
>_alpha_MZ284609.gbk
>_alpha_MZ186241.gbk
>_alpha_MZ232765.gbk
>_alpha_MZ154526.gbk
>_alpha_MZ279450.gbk
>_alpha_MZ415586.1.gbk
>_alpha_MZ181896.gbk
>_alpha_MZ415922.1.gbk
>_alpha_MZ432143.1.gbk
>_alpha_MZ030075.gbk
>_alpha_MZ279072.gbk
>_alpha_MW959971.gbk
>_alpha_MZ195812.gbk
>_alpha_MZ006800.gbk
>_alpha_MZ213609.gbk
>_alpha_MZ375621.gbk
>_alpha_MZ181457.gbk
>_alpha_MZ308135.gbk
>_alpha_MZ206287.gbk
>_alpha_MZ307485.gbk
>_alpha_MW869500.gbk
>_alpha_MZ281691.gbk
>_alpha_MZ354273.gbk
>_alpha_MZ444568.1.gbk
>_alpha_MZ007320.gbk
>_alpha_MZ322786.gbk
>_alpha_MW963947.gbk
>_alpha_MZ433666.1.gbk
>_alpha_MW911338.gbk
>_alpha_MW912157.gbk
>_alpha_MW930001.gbk
>_alpha_MZ022406.gbk
>_alpha_MZ160356.gbk
>_alpha_MZ188290.gbk
>_alpha_MZ037817.gbk
>_alpha_MW908576.gbk
>_alpha_MZ501426.1.gbk
>_alpha_MZ083698.gbk
>_alpha_MW908432.gbk
>_alpha_MW915991.gbk
>_alpha_MZ025164.gbk
>_alpha_MZ061398.gbk
>_alpha_MZ244513.gbk
>_alpha_MZ352151.gbk
>_alpha_MZ256443.gbk
>_alpha_MW865632.gbk
>_alpha_MZ058859.gbk
>_alpha_MW964806.gbk
>_alpha_MZ244965.gbk
>_alpha_MZ165893.gbk
>_alpha_MW865699.gbk
>_alpha_MW712875.gbk
>_alpha_MZ270499.gbk
>_alpha_MW959375.gbk
>_alpha_MZ083552.gbk
>_alpha_MZ371746.gbk
>_alpha_MZ386360.gbk
>_alpha_MZ083715.gbk
>_alpha_MZ304904.gbk
>_alpha_MZ025459.gbk
>_alpha_MZ195399.gbk
>_alpha_MZ133328.gbk
>_alpha_MW994621.gbk
>_alpha_MZ131488.gbk
>_alpha_MZ394602.1.gbk
>_alpha_MZ401754.1.gbk
>_alpha_MZ038727.gbk
>_alpha_MZ166581.gbk
>_alpha_MZ386031.gbk
>_alpha_MZ194040.gbk
>_alpha_MZ212603.gbk
>_alpha_MZ555227.1.gbk
>_alpha_MZ244570.gbk
>_alpha_MZ498177.1.gbk
>_alpha_MZ413523.1.gbk
>_alpha_MZ060796.gbk
>_alpha_MZ082971.gbk
>_alpha_MZ499361.1.gbk
>_alpha_MZ284565.gbk
>_alpha_MZ281261.gbk
>_alpha_MZ349279.gbk
>_alpha_MZ039310.gbk
>_alpha_MZ194341.gbk
>_alpha_MZ448827.1.gbk
>_alpha_MW914397.gbk
>_alpha_MZ058561.gbk
>_alpha_FR992994.gbk
# file alpha_FR992994.gbk does not contain annotated CDSs
>_alpha_MZ008880.gbk
>_alpha_MZ013818.gbk
>_alpha_MZ320288.gbk
>_alpha_MZ280377.gbk
>_alpha_MZ185881.gbk
>_alpha_MZ001378.gbk
>_alpha_MZ009510.gbk
>_alpha_MZ318904.gbk
>_alpha_MW583430.gbk
>_alpha_MZ255567.gbk
>_alpha_MZ164665.gbk
>_alpha_MZ279412.gbk
>_alpha_MW715274.gbk
>_alpha_MZ101292.gbk
>_alpha_MZ211886.gbk
>_alpha_MZ454885.1.gbk
>_alpha_MZ280161.gbk
>_alpha_MZ535135.1.gbk
>_alpha_MZ340905.gbk
>_alpha_MZ145318.gbk
>_alpha_MZ156720.gbk
>_alpha_MW963687.gbk
>_alpha_MZ032337.gbk
>_alpha_MZ010900.gbk
>_alpha_MZ307963.gbk
>_alpha_MZ467928.1.gbk
>_alpha_MW803489.gbk
>_alpha_MZ341341.gbk
>_alpha_MZ261169.gbk
>_alpha_MZ168395.gbk
>_alpha_MZ058505.gbk
>_alpha_MZ362936.gbk
>_alpha_MZ038846.gbk
>_alpha_MW968255.gbk
>_alpha_MZ530641.1.gbk
>_alpha_MW840812.gbk
>_alpha_MZ239627.gbk
>_alpha_MZ245076.gbk
>_alpha_MZ512642.1.gbk
>_alpha_MZ283706.gbk
>_alpha_MW864911.gbk
>_alpha_MW908029.gbk
>_alpha_MZ245234.gbk
>_alpha_MZ166323.gbk
>_alpha_MZ253371.gbk
>_alpha_MZ193525.gbk
>_alpha_MZ008956.gbk
>_alpha_MZ023336.gbk
>_alpha_MZ086214.gbk
>_alpha_MZ202027.gbk
>_alpha_MZ059840.gbk
>_alpha_MW912531.gbk
>_alpha_MZ237879.gbk
>_alpha_MZ006356.gbk
>_alpha_MZ306529.gbk
>_alpha_MZ036326.gbk
>_alpha_MW807783.gbk
>_alpha_MZ378403.gbk
>_alpha_MZ414707.1.gbk
>_alpha_MZ132587.gbk
>_alpha_MZ354215.gbk
>_alpha_MZ254152.gbk
>_alpha_MZ274484.gbk
>_alpha_MZ233574.gbk
>_alpha_MW969002.gbk
>_alpha_MZ161593.gbk
>_alpha_MZ390188.gbk
>_alpha_MZ307815.gbk
>_alpha_MW912149.gbk
>_alpha_MW963915.gbk
>_alpha_MZ213274.gbk
>_alpha_MZ187394.gbk
>_alpha_MW913938.gbk
>_alpha_MZ214248.gbk
>_alpha_MZ535601.1.gbk
>_alpha_MZ002353.gbk
>_alpha_MZ181927.gbk
>_alpha_MW969588.1.gbk
>_alpha_MW914522.gbk
>_alpha_MZ201947.gbk
>_alpha_MZ184592.gbk
>_alpha_MZ184209.gbk
>_alpha_MZ213743.gbk
>_alpha_MZ280249.gbk
>_alpha_MW966124.gbk
>_alpha_MZ375912.gbk
>_alpha_MW914327.gbk
>_alpha_MZ141242.gbk
>_alpha_MZ070839.gbk
>_alpha_MW912102.gbk
>_alpha_MZ071039.gbk
>_alpha_MZ201519.gbk
>_alpha_MW988618.gbk
>_alpha_MZ252291.gbk
>_alpha_MZ255580.gbk
>_alpha_MZ282913.gbk
>_alpha_MZ279335.gbk
>_alpha_MZ462794.1.gbk
>_alpha_MZ390007.gbk
>_alpha_MZ187371.gbk
>_alpha_MZ179926.gbk
>_alpha_MW930975.gbk
>_alpha_MZ210776.gbk
>_alpha_MW850574.gbk
>_alpha_MW844942.gbk
>_alpha_MZ003004.gbk
>_alpha_MZ059795.gbk
>_alpha_MZ090393.gbk
>_alpha_MZ001234.gbk
>_alpha_MZ211531.gbk
>_alpha_MZ268332.gbk
>_alpha_MZ279496.gbk
>_alpha_MZ184516.gbk
>_alpha_MZ228503.gbk
>_alpha_MZ237802.gbk
>_alpha_MZ184089.gbk
>_alpha_MZ354792.gbk
>_alpha_MW967030.gbk
>_alpha_MW992909.gbk
>_alpha_MZ254562.gbk
>_alpha_MZ214016.gbk
>_alpha_MZ172173.gbk
>_alpha_MZ245251.gbk
>_alpha_MZ082603.gbk
>_alpha_MZ186904.gbk
>_alpha_MZ316136.gbk
>_alpha_MZ140821.gbk
>_alpha_MZ390531.gbk
>_alpha_MW969165.gbk
>_alpha_MW803601.gbk
>_alpha_MZ255924.gbk
>_alpha_MZ467929.1.gbk
>_alpha_FR993025.gbk
# file alpha_FR993025.gbk does not contain annotated CDSs
>_alpha_MZ035337.gbk
>_alpha_MZ321513.gbk
>_alpha_MZ306234.gbk
>_alpha_MZ354706.gbk
>_alpha_MW713661.gbk
>_alpha_MZ182052.gbk
>_alpha_MZ537972.1.gbk
>_alpha_MZ089664.gbk
>_alpha_MZ193938.gbk
>_alpha_MZ238670.gbk
>_alpha_MZ390023.gbk
>_alpha_MZ060975.gbk
>_alpha_MZ233215.gbk
>_alpha_MZ142293.gbk
>_alpha_MZ238650.gbk
>_alpha_MW518824.gbk
>_alpha_MZ202126.gbk
>_alpha_MZ253590.gbk
>_alpha_MZ214054.gbk
>_alpha_MZ056402.gbk
>_alpha_MZ270253.gbk
>_alpha_MZ410100.1.gbk
>_alpha_MZ163885.gbk
>_alpha_MW864653.gbk
>_alpha_MZ172228.gbk
>_alpha_MZ454778.1.gbk
>_alpha_MZ143157.gbk
>_alpha_MW990828.gbk
>_alpha_MZ185582.gbk
>_alpha_MW773614.gbk
>_alpha_MW969480.gbk
>_alpha_MW959528.gbk
>_alpha_MZ038431.gbk
>_alpha_MW929932.gbk
>_alpha_MZ004783.gbk
>_alpha_MZ090221.gbk
>_alpha_MZ296612.gbk
>_alpha_MZ035486.gbk
>_alpha_MZ398951.1.gbk
>_alpha_MW906322.gbk
>_alpha_MW984493.gbk
>_alpha_MZ039705.gbk
>_alpha_MZ530383.1.gbk
>_alpha_MZ531252.1.gbk
>_alpha_MW877242.gbk
>_alpha_MZ284829.gbk
>_alpha_MZ401822.1.gbk
>_alpha_FR990988.gbk
# file alpha_FR990988.gbk does not contain annotated CDSs
>_alpha_MZ191950.gbk
>_alpha_MZ376761.gbk
>_alpha_MZ186184.gbk
>_alpha_MZ500960.1.gbk
>_alpha_MZ539120.1.gbk
>_alpha_MW735440.gbk
>_alpha_MZ255490.gbk
>_alpha_MZ337104.gbk
>_alpha_MZ082504.gbk
>_alpha_MZ511682.1.gbk
>_alpha_MZ434084.1.gbk
>_alpha_MZ398003.1.gbk
>_alpha_MW989254.gbk
>_alpha_MZ184576.gbk
>_alpha_MZ100548.gbk
>_alpha_FR992232.gbk
# file alpha_FR992232.gbk does not contain annotated CDSs
>_alpha_MZ349862.gbk
>_alpha_MZ009589.gbk
>_alpha_MZ321551.gbk
>_alpha_MZ354597.gbk
>_alpha_MZ153478.gbk
>_alpha_MZ213519.gbk
>_alpha_MZ161700.gbk
>_alpha_MZ349770.gbk
>_alpha_MZ152304.gbk
>_alpha_MZ187193.gbk
>_alpha_MZ186708.gbk
>_alpha_MZ187956.gbk
>_alpha_MW796822.gbk
>_alpha_MZ232935.gbk
>_alpha_MZ035429.gbk
>_alpha_MZ167510.gbk
>_alpha_MZ161630.gbk
>_alpha_MZ188946.gbk
>_alpha_FR991699.gbk
# file alpha_FR991699.gbk does not contain annotated CDSs
>_alpha_MZ202175.gbk
>_alpha_MZ252588.gbk
>_alpha_MZ431960.1.gbk
>_alpha_MZ211554.gbk
>_alpha_MZ498863.1.gbk
>_alpha_MZ533170.1.gbk
>_alpha_MZ195168.gbk
>_alpha_MZ201978.gbk
>_alpha_MW965125.gbk
>_alpha_MZ358661.gbk
>_alpha_MZ013208.gbk
>_alpha_MZ538043.1.gbk
>_alpha_MZ038305.gbk
>_alpha_MZ282687.gbk
>_alpha_MZ336959.gbk
>_alpha_MW963512.gbk
>_alpha_MZ244499.gbk
>_alpha_MW781876.gbk
>_alpha_MZ161573.gbk
>_alpha_MZ194133.gbk
>_alpha_MZ003588.gbk
>_alpha_MZ275201.gbk
>_alpha_MZ141067.gbk
>_alpha_MZ056428.gbk
>_alpha_MZ143136.gbk
>_alpha_MZ307387.gbk
>_alpha_MZ058952.gbk
>_alpha_MW816550.gbk
>_alpha_MZ257683.gbk
>_alpha_MZ060767.gbk
>_alpha_MZ281919.gbk
>_alpha_MZ518662.1.gbk
>_alpha_MZ386636.gbk
>_alpha_MZ083097.gbk
>_alpha_MZ183944.gbk
>_alpha_MW848904.gbk
>_alpha_MZ390369.gbk
>_alpha_MZ455074.1.gbk
>_alpha_MZ060580.gbk
>_alpha_MZ304767.gbk
>_alpha_MZ278382.gbk
>_alpha_MZ415318.1.gbk
>_alpha_MZ402056.1.gbk
>_alpha_MZ535644.1.gbk
>_alpha_MZ072162.gbk
>_alpha_MZ240418.gbk
>_alpha_MZ172006.gbk
>_alpha_MZ171956.gbk
>_alpha_MZ170438.gbk
>_alpha_MZ233051.gbk
>_alpha_FR992838.gbk
# file alpha_FR992838.gbk does not contain annotated CDSs
>_alpha_MZ253957.gbk
>_alpha_MZ238561.gbk
>_alpha_MZ029291.gbk
>_alpha_MZ193629.gbk
>_alpha_MZ237130.gbk
>_alpha_MZ399090.1.gbk
>_alpha_MW905514.gbk
>_alpha_MZ141043.gbk
>_alpha_MZ280065.gbk
>_alpha_MZ163367.gbk
>_alpha_MZ237676.gbk
>_alpha_MZ236892.gbk
>_alpha_MZ059043.gbk
>_alpha_MZ084349.gbk
>_alpha_MZ083642.gbk
>_alpha_MW807907.gbk
>_alpha_MZ185863.gbk
>_alpha_MW931284.gbk
>_alpha_MZ202437.gbk
>_alpha_MW751494.gbk
>_alpha_MZ207545.gbk
>_alpha_MZ279341.gbk
>_alpha_MZ153576.gbk
>_alpha_MZ243410.gbk
>_alpha_MW864713.gbk
>_alpha_MW905678.gbk
>_alpha_MZ003244.gbk
>_alpha_MW803436.gbk
>_alpha_MZ007239.gbk
>_alpha_MZ003859.gbk
>_alpha_MZ270344.gbk
>_alpha_MW626465.gbk
>_alpha_MZ487784.1.gbk
>_alpha_MZ232648.gbk
>_alpha_MZ194643.gbk
>_alpha_MZ195757.gbk
>_alpha_MW776882.gbk
>_alpha_MZ211917.gbk
>_alpha_MZ237813.gbk
>_alpha_MW907801.gbk
>_alpha_MZ023491.gbk
>_alpha_MZ085345.gbk
>_alpha_MZ333348.gbk
>_alpha_MZ035864.gbk
>_alpha_MZ188174.gbk
>_alpha_MZ170475.gbk
>_alpha_MW969488.gbk
>_alpha_MZ184510.gbk
>_alpha_MZ431867.1.gbk
>_alpha_MZ073812.gbk
>_alpha_MZ237935.gbk
>_alpha_MZ341887.gbk
>_alpha_MZ397436.1.gbk
>_alpha_MZ146213.gbk
>_alpha_MZ142304.gbk
>_alpha_MZ244526.gbk
>_alpha_MZ034896.gbk
>_alpha_MZ386451.gbk
>_alpha_MZ498199.1.gbk
>_alpha_MZ259649.gbk
>_alpha_MZ068585.gbk
>_alpha_MZ512767.1.gbk
>_alpha_MZ316265.gbk
>_alpha_MZ244880.gbk
>_alpha_MZ217348.gbk
>_alpha_MZ011190.gbk
>_alpha_MZ244872.gbk
>_alpha_MW713648.gbk
>_alpha_MZ069551.gbk
>_alpha_MZ156953.gbk
>_alpha_MW869072.gbk
>_alpha_MZ410065.1.gbk
>_alpha_MZ492003.1.gbk
>_alpha_MW907614.gbk
>_alpha_MZ454467.1.gbk
>_alpha_HG998410.gbk
# file alpha_HG998410.gbk does not contain annotated CDSs
>_alpha_MW905772.gbk
>_alpha_MZ075673.gbk
>_alpha_MW969411.gbk
>_alpha_MZ143319.gbk
>_alpha_MW791716.gbk
>_alpha_MW908354.gbk
>_alpha_MZ319352.gbk
>_alpha_MZ280888.gbk
>_alpha_MZ036344.gbk
>_alpha_MZ060839.gbk
>_alpha_MZ252556.gbk
>_alpha_MW773833.gbk
>_alpha_MZ328933.gbk
>_alpha_MW913939.gbk
>_alpha_MZ001186.gbk
>_alpha_MZ451578.1.gbk
>_alpha_MZ101783.gbk
>_alpha_MW842290.gbk
>_alpha_MW703428.gbk
>_alpha_MZ238671.gbk
>_alpha_MZ397480.1.gbk
>_alpha_MZ146087.gbk
>_alpha_MZ315533.gbk
>_alpha_MW904604.gbk
>_alpha_MZ030195.gbk
>_alpha_MZ037576.gbk
>_alpha_MZ192747.gbk
>_alpha_MZ047410.gbk
>_alpha_MZ015289.gbk
>_alpha_MZ500664.1.gbk
>_alpha_MZ054806.gbk
>_alpha_MZ084792.gbk
>_alpha_MZ470771.1.gbk
>_alpha_MW906505.gbk
>_alpha_MZ237862.gbk
>_alpha_MZ337250.gbk
>_alpha_MZ023307.gbk
>_alpha_MW959517.gbk
>_alpha_MZ082593.gbk
>_alpha_MW840957.gbk
>_alpha_MW807925.gbk
>_alpha_MZ533506.1.gbk
>_alpha_MW994683.gbk
>_alpha_MZ494094.1.gbk
>_alpha_MZ083081.gbk
>_alpha_MZ047437.gbk
>_alpha_MZ181093.gbk
>_alpha_MZ341329.gbk
>_alpha_MZ022710.gbk
>_alpha_MZ164293.gbk
>_alpha_MW913808.gbk
>_alpha_MW990435.gbk
>_alpha_MZ036332.gbk
>_alpha_MZ531065.1.gbk
>_alpha_MZ100178.gbk
>_alpha_MZ212649.gbk
>_alpha_MZ493540.1.gbk
>_alpha_MZ152627.gbk
>_alpha_MW993497.gbk
>_alpha_MZ076097.gbk
>_alpha_MZ415019.1.gbk
>_alpha_MZ238257.gbk
>_alpha_MZ006892.gbk
>_alpha_MZ231794.gbk
>_alpha_MZ282586.gbk
>_alpha_MZ288319.gbk
>_alpha_MZ320753.gbk
>_alpha_MZ213050.gbk
>_alpha_MZ184202.gbk
>_alpha_MZ518528.1.gbk
>_alpha_MZ076178.gbk
>_alpha_MW989092.gbk
>_alpha_MZ195087.gbk
>_alpha_LR898540.gbk
# file alpha_LR898540.gbk does not contain annotated CDSs
>_alpha_MW913474.gbk
>_alpha_MZ530134.1.gbk
>_alpha_MZ538202.1.gbk
>_alpha_MZ036036.gbk
>_alpha_MZ163981.gbk
>_alpha_MZ030181.gbk
>_alpha_MZ316070.gbk
>_alpha_MW914251.gbk
>_alpha_MZ207730.gbk
>_alpha_MZ166339.gbk
>_alpha_MW960444.gbk
>_alpha_MW877111.gbk
>_alpha_MZ306056.gbk
>_alpha_MZ212164.gbk
>_alpha_MZ002809.gbk
>_alpha_MZ179573.gbk
>_alpha_MZ372073.gbk
>_alpha_MZ217191.gbk
>_alpha_MZ291110.gbk
>_alpha_MZ497982.1.gbk
>_alpha_MW963746.gbk
>_alpha_MW877070.gbk
>_alpha_MZ212117.gbk
>_alpha_MZ068498.gbk
>_alpha_MZ211745.gbk
>_alpha_MZ268280.gbk
>_alpha_MZ054411.gbk
>_alpha_MZ372097.gbk
>_alpha_MZ434659.1.gbk
>_alpha_MZ053787.gbk
>_alpha_MZ179342.gbk
>_alpha_MZ001696.gbk
>_alpha_MZ322457.gbk
>_alpha_MZ454146.1.gbk
>_alpha_MZ056404.gbk
>_alpha_MZ270873.gbk
>_alpha_MW842408.gbk
>_alpha_MZ184928.gbk
>_alpha_MZ358730.gbk
>_alpha_MZ499671.1.gbk
>_alpha_MZ010399.gbk
>_alpha_FR991194.gbk
# file alpha_FR991194.gbk does not contain annotated CDSs
>_alpha_MW865150.gbk
>_alpha_MW959823.gbk
>_alpha_MW990755.gbk
>_alpha_MZ187090.gbk
>_alpha_MZ349559.gbk
>_alpha_MZ448805.1.gbk
>_alpha_MZ073274.gbk
>_alpha_MZ152535.gbk
>_alpha_MZ237311.gbk
>_alpha_MZ281961.gbk
>_alpha_MW684649.gbk
>_alpha_MW966530.gbk
>_alpha_MZ193548.gbk
>_alpha_MZ271444.gbk
>_alpha_MZ181618.gbk
>_alpha_MZ360342.gbk
>_alpha_MZ045116.gbk
>_alpha_MZ436537.1.gbk
>_alpha_MW725605.gbk
>_alpha_MZ433681.1.gbk
>_alpha_MW987983.gbk
>_alpha_MW914091.gbk
>_alpha_MZ291156.gbk
>_alpha_MZ253726.gbk
>_alpha_MZ316273.gbk
>_alpha_MW932620.gbk
>_alpha_MZ353978.gbk
>_alpha_MZ278788.gbk
>_alpha_MZ153444.gbk
>_alpha_LC638684.1.gbk
>_alpha_MZ058632.gbk
>_alpha_MZ126701.gbk
>_alpha_MZ192041.gbk
>_alpha_MZ319342.gbk
>_alpha_MZ022908.gbk
>_alpha_MW841917.gbk
>_alpha_MZ100900.gbk
>_alpha_MZ307454.gbk
>_alpha_MZ097542.gbk
>_alpha_MZ538903.1.gbk
>_alpha_HG999879.gbk
# file alpha_HG999879.gbk does not contain annotated CDSs
>_alpha_MZ038178.gbk
>_alpha_MZ498667.1.gbk
>_alpha_MW735424.gbk
>_alpha_MZ166176.gbk
>_alpha_MZ253809.gbk
>_alpha_MZ213967.gbk
>_alpha_MZ349762.gbk
>_alpha_MW907853.gbk
>_alpha_MZ274550.gbk
>_alpha_MZ007069.gbk
>_alpha_MZ006741.gbk
>_alpha_MZ253439.gbk
>_alpha_MW963943.gbk
>_alpha_MZ154582.gbk
>_alpha_MW932397.gbk
>_alpha_MZ065107.gbk
>_alpha_MZ010009.gbk
>_alpha_MZ266998.gbk
>_alpha_MZ163713.gbk
>_alpha_MZ061157.gbk
>_alpha_MZ281664.gbk
>_alpha_MZ331146.gbk
>_alpha_MW990997.gbk
>_alpha_MZ279159.gbk
>_alpha_MZ533491.1.gbk
>_alpha_MZ036885.gbk
>_alpha_FR990281.gbk
# file alpha_FR990281.gbk does not contain annotated CDSs
>_alpha_MZ281399.gbk
>_alpha_MZ149579.gbk
>_alpha_MZ378408.gbk
>_alpha_MZ070838.gbk
>_alpha_MW840984.gbk
>_alpha_MZ186007.gbk
>_alpha_MZ213090.gbk
>_alpha_MZ328912.gbk
>_alpha_MZ279321.gbk
>_alpha_MZ530499.1.gbk
>_alpha_MZ512937.1.gbk
>_alpha_MZ154555.gbk
>_alpha_MZ070076.gbk
>_alpha_MW906666.gbk
>_alpha_MZ167352.gbk
>_alpha_MZ131227.gbk
>_alpha_MZ319329.gbk
>_alpha_MZ317795.gbk
>_alpha_MW849658.gbk
>_alpha_MZ023165.gbk
>_alpha_MZ453889.1.gbk
>_alpha_MZ537960.1.gbk
>_alpha_MZ270409.gbk
>_alpha_MW932418.gbk
>_alpha_MW874929.gbk
>_alpha_MZ245004.gbk
>_alpha_FR992354.gbk
# file alpha_FR992354.gbk does not contain annotated CDSs
>_alpha_MZ388254.gbk
>_alpha_MW807971.gbk
>_alpha_MW988824.gbk
>_alpha_MW864695.gbk
>_alpha_MZ237211.gbk
>_alpha_MW932547.gbk
>_alpha_MZ132579.gbk
>_alpha_MZ020998.gbk
>_alpha_MZ278912.gbk
>_alpha_MZ161210.gbk
>_alpha_MZ288097.gbk
>_alpha_MZ240677.gbk
>_alpha_MZ187938.gbk
>_alpha_MZ284006.gbk
>_alpha_MZ015263.gbk
>_alpha_MZ163784.gbk
>_alpha_MZ238631.gbk
>_alpha_MZ227950.gbk
>_alpha_MZ240385.gbk
>_alpha_MZ231790.gbk
>_alpha_MZ320220.gbk
>_alpha_MZ274619.gbk
>_alpha_MZ023273.gbk
>_alpha_MZ392123.gbk
>_alpha_MZ161350.gbk
>_alpha_MZ149631.gbk
>_alpha_MZ385948.gbk
>_alpha_MZ252856.gbk
>_alpha_MZ187249.gbk
>_alpha_MZ167532.gbk
>_alpha_MZ166782.gbk
>_alpha_MZ007291.gbk
>_alpha_MZ255910.gbk
>_alpha_MW776932.gbk
>_alpha_MW966145.gbk
>_alpha_MW804735.gbk
>_alpha_MZ141135.gbk
>_alpha_MW963418.gbk
>_alpha_MZ414863.1.gbk
>_alpha_MZ217257.gbk
>_alpha_MW906470.gbk
>_alpha_MZ358491.gbk
>_alpha_MZ232010.gbk
>_alpha_MZ319058.gbk
>_alpha_MZ225938.gbk
>_alpha_MZ280299.gbk
>_alpha_MZ450069.1.gbk
>_alpha_MW720766.gbk
>_alpha_MZ086436.gbk
>_alpha_MW906239.gbk
>_alpha_MZ037949.gbk
>_alpha_MZ068903.gbk
>_alpha_MW869564.gbk
>_alpha_MZ255611.gbk
>_alpha_FR992505.gbk
# file alpha_FR992505.gbk does not contain annotated CDSs
>_alpha_MZ414830.1.gbk
>_alpha_MZ271472.gbk
>_alpha_MZ401154.1.gbk
>_alpha_MZ453903.1.gbk
>_alpha_MZ321383.gbk
>_alpha_MZ073453.gbk
>_alpha_MZ454923.1.gbk
>_alpha_MZ076475.gbk
>_alpha_MZ070246.gbk
>_alpha_MZ342032.gbk
>_alpha_MZ436511.1.gbk
>_alpha_MZ088005.gbk
>_alpha_MZ059717.gbk
>_alpha_MZ245223.gbk
>_alpha_MZ086413.gbk
>_alpha_MZ201534.gbk
>_alpha_MZ256839.gbk
>_alpha_MW905149.gbk
>_alpha_MZ244750.gbk
>_alpha_MZ256497.gbk
>_alpha_MZ533293.1.gbk
>_alpha_MW968466.gbk
>_alpha_MZ035199.gbk
>_alpha_MZ006609.gbk
>_alpha_MZ462424.1.gbk
>_alpha_MZ232245.gbk
>_alpha_MZ194262.gbk
>_alpha_MW906105.gbk
>_alpha_MZ035447.gbk
>_alpha_MZ455313.1.gbk
>_alpha_MZ184914.gbk
>_alpha_MW721338.gbk
>_alpha_MW932144.gbk
>_alpha_MZ371471.gbk
>_alpha_MW969451.gbk
>_alpha_MZ275063.gbk
>_alpha_MZ060820.gbk
>_alpha_MZ153527.gbk
>_alpha_MZ296316.gbk
>_alpha_MZ007139.gbk
>_alpha_MW932546.gbk
>_alpha_MZ168252.gbk
>_alpha_MZ253719.gbk
>_alpha_MZ317905.gbk
>_alpha_MZ190264.gbk
>_alpha_MZ467980.1.gbk
>_alpha_MZ032293.gbk
>_alpha_MZ306356.gbk
>_alpha_MZ161570.gbk
>_alpha_MW963971.gbk
>_alpha_MZ056236.gbk
>_alpha_MZ532508.1.gbk
>_alpha_MZ256003.gbk
>_alpha_MZ500834.1.gbk
>_alpha_MZ306737.gbk
>_alpha_MW908689.gbk
>_alpha_MZ076138.gbk
>_alpha_MZ021235.gbk
>_alpha_MZ028848.gbk
>_alpha_MZ013656.gbk
>_alpha_MZ384305.gbk
>_alpha_MZ555178.1.gbk
>_alpha_MZ030086.gbk
>_alpha_MZ237248.gbk
>_alpha_MW907906.gbk
>_alpha_MZ444565.1.gbk
>_alpha_MZ009279.gbk
>_alpha_MZ256621.gbk
>_alpha_MZ142531.gbk
>_alpha_MW964162.gbk
>_alpha_MZ060680.gbk
>_alpha_MW959642.gbk
>_alpha_MZ239492.gbk
>_alpha_MZ243424.gbk
>_alpha_MZ202816.gbk
>_alpha_MZ385578.gbk
>_alpha_MZ000404.gbk
>_alpha_MZ280157.gbk
>_alpha_MW909238.gbk
>_alpha_MZ318783.gbk
>_alpha_MZ316852.gbk
>_alpha_MW904671.gbk
>_alpha_MZ024917.gbk
>_alpha_MZ185668.gbk
>_alpha_MZ212392.gbk
>_alpha_MZ493489.1.gbk
>_alpha_MZ340728.gbk
>_alpha_MZ064629.gbk
>_alpha_MZ145496.gbk
>_alpha_MZ195673.gbk
>_alpha_MW725710.gbk
>_alpha_MZ246753.gbk
>_alpha_MZ283955.gbk
>_alpha_MZ045328.gbk
>_alpha_MZ187295.gbk
>_alpha_MZ035462.gbk
>_alpha_MZ451842.1.gbk
>_alpha_MZ195439.gbk
>_alpha_MZ298010.gbk
>_alpha_MZ363657.gbk
>_alpha_MZ278612.gbk
>_alpha_FR991549.gbk
# file alpha_FR991549.gbk does not contain annotated CDSs
>_alpha_MZ010700.gbk
>_alpha_MZ100922.gbk
>_alpha_MZ210458.gbk
>_alpha_MZ261352.gbk
>_alpha_MZ415522.1.gbk
>_alpha_MZ349199.gbk
>_alpha_MZ187412.gbk
>_alpha_MZ354725.gbk
>_alpha_MZ291386.gbk
>_alpha_MZ316513.gbk
>_alpha_MW968245.gbk
>_alpha_MZ196083.gbk
>_alpha_MZ397328.1.gbk
>_alpha_MZ163423.gbk
>_alpha_MZ212863.gbk
>_alpha_MW729269.gbk
>_alpha_MZ009140.gbk
>_alpha_MW968111.gbk
>_alpha_MW988958.gbk
>_alpha_MZ006533.gbk
>_alpha_MZ279019.gbk
>_alpha_MZ498864.1.gbk
>_alpha_MZ090163.gbk
>_alpha_MW908185.gbk
>_alpha_MZ022942.gbk
>_alpha_MZ454151.1.gbk
>_alpha_MW841894.gbk
>_alpha_MZ390372.gbk
>_alpha_MZ532765.1.gbk
>_alpha_MZ006113.gbk
>_alpha_MZ145737.gbk
>_alpha_MZ163841.gbk
>_alpha_MZ376125.gbk
>_alpha_MW932277.gbk
>_alpha_MZ083881.gbk
>_alpha_MW914153.gbk
>_alpha_MZ255857.gbk
>_alpha_MZ462637.1.gbk
>_alpha_MZ432594.1.gbk
>_alpha_MZ530349.1.gbk
>_alpha_MZ085070.gbk
>_alpha_MZ341019.gbk
>_alpha_MZ283098.gbk
>_alpha_MZ035595.gbk
>_alpha_MZ512773.1.gbk
>_alpha_MZ536077.1.gbk
>_alpha_MZ270810.gbk
>_alpha_MZ321593.gbk
>_alpha_MZ429093.1.gbk
>_alpha_MZ412290.1.gbk
>_alpha_MZ201396.gbk
>_alpha_MZ163828.gbk
>_alpha_MZ253499.gbk
>_alpha_MZ085589.gbk
>_alpha_MZ085495.gbk
>_alpha_MZ011102.gbk
>_alpha_MW959901.gbk
>_alpha_MZ001305.gbk
>_alpha_MZ006520.gbk
>_alpha_MW994302.gbk
>_alpha_MZ180965.gbk
>_alpha_MZ166389.gbk
>_alpha_MZ378014.gbk
>_alpha_MZ181591.gbk
>_alpha_MZ172140.gbk
>_alpha_MW844907.gbk
>_alpha_MZ254031.gbk
>_alpha_MZ362473.gbk
>_alpha_MZ242212.gbk
>_alpha_MZ434609.1.gbk
>_alpha_MZ214732.gbk
>_alpha_MZ101444.gbk
>_alpha_MW864613.gbk
>_alpha_MZ472051.1.gbk
>_alpha_MZ029769.gbk
>_alpha_MZ394418.1.gbk
>_alpha_MW909005.gbk
>_alpha_MZ284664.gbk
>_alpha_MW905541.gbk
>_alpha_MZ035455.gbk
>_alpha_MZ376444.gbk
>_alpha_MZ274738.gbk
>_alpha_MZ071395.gbk
>_alpha_MZ156593.gbk
>_alpha_MZ131767.gbk
>_alpha_MZ100477.gbk
>_alpha_MW930985.gbk
>_alpha_MZ214495.gbk
>_alpha_MZ477953.1.gbk
>_alpha_MW960520.gbk
>_alpha_MZ083849.gbk
>_alpha_MZ267322.gbk
>_alpha_MZ132269.gbk
>_alpha_MZ434096.1.gbk
>_alpha_MZ201470.gbk
>_alpha_MZ073081.gbk
>_alpha_MZ210579.gbk
>_alpha_MZ357607.gbk
>_alpha_MZ321418.gbk
>_alpha_MZ203147.gbk
>_alpha_MW906309.gbk
>_alpha_MZ146118.gbk
>_alpha_MZ074336.gbk
>_alpha_MW725900.gbk
>_alpha_MZ228431.gbk
>_alpha_MW804654.gbk
>_alpha_MZ211347.gbk
>_alpha_MW905749.gbk
>_alpha_MZ140858.gbk
>_alpha_MZ260901.gbk
>_alpha_MZ322792.gbk
>_alpha_MW892475.gbk
>_alpha_MZ362964.gbk
>_alpha_MZ493680.1.gbk
>_alpha_MZ031370.gbk
>_alpha_MZ505812.1.gbk
>_alpha_MW844320.gbk
>_alpha_MW840386.gbk
>_alpha_MZ278486.gbk
>_alpha_MZ153777.gbk
>_alpha_MZ294421.gbk
>_alpha_MZ212344.gbk
>_alpha_MZ415088.1.gbk
>_alpha_MZ282656.gbk
>_alpha_MW844359.gbk
>_alpha_MZ131393.gbk
>_alpha_MZ203435.gbk
>_alpha_MZ237106.gbk
>_alpha_MZ372671.gbk
>_alpha_MZ210463.gbk
>_alpha_MZ348456.gbk
>_alpha_MZ318958.gbk
>_alpha_MW877735.gbk
>_alpha_MZ212257.gbk
>_alpha_MZ283450.gbk
>_alpha_MZ293622.gbk
>_alpha_MW912123.gbk
>_alpha_MZ283588.gbk
>_alpha_MZ341090.gbk
>_alpha_MZ133278.gbk
>_alpha_MZ194932.gbk
>_alpha_MW626557.gbk
>_alpha_MZ024690.gbk
>_alpha_MZ166538.gbk
>_alpha_MZ029300.gbk
>_alpha_MZ376353.gbk
>_alpha_MZ415460.1.gbk
>_alpha_MZ074697.gbk
>_alpha_MZ246794.gbk
>_alpha_MZ454632.1.gbk
>_alpha_MZ455362.1.gbk
>_alpha_MW963360.gbk
>_alpha_MZ280115.gbk
>_alpha_MZ412433.1.gbk
>_alpha_MZ414586.1.gbk
>_alpha_MW969313.gbk
>_alpha_MW773694.gbk
>_alpha_MZ280700.gbk
>_alpha_MW988493.gbk
>_alpha_MW844338.gbk
>_alpha_MZ566003.1.gbk
>_alpha_MZ390501.gbk
>_alpha_MZ454574.1.gbk
>_alpha_MZ342183.gbk
>_alpha_MZ271722.gbk
>_alpha_MW769718.gbk
>_alpha_MZ018145.gbk
>_alpha_MZ320268.gbk
>_alpha_MZ074677.gbk
>_alpha_MZ083562.gbk
>_alpha_FR991943.gbk
# file alpha_FR991943.gbk does not contain annotated CDSs
>_alpha_MZ214172.gbk
>_alpha_MZ069548.gbk
>_alpha_FR989824.gbk
# file alpha_FR989824.gbk does not contain annotated CDSs
>_alpha_MZ193925.gbk
>_alpha_MW808096.gbk
>_alpha_FR989826.gbk
# file alpha_FR989826.gbk does not contain annotated CDSs
>_alpha_MZ154187.gbk
>_alpha_MW773562.gbk
>_alpha_MZ295906.gbk
>_alpha_MZ013457.gbk
>_alpha_MZ001711.gbk
>_alpha_MZ193916.gbk
>_alpha_MZ290763.gbk
>_alpha_MZ195810.gbk
>_alpha_MZ035099.gbk
>_alpha_MZ045126.gbk
>_alpha_MZ349755.gbk
>_alpha_MW989125.gbk
>_alpha_MZ239396.gbk
>_alpha_MW964005.gbk
>_alpha_MZ180853.gbk
>_alpha_MZ448731.1.gbk
>_alpha_MZ539396.1.gbk
>_alpha_MZ071021.gbk
>_alpha_MZ255201.gbk
>_alpha_MZ053690.gbk
>_alpha_MW905124.gbk
>_alpha_MZ086555.gbk
>_alpha_MZ142675.gbk
>_alpha_MZ565912.1.gbk
>_alpha_MZ282110.gbk
>_alpha_MZ281368.gbk
>_alpha_MZ453440.1.gbk
>_alpha_MZ131503.gbk
>_alpha_MZ227855.gbk
>_alpha_MZ341923.gbk
>_alpha_MZ163358.gbk
>_alpha_MW967415.gbk
>_alpha_MZ161448.gbk
>_alpha_MZ214322.gbk
>_alpha_MW931319.gbk
>_alpha_MW993704.gbk
>_alpha_MZ252153.gbk
>_alpha_MZ471704.1.gbk
>_alpha_MZ372458.gbk
>_alpha_MZ498179.1.gbk
>_alpha_FR992918.gbk
# file alpha_FR992918.gbk does not contain annotated CDSs
>_alpha_MZ082638.gbk
>_alpha_MZ281658.gbk
>_alpha_MZ024989.gbk
>_alpha_MZ149367.gbk
>_alpha_MZ217031.gbk
>_alpha_MW963698.gbk
>_alpha_MW966162.gbk
>_alpha_MW966456.gbk
>_alpha_MZ070659.gbk
>_alpha_MZ246773.gbk
>_alpha_MZ074466.gbk
>_alpha_MZ333371.gbk
>_alpha_MZ454065.1.gbk
>_alpha_MW904798.gbk
>_alpha_MZ188504.gbk
>_alpha_HG997089.gbk
# file alpha_HG997089.gbk does not contain annotated CDSs
>_alpha_MZ275161.gbk
>_alpha_MZ231836.gbk
>_alpha_MZ315568.gbk
>_alpha_MZ166980.gbk
>_alpha_MZ392150.gbk
>_alpha_MW842150.gbk
>_alpha_MZ006500.gbk
>_alpha_MW988750.gbk
>_alpha_MZ293958.gbk
>_alpha_MZ060570.gbk
>_alpha_MZ539091.1.gbk
>_alpha_MW840889.gbk
>_alpha_MZ037073.gbk
>_alpha_MZ371202.gbk
>_alpha_MZ181970.gbk
>_alpha_MZ173400.gbk
>_alpha_MZ279604.gbk
>_alpha_MZ131729.gbk
>_alpha_MW883130.gbk
>_alpha_MZ059432.gbk
>_alpha_MZ316799.gbk
>_alpha_MZ536107.1.gbk
>_alpha_MW963879.gbk
>_alpha_MZ179552.gbk
>_alpha_MW667009.gbk
>_alpha_MZ166590.gbk
>_alpha_MW906121.gbk
>_alpha_MZ390696.gbk
>_alpha_MZ163739.gbk
>_alpha_MZ237939.gbk
>_alpha_MW913488.gbk
>_alpha_MZ469201.1.gbk
>_alpha_MZ266517.gbk
>_alpha_MZ173009.gbk
>_alpha_MZ167698.gbk
>_alpha_MZ341554.gbk
>_alpha_MZ436533.1.gbk
>_alpha_MZ085456.gbk
>_alpha_MZ373592.gbk
>_alpha_MZ538376.1.gbk
>_alpha_MW905096.gbk
>_alpha_MZ212806.gbk
>_alpha_MZ173121.gbk
>_alpha_MZ477893.1.gbk
>_alpha_MZ454937.1.gbk
>_alpha_MZ076411.gbk
>_alpha_MZ131726.gbk
>_alpha_MZ010966.gbk
>_alpha_MZ186507.gbk
>_alpha_MW938598.gbk
>_alpha_MZ037579.gbk
>_alpha_MW596237.gbk
>_alpha_MW907813.gbk
>_alpha_MZ010554.gbk
>_alpha_MZ163370.gbk
>_alpha_MZ213379.gbk
>_alpha_MZ414276.1.gbk
>_alpha_MW966470.gbk
>_alpha_MZ133222.gbk
>_alpha_MZ152973.gbk
>_alpha_MZ243360.gbk
>_alpha_MW906086.gbk
>_alpha_MZ163237.gbk
>_alpha_MZ497799.1.gbk
>_alpha_MZ390735.gbk
>_alpha_MZ207542.gbk
>_alpha_MZ226089.gbk
>_alpha_MZ228492.gbk
>_alpha_MZ226427.gbk
>_alpha_MZ315930.gbk
>_alpha_MZ283719.gbk
>_alpha_MZ213266.gbk
>_alpha_MW907903.gbk
>_alpha_MZ085108.gbk
>_alpha_MZ035687.gbk
>_alpha_MZ184457.gbk
>_alpha_MZ315867.gbk
>_alpha_MZ211912.gbk
>_alpha_MZ085813.gbk
>_alpha_MZ520056.1.gbk
>_alpha_MZ254219.gbk
>_alpha_MW966006.gbk
>_alpha_MW803614.gbk
>_alpha_MW976781.gbk
>_alpha_MW991034.gbk
>_alpha_MW967509.gbk
>_alpha_MZ284090.gbk
>_alpha_MZ195234.gbk
>_alpha_MZ142973.gbk
>_alpha_MZ271377.gbk
>_alpha_MZ046971.gbk
>_alpha_MZ003668.gbk
>_alpha_MW929937.gbk
>_alpha_MZ185799.gbk
>_alpha_MZ321088.gbk
>_alpha_MW803375.gbk
>_alpha_MZ217301.gbk
>_alpha_MW963991.gbk
>_alpha_MZ071501.gbk
>_alpha_MZ455052.1.gbk
>_alpha_MZ030267.gbk
>_alpha_MZ271312.gbk
>_alpha_MZ185394.gbk
>_alpha_MZ410251.1.gbk
>_alpha_MW586658.gbk
>_alpha_MZ180741.gbk
>_alpha_MW799807.gbk
>_alpha_MZ188384.gbk
>_alpha_MZ037251.gbk
>_alpha_MZ037537.gbk
>_alpha_MW793658.gbk
>_alpha_MZ538378.1.gbk
>_alpha_MW964078.gbk
>_alpha_MZ181139.gbk
>_alpha_MZ171706.gbk
>_alpha_MZ184945.gbk
>_alpha_MZ451914.1.gbk
>_alpha_MZ075471.gbk
>_alpha_MZ341997.gbk
>_alpha_MZ059588.gbk
>_alpha_MW907826.gbk
>_alpha_MZ281068.gbk
>_alpha_MZ058784.gbk
>_alpha_MW966774.gbk
>_alpha_MZ015419.gbk
>_alpha_MZ434013.1.gbk
>_alpha_MW969017.gbk
>_alpha_MZ284941.gbk
>_alpha_MW883164.gbk
>_alpha_MZ211861.gbk
>_alpha_MZ216906.gbk
>_alpha_MW852086.gbk
>_alpha_MZ238840.gbk
>_alpha_MW905598.gbk
>_alpha_MZ288016.gbk
>_alpha_MZ449084.1.gbk
>_alpha_MZ231568.gbk
>_alpha_MZ061149.gbk
>_alpha_MZ318866.gbk
>_alpha_MZ555223.1.gbk
>_alpha_MZ015145.gbk
>_alpha_MZ085152.gbk
>_alpha_MZ455131.1.gbk
>_alpha_MZ491633.1.gbk
>_alpha_MW865640.gbk
>_alpha_MZ492015.1.gbk
>_alpha_MZ167627.gbk
>_alpha_MZ034653.gbk
>_alpha_MZ030429.gbk
>_alpha_MZ211637.gbk
>_alpha_MZ451880.1.gbk
>_alpha_MZ477033.1.gbk
>_alpha_MZ434668.1.gbk
>_alpha_MW906363.gbk
>_alpha_MZ194208.gbk
>_alpha_MZ192636.gbk
>_alpha_MW869067.gbk
>_alpha_MZ288560.gbk
>_alpha_MZ320925.gbk
>_alpha_MW485302.gbk
>_alpha_MZ214265.gbk
>_alpha_MZ360602.gbk
>_alpha_MZ375667.gbk
>_alpha_MZ083414.gbk
>_alpha_MZ180113.gbk
>_alpha_MZ207359.gbk
>_alpha_MZ320734.gbk
>_alpha_MZ029199.gbk
>_alpha_MZ143516.gbk
>_alpha_MZ371730.gbk
>_alpha_MZ532727.1.gbk
>_alpha_MZ320240.gbk
>_alpha_MZ048148.gbk
>_alpha_MZ254480.gbk
>_alpha_MZ154149.gbk
>_alpha_MZ287933.gbk
>_alpha_MZ025882.gbk
>_alpha_MZ228705.gbk
>_alpha_MZ451919.1.gbk
>_alpha_MZ475436.1.gbk
>_alpha_MZ161636.gbk
>_alpha_MZ280051.gbk
>_alpha_MZ061303.gbk
>_alpha_MZ233392.gbk
>_alpha_FR992109.gbk
# file alpha_FR992109.gbk does not contain annotated CDSs
>_alpha_MZ520864.1.gbk
>_alpha_FR989616.gbk
# file alpha_FR989616.gbk does not contain annotated CDSs
>_alpha_MW912319.gbk
>_alpha_MZ493460.1.gbk
>_alpha_MW877119.gbk
>_alpha_MZ006040.gbk
>_alpha_MZ132756.gbk
>_alpha_MZ072882.gbk
>_alpha_MZ390642.gbk
>_alpha_MZ195753.gbk
>_alpha_MW905262.gbk
>_alpha_MZ341622.gbk
>_alpha_MZ153698.gbk
>_alpha_MZ214896.gbk
>_alpha_MZ073813.gbk
>_alpha_MZ318521.gbk
>_alpha_MZ368116.gbk
>_alpha_MW773695.gbk
>_alpha_MZ401802.1.gbk
>_alpha_MW994759.gbk
>_alpha_MZ060319.gbk
>_alpha_MZ455889.1.gbk
>_alpha_MZ500147.1.gbk
>_alpha_MZ290798.gbk
>_alpha_MZ196351.gbk
>_alpha_MZ232551.gbk
>_alpha_FR989610.gbk
# file alpha_FR989610.gbk does not contain annotated CDSs
>_alpha_MW864908.gbk
>_alpha_MZ069529.gbk
>_alpha_MW908727.gbk
>_alpha_MZ166786.gbk
>_alpha_MZ101082.gbk
>_alpha_MW869269.gbk
>_alpha_MZ185417.gbk
>_alpha_MW913837.gbk
>_alpha_MZ187229.gbk
>_alpha_MZ141213.gbk
>_alpha_MZ173426.gbk
>_alpha_MW909119.gbk
>_alpha_MZ070347.gbk
>_alpha_MZ319374.gbk
>_alpha_MZ256647.gbk
>_alpha_MZ161339.gbk
>_alpha_MZ397362.1.gbk
>_alpha_MW894372.gbk
>_alpha_MZ012715.gbk
>_alpha_MZ084990.gbk
>_alpha_MZ131475.gbk
>_alpha_MZ225729.gbk
>_alpha_MW966572.gbk
>_alpha_MZ056429.gbk
>_alpha_MZ228880.gbk
>_alpha_MZ307875.gbk
>_alpha_MZ076028.gbk
>_alpha_MZ039341.gbk
>_alpha_MZ283925.gbk
>_alpha_MZ007022.gbk
>_alpha_MZ255789.gbk
>_alpha_MW840852.gbk
>_alpha_MW905527.gbk
>_alpha_MZ195789.gbk
>_alpha_MW906271.gbk
>_alpha_MZ151970.gbk
>_alpha_MZ413535.1.gbk
>_alpha_MW932639.gbk
>_alpha_MZ156717.gbk
>_alpha_MZ101244.gbk
>_alpha_MW905409.gbk
>_alpha_MW938614.gbk
>_alpha_MZ195266.gbk
>_alpha_MZ246702.gbk
>_alpha_MZ366715.gbk
>_alpha_MZ233006.gbk
>_alpha_MW965056.gbk
>_alpha_MZ243400.gbk
>_alpha_MZ270296.gbk
>_alpha_MZ270301.gbk
>_alpha_MZ539095.1.gbk
>_alpha_MZ070094.gbk
>_alpha_MZ071114.gbk
>_alpha_MZ450355.1.gbk
>_alpha_MZ455153.1.gbk
>_alpha_MW877771.gbk
>_alpha_MW904939.gbk
>_alpha_MZ083769.gbk
>_alpha_MZ086491.gbk
>_alpha_MZ179265.gbk
>_alpha_MZ317137.gbk
>_alpha_MZ531048.1.gbk
>_alpha_MZ083017.gbk
>_alpha_MZ087950.gbk
>_alpha_MZ228616.gbk
>_alpha_MZ059864.gbk
>_alpha_MZ294744.gbk
>_alpha_MZ161523.gbk
>_alpha_MZ161455.gbk
>_alpha_MZ491512.1.gbk
>_alpha_MW908496.gbk
>_alpha_MZ015328.gbk
>_alpha_MZ072582.gbk
>_alpha_MZ082968.gbk
>_alpha_MZ353802.gbk
>_alpha_MZ499060.1.gbk
>_alpha_MW964680.gbk
>_alpha_MZ156622.gbk
>_alpha_MZ238866.gbk
>_alpha_MZ278677.gbk
>_alpha_MW908234.gbk
>_alpha_MW905660.gbk
>_alpha_MZ376398.gbk
>_alpha_MZ378227.gbk
>_alpha_MZ069849.gbk
>_alpha_MZ491493.1.gbk
>_alpha_MW844780.gbk
>_alpha_MZ102015.gbk
>_alpha_MZ279660.gbk
>_alpha_MZ432127.1.gbk
>_alpha_MZ194836.gbk
>_alpha_MZ039557.gbk
>_alpha_MZ182038.gbk
>_alpha_MZ100704.gbk
>_alpha_MZ377950.gbk
>_alpha_MZ010971.gbk
>_alpha_MZ342467.gbk
>_alpha_MZ341169.gbk
>_alpha_MZ054066.gbk
>_alpha_MZ225668.gbk
>_alpha_MW913761.gbk
>_alpha_MZ451762.1.gbk
>_alpha_MZ072402.gbk
>_alpha_MZ319244.gbk
>_alpha_MZ082625.gbk
>_alpha_MZ511601.1.gbk
>_alpha_MZ074438.gbk
>_alpha_MZ453430.1.gbk
>_alpha_MZ212023.gbk
>_alpha_MW932404.gbk
>_alpha_MZ471803.1.gbk
>_alpha_MZ315822.gbk
>_alpha_MW913522.gbk
>_alpha_MZ519565.1.gbk
>_alpha_MZ132019.gbk
>_alpha_MZ056039.gbk
>_alpha_MZ053771.gbk
>_alpha_MZ294937.gbk
>_alpha_MW906183.gbk
>_alpha_MZ152362.gbk
>_alpha_MZ193344.gbk
>_alpha_MZ009179.gbk
>_alpha_MW989369.gbk
>_alpha_MZ354817.gbk
>_alpha_MZ358803.gbk
>_alpha_MZ462513.1.gbk
>_alpha_MZ085331.gbk
>_alpha_MZ256502.gbk
>_alpha_MZ228351.gbk
>_alpha_MZ333284.gbk
>_alpha_MZ245318.gbk
>_alpha_MZ193606.gbk
>_alpha_MZ342289.gbk
>_alpha_MZ002401.gbk
>_alpha_MW964630.gbk
>_alpha_MZ491605.1.gbk
>_alpha_MZ416171.1.gbk
>_alpha_MZ006590.gbk
>_alpha_MZ253064.gbk
>_alpha_MZ064794.gbk
>_alpha_MZ006860.gbk
>_alpha_MZ231575.gbk
>_alpha_MZ236918.gbk
>_alpha_MW904725.gbk
>_alpha_MW858246.gbk
>_alpha_MZ315569.gbk
>_alpha_MW863081.gbk
>_alpha_MZ192543.gbk
>_alpha_MZ023387.gbk
>_alpha_MW964123.gbk
>_alpha_MW908617.gbk
>_alpha_MZ154400.gbk
>_alpha_MZ260743.gbk
>_alpha_MZ152383.gbk
>_alpha_MZ102236.gbk
>_alpha_MZ244784.gbk
>_alpha_MZ308195.gbk
>_alpha_MZ462914.1.gbk
>_alpha_MZ512623.1.gbk
>_alpha_MZ161222.gbk
>_alpha_MZ283997.gbk
>_alpha_MZ074749.gbk
>_alpha_MZ453726.1.gbk
>_alpha_MZ069004.gbk
>_alpha_MW725617.gbk
>_alpha_MZ101177.gbk
>_alpha_MZ164547.gbk
>_alpha_MZ195639.gbk
>_alpha_MZ228735.gbk
>_alpha_MW803547.gbk
>_alpha_MW930983.gbk
>_alpha_MZ278485.gbk
>_alpha_MZ036154.gbk
>_alpha_MZ163637.gbk
>_alpha_MW904843.gbk
>_alpha_MZ030526.gbk
>_alpha_MZ214344.gbk
>_alpha_MZ331089.gbk
>_alpha_MZ006878.gbk
>_alpha_MZ180395.gbk
>_alpha_MZ029964.gbk
>_alpha_MZ211588.gbk
>_alpha_MZ320277.gbk
>_alpha_MZ072548.gbk
>_alpha_MZ236863.gbk
>_alpha_MW938604.gbk
>_alpha_MZ070324.gbk
>_alpha_MZ281581.gbk
>_alpha_MW848409.gbk
>_alpha_MZ455549.1.gbk
>_alpha_MZ141856.gbk
>_alpha_MZ006684.gbk
>_alpha_MZ085760.gbk
>_alpha_MZ143261.gbk
>_alpha_MZ392160.gbk
>_alpha_MW842449.gbk
>_alpha_MZ232852.gbk
>_alpha_MZ150548.gbk
>_alpha_MZ315722.gbk
>_alpha_MZ163821.gbk
>_alpha_MZ320790.gbk
>_alpha_MZ500807.1.gbk
>_alpha_MZ072119.gbk
>_alpha_MZ498399.1.gbk
>_alpha_MZ320106.gbk
>_alpha_MZ058601.gbk
>_alpha_MZ448893.1.gbk
>_alpha_MZ035548.gbk
>_alpha_FR989270.gbk
# file alpha_FR989270.gbk does not contain annotated CDSs
>_alpha_MZ060693.gbk
>_alpha_MZ089817.gbk
>_alpha_MZ282094.gbk
>_alpha_MZ034394.gbk
>_alpha_MZ405613.1.gbk
>_alpha_MZ011074.gbk
>_alpha_MZ329259.gbk
>_alpha_MW967487.gbk
>_alpha_MZ161353.gbk
>_alpha_MZ498157.1.gbk
>_alpha_MZ271004.gbk
>_alpha_MW912120.gbk
>_alpha_MW988252.gbk
>_alpha_MZ085267.gbk
>_alpha_MZ225816.gbk
>_alpha_MZ451909.1.gbk
>_alpha_MZ074136.gbk
>_alpha_MZ023465.gbk
>_alpha_MZ172328.gbk
>_alpha_MZ154037.gbk
>_alpha_MZ072332.gbk
>_alpha_MZ192314.gbk
>_alpha_MZ149551.gbk
>_alpha_FR992121.gbk
# file alpha_FR992121.gbk does not contain annotated CDSs
>_alpha_MW844310.gbk
>_alpha_MW964732.gbk
>_alpha_MZ056108.gbk
>_alpha_MZ252775.gbk
>_alpha_MZ279416.gbk
>_alpha_MZ412442.1.gbk
>_alpha_MZ086703.gbk
>_alpha_MZ430627.1.gbk
>_alpha_MW704385.gbk
>_alpha_MZ164000.gbk
>_alpha_MZ288339.gbk
>_alpha_MZ023363.gbk
>_alpha_MZ062208.gbk
>_alpha_MW720637.gbk
>_alpha_FR990875.gbk
# file alpha_FR990875.gbk does not contain annotated CDSs
>_alpha_MZ210119.gbk
>_alpha_MZ280647.gbk
>_alpha_MW720759.gbk
>_alpha_MZ252869.gbk
>_alpha_MZ152356.gbk
>_alpha_MZ360384.gbk
>_alpha_MZ290564.gbk
>_alpha_MZ245019.gbk
>_alpha_MZ084148.gbk
>_alpha_MZ371107.gbk
>_alpha_MZ237571.gbk
>_alpha_MZ448752.1.gbk
>_alpha_MZ254198.gbk
>_alpha_MZ058222.gbk
>_alpha_MZ170637.gbk
>_alpha_MW912404.gbk
>_alpha_MZ214728.gbk
>_alpha_MZ342098.gbk
>_alpha_MW829575.gbk
>_alpha_MW905939.gbk
>_alpha_MZ075134.gbk
>_alpha_MZ252557.gbk
>_alpha_MZ254473.gbk
>_alpha_MZ201860.gbk
>_alpha_MZ321256.gbk
>_alpha_MZ101090.gbk
>_alpha_MW963847.gbk
>_alpha_MZ228725.gbk
>_alpha_MZ048141.gbk
>_alpha_MW911943.gbk
>_alpha_MZ192347.gbk
>_alpha_MZ331241.gbk
>_alpha_FR991951.gbk
# file alpha_FR991951.gbk does not contain annotated CDSs
>_alpha_MW842385.gbk
>_alpha_MW844256.gbk
>_alpha_MZ058475.gbk
>_alpha_MW906839.gbk
>_alpha_MZ317786.gbk
>_alpha_MZ025267.gbk
>_alpha_MZ357793.gbk
>_alpha_MZ145296.gbk
>_alpha_MZ228391.gbk
>_alpha_MZ142860.gbk
>_alpha_MZ227854.gbk
>_alpha_MZ372249.gbk
>_alpha_MZ472059.1.gbk
>_alpha_MW894482.gbk
>_alpha_MZ187260.gbk
>_alpha_MZ432708.1.gbk
>_alpha_MW967918.gbk
>_alpha_MZ087974.gbk
>_alpha_MZ304818.gbk
>_alpha_MZ360864.gbk
>_alpha_MZ397418.1.gbk
>_alpha_MZ060280.gbk
>_alpha_MW913677.gbk
>_alpha_MZ390663.gbk
>_alpha_MZ217251.gbk
>_alpha_MZ290502.gbk
>_alpha_MZ228092.gbk
>_alpha_FR993300.gbk
# file alpha_FR993300.gbk does not contain annotated CDSs
>_alpha_MZ061046.gbk
>_alpha_MZ288460.gbk
>_alpha_MZ315515.gbk
>_alpha_MZ145812.gbk
>_alpha_MZ132872.gbk
>_alpha_MZ166194.gbk
>_alpha_MZ512814.1.gbk
>_alpha_FR993109.gbk
# file alpha_FR993109.gbk does not contain annotated CDSs
>_alpha_MZ281199.gbk
>_alpha_MZ173396.gbk
>_alpha_MZ315717.gbk
>_alpha_FR990526.gbk
# file alpha_FR990526.gbk does not contain annotated CDSs
>_alpha_MZ010559.gbk
>_alpha_MW968303.gbk
>_alpha_MZ185903.gbk
>_alpha_MZ433461.1.gbk
>_alpha_MZ186151.gbk
>_alpha_MZ358561.gbk
>_alpha_MW844737.gbk
>_alpha_MZ025263.gbk
>_alpha_MZ130979.gbk
>_alpha_MZ146098.gbk
>_alpha_MZ537907.1.gbk
>_alpha_FR992968.gbk
# file alpha_FR992968.gbk does not contain annotated CDSs
>_alpha_MW904726.gbk
>_alpha_MZ498869.1.gbk
>_alpha_MZ283234.gbk
>_alpha_MZ511624.1.gbk
>_alpha_MZ354563.gbk
>_alpha_MW865181.gbk
>_alpha_MW905925.gbk
>_alpha_MZ023262.gbk
>_alpha_MZ282395.gbk
>_alpha_MZ282670.gbk
>_alpha_MZ290960.gbk
>_alpha_MZ149671.gbk
>_alpha_HG999984.gbk
# file alpha_HG999984.gbk does not contain annotated CDSs
>_alpha_MZ366675.gbk
>_alpha_MZ034533.gbk
>_alpha_MZ060646.gbk
>_alpha_MZ228568.gbk
>_alpha_FR992490.gbk
# file alpha_FR992490.gbk does not contain annotated CDSs
>_alpha_MZ006675.gbk
>_alpha_MZ154107.gbk
>_alpha_MZ294547.gbk
>_alpha_MW990862.gbk
>_alpha_MZ319825.gbk
>_alpha_FR992630.gbk
# file alpha_FR992630.gbk does not contain annotated CDSs
>_alpha_MZ001041.gbk
>_alpha_MZ304895.gbk
>_alpha_MZ341321.gbk
>_alpha_MW938605.gbk
>_alpha_MZ405258.1.gbk
>_alpha_MZ532685.1.gbk
>_alpha_MZ499626.1.gbk
>_alpha_MW947242.gbk
>_alpha_MZ341289.gbk
>_alpha_MZ101958.gbk
>_alpha_MZ354606.gbk
>_alpha_MW869288.gbk
>_alpha_MZ283519.gbk
>_alpha_MZ279438.gbk
>_alpha_MZ131673.gbk
>_alpha_MZ371957.gbk
>_alpha_MZ059101.gbk
>_alpha_MZ281513.gbk
>_alpha_MZ212355.gbk
>_alpha_MW968129.gbk
>_alpha_MZ191925.gbk
>_alpha_MZ210120.gbk
>_alpha_MZ282470.gbk
>_alpha_MZ386559.gbk
>_alpha_MZ171683.gbk
>_alpha_MZ284550.gbk
>_alpha_MZ069365.gbk
>_alpha_FR991429.gbk
# file alpha_FR991429.gbk does not contain annotated CDSs
>_alpha_MZ281000.gbk
>_alpha_MZ186098.gbk
>_alpha_MW773617.gbk
>_alpha_MZ085154.gbk
>_alpha_MZ003794.gbk
>_alpha_MZ054933.gbk
>_alpha_MZ007108.gbk
>_alpha_MZ193526.gbk
>_alpha_MZ186429.gbk
>_alpha_MZ216972.gbk
>_alpha_MZ244867.gbk
>_alpha_FR991424.gbk
# file alpha_FR991424.gbk does not contain annotated CDSs
>_alpha_MZ274650.gbk
>_alpha_MZ354211.gbk
>_alpha_MW989045.gbk
>_alpha_MZ035102.gbk
>_alpha_MZ074276.gbk
>_alpha_MZ166892.gbk
>_alpha_MZ068637.gbk
>_alpha_MZ239450.gbk
>_alpha_MZ036104.gbk
>_alpha_MZ181714.gbk
>_alpha_MZ260953.gbk
>_alpha_MZ375740.gbk
>_alpha_MZ006063.gbk
>_alpha_MZ143795.gbk
>_alpha_MZ058777.gbk
>_alpha_MZ237764.gbk
>_alpha_MZ284808.gbk
>_alpha_MZ101567.gbk
>_alpha_MZ384325.gbk
>_alpha_MZ060213.gbk
>_alpha_MW773176.gbk
>_alpha_MW967971.gbk
>_alpha_MZ168314.gbk
>_alpha_MW892333.gbk
>_alpha_MZ083550.gbk
>_alpha_MZ100117.gbk
>_alpha_MZ184893.gbk
>_alpha_MZ163218.gbk
>_alpha_MZ306645.gbk
>_alpha_MZ237883.gbk
>_alpha_MZ212125.gbk
>_alpha_MZ308397.gbk
>_alpha_MZ195370.gbk
>_alpha_MW931430.gbk
>_alpha_MZ025612.gbk
>_alpha_MZ058257.gbk
>_alpha_MZ320256.gbk
>_alpha_MZ470760.1.gbk
>_alpha_MZ082806.gbk
>_alpha_MZ315615.gbk
>_alpha_MZ232199.gbk
>_alpha_MZ362942.gbk
>_alpha_MZ140692.gbk
>_alpha_MZ167750.gbk
>_alpha_MZ270882.gbk
>_alpha_MW808014.gbk
>_alpha_MW626451.gbk
>_alpha_MZ034130.gbk
>_alpha_MZ035297.gbk
>_alpha_MZ100164.gbk
>_alpha_MZ213242.gbk
>_alpha_MZ271115.gbk
>_alpha_MZ211111.gbk
>_alpha_MW967594.gbk
>_alpha_MZ025449.gbk
>_alpha_MZ058488.gbk
>_alpha_MZ367803.gbk
>_alpha_MW869724.gbk
>_alpha_MZ260824.gbk
>_alpha_FR990395.gbk
# file alpha_FR990395.gbk does not contain annotated CDSs
>_alpha_MW904566.gbk
>_alpha_MW929856.gbk
>_alpha_MZ390863.gbk
>_alpha_MZ226369.gbk
>_alpha_MZ181319.gbk
>_alpha_MZ342030.gbk
>_alpha_MZ295708.gbk
>_alpha_MZ039814.gbk
>_alpha_MZ045186.gbk
>_alpha_FR993285.gbk
# file alpha_FR993285.gbk does not contain annotated CDSs
>_alpha_MZ321093.gbk
>_alpha_MZ284705.gbk
>_alpha_MZ497785.1.gbk
>_alpha_MZ029894.gbk
>_alpha_MZ101617.gbk
>_alpha_MZ184675.gbk
>_alpha_MZ432387.1.gbk
>_alpha_MZ036450.gbk
>_alpha_MZ243425.gbk
>_alpha_MZ215310.gbk
>_alpha_MW904567.gbk
>_alpha_MW907621.gbk
>_alpha_FR991926.gbk
# file alpha_FR991926.gbk does not contain annotated CDSs
>_alpha_MZ278705.gbk
>_alpha_MZ021852.gbk
>_alpha_MZ061500.gbk
>_alpha_MZ357537.gbk
>_alpha_MZ163729.gbk
>_alpha_MW993566.gbk
>_alpha_MZ238416.gbk
>_alpha_MZ284541.gbk
>_alpha_MW865634.gbk
>_alpha_MZ007096.gbk
>_alpha_MZ499177.1.gbk
>_alpha_MZ237551.gbk
>_alpha_MZ352187.gbk
>_alpha_MZ195482.gbk
>_alpha_MZ254287.gbk
>_alpha_MZ497632.1.gbk
>_alpha_MZ061038.gbk
>_alpha_MZ531732.1.gbk
>_alpha_MZ102221.gbk
>_alpha_MZ253340.gbk
>_alpha_MZ368258.gbk
>_alpha_MZ215506.gbk
>_alpha_MZ340862.gbk
>_alpha_MZ371964.gbk
>_alpha_MZ360464.gbk
>_alpha_MZ284232.gbk
>_alpha_FR992942.gbk
# file alpha_FR992942.gbk does not contain annotated CDSs
>_alpha_MZ214407.gbk
>_alpha_MZ349693.gbk
>_alpha_MZ037854.gbk
>_alpha_MZ101812.gbk
>_alpha_MZ100111.gbk
>_alpha_MW989353.gbk
>_alpha_MZ036785.gbk
>_alpha_MZ257649.gbk
>_alpha_MZ315509.gbk
>_alpha_MW689693.gbk
>_alpha_MZ280676.gbk
>_alpha_MZ059307.gbk
>_alpha_MZ281533.gbk
>_alpha_MZ003713.gbk
>_alpha_MZ290601.gbk
>_alpha_MZ069963.gbk
>_alpha_MZ084683.gbk
>_alpha_MZ161753.gbk
>_alpha_MZ152052.gbk
>_alpha_MZ207702.gbk
>_alpha_MZ467985.1.gbk
>_alpha_MW987801.gbk
>_alpha_MZ234002.gbk
>_alpha_MZ212097.gbk
>_alpha_MZ214363.gbk
>_alpha_MZ554426.1.gbk
>_alpha_MZ451942.1.gbk
>_alpha_MZ306508.gbk
>_alpha_MW912455.gbk
>_alpha_MZ192604.gbk
>_alpha_MZ232090.gbk
>_alpha_MZ535813.1.gbk
>_alpha_MZ554163.1.gbk
>_alpha_MZ060459.gbk
>_alpha_MZ358489.gbk
>_alpha_MW907191.gbk
>_alpha_MZ032507.gbk
>_alpha_MW969419.gbk
>_alpha_MZ207708.gbk
>_alpha_MZ283461.gbk
>_alpha_MW844867.gbk
>_alpha_MW967717.gbk
>_alpha_MZ022171.gbk
>_alpha_MZ307866.gbk
>_alpha_MZ217529.gbk
>_alpha_MZ342599.gbk
>_alpha_MZ491758.1.gbk
>_alpha_MZ228349.gbk
>_alpha_MZ085349.gbk
>_alpha_MZ146052.gbk
>_alpha_MZ283261.gbk
>_alpha_MZ295571.gbk
>_alpha_MZ376607.gbk
>_alpha_MZ566095.1.gbk
>_alpha_MZ023882.gbk
>_alpha_MZ000773.gbk
>_alpha_MZ085684.gbk
>_alpha_MZ161393.gbk
>_alpha_MZ161497.gbk
>_alpha_MZ076493.gbk
>_alpha_MW964107.gbk
>_alpha_MW993530.gbk
>_alpha_MZ192817.gbk
>_alpha_MZ283599.gbk
>_alpha_MZ153450.gbk
>_alpha_MZ173278.gbk
>_alpha_MZ412362.1.gbk
>_alpha_MZ321197.gbk
>_alpha_MZ100441.gbk
>_alpha_MZ090369.gbk
>_alpha_MZ185750.gbk
>_alpha_MZ193387.gbk
>_alpha_MZ259852.gbk
>_alpha_MZ295447.gbk
>_alpha_MZ535703.1.gbk
>_alpha_MW869594.gbk
>_alpha_MZ070308.gbk
>_alpha_MZ283520.gbk
>_alpha_MZ059192.gbk
>_alpha_MZ532283.1.gbk
>_alpha_MZ283981.gbk
>_alpha_MZ415043.1.gbk
>_alpha_MW876921.gbk
>_alpha_MZ153458.gbk
>_alpha_MZ191352.gbk
>_alpha_MZ186957.gbk
>_alpha_MZ371804.gbk
>_alpha_MZ001446.gbk
>_alpha_MZ036947.gbk
>_alpha_MZ233097.gbk
>_alpha_MZ159182.gbk
>_alpha_MZ340855.gbk
>_alpha_MZ085824.gbk
>_alpha_MZ415829.1.gbk
>_alpha_MZ360590.gbk
>_alpha_MZ149859.gbk
>_alpha_MZ239548.gbk
>_alpha_MZ372732.gbk
>_alpha_MW720729.gbk
>_alpha_MZ328805.gbk
>_alpha_MZ411852.1.gbk
>_alpha_MZ193189.gbk
>_alpha_MZ344605.gbk
>_alpha_MZ491693.1.gbk
>_alpha_LR881860.gbk
# file alpha_LR881860.gbk does not contain annotated CDSs
>_alpha_MZ085131.gbk
>_alpha_MZ211634.gbk
>_alpha_MZ455636.1.gbk
>_alpha_MW908765.gbk
>_alpha_MZ490330.1.gbk
>_alpha_MZ163495.gbk
>_alpha_MZ307901.gbk
>_alpha_MZ012488.gbk
>_alpha_MW993267.gbk
>_alpha_MZ371495.gbk
>_alpha_MZ413373.1.gbk
>_alpha_MZ132529.gbk
>_alpha_MZ070491.gbk
>_alpha_MZ319279.gbk
>_alpha_MZ010549.gbk
>_alpha_MZ153920.gbk
>_alpha_MW904931.gbk
>_alpha_MZ009313.gbk
>_alpha_MZ321344.gbk
>_alpha_MZ472018.1.gbk
>_alpha_MZ048103.gbk
>_alpha_MZ455244.1.gbk
>_alpha_MW769742.gbk
>_alpha_MZ059649.gbk
>_alpha_MZ006634.gbk
>_alpha_MZ101294.gbk
>_alpha_MW968624.gbk
>_alpha_MW969494.gbk
>_alpha_MZ037979.gbk
>_alpha_MW807821.gbk
>_alpha_MZ226004.gbk
>_alpha_MZ025157.gbk
>_alpha_MZ056297.gbk
>_alpha_MZ226217.gbk
>_alpha_MZ281106.gbk
>_alpha_MZ501418.1.gbk
>_alpha_MZ434488.1.gbk
>_alpha_MZ294956.gbk
>_alpha_MZ193501.gbk
>_alpha_MZ341034.gbk
>_alpha_MZ469409.1.gbk
>_alpha_MZ012037.gbk
>_alpha_MZ059914.gbk
>_alpha_MZ255830.gbk
>_alpha_MZ032798.gbk
>_alpha_MZ295138.gbk
>_alpha_FR993059.gbk
# file alpha_FR993059.gbk does not contain annotated CDSs
>_alpha_MZ290622.gbk
>_alpha_MZ342043.gbk
>_alpha_MZ010586.gbk
>_alpha_MZ462542.1.gbk
>_alpha_MZ084846.gbk
>_alpha_MZ143421.gbk
>_alpha_MZ179992.gbk
>_alpha_MZ012243.gbk
>_alpha_MZ498891.1.gbk
>_alpha_FR993586.gbk
# file alpha_FR993586.gbk does not contain annotated CDSs
>_alpha_MZ022980.gbk
>_alpha_MW913441.gbk
>_alpha_MZ341087.gbk
>_alpha_LR882876.gbk
# file alpha_LR882876.gbk does not contain annotated CDSs
>_alpha_MZ101104.gbk
>_alpha_MW964473.gbk
>_alpha_MZ006094.gbk
>_alpha_MZ058545.gbk
>_alpha_MZ337057.gbk
>_alpha_MZ102168.gbk
>_alpha_MZ210604.gbk
>_alpha_MZ284501.gbk
>_alpha_MZ283020.gbk
>_alpha_MZ132547.gbk
>_alpha_MZ194529.gbk
>_alpha_MZ253668.gbk
>_alpha_MZ166168.gbk
>_alpha_MW990437.gbk
>_alpha_MZ217815.gbk
>_alpha_MZ286711.gbk
>_alpha_MZ086553.gbk
>_alpha_MZ538049.1.gbk
>_alpha_MZ033247.gbk
>_alpha_MZ455299.1.gbk
>_alpha_MZ214922.gbk
>_alpha_MZ083654.gbk
>_alpha_MZ237738.gbk
>_alpha_MZ378312.gbk
>_alpha_MZ307065.gbk
>_alpha_MZ307836.gbk
>_alpha_MZ307687.gbk
>_alpha_MZ307532.gbk
>_alpha_MZ239074.gbk
>_alpha_MZ477024.1.gbk
>_alpha_MZ225898.gbk
>_alpha_MW841879.gbk
>_alpha_MW993533.gbk
>_alpha_MZ211701.gbk
>_alpha_MZ307582.gbk
>_alpha_MZ389936.gbk
>_alpha_MZ315753.gbk
>_alpha_MW993537.gbk
>_alpha_MZ283072.gbk
>_alpha_MW907624.gbk
>_alpha_MZ024678.gbk
>_alpha_MZ154111.gbk
>_alpha_MZ049879.gbk
>_alpha_MZ296141.gbk
>_alpha_MW932076.gbk
>_alpha_MZ009030.gbk
>_alpha_MZ283035.gbk
>_alpha_MW865243.gbk
>_alpha_MZ284560.gbk
>_alpha_MZ253141.gbk
>_alpha_MZ371834.gbk
>_alpha_MZ450487.1.gbk
>_alpha_MZ227896.gbk
>_alpha_MZ271199.gbk
>_alpha_MZ179542.gbk
>_alpha_MZ202023.gbk
>_alpha_MZ278482.gbk
>_alpha_MZ316085.gbk
>_alpha_MZ168345.gbk
>_alpha_MZ278281.gbk
>_alpha_MZ535388.1.gbk
>_alpha_MW906342.gbk
>_alpha_MZ011613.gbk
>_alpha_MZ293985.gbk
>_alpha_MZ366676.gbk
>_alpha_MZ156610.gbk
>_alpha_MZ037249.gbk
>_alpha_MZ131500.gbk
>_alpha_MZ143326.gbk
>_alpha_MZ536060.1.gbk
>_alpha_MZ372756.gbk
>_alpha_MZ149714.gbk
>_alpha_MW908319.gbk
>_alpha_MZ530728.1.gbk
>_alpha_MZ192421.gbk
>_alpha_MZ010498.gbk
>_alpha_MZ372909.gbk
>_alpha_MZ491272.1.gbk
>_alpha_MZ025689.gbk
>_alpha_MZ282493.gbk
>_alpha_MW721520.gbk
>_alpha_MZ032612.gbk
>_alpha_MZ060088.gbk
>_alpha_MZ022247.gbk
>_alpha_MZ237720.gbk
>_alpha_MW626477.gbk
>_alpha_MZ076263.gbk
>_alpha_MZ155989.gbk
>_alpha_MZ454871.1.gbk
>_alpha_MZ280823.gbk
>_alpha_MW905847.gbk
>_alpha_MZ058993.gbk
>_alpha_MZ238082.gbk
>_alpha_MZ358464.gbk
>_alpha_MZ306513.gbk
>_alpha_MZ192417.gbk
>_alpha_MW959439.gbk
>_alpha_MZ055312.gbk
>_alpha_MZ294958.gbk
>_alpha_MZ530125.1.gbk
>_alpha_MW840944.gbk
>_alpha_MW969158.gbk
>_alpha_MZ280392.gbk
>_alpha_MW968782.gbk
>_alpha_MZ085324.gbk
>_alpha_MW993830.gbk
>_alpha_MZ070715.gbk
>_alpha_MW906852.gbk
>_alpha_MW840811.gbk
>_alpha_MZ237012.gbk
>_alpha_MZ431879.1.gbk
>_alpha_MZ006392.gbk
>_alpha_MZ180565.gbk
>_alpha_MZ349323.gbk
>_alpha_MZ349582.gbk
>_alpha_MW844355.gbk
>_alpha_MW932266.gbk
>_alpha_MZ181342.gbk
>_alpha_MZ201585.gbk
>_alpha_MZ499155.1.gbk
>_alpha_MW932608.gbk
>_alpha_MW914157.gbk
>_alpha_MZ214552.gbk
>_alpha_MZ076356.gbk
>_alpha_MZ244698.gbk
>_alpha_MZ307970.gbk
>_alpha_MW840943.gbk
>_alpha_MZ075549.gbk
>_alpha_MZ015133.gbk
>_alpha_MZ535995.1.gbk
>_alpha_MW963891.gbk
>_alpha_MW966161.gbk
>_alpha_MZ228518.gbk
>_alpha_MZ288500.gbk
>_alpha_MZ059844.gbk
>_alpha_MW723420.gbk
>_alpha_MZ060538.gbk
>_alpha_MZ071315.gbk
>_alpha_MZ184690.gbk
>_alpha_MZ316998.gbk
>_alpha_MZ349297.gbk
>_alpha_MZ390367.gbk
>_alpha_MZ538118.1.gbk
>_alpha_MZ293912.gbk
>_alpha_FR991507.gbk
# file alpha_FR991507.gbk does not contain annotated CDSs
>_alpha_MZ245333.gbk
>_alpha_MZ283653.gbk
>_alpha_MZ195433.gbk
>_alpha_MZ307489.gbk
>_alpha_MZ377631.gbk
>_alpha_MZ038107.gbk
>_alpha_MZ283249.gbk
>_alpha_MZ414864.1.gbk
>_alpha_FR991437.gbk
# file alpha_FR991437.gbk does not contain annotated CDSs
>_alpha_MZ172012.gbk
>_alpha_MZ161287.gbk
>_alpha_MZ206825.gbk
>_alpha_MZ167144.gbk
>_alpha_MZ497595.1.gbk
>_alpha_MW965169.gbk
>_alpha_MZ038757.gbk
>_alpha_MZ412049.1.gbk
>_alpha_MZ181383.gbk
>_alpha_MZ226006.gbk
>_alpha_MZ194857.gbk
>_alpha_MZ245160.gbk
>_alpha_MZ315255.gbk
>_alpha_MZ132882.gbk
>_alpha_MZ401650.1.gbk
>_alpha_MZ142403.gbk
>_alpha_MZ455476.1.gbk
>_alpha_MW869184.gbk
>_alpha_MZ284138.gbk
>_alpha_MZ025187.gbk
>_alpha_MZ215486.gbk
>_alpha_MW932299.gbk
>_alpha_MZ499164.1.gbk
>_alpha_MZ491450.1.gbk
>_alpha_MZ084172.gbk
>_alpha_MW773473.gbk
>_alpha_MZ210870.gbk
>_alpha_MZ142805.gbk
>_alpha_MW963391.gbk
>_alpha_MW988956.gbk
>_alpha_MZ180013.gbk
>_alpha_MW842351.gbk
>_alpha_MW840851.gbk
>_alpha_MW865144.gbk
>_alpha_MZ454501.1.gbk
>_alpha_MZ354225.gbk
>_alpha_MZ451598.1.gbk
>_alpha_MW907737.gbk
>_alpha_MZ342336.gbk
>_alpha_MZ280944.gbk
>_alpha_MZ037411.gbk
>_alpha_MZ058802.gbk
>_alpha_MW842369.gbk
>_alpha_MZ415578.1.gbk
>_alpha_MW842333.gbk
>_alpha_MZ086652.gbk
>_alpha_MZ210437.gbk
>_alpha_MW908493.gbk
>_alpha_MZ024116.gbk
>_alpha_MW906411.gbk
>_alpha_MW844876.gbk
>_alpha_MZ281767.gbk
>_alpha_MZ511567.1.gbk
>_alpha_MZ390785.gbk
>_alpha_LR880581.gbk
# file alpha_LR880581.gbk does not contain annotated CDSs
>_alpha_MZ132072.gbk
>_alpha_MZ012071.gbk
>_alpha_MZ280968.gbk
>_alpha_MZ279177.gbk
>_alpha_MZ337314.gbk
>_alpha_MZ500905.1.gbk
>_alpha_MZ076158.gbk
>_alpha_MZ074206.gbk
>_alpha_MZ191920.gbk
>_alpha_MZ382546.gbk
>_alpha_MZ216960.gbk
>_alpha_HG996986.gbk
# file alpha_HG996986.gbk does not contain annotated CDSs
>_alpha_MZ192320.gbk
>_alpha_MZ246692.gbk
>_alpha_MZ405316.1.gbk
>_alpha_MZ454708.1.gbk
>_alpha_MZ048518.gbk
>_alpha_MZ029317.gbk
>_alpha_MZ180466.gbk
>_alpha_MZ217385.gbk
>_alpha_MZ462392.1.gbk
>_alpha_MW864805.gbk
>_alpha_MZ167141.gbk
>_alpha_MZ315008.gbk
>_alpha_MZ206426.gbk
>_alpha_MZ399064.1.gbk
>_alpha_MZ172893.gbk
>_alpha_MZ201778.gbk
>_alpha_MZ412175.1.gbk
>_alpha_MZ167528.gbk
>_alpha_MW992800.gbk
>_alpha_MZ372092.gbk
>_alpha_MZ290657.gbk
>_alpha_MZ009521.gbk
>_alpha_MZ337110.gbk
>_alpha_MZ059231.gbk
>_alpha_MZ259886.gbk
>_alpha_MZ280440.gbk
>_alpha_MZ086753.gbk
>_alpha_MZ100868.gbk
>_alpha_MZ449094.1.gbk
>_alpha_MW799744.gbk
>_alpha_MZ294555.gbk
>_alpha_MZ293565.gbk
>_alpha_MZ450200.1.gbk
>_alpha_MZ035242.gbk
>_alpha_MW914164.gbk
>_alpha_MZ424250.1.gbk
>_alpha_MZ056139.gbk
>_alpha_MZ061315.gbk
>_alpha_MZ059504.gbk
>_alpha_MZ282907.gbk
>_alpha_MZ003160.gbk
>_alpha_MZ049930.gbk
>_alpha_MZ053732.gbk
>_alpha_MZ173122.gbk
>_alpha_FR991333.gbk
# file alpha_FR991333.gbk does not contain annotated CDSs
>_alpha_MZ073826.gbk
>_alpha_MZ254584.gbk
>_alpha_MZ142380.gbk
>_alpha_MZ022263.gbk
>_alpha_MZ337226.gbk
>_alpha_MW964713.gbk
>_alpha_MZ538072.1.gbk
>_alpha_MZ367757.gbk
>_alpha_MZ185509.gbk
>_alpha_MZ171599.gbk
>_alpha_MZ228877.gbk
>_alpha_MZ354581.gbk
>_alpha_MZ475664.1.gbk
>_alpha_MZ401823.1.gbk
>_alpha_MZ164335.gbk
>_alpha_MZ166544.gbk
>_alpha_MW586636.gbk
>_alpha_MZ331030.gbk
>_alpha_MZ194077.gbk
>_alpha_MZ058354.gbk
>_alpha_MW967437.gbk
>_alpha_MZ030252.gbk
>_alpha_MZ390514.gbk
>_alpha_MW904577.gbk
>_alpha_MW907322.gbk
>_alpha_MZ166146.gbk
>_alpha_MZ214253.gbk
>_alpha_MZ237625.gbk
>_alpha_MZ342406.gbk
>_alpha_MZ212738.gbk
>_alpha_MZ188262.gbk
>_alpha_MZ163255.gbk
>_alpha_MZ071503.gbk
>_alpha_MZ163224.gbk
>_alpha_MW773799.gbk
>_alpha_MZ164639.gbk
>_alpha_MZ434003.1.gbk
>_alpha_MZ000590.gbk
>_alpha_MZ283031.gbk
>_alpha_MZ012453.gbk
>_alpha_MZ074037.gbk
>_alpha_MZ132265.gbk
>_alpha_MZ133270.gbk
>_alpha_MZ167552.gbk
>_alpha_MZ316367.gbk
>_alpha_MZ317712.gbk
>_alpha_MW966734.gbk
>_alpha_MZ025372.gbk
>_alpha_MZ202057.gbk
>_alpha_MZ451918.1.gbk
>_alpha_MZ083533.gbk
>_alpha_MZ294501.gbk
>_alpha_MZ414645.1.gbk
>_alpha_MZ255854.gbk
>_alpha_MZ202045.gbk
>_alpha_MZ193427.gbk
>_alpha_MZ072367.gbk
>_alpha_MZ089644.gbk
>_alpha_MZ472030.1.gbk
>_alpha_MZ143007.gbk
>_alpha_MZ386299.gbk
>_alpha_MZ167117.gbk
>_alpha_MZ319029.gbk
>_alpha_MW930102.gbk
>_alpha_MZ282068.gbk
>_alpha_MW964641.gbk
>_alpha_MZ334649.gbk
>_alpha_MZ006051.gbk
>_alpha_MW964751.gbk
>_alpha_FR992215.gbk
# file alpha_FR992215.gbk does not contain annotated CDSs
>_alpha_MZ163788.gbk
>_alpha_MZ281863.gbk
>_alpha_MW842301.gbk
>_alpha_MW892509.gbk
>_alpha_MZ193444.gbk
>_alpha_MZ058178.gbk
>_alpha_MZ342232.gbk
>_alpha_MW907631.gbk
>_alpha_MW909024.gbk
>_alpha_MW963276.gbk
>_alpha_MZ242644.gbk
>_alpha_MZ436570.1.gbk
>_alpha_MZ530346.1.gbk
>_alpha_MZ133179.gbk
>_alpha_MZ166915.gbk
>_alpha_MZ075685.gbk
>_alpha_MW699915.gbk
>_alpha_MZ065060.gbk
>_alpha_MZ073380.gbk
>_alpha_MZ239466.gbk
>_alpha_MZ167030.gbk
>_alpha_MZ231408.gbk
>_alpha_MZ193524.gbk
>_alpha_MW864792.gbk
>_alpha_MZ373007.gbk
>_alpha_MZ320107.gbk
>_alpha_MZ286722.gbk
>_alpha_MZ086172.gbk
>_alpha_MW876968.gbk
>_alpha_MZ141025.gbk
>_alpha_MZ281116.gbk
>_alpha_MW988636.gbk
>_alpha_HG994453.gbk
# file alpha_HG994453.gbk does not contain annotated CDSs
>_alpha_MW689690.gbk
>_alpha_MZ493595.1.gbk
>_alpha_MW964016.gbk
>_alpha_MZ341512.gbk
>_alpha_MZ340678.gbk
>_alpha_MZ278935.gbk
>_alpha_MZ141817.gbk
>_alpha_MZ058723.gbk
>_alpha_MW769739.gbk
>_alpha_MW906115.gbk
>_alpha_MZ228999.gbk
>_alpha_MZ187721.gbk
>_alpha_MZ489918.1.gbk
>_alpha_MW877249.gbk
>_alpha_MW907630.gbk
>_alpha_MZ167391.gbk
>_alpha_MZ412263.1.gbk
>_alpha_MW808075.gbk
>_alpha_MW893587.gbk
>_alpha_MZ196172.gbk
>_alpha_MZ195396.gbk
>_alpha_MZ244699.gbk
>_alpha_MW485323.gbk
>_alpha_MZ284328.gbk
>_alpha_MZ535514.1.gbk
>_alpha_MZ316078.gbk
>_alpha_MZ498411.1.gbk
>_alpha_MZ039358.gbk
>_alpha_MW586607.gbk
>_alpha_MZ100273.gbk
>_alpha_MZ211389.gbk
>_alpha_MZ245259.gbk
>_alpha_MW912035.gbk
>_alpha_MZ037727.gbk
>_alpha_MZ083722.gbk
>_alpha_MZ278342.gbk
>_alpha_MZ023826.gbk
>_alpha_MZ414728.1.gbk
>_alpha_MZ069178.gbk
>_alpha_MZ194389.gbk
>_alpha_MZ048509.gbk
>_alpha_MZ060857.gbk
>_alpha_MW906446.gbk
>_alpha_MW808013.gbk
>_alpha_MW931131.gbk
>_alpha_MZ214504.gbk
>_alpha_MW803607.gbk
>_alpha_MZ238895.gbk
>_alpha_MW869307.gbk
>_alpha_MZ194843.gbk
>_alpha_MZ375585.gbk
>_alpha_MW908686.gbk
>_alpha_MZ433965.1.gbk
>_alpha_MZ159243.gbk
>_alpha_MZ282481.gbk
>_alpha_MZ074103.gbk
>_alpha_MZ154488.gbk
>_alpha_MZ035511.gbk
>_alpha_MW908458.gbk
>_alpha_MW935676.gbk
>_alpha_MW904694.gbk
>_alpha_MW803522.gbk
>_alpha_MW944023.gbk
>_alpha_MZ152032.gbk
>_alpha_MZ194071.gbk
>_alpha_MZ226020.gbk
>_alpha_MZ238376.gbk
>_alpha_MZ454866.1.gbk
>_alpha_MW909122.gbk
>_alpha_MZ022934.gbk
>_alpha_MZ291108.gbk
>_alpha_MZ295131.gbk
>_alpha_MZ294400.gbk
>_alpha_MZ153769.gbk
>_alpha_MW907848.gbk
>_alpha_MZ530541.1.gbk
>_alpha_MZ187013.gbk
>_alpha_MZ472509.1.gbk
>_alpha_MZ385954.gbk
>_alpha_MZ232800.gbk
>_alpha_MZ491411.1.gbk
>_alpha_MW864782.gbk
>_alpha_MZ166861.gbk
>_alpha_MZ167128.gbk
>_alpha_MW894590.gbk
>_alpha_MZ086629.gbk
>_alpha_MZ217205.gbk
>_alpha_MW877170.gbk
>_alpha_MW837419.gbk
>_alpha_MZ053812.gbk
>_alpha_MZ499900.1.gbk
>_alpha_MW808099.gbk
>_alpha_MZ160325.gbk
>_alpha_MW907224.gbk
>_alpha_MW967069.gbk
>_alpha_MZ085628.gbk
>_alpha_MZ261470.gbk
>_alpha_MZ390214.gbk
>_alpha_MZ214445.gbk
>_alpha_MW981409.gbk
>_alpha_MW807784.gbk
>_alpha_MW904033.gbk
>_alpha_MZ498785.1.gbk
>_alpha_MZ213806.gbk
>_alpha_MW869087.gbk
>_alpha_MZ212862.gbk
>_alpha_MZ076279.gbk
>_alpha_MZ212489.gbk
>_alpha_MZ281249.gbk
>_alpha_MZ316994.gbk
>_alpha_MZ207367.gbk
>_alpha_MZ343289.gbk
>_alpha_MZ566625.1.gbk
>_alpha_MZ161542.gbk
>_alpha_MZ058648.gbk
>_alpha_MZ345885.gbk
>_alpha_MZ378100.gbk
>_alpha_MZ184447.gbk
>_alpha_MZ236973.gbk
>_alpha_MZ280672.gbk
>_alpha_MZ415252.1.gbk
>_alpha_MZ022339.gbk
>_alpha_MZ358693.gbk
>_alpha_MW883138.gbk
>_alpha_MW912477.gbk
>_alpha_MZ179724.gbk
>_alpha_MZ049734.gbk
>_alpha_MZ132729.gbk
>_alpha_MW273856.gbk
>_alpha_MZ083372.gbk
>_alpha_MZ131717.gbk
>_alpha_MZ149814.gbk
>_alpha_MZ184745.gbk
>_alpha_MZ286719.gbk
>_alpha_MZ143322.gbk
>_alpha_MZ477954.1.gbk
>_alpha_MZ353909.gbk
>_alpha_MZ433453.1.gbk
>_alpha_MZ499625.1.gbk
>_alpha_MZ155991.gbk
>_alpha_MZ317231.gbk
>_alpha_MZ011041.gbk
>_alpha_MZ358801.gbk
>_alpha_MZ008964.gbk
>_alpha_MZ244917.gbk
>_alpha_MZ354158.gbk
>_alpha_MZ538590.1.gbk
>_alpha_MZ252797.gbk
>_alpha_MZ256564.gbk
>_alpha_MZ361971.gbk
>_alpha_MZ432036.1.gbk
>_alpha_MZ057986.gbk
>_alpha_MZ061293.gbk
>_alpha_MZ213803.gbk
>_alpha_MZ213848.gbk
>_alpha_MZ173221.gbk
>_alpha_MZ021847.gbk
>_alpha_MW807990.gbk
>_alpha_MZ000767.gbk
>_alpha_MZ281844.gbk
>_alpha_FR991727.gbk
# file alpha_FR991727.gbk does not contain annotated CDSs
>_alpha_MZ211647.gbk
>_alpha_MZ035156.gbk
>_alpha_MZ341931.gbk
>_alpha_MZ086626.gbk
>_alpha_MZ237531.gbk
>_alpha_MZ284787.gbk
>_alpha_MZ315922.gbk
>_alpha_FR993464.gbk
# file alpha_FR993464.gbk does not contain annotated CDSs
>_alpha_MZ451544.1.gbk
>_alpha_MZ217450.gbk
>_alpha_MZ432255.1.gbk
>_alpha_MZ498392.1.gbk
>_alpha_MZ149970.gbk
>_alpha_MW967577.gbk
>_alpha_MZ196037.gbk
>_alpha_MW699175.gbk
>_alpha_MZ059471.gbk
>_alpha_MZ278300.gbk
>_alpha_MZ015422.gbk
>_alpha_MZ070087.gbk
>_alpha_MW912522.gbk
>_alpha_MZ036822.gbk
>_alpha_MW913840.gbk
>_alpha_MZ206470.gbk
>_alpha_MZ064985.gbk
>_alpha_MZ161264.gbk
>_alpha_MW877726.gbk
>_alpha_MW994821.gbk
>_alpha_MZ076456.gbk
>_alpha_MZ245288.gbk
>_alpha_MZ002968.gbk
>_alpha_MZ384249.gbk
>_alpha_MZ284666.gbk
>_alpha_MW911852.gbk
>_alpha_MZ296644.gbk
>_alpha_MW969324.gbk
>_alpha_MZ168469.gbk
>_alpha_MZ384259.gbk
>_alpha_MZ172373.gbk
>_alpha_MZ184271.gbk
>_alpha_MW796798.gbk
>_alpha_MW913941.gbk
>_alpha_MZ317847.gbk
>_alpha_MZ210108.gbk
>_alpha_MZ270493.gbk
>_alpha_MZ477899.1.gbk
>_alpha_MZ023813.gbk
>_alpha_MZ375716.gbk
>_alpha_MZ213852.gbk
>_alpha_MZ321655.gbk
>_alpha_MZ201497.gbk
>_alpha_MZ288324.gbk
>_alpha_MZ532353.1.gbk
>_alpha_MW968768.gbk
>_alpha_MZ341675.gbk
>_alpha_MZ360641.gbk
>_alpha_MZ532972.1.gbk
>_alpha_MZ257612.gbk
>_alpha_MZ454706.1.gbk
>_alpha_MW938615.gbk
>_alpha_MZ454959.1.gbk
>_alpha_MZ185264.gbk
>_alpha_MZ253479.gbk
>_alpha_MZ414664.1.gbk
>_alpha_MZ186273.gbk
>_alpha_MZ294510.gbk
>_alpha_MW894035.gbk
>_alpha_MZ184130.gbk
>_alpha_MZ153067.gbk
>_alpha_MZ211468.gbk
>_alpha_MZ293570.gbk
>_alpha_MW931431.gbk
>_alpha_MZ060762.gbk
>_alpha_MZ212832.gbk
>_alpha_MZ009131.gbk
>_alpha_MZ059636.gbk
>_alpha_MZ060562.gbk
>_alpha_MZ165788.gbk
>_alpha_MZ390626.gbk
>_alpha_MW990565.gbk
>_alpha_MZ132919.gbk
>_alpha_MZ082497.gbk
>_alpha_MZ267423.gbk
>_alpha_MZ132034.gbk
>_alpha_MZ287945.gbk
>_alpha_MZ004742.gbk
>_alpha_MZ015516.gbk
>_alpha_MW807927.gbk
>_alpha_MW965922.gbk
>_alpha_MZ000402.gbk
>_alpha_MZ141559.gbk
>_alpha_MZ201452.gbk
>_alpha_MZ210192.gbk
>_alpha_MW907645.gbk
>_alpha_MZ520067.1.gbk
>_alpha_MZ306330.gbk
>_alpha_MZ304967.gbk
>_alpha_MZ410219.1.gbk
>_alpha_MZ283774.gbk
>_alpha_MZ291409.gbk
>_alpha_MZ386455.gbk
>_alpha_MZ499161.1.gbk
>_alpha_MW781883.gbk
>_alpha_FR992166.gbk
# file alpha_FR992166.gbk does not contain annotated CDSs
>_alpha_MZ228593.gbk
>_alpha_MW803499.gbk
>_alpha_MZ072801.gbk
>_alpha_MZ149704.gbk
>_alpha_MZ181917.gbk
>_alpha_MZ242658.gbk
>_alpha_MW932321.gbk
>_alpha_MZ416156.1.gbk
>_alpha_MZ566051.1.gbk
>_alpha_MZ083340.gbk
>_alpha_MZ188588.gbk
>_alpha_MZ434540.1.gbk
>_alpha_MZ171877.gbk
>_alpha_MZ284629.gbk
>_alpha_MW993147.gbk
>_alpha_MZ167261.gbk
>_alpha_MZ060939.gbk
>_alpha_MZ308156.gbk
>_alpha_HG994466.gbk
# file alpha_HG994466.gbk does not contain annotated CDSs
>_alpha_MZ035638.gbk
>_alpha_MZ215029.gbk
>_alpha_MZ448714.1.gbk
>_alpha_MW906688.gbk
>_alpha_MZ181967.gbk
>_alpha_MZ025610.gbk
>_alpha_MZ140786.gbk
>_alpha_MZ341988.gbk
>_alpha_MW840419.gbk
>_alpha_MZ187103.gbk
>_alpha_MZ232714.gbk
>_alpha_MZ321314.gbk
>_alpha_HG998969.gbk
# file alpha_HG998969.gbk does not contain annotated CDSs
>_alpha_MZ254540.gbk
>_alpha_MZ037596.gbk
>_alpha_MZ181785.gbk
>_alpha_MZ271488.gbk
>_alpha_MZ011524.gbk
>_alpha_MZ193086.gbk
>_alpha_MZ038610.gbk
>_alpha_MZ082970.gbk
>_alpha_MZ252777.gbk
>_alpha_MZ100122.gbk
>_alpha_MZ072227.gbk
>_alpha_MW773650.gbk
>_alpha_MZ290245.gbk
>_alpha_MZ009889.gbk
>_alpha_MZ280721.gbk
>_alpha_MZ037556.gbk
>_alpha_MZ153723.gbk
>_alpha_MZ239370.gbk
>_alpha_MZ201923.gbk
>_alpha_MZ238362.gbk
>_alpha_MZ375618.gbk
>_alpha_MZ375602.gbk
>_alpha_MZ201761.gbk
>_alpha_MZ544694.1.gbk
>_alpha_MZ192065.gbk
>_alpha_MZ429102.1.gbk
>_alpha_MZ280250.gbk
>_alpha_MZ270364.gbk
>_alpha_MZ278896.gbk
>_alpha_MZ281976.gbk
>_alpha_MZ170597.gbk
>_alpha_MW993227.gbk
>_alpha_MZ025658.gbk
>_alpha_MZ084805.gbk
>_alpha_MZ567292.1.gbk
>_alpha_MZ166851.gbk
>_alpha_MZ271039.gbk
>_alpha_MZ472049.1.gbk
>_alpha_MW964893.gbk
>_alpha_MZ535144.1.gbk
>_alpha_MW842345.gbk
>_alpha_MZ025811.gbk
>_alpha_MW704464.gbk
>_alpha_MZ058213.gbk
>_alpha_MW907774.gbk
>_alpha_MZ378675.gbk
>_alpha_MZ075610.gbk
>_alpha_MZ072486.gbk
>_alpha_MZ252905.gbk
>_alpha_MZ271764.gbk
>_alpha_MZ398998.1.gbk
>_alpha_MZ056528.gbk
>_alpha_MZ071444.gbk
>_alpha_MW864939.gbk
>_alpha_MZ181663.gbk
>_alpha_MW904714.gbk
>_alpha_MW842029.gbk
>_alpha_MZ194310.gbk
>_alpha_MZ271757.gbk
>_alpha_MW904588.gbk
>_alpha_MZ149887.gbk
>_alpha_MZ386151.gbk
>_alpha_MZ270975.gbk
>_alpha_MZ007235.gbk
>_alpha_MZ331207.gbk
>_alpha_MZ184445.gbk
>_alpha_MZ246784.gbk
>_alpha_MZ321802.gbk
>_alpha_MW876883.gbk
>_alpha_MZ217509.gbk
>_alpha_MZ375696.gbk
>_alpha_MZ237846.gbk
>_alpha_MZ083460.gbk
>_alpha_MZ214760.gbk
>_alpha_MZ342210.gbk
>_alpha_MZ140628.gbk
>_alpha_MZ255494.gbk
>_alpha_MZ376363.gbk
>_alpha_MZ341775.gbk
>_alpha_MW844796.gbk
>_alpha_MZ279256.gbk
>_alpha_MZ354302.gbk
>_alpha_MW904594.gbk
>_alpha_MZ024402.gbk
>_alpha_MZ451819.1.gbk
>_alpha_MZ570820.1.gbk
>_alpha_MW807857.gbk
>_alpha_MZ006093.gbk
>_alpha_MZ032814.gbk
>_alpha_MZ168253.gbk
>_alpha_MW914073.gbk
>_alpha_MZ184667.gbk
>_alpha_MZ304860.gbk
>_alpha_MZ008844.gbk
>_alpha_MZ156604.gbk
>_alpha_MZ210788.gbk
>_alpha_MZ083242.gbk
>_alpha_MZ023688.gbk
>_alpha_MZ295076.gbk
>_alpha_MW994168.gbk
>_alpha_MZ076276.gbk
>_alpha_MZ009347.gbk
>_alpha_MZ167104.gbk
>_alpha_MZ278354.gbk
>_alpha_MZ069537.gbk
>_alpha_MZ085158.gbk
>_alpha_MZ319258.gbk
>_alpha_MZ349407.gbk
>_alpha_MZ211966.gbk
>_alpha_FR992965.gbk
# file alpha_FR992965.gbk does not contain annotated CDSs
>_alpha_MW990650.gbk
>_alpha_MZ254226.gbk
>_alpha_MZ035008.gbk
>_alpha_MW991337.gbk
>_alpha_MZ192518.gbk
>_alpha_MZ287915.gbk
>_alpha_MZ415865.1.gbk
>_alpha_MZ143494.gbk
>_alpha_MZ166206.gbk
>_alpha_MZ215184.gbk
>_alpha_MZ238503.gbk
>_alpha_MZ498051.1.gbk
>_alpha_MZ152177.gbk
>_alpha_MZ228371.gbk
>_alpha_MZ082710.gbk
>_alpha_MZ083357.gbk
>_alpha_MZ131303.gbk
>_alpha_MZ254237.gbk
>_alpha_MZ154069.gbk
>_alpha_MZ532435.1.gbk
>_alpha_FR993231.gbk
# file alpha_FR993231.gbk does not contain annotated CDSs
>_alpha_MZ015383.gbk
>_alpha_MZ149866.gbk
>_alpha_MZ394074.gbk
>_alpha_MW905222.gbk
>_alpha_MZ271639.gbk
>_alpha_MZ009090.gbk
>_alpha_MZ145568.gbk
>_alpha_MZ282839.gbk
>_alpha_MZ539250.1.gbk
>_alpha_MW905408.gbk
>_alpha_MZ244640.gbk
>_alpha_MZ264351.gbk
>_alpha_FR990345.gbk
# file alpha_FR990345.gbk does not contain annotated CDSs
>_alpha_MZ401824.1.gbk
>_alpha_MZ455494.1.gbk
>_alpha_MZ415117.1.gbk
>_alpha_MW992875.gbk
>_alpha_MZ315684.gbk
>_alpha_MW908384.gbk
>_alpha_MZ512698.1.gbk
>_alpha_MZ166862.gbk
>_alpha_MZ060748.gbk
>_alpha_MZ024923.gbk
>_alpha_MW963967.gbk
>_alpha_MZ337136.gbk
>_alpha_MW769729.gbk
>_alpha_MZ212683.gbk
>_alpha_MW930044.gbk
>_alpha_MZ358564.gbk
>_alpha_MZ132307.gbk
>_alpha_MZ184726.gbk
>_alpha_FR992625.gbk
# file alpha_FR992625.gbk does not contain annotated CDSs
>_alpha_MZ432413.1.gbk
>_alpha_MZ461078.1.gbk
>_alpha_MZ011157.gbk
>_alpha_MW796728.gbk
>_alpha_MW905075.gbk
>_alpha_MZ296230.gbk
>_alpha_MZ023245.gbk
>_alpha_MZ212298.gbk
>_alpha_MZ415471.1.gbk
>_alpha_MZ212936.gbk
>_alpha_MZ213339.gbk
>_alpha_MZ243362.gbk
>_alpha_MZ278854.gbk
>_alpha_MZ278798.gbk
>_alpha_MZ186690.gbk
>_alpha_MZ283828.gbk
>_alpha_MW914240.gbk
>_alpha_MZ201575.gbk
>_alpha_MW662142.gbk
>_alpha_MZ006874.gbk
>_alpha_MZ402475.1.gbk
>_alpha_MW989274.gbk
>_alpha_MZ131188.gbk
>_alpha_MZ431969.1.gbk
>_alpha_MZ378075.gbk
>_alpha_MZ172149.gbk
>_alpha_MZ201446.gbk
>_alpha_MW865284.gbk
>_alpha_MZ140811.gbk
>_alpha_MZ180436.gbk
>_alpha_MZ210948.gbk
>_alpha_MZ492685.1.gbk
>_alpha_MW904670.gbk
>_alpha_MZ085047.gbk
>_alpha_MZ554778.1.gbk
>_alpha_MZ316081.gbk
>_alpha_MW907632.gbk
>_alpha_MZ192544.gbk
>_alpha_MZ283056.gbk
>_alpha_MW964953.gbk
>_alpha_MW586599.gbk
>_alpha_MZ238303.gbk
>_alpha_MW873998.gbk
>_alpha_MZ304854.gbk
>_alpha_MZ024909.gbk
>_alpha_MZ058212.gbk
>_alpha_MZ173170.gbk
>_alpha_MZ212565.gbk
>_alpha_MW968099.gbk
>_alpha_MW968220.gbk
>_alpha_MZ337157.gbk
>_alpha_MZ181020.gbk
>_alpha_MW912206.gbk
>_alpha_MZ035157.gbk
>_alpha_MZ009976.gbk
>_alpha_MZ351739.gbk
>_alpha_MW721342.gbk
>_alpha_MZ432321.1.gbk
>_alpha_MZ240711.gbk
>_alpha_MZ181148.gbk
>_alpha_MZ288376.gbk
>_alpha_MZ212783.gbk
>_alpha_MZ449065.1.gbk
>_alpha_FR990496.gbk
# file alpha_FR990496.gbk does not contain annotated CDSs
>_alpha_MZ073610.gbk
>_alpha_MZ009923.gbk
>_alpha_MZ172873.gbk
>_alpha_MW807962.gbk
>_alpha_MZ192597.gbk
>_alpha_MZ187878.gbk
>_alpha_MZ006578.gbk
>_alpha_MZ154313.gbk
>_alpha_MZ308141.gbk
>_alpha_MZ228696.gbk
>_alpha_MZ261928.gbk
>_alpha_MZ034325.gbk
>_alpha_MZ491566.1.gbk
>_alpha_MW909181.gbk
>_alpha_MZ455264.1.gbk
>_alpha_MZ283106.gbk
>_alpha_MZ368142.gbk
>_alpha_MZ386586.gbk
>_alpha_MZ410096.1.gbk
>_alpha_MZ340560.gbk
>_alpha_MW844693.gbk
>_alpha_MW907255.gbk
>_alpha_MZ538186.1.gbk
>_alpha_MZ288371.gbk
>_alpha_MZ432603.1.gbk
>_alpha_FR992034.gbk
# file alpha_FR992034.gbk does not contain annotated CDSs
>_alpha_MW907687.gbk
>_alpha_MZ075680.gbk
>_alpha_MZ207493.gbk
>_alpha_MZ006091.gbk
>_alpha_MZ213626.gbk
>_alpha_MZ011846.gbk
>_alpha_MW807920.gbk
>_alpha_MZ179574.gbk
>_alpha_MZ433729.1.gbk
>_alpha_MZ159210.gbk
>_alpha_MW932018.gbk
>_alpha_MW840951.gbk
>_alpha_MZ211631.gbk
>_alpha_MZ034905.gbk
>_alpha_MZ392041.gbk
>_alpha_MZ006570.gbk
>_alpha_MZ213461.gbk
>_alpha_MZ058809.gbk
>_alpha_MZ244713.gbk
>_alpha_MZ497618.1.gbk
>_alpha_MW842388.gbk
>_alpha_MW729263.gbk
>_alpha_MZ039052.gbk
>_alpha_HG997144.gbk
# file alpha_HG997144.gbk does not contain annotated CDSs
>_alpha_MW869720.gbk
>_alpha_MZ368198.gbk
>_alpha_MZ266814.gbk
>_alpha_MZ211789.gbk
>_alpha_MZ192333.gbk
>_alpha_MZ172160.gbk
>_alpha_MZ555847.1.gbk
>_alpha_MZ436876.1.gbk
>_alpha_MZ083337.gbk
>_alpha_MZ451737.1.gbk
>_alpha_MZ308165.gbk
>_alpha_MZ490142.1.gbk
>_alpha_MZ140663.gbk
>_alpha_MZ236764.gbk
>_alpha_MZ306086.gbk
>_alpha_MZ390467.gbk
>_alpha_MW791664.gbk
>_alpha_MZ131085.gbk
>_alpha_MZ290872.gbk
>_alpha_MZ306724.gbk
>_alpha_MZ384275.gbk
>_alpha_MZ212162.gbk
>_alpha_MZ535021.1.gbk
>_alpha_MZ168179.gbk
>_alpha_MZ434341.1.gbk
>_alpha_FR993780.gbk
# file alpha_FR993780.gbk does not contain annotated CDSs
>_alpha_MZ497691.1.gbk
>_alpha_MZ083708.gbk
>_alpha_MZ237569.gbk
>_alpha_MZ377448.gbk
>_alpha_MW964163.gbk
>_alpha_MZ142669.gbk
>_alpha_MZ282566.gbk
>_alpha_MZ499178.1.gbk
>_alpha_MZ184497.gbk
>_alpha_MZ168362.gbk
>_alpha_MZ145603.gbk
>_alpha_MZ530834.1.gbk
>_alpha_MW963563.gbk
>_alpha_MZ189109.gbk
>_alpha_MW842130.gbk
>_alpha_MZ372310.gbk
>_alpha_MW914179.gbk
>_alpha_FR993757.gbk
# file alpha_FR993757.gbk does not contain annotated CDSs
>_alpha_MZ257617.gbk
>_alpha_MZ363298.gbk
>_alpha_MZ074736.gbk
>_alpha_MW963404.gbk
>_alpha_MZ085601.gbk
>_alpha_MZ271454.gbk
>_alpha_MZ267481.gbk
>_alpha_MW869522.gbk
>_alpha_MZ060460.gbk
>_alpha_MZ018126.gbk
>_alpha_MZ284077.gbk
>_alpha_MZ059587.gbk
>_alpha_MW689688.gbk
>_alpha_MW908468.gbk
>_alpha_MZ194403.gbk
>_alpha_MZ471998.1.gbk
>_alpha_MZ404478.1.gbk
>_alpha_MZ280316.gbk
>_alpha_MZ010840.gbk
>_alpha_MZ007077.gbk
>_alpha_MW989044.gbk
>_alpha_MZ013657.gbk
>_alpha_MZ153765.gbk
>_alpha_MZ201616.gbk
>_alpha_MZ153879.gbk
>_alpha_MZ163468.gbk
>_alpha_MZ337368.gbk
>_alpha_MW993298.gbk
>_alpha_MW988411.gbk
>_alpha_MZ025559.gbk
>_alpha_MZ082756.gbk
>_alpha_MW877293.gbk
>_alpha_MZ161233.gbk
>_alpha_MZ321775.gbk
>_alpha_MW869272.gbk
>_alpha_MZ388260.gbk
>_alpha_MZ414877.1.gbk
>_alpha_MZ006926.gbk
>_alpha_MZ415217.1.gbk
>_alpha_MW912534.gbk
>_alpha_MZ076166.gbk
>_alpha_FR992310.gbk
# file alpha_FR992310.gbk does not contain annotated CDSs
>_alpha_MZ238839.gbk
>_alpha_MW904509.gbk
>_alpha_MZ331235.gbk
>_alpha_MW849643.gbk
>_alpha_MZ003311.gbk
>_alpha_MZ535049.1.gbk
>_alpha_MZ294286.gbk
>_alpha_MZ193726.gbk
>_alpha_MZ512803.1.gbk
>_alpha_MZ538713.1.gbk
>_alpha_MW865250.gbk
>_alpha_MZ193991.gbk
>_alpha_MZ179948.gbk
>_alpha_MW932587.gbk
>_alpha_MZ060727.gbk
>_alpha_MZ071669.gbk
>_alpha_MZ384368.gbk
>_alpha_MZ499558.1.gbk
>_alpha_MZ331165.gbk
>_alpha_MZ254124.gbk
>_alpha_MZ048092.gbk
>_alpha_MZ433960.1.gbk
>_alpha_MZ530144.1.gbk
>_alpha_MZ454471.1.gbk
>_alpha_MW844364.gbk
>_alpha_MW906039.gbk
>_alpha_MZ238488.gbk
>_alpha_MZ260754.gbk
>_alpha_MZ036942.gbk
>_alpha_MZ143526.gbk
>_alpha_MZ253655.gbk
>_alpha_MZ283478.gbk
>_alpha_MZ282686.gbk
>_alpha_MW967739.gbk
>_alpha_MZ164409.gbk
>_alpha_MZ291328.gbk
>_alpha_MZ086087.gbk
>_alpha_MZ366634.gbk
>_alpha_MZ045245.gbk
>_alpha_MZ084620.gbk
>_alpha_MZ342076.gbk
>_alpha_MZ211100.gbk
>_alpha_MZ321721.gbk
>_alpha_MZ000895.gbk
>_alpha_MZ163261.gbk
>_alpha_MW965166.gbk
>_alpha_MZ029180.gbk
>_alpha_MZ025645.gbk
>_alpha_MZ455990.1.gbk
>_alpha_MZ375552.gbk
>_alpha_MZ025871.gbk
>_alpha_MZ146216.gbk
>_alpha_MZ143464.gbk
>_alpha_MZ244388.gbk
>_alpha_MZ260788.gbk
>_alpha_MZ386364.gbk
>_alpha_MZ390416.gbk
>_alpha_MZ184714.gbk
>_alpha_MW912181.gbk
>_alpha_FR992854.gbk
# file alpha_FR992854.gbk does not contain annotated CDSs
>_alpha_FR992389.gbk
# file alpha_FR992389.gbk does not contain annotated CDSs
>_alpha_MW894197.gbk
>_alpha_MZ131832.gbk
>_alpha_MZ311149.gbk
>_alpha_MZ056298.gbk
>_alpha_MZ375654.gbk
>_alpha_MZ469327.1.gbk
>_alpha_MZ470783.1.gbk
>_alpha_MZ415263.1.gbk
>_alpha_MZ073178.gbk
>_alpha_MZ150546.gbk
>_alpha_MZ132484.gbk
>_alpha_MW989100.gbk
>_alpha_MW988932.gbk
>_alpha_MZ240018.gbk
>_alpha_MZ101265.gbk
>_alpha_MZ498195.1.gbk
>_alpha_MZ090311.gbk
>_alpha_MZ187952.gbk
>_alpha_MZ341379.gbk
>_alpha_MW804736.gbk
>_alpha_MW803648.gbk
>_alpha_MZ210934.gbk
>_alpha_MZ192723.gbk
>_alpha_MZ275061.gbk
>_alpha_MW987805.gbk
>_alpha_MZ060752.gbk
>_alpha_MZ187007.gbk
>_alpha_MZ455388.1.gbk
>_alpha_MZ512930.1.gbk
>_alpha_MZ060813.gbk
>_alpha_MW863916.gbk
>_alpha_MZ131930.gbk
>_alpha_MW968447.gbk
>_alpha_MZ084271.gbk
>_alpha_MZ184080.gbk
>_alpha_MZ255533.gbk
>_alpha_MW803496.gbk
>_alpha_MW840406.gbk
>_alpha_MW914147.gbk
>_alpha_MW988635.gbk
>_alpha_MZ434462.1.gbk
>_alpha_MZ170412.gbk
>_alpha_HG997032.gbk
# file alpha_HG997032.gbk does not contain annotated CDSs
>_alpha_MZ039266.gbk
>_alpha_MZ538724.1.gbk
>_alpha_MZ163836.gbk
>_alpha_MZ342354.gbk
>_alpha_MZ163998.gbk
>_alpha_MZ275149.gbk
>_alpha_MZ281692.gbk
>_alpha_MZ498887.1.gbk
>_alpha_MZ538008.1.gbk
>_alpha_MZ025844.gbk
>_alpha_MZ451828.1.gbk
>_alpha_MZ415931.1.gbk
>_alpha_MW966806.gbk
>_alpha_MZ252820.gbk
>_alpha_MZ290341.gbk
>_alpha_MZ544816.1.gbk
>_alpha_MZ141262.gbk
>_alpha_MZ412335.1.gbk
>_alpha_MZ535129.1.gbk
>_alpha_MZ035306.gbk
>_alpha_MW931063.gbk
>_alpha_MZ188658.gbk
>_alpha_MZ142394.gbk
>_alpha_MZ225698.gbk
>_alpha_MW758984.gbk
>_alpha_MZ213567.gbk
>_alpha_MZ001325.gbk
>_alpha_MZ261510.gbk
>_alpha_MW990682.gbk
>_alpha_MZ086636.gbk
>_alpha_MZ187685.gbk
>_alpha_MZ566275.1.gbk
>_alpha_MZ206951.gbk
>_alpha_MZ152339.gbk
>_alpha_MZ454788.1.gbk
>_alpha_MZ034238.gbk
>_alpha_MZ415030.1.gbk
>_alpha_MZ153782.gbk
>_alpha_MZ133062.gbk
>_alpha_MZ499157.1.gbk
>_alpha_MZ255947.gbk
>_alpha_MZ023899.gbk
>_alpha_MZ211821.gbk
>_alpha_MZ284607.gbk
>_alpha_MZ013331.gbk
>_alpha_MZ013453.gbk
>_alpha_MZ414411.1.gbk
>_alpha_MZ141573.gbk
>_alpha_MW907615.gbk
>_alpha_MW964173.gbk
>_alpha_MZ376579.gbk
>_alpha_MZ172000.gbk
>_alpha_MW905787.gbk
>_alpha_MZ278704.gbk
>_alpha_MZ161345.gbk
>_alpha_MZ003461.gbk
>_alpha_MZ281387.gbk
>_alpha_MW914535.gbk
>_alpha_MZ283938.gbk
>_alpha_MZ416098.1.gbk
>_alpha_MZ394129.1.gbk
>_alpha_MW842288.gbk
>_alpha_MZ059005.gbk
>_alpha_MZ187329.gbk
>_alpha_MZ163886.gbk
>_alpha_MZ188935.gbk
>_alpha_MZ270290.gbk
>_alpha_MZ377323.gbk
>_alpha_MZ321692.gbk
>_alpha_MZ342050.gbk
>_alpha_MZ255087.gbk
>_alpha_MZ450415.1.gbk
>_alpha_MZ053637.gbk
>_alpha_MZ039157.gbk
>_alpha_MZ059150.gbk
>_alpha_MZ156631.gbk
>_alpha_HG998977.gbk
# file alpha_HG998977.gbk does not contain annotated CDSs
>_alpha_MZ471879.1.gbk
>_alpha_MZ530340.1.gbk
>_alpha_MW907751.gbk
>_alpha_MZ411982.1.gbk
>_alpha_MZ438600.1.gbk
>_alpha_MW914679.gbk
>_alpha_MZ075144.gbk
>_alpha_MZ531717.1.gbk
>_alpha_MZ060421.gbk
>_alpha_MZ454924.1.gbk
>_alpha_MZ141345.gbk
>_alpha_MZ164017.gbk
>_alpha_MZ432483.1.gbk
>_alpha_MZ512732.1.gbk
>_alpha_MZ085073.gbk
>_alpha_MZ282604.gbk
>_alpha_MZ056292.gbk
>_alpha_MW964619.gbk
>_alpha_MZ530564.1.gbk
>_alpha_MW994958.gbk
>_alpha_MZ156644.gbk
>_alpha_MZ238133.gbk
>_alpha_MW964660.gbk
>_alpha_MZ073841.gbk
>_alpha_MZ279433.gbk
>_alpha_MW773478.gbk
>_alpha_MZ196110.gbk
>_alpha_MW912200.gbk
>_alpha_MW807832.gbk
>_alpha_MZ002314.gbk
>_alpha_FR988677.gbk
# file alpha_FR988677.gbk does not contain annotated CDSs
>_alpha_MZ090299.gbk
>_alpha_MZ152918.gbk
>_alpha_MZ152182.gbk
>_alpha_MZ449778.1.gbk
>_alpha_MW776933.gbk
>_alpha_MZ192294.gbk
>_alpha_MZ173087.gbk
>_alpha_MZ436593.1.gbk
>_alpha_MW932171.gbk
>_alpha_MW586690.gbk
>_alpha_MZ038486.gbk
>_alpha_MW847672.gbk
>_alpha_MZ006576.gbk
>_alpha_MZ006713.gbk
>_alpha_MZ186651.gbk
>_alpha_MZ378512.gbk
>_alpha_MW908554.gbk
>_alpha_MZ304968.gbk
>_alpha_MZ217356.gbk
>_alpha_MZ440993.1.gbk
>_alpha_MZ034974.gbk
>_alpha_MZ201501.gbk
>_alpha_MZ520077.1.gbk
>_alpha_MW836154.gbk
>_alpha_MW963729.gbk
>_alpha_MZ071219.gbk
>_alpha_MZ083747.gbk
>_alpha_MW662546.gbk
>_alpha_MZ180267.gbk
>_alpha_MZ281388.gbk
>_alpha_MZ255189.gbk
>_alpha_MZ060771.gbk
>_alpha_MZ306378.gbk
>_alpha_MZ500379.1.gbk
>_alpha_MZ210611.gbk
>_alpha_MZ244909.gbk
>_alpha_MZ489974.1.gbk
>_alpha_MZ232971.gbk
>_alpha_MZ100721.gbk
>_alpha_MZ192066.gbk
>_alpha_MZ189317.gbk
>_alpha_MZ075431.gbk
>_alpha_MZ047400.gbk
>_alpha_MZ492016.1.gbk
>_alpha_MZ201358.gbk
>_alpha_MZ201340.gbk
>_alpha_MW863040.gbk
>_alpha_MZ206954.gbk
>_alpha_MZ195406.gbk
>_alpha_MZ145414.gbk
>_alpha_MZ531380.1.gbk
>_alpha_MZ378567.gbk
>_alpha_MZ394273.1.gbk
>_alpha_MZ535724.1.gbk
>_alpha_MZ239152.gbk
>_alpha_MW988486.gbk
>_alpha_MZ082597.gbk
>_alpha_MZ194322.gbk
>_alpha_MZ252679.gbk
>_alpha_MZ056516.gbk
>_alpha_MZ278934.gbk
>_alpha_MZ053612.gbk
>_alpha_MZ141873.gbk
>_alpha_MZ188414.gbk
>_alpha_MZ275035.gbk
>_alpha_MZ274702.gbk
>_alpha_FR991789.gbk
# file alpha_FR991789.gbk does not contain annotated CDSs
>_alpha_MZ072593.gbk
>_alpha_MZ278668.gbk
>_alpha_MZ004871.gbk
>_alpha_MZ214278.gbk
>_alpha_MZ454875.1.gbk
>_alpha_MZ238403.gbk
>_alpha_MZ212170.gbk
>_alpha_MZ002845.gbk
>_alpha_MZ228824.gbk
>_alpha_MZ100083.gbk
>_alpha_MZ240456.gbk
>_alpha_MZ415549.1.gbk
>_alpha_MW906214.gbk
>_alpha_MZ390100.gbk
>_alpha_MW894188.gbk
>_alpha_MW864765.gbk
>_alpha_MZ152261.gbk
>_alpha_MZ342398.gbk
>_alpha_MZ140571.gbk
>_alpha_MW915195.gbk
>_alpha_MZ069337.gbk
>_alpha_MZ308268.gbk
>_alpha_MZ280029.gbk

# number of handled genomes = 3934 (out of 5000)
