# number of genomes in 'beta_list.txt' = 496

# checking GenBank accessions with NCBI e-utils efetch ...
>_beta_FR993288.gbk
# file beta_FR993288.gbk does not contain annotated CDSs
>_beta_FR990872.gbk
# file beta_FR990872.gbk does not contain annotated CDSs
>_beta_FR993119.gbk
# file beta_FR993119.gbk does not contain annotated CDSs
>_beta_MW550487.gbk
>_beta_FR988759.gbk
# file beta_FR988759.gbk does not contain annotated CDSs
>_beta_FR992821.gbk
# file beta_FR992821.gbk does not contain annotated CDSs
>_beta_MW598408.gbk
>_beta_MW598413.gbk
>_beta_MW598419.gbk
>_beta_MW598420.gbk
>_beta_FR991451.gbk
# file beta_FR991451.gbk does not contain annotated CDSs
>_beta_FR991489.gbk
# file beta_FR991489.gbk does not contain annotated CDSs
>_beta_FR991519.gbk
# file beta_FR991519.gbk does not contain annotated CDSs
>_beta_FR991606.gbk
# file beta_FR991606.gbk does not contain annotated CDSs
>_beta_FR991605.gbk
# file beta_FR991605.gbk does not contain annotated CDSs
>_beta_FR991625.gbk
# file beta_FR991625.gbk does not contain annotated CDSs
>_beta_MW617734.gbk
>_beta_MW621453.gbk
>_beta_FR991693.gbk
# file beta_FR991693.gbk does not contain annotated CDSs
>_beta_FR991897.gbk
# file beta_FR991897.gbk does not contain annotated CDSs
>_beta_FR992030.gbk
# file beta_FR992030.gbk does not contain annotated CDSs
>_beta_MW667552.gbk
>_beta_MW667553.gbk
>_beta_FR992043.gbk
# file beta_FR992043.gbk does not contain annotated CDSs
>_beta_MW717678.gbk
>_beta_MW721502.gbk
>_beta_MW721504.gbk
>_beta_MW721555.gbk
>_beta_MW721578.gbk
>_beta_FR992358.gbk
# file beta_FR992358.gbk does not contain annotated CDSs
>_beta_MW796654.gbk
>_beta_MW796843.gbk
>_beta_MW763124.gbk
>_beta_MW768023.gbk
>_beta_MW768056.gbk
>_beta_MW773774.gbk
>_beta_MW773797.gbk
>_beta_MW773801.gbk
>_beta_MW773815.gbk
>_beta_MW783501.gbk
>_beta_MW783516.gbk
>_beta_MW793569.gbk
>_beta_MW789246.gbk
>_beta_MW792684.gbk
>_beta_MW792756.gbk
>_beta_MW793005.gbk
>_beta_MW795351.gbk
>_beta_MW808030.gbk
>_beta_MW808712.gbk
>_beta_MW809047.gbk
>_beta_MZ414738.1.gbk
>_beta_MW822592.gbk
>_beta_MW831662.gbk
>_beta_MW831663.gbk
>_beta_MW831665.gbk
>_beta_MW831667.gbk
>_beta_MW844243.gbk
>_beta_MW844541.gbk
>_beta_MW844633.gbk
>_beta_MW844743.gbk
>_beta_MW844773.gbk
>_beta_MW845378.gbk
>_beta_MW847393.gbk
>_beta_MW848906.gbk
>_beta_MW848907.gbk
>_beta_MW849825.gbk
>_beta_MW863045.gbk
>_beta_MW863065.gbk
>_beta_MW869795.gbk
>_beta_MW877177.gbk
>_beta_MW883128.gbk
>_beta_MW883160.gbk
>_beta_MW905790.gbk
>_beta_MW905844.gbk
>_beta_MW906480.gbk
>_beta_MW907199.gbk
>_beta_MW907323.gbk
>_beta_MW908243.gbk
>_beta_MW908787.gbk
>_beta_MW908815.gbk
>_beta_MW908840.gbk
>_beta_MW908867.gbk
>_beta_MW908963.gbk
>_beta_MW909068.gbk
>_beta_MW909222.gbk
>_beta_MW909346.gbk
>_beta_MW909347.gbk
>_beta_MW912490.gbk
>_beta_MW913437.gbk
>_beta_MW913716.gbk
>_beta_MW913764.gbk
>_beta_MW913893.gbk
>_beta_MW913921.gbk
>_beta_MW913978.gbk
>_beta_MW914008.gbk
>_beta_MW914015.gbk
>_beta_MW914445.gbk
>_beta_MW914542.gbk
>_beta_MW914572.gbk
>_beta_MW931135.gbk
>_beta_MW931262.gbk
>_beta_MW889949.gbk
>_beta_MW889958.gbk
>_beta_MZ232322.gbk
>_beta_MW965893.gbk
>_beta_MZ003064.gbk
>_beta_MZ236331.gbk
>_beta_MW938117.gbk
>_beta_MW938119.gbk
>_beta_MW938133.gbk
>_beta_MW938137.gbk
>_beta_MW938315.gbk
>_beta_MW938318.gbk
>_beta_MW939450.gbk
>_beta_MW939890.gbk
>_beta_MW959968.gbk
>_beta_MW963204.gbk
>_beta_MW963206.gbk
>_beta_MW963278.gbk
>_beta_MW963307.gbk
>_beta_MW963534.gbk
>_beta_MW963669.gbk
>_beta_MW963703.gbk
>_beta_MW963711.gbk
>_beta_MW963748.gbk
>_beta_MW963760.gbk
>_beta_MW964036.gbk
>_beta_MW964166.gbk
>_beta_MW964609.gbk
>_beta_MW964668.gbk
>_beta_MW965131.gbk
>_beta_MW968337.gbk
>_beta_MW968965.gbk
>_beta_MW969329.gbk
>_beta_MW971578.gbk
>_beta_MW971579.gbk
>_beta_MW971580.gbk
>_beta_MW971581.gbk
>_beta_MW971587.gbk
>_beta_MW971592.gbk
>_beta_MW971593.gbk
>_beta_MW971595.gbk
>_beta_MW971626.gbk
>_beta_MW971628.gbk
>_beta_MW971633.gbk
>_beta_MW971648.gbk
>_beta_MW971649.gbk
>_beta_MW971655.gbk
>_beta_MW971656.gbk
>_beta_MW981442.gbk
>_beta_MW987873.gbk
>_beta_MW988035.gbk
>_beta_MW988040.gbk
>_beta_MW988798.gbk
>_beta_MZ240054.gbk
>_beta_MZ240166.gbk
>_beta_MW993559.gbk
>_beta_MW999996.gbk
>_beta_MZ000136.gbk
>_beta_MZ000347.gbk
>_beta_MZ001358.gbk
>_beta_MZ001392.gbk
>_beta_MZ001435.gbk
>_beta_MZ001587.gbk
>_beta_MZ002136.gbk
>_beta_MZ002279.gbk
>_beta_MZ002856.gbk
>_beta_MZ003360.gbk
>_beta_MZ003884.gbk
>_beta_MZ004734.gbk
>_beta_MZ004754.gbk
>_beta_MZ004772.gbk
>_beta_MZ004822.gbk
>_beta_MZ004823.gbk
>_beta_MZ004980.gbk
>_beta_MZ074999.gbk
>_beta_MZ075028.gbk
>_beta_MZ075383.gbk
>_beta_MZ075791.gbk
>_beta_MZ076065.gbk
>_beta_MZ413497.1.gbk
>_beta_MZ006286.gbk
>_beta_MZ006511.gbk
>_beta_MZ007317.gbk
>_beta_MZ009465.gbk
>_beta_MZ010011.gbk
>_beta_MZ023989.gbk
>_beta_MZ024383.gbk
>_beta_MZ028060.gbk
>_beta_MZ028905.gbk
>_beta_MZ028922.gbk
>_beta_MZ028925.gbk
>_beta_MZ028926.gbk
>_beta_MZ028942.gbk
>_beta_MZ030012.gbk
>_beta_MZ030044.gbk
>_beta_MZ030203.gbk
>_beta_MZ034858.gbk
>_beta_MZ039407.gbk
>_beta_MZ039769.gbk
>_beta_MZ039826.gbk
>_beta_MZ044626.gbk
>_beta_MZ045205.gbk
>_beta_MZ047461.gbk
>_beta_MZ054818.gbk
>_beta_MZ056216.gbk
>_beta_MZ059297.gbk
>_beta_MZ059687.gbk
>_beta_MZ059894.gbk
>_beta_MZ061331.gbk
>_beta_MZ061538.gbk
>_beta_MZ064999.gbk
>_beta_MZ065014.gbk
>_beta_MZ069892.gbk
>_beta_MZ070899.gbk
>_beta_MZ071027.gbk
>_beta_MZ071509.gbk
>_beta_MZ071684.gbk
>_beta_MZ072272.gbk
>_beta_MZ072626.gbk
>_beta_MZ072750.gbk
>_beta_MZ073260.gbk
>_beta_MZ082820.gbk
>_beta_MZ082838.gbk
>_beta_MZ082954.gbk
>_beta_MZ084511.gbk
>_beta_MZ084681.gbk
>_beta_MZ085071.gbk
>_beta_MZ090488.gbk
>_beta_MZ100434.gbk
>_beta_MZ100751.gbk
>_beta_MZ127164.gbk
>_beta_MZ132446.gbk
>_beta_MZ142609.gbk
>_beta_MZ143143.gbk
>_beta_MZ143842.gbk
>_beta_MZ233201.gbk
>_beta_MZ240424.gbk
>_beta_MZ416168.1.gbk
>_beta_MZ411577.1.gbk
>_beta_MZ415751.1.gbk
>_beta_MZ415737.1.gbk
>_beta_MZ416041.1.gbk
>_beta_MZ232867.gbk
>_beta_MZ232927.gbk
>_beta_MZ159044.gbk
>_beta_MZ159046.gbk
>_beta_MZ156757.gbk
>_beta_MZ180238.gbk
>_beta_MZ179994.gbk
>_beta_MZ179688.gbk
>_beta_MZ164120.gbk
>_beta_MZ171929.gbk
>_beta_MZ068161.gbk
>_beta_MZ161749.gbk
>_beta_MZ068154.gbk
>_beta_MZ415662.1.gbk
>_beta_MZ239934.gbk
>_beta_MZ215179.gbk
>_beta_MZ211089.gbk
>_beta_MZ211279.gbk
>_beta_MZ434532.1.gbk
>_beta_MZ184274.gbk
>_beta_MZ185983.gbk
>_beta_MZ201450.gbk
>_beta_MZ196090.gbk
>_beta_MZ187471.gbk
>_beta_MZ187581.gbk
>_beta_MZ215961.gbk
>_beta_MZ206659.gbk
>_beta_MZ206665.gbk
>_beta_MZ266525.gbk
>_beta_MZ266502.gbk
>_beta_MZ266514.gbk
>_beta_MZ227579.gbk
>_beta_MZ238552.gbk
>_beta_MZ252400.gbk
>_beta_MZ252233.gbk
>_beta_MZ228852.gbk
>_beta_MZ237899.gbk
>_beta_MZ237483.gbk
>_beta_MZ238655.gbk
>_beta_MZ228023.gbk
>_beta_MZ238777.gbk
>_beta_MZ255184.gbk
>_beta_MZ253706.gbk
>_beta_MZ228902.gbk
>_beta_MZ255546.gbk
>_beta_MZ233761.gbk
>_beta_MZ253530.gbk
>_beta_MZ283263.gbk
>_beta_MZ270525.gbk
>_beta_MZ271467.gbk
>_beta_MZ291435.gbk
>_beta_MZ286750.gbk
>_beta_MZ278313.gbk
>_beta_MZ307686.gbk
>_beta_MZ306477.gbk
>_beta_MZ308167.gbk
>_beta_MZ308226.gbk
>_beta_MZ306248.gbk
>_beta_MZ307356.gbk
>_beta_MZ307085.gbk
>_beta_MZ303934.gbk
>_beta_MZ290246.gbk
>_beta_MZ280674.gbk
>_beta_MZ291414.gbk
>_beta_MZ281047.gbk
>_beta_MZ290725.gbk
>_beta_MZ280614.gbk
>_beta_MZ298847.gbk
>_beta_MZ298843.gbk
>_beta_MZ315528.gbk
>_beta_MZ328979.gbk
>_beta_MZ315871.gbk
>_beta_MZ314964.gbk
>_beta_MZ314965.gbk
>_beta_MZ317890.gbk
>_beta_MZ317893.gbk
>_beta_MZ317892.gbk
>_beta_MZ342447.gbk
>_beta_MZ342413.gbk
>_beta_MZ342228.gbk
>_beta_MZ341981.gbk
>_beta_MZ341810.gbk
>_beta_MZ334637.gbk
>_beta_MZ349760.gbk
>_beta_MZ358520.gbk
>_beta_MZ358517.gbk
>_beta_MZ354209.gbk
>_beta_MZ351822.gbk
>_beta_MZ358462.gbk
>_beta_MZ342591.gbk
>_beta_MZ342809.gbk
>_beta_MZ344999.gbk
>_beta_MZ345001.gbk
>_beta_MZ394439.1.gbk
>_beta_MZ372509.gbk
>_beta_MZ363642.gbk
>_beta_MZ372963.gbk
>_beta_MZ371892.gbk
>_beta_MZ393533.gbk
>_beta_MZ401461.1.gbk
>_beta_MZ394621.1.gbk
>_beta_MZ394623.1.gbk
>_beta_MZ394617.1.gbk
>_beta_MZ394619.1.gbk
>_beta_MZ394620.1.gbk
>_beta_MZ394580.1.gbk
>_beta_MZ394615.1.gbk
>_beta_MZ394611.1.gbk
>_beta_MZ394612.1.gbk
>_beta_MZ394613.1.gbk
>_beta_MZ394609.1.gbk
>_beta_MZ394610.1.gbk
>_beta_MZ394606.1.gbk
>_beta_MZ394603.1.gbk
>_beta_MZ394616.1.gbk
>_beta_MZ449726.1.gbk
>_beta_MZ493500.1.gbk
>_beta_MZ493360.1.gbk
>_beta_MZ493604.1.gbk
>_beta_MZ432075.1.gbk
>_beta_MZ450533.1.gbk
>_beta_MZ451885.1.gbk
>_beta_MZ448459.1.gbk
>_beta_MZ447074.1.gbk
>_beta_MZ451708.1.gbk
>_beta_MZ451706.1.gbk
>_beta_MZ451715.1.gbk
>_beta_MZ451709.1.gbk
>_beta_MZ451710.1.gbk
>_beta_MZ451713.1.gbk
>_beta_MZ451704.1.gbk
>_beta_MZ451711.1.gbk
>_beta_MZ451690.1.gbk
>_beta_MZ451707.1.gbk
>_beta_MZ493468.1.gbk
>_beta_MZ453423.1.gbk
>_beta_MZ469247.1.gbk
>_beta_MZ468007.1.gbk
>_beta_MZ413878.1.gbk
>_beta_MZ498049.1.gbk
>_beta_MZ512887.1.gbk
>_beta_MZ512867.1.gbk
>_beta_MZ512766.1.gbk
>_beta_MZ520115.1.gbk
>_beta_MZ520097.1.gbk
>_beta_MZ520096.1.gbk
>_beta_MZ520098.1.gbk
>_beta_MZ520101.1.gbk
>_beta_MZ520102.1.gbk
>_beta_MZ520103.1.gbk
>_beta_MZ520099.1.gbk
>_beta_MZ520100.1.gbk
>_beta_MZ520108.1.gbk
>_beta_MZ520104.1.gbk
>_beta_MZ520106.1.gbk
>_beta_MZ538662.1.gbk
>_beta_MZ569125.1.gbk

# number of handled genomes = 384 (out of 496)
