# number of genomes in 'gamma_list.txt' = 5000

# checking GenBank accessions with NCBI e-utils efetch ...
>_gamma_MZ166058.gbk
>_gamma_MZ451703.1.gbk
>_gamma_MZ061433.gbk
>_gamma_MZ342148.gbk
>_gamma_MZ452011.1.gbk
>_gamma_MZ491056.1.gbk
>_gamma_MZ512810.1.gbk
>_gamma_MZ061381.gbk
>_gamma_MZ284194.gbk
>_gamma_MZ371676.gbk
>_gamma_MZ375976.gbk
>_gamma_MZ236558.gbk
>_gamma_MZ009994.gbk
>_gamma_MZ046436.gbk
>_gamma_MZ536582.1.gbk
>_gamma_MZ232583.gbk
>_gamma_MZ280765.gbk
>_gamma_MZ002371.gbk
>_gamma_MZ037333.gbk
>_gamma_MZ284764.gbk
>_gamma_MZ371368.gbk
>_gamma_MZ240704.gbk
>_gamma_MZ368530.gbk
>_gamma_MZ239782.gbk
>_gamma_MZ141136.gbk
>_gamma_MW990671.gbk
>_gamma_MZ164457.gbk
>_gamma_MZ429120.1.gbk
>_gamma_MZ322450.gbk
>_gamma_MZ458315.1.gbk
>_gamma_MZ232291.gbk
>_gamma_MZ071674.gbk
>_gamma_MZ432141.1.gbk
>_gamma_MZ164450.gbk
>_gamma_MZ533191.1.gbk
>_gamma_MZ342021.gbk
>_gamma_MW965857.gbk
>_gamma_MZ279673.gbk
>_gamma_MW966257.gbk
>_gamma_MZ386197.gbk
>_gamma_MZ376011.gbk
>_gamma_MZ361953.gbk
>_gamma_MZ532444.1.gbk
>_gamma_MZ533517.1.gbk
>_gamma_MW966902.gbk
>_gamma_MZ354315.gbk
>_gamma_MZ432469.1.gbk
>_gamma_MZ512851.1.gbk
>_gamma_MZ228843.gbk
>_gamma_MZ531315.1.gbk
>_gamma_MZ213143.gbk
>_gamma_MZ316139.gbk
>_gamma_MZ367627.gbk
>_gamma_MZ533587.1.gbk
>_gamma_MZ196136.gbk
>_gamma_MZ238864.gbk
>_gamma_MZ252804.gbk
>_gamma_MZ290180.gbk
>_gamma_MZ358455.gbk
>_gamma_MZ337575.gbk
>_gamma_MZ245610.gbk
>_gamma_MZ202055.gbk
>_gamma_MZ009997.gbk
>_gamma_MZ228327.gbk
>_gamma_MZ238684.gbk
>_gamma_MW963473.gbk
>_gamma_MZ452008.1.gbk
>_gamma_MZ010312.gbk
>_gamma_MZ180570.gbk
>_gamma_MZ384210.gbk
>_gamma_MZ244485.gbk
>_gamma_MZ290141.gbk
>_gamma_MZ290825.gbk
>_gamma_MZ171806.gbk
>_gamma_MZ210683.gbk
>_gamma_MZ278509.gbk
>_gamma_MZ472680.1.gbk
>_gamma_MZ414605.1.gbk
>_gamma_MZ166079.gbk
>_gamma_MZ290226.gbk
>_gamma_MZ415280.1.gbk
>_gamma_MZ023297.gbk
>_gamma_MW892120.gbk
>_gamma_MZ294167.gbk
>_gamma_MZ072825.gbk
>_gamma_MZ401508.1.gbk
>_gamma_MZ058123.gbk
>_gamma_MZ060768.gbk
>_gamma_MZ202148.gbk
>_gamma_MZ253450.gbk
>_gamma_MZ349682.gbk
>_gamma_MZ469256.1.gbk
>_gamma_MZ185527.gbk
>_gamma_MW990301.gbk
>_gamma_MZ033047.gbk
>_gamma_MZ414934.1.gbk
>_gamma_MZ277914.gbk
>_gamma_MZ187769.gbk
>_gamma_MZ281395.gbk
>_gamma_MZ453623.1.gbk
>_gamma_MZ536576.1.gbk
>_gamma_MZ331110.gbk
>_gamma_MZ401548.1.gbk
>_gamma_MW914014.gbk
>_gamma_MZ264922.gbk
>_gamma_MZ169607.gbk
>_gamma_MZ240023.gbk
>_gamma_MW964011.gbk
>_gamma_MZ385917.gbk
>_gamma_MZ554222.1.gbk
>_gamma_MZ212469.gbk
>_gamma_MZ252306.gbk
>_gamma_MZ341142.gbk
>_gamma_MW963438.gbk
>_gamma_MZ215355.gbk
>_gamma_MZ290144.gbk
>_gamma_MZ006934.gbk
>_gamma_MZ142400.gbk
>_gamma_MZ058011.gbk
>_gamma_MZ269765.gbk
>_gamma_MZ538716.1.gbk
>_gamma_MW963911.gbk
>_gamma_MZ240532.gbk
>_gamma_MZ228124.gbk
>_gamma_MZ315994.gbk
>_gamma_MZ195583.gbk
>_gamma_MZ023266.gbk
>_gamma_MZ211148.gbk
>_gamma_MZ009432.gbk
>_gamma_MZ331291.gbk
>_gamma_MZ070283.gbk
>_gamma_MZ450167.1.gbk
>_gamma_MZ271737.gbk
>_gamma_MZ456544.1.gbk
>_gamma_MZ536554.1.gbk
>_gamma_MW877187.gbk
>_gamma_MZ142387.gbk
>_gamma_MZ133118.gbk
>_gamma_MZ372036.gbk
>_gamma_MZ228148.gbk
>_gamma_MZ348330.gbk
>_gamma_MZ566151.1.gbk
>_gamma_MZ206667.gbk
>_gamma_MZ038104.gbk
>_gamma_MZ341362.gbk
>_gamma_MZ536575.1.gbk
>_gamma_MZ163266.gbk
>_gamma_MZ245326.gbk
>_gamma_MZ291307.gbk
>_gamma_MZ386305.gbk
>_gamma_MZ240712.gbk
>_gamma_MZ368533.gbk
>_gamma_MZ236338.gbk
>_gamma_MZ214725.gbk
>_gamma_MZ538698.1.gbk
>_gamma_MZ131217.gbk
>_gamma_MZ331307.gbk
>_gamma_MZ371860.gbk
>_gamma_MZ386567.gbk
>_gamma_MZ058125.gbk
>_gamma_MZ023109.gbk
>_gamma_MZ493544.1.gbk
>_gamma_MZ320892.gbk
>_gamma_MZ319402.gbk
>_gamma_MZ048492.gbk
>_gamma_MW990276.gbk
>_gamma_MZ060753.gbk
>_gamma_MZ282944.gbk
>_gamma_MZ282816.gbk
>_gamma_MZ307116.gbk
>_gamma_MZ371878.gbk
>_gamma_MZ511658.1.gbk
>_gamma_MZ186860.gbk
>_gamma_MZ468038.1.gbk
>_gamma_MZ290662.gbk
>_gamma_MZ187245.gbk
>_gamma_MZ179956.gbk
>_gamma_MZ341944.gbk
>_gamma_MZ101169.gbk
>_gamma_MZ317820.gbk
>_gamma_MZ132848.gbk
>_gamma_MZ356675.gbk
>_gamma_MZ048485.gbk
>_gamma_MW808135.gbk
>_gamma_MZ536378.1.gbk
>_gamma_MZ560951.1.gbk
>_gamma_MZ142090.gbk
>_gamma_MZ164036.gbk
>_gamma_MZ215278.gbk
>_gamma_MZ315227.gbk
>_gamma_MZ241099.gbk
>_gamma_MZ398897.1.gbk
>_gamma_MZ293917.gbk
>_gamma_MZ319439.gbk
>_gamma_MZ554137.1.gbk
>_gamma_MZ278225.gbk
>_gamma_MZ429128.1.gbk
>_gamma_MW990288.gbk
>_gamma_MZ215291.gbk
>_gamma_MZ245119.gbk
>_gamma_MZ009504.gbk
>_gamma_MZ212579.gbk
>_gamma_MZ255699.gbk
>_gamma_MZ356664.gbk
>_gamma_MZ169356.gbk
>_gamma_MZ281991.gbk
>_gamma_MZ536552.1.gbk
>_gamma_MZ212325.gbk
>_gamma_MZ340810.gbk
>_gamma_MZ099860.gbk
>_gamma_MZ279409.gbk
>_gamma_MZ228952.gbk
>_gamma_MW990300.gbk
>_gamma_MZ153873.gbk
>_gamma_MZ149282.gbk
>_gamma_MZ022200.gbk
>_gamma_MZ100764.gbk
>_gamma_MZ008574.gbk
>_gamma_MZ315580.gbk
>_gamma_MZ255538.gbk
>_gamma_MZ282797.gbk
>_gamma_MZ356689.gbk
>_gamma_MZ278413.gbk
>_gamma_MZ451807.1.gbk
>_gamma_MZ567284.1.gbk
>_gamma_MZ188565.gbk
>_gamma_MZ451883.1.gbk
>_gamma_MZ316549.gbk
>_gamma_MZ356655.gbk
>_gamma_MZ394390.1.gbk
>_gamma_MW990298.gbk
>_gamma_MZ202074.gbk
>_gamma_MZ054855.gbk
>_gamma_MZ232869.gbk
>_gamma_MZ037737.gbk
>_gamma_MZ337588.gbk
>_gamma_MZ290168.gbk
>_gamma_MZ372625.gbk
>_gamma_MZ214893.gbk
>_gamma_MZ255136.gbk
>_gamma_MZ192450.gbk
>_gamma_MZ238002.gbk
>_gamma_MW909199.gbk
>_gamma_MZ383043.gbk
>_gamma_MZ228165.gbk
>_gamma_MZ319437.gbk
>_gamma_MZ142196.gbk
>_gamma_MZ206656.gbk
>_gamma_MZ222417.gbk
>_gamma_MZ281338.gbk
>_gamma_MZ358704.gbk
>_gamma_MZ206217.gbk
>_gamma_MZ376546.gbk
>_gamma_MZ566336.1.gbk
>_gamma_MZ186079.gbk
>_gamma_MZ377452.gbk
>_gamma_MW907089.gbk
>_gamma_MZ317819.gbk
>_gamma_MZ037743.gbk
>_gamma_MZ143907.gbk
>_gamma_MZ009998.gbk
>_gamma_MZ322060.gbk
>_gamma_MZ354584.gbk
>_gamma_MZ450370.1.gbk
>_gamma_MZ144385.gbk
>_gamma_MZ252826.gbk
>_gamma_MZ037512.gbk
>_gamma_MZ022480.gbk
>_gamma_MZ294243.gbk
>_gamma_MZ385831.gbk
>_gamma_MZ307821.gbk
>_gamma_MZ530907.1.gbk
>_gamma_MW913826.gbk
>_gamma_MZ245150.gbk
>_gamma_MZ085716.gbk
>_gamma_MZ354516.gbk
>_gamma_MZ168022.gbk
>_gamma_FR991637.gbk
# file gamma_FR991637.gbk does not contain annotated CDSs
>_gamma_MW995094.gbk
>_gamma_MZ184017.gbk
>_gamma_MZ278913.gbk
>_gamma_MZ245270.gbk
>_gamma_MZ536281.1.gbk
>_gamma_MZ295328.gbk
>_gamma_MZ141081.gbk
>_gamma_MZ076248.gbk
>_gamma_MZ023743.gbk
>_gamma_MZ440932.1.gbk
>_gamma_MZ415120.1.gbk
>_gamma_MZ320536.gbk
>_gamma_MZ252645.gbk
>_gamma_MZ536581.1.gbk
>_gamma_MZ278428.gbk
>_gamma_MZ290927.gbk
>_gamma_MZ536309.1.gbk
>_gamma_MW968944.gbk
>_gamma_MZ565717.1.gbk
>_gamma_MZ009957.gbk
>_gamma_MZ195361.gbk
>_gamma_MZ188525.gbk
>_gamma_MZ281310.gbk
>_gamma_MZ536430.1.gbk
>_gamma_MZ238105.gbk
>_gamma_MZ035108.gbk
>_gamma_MZ376374.gbk
>_gamma_MW869369.gbk
>_gamma_MZ320537.gbk
>_gamma_MZ554885.1.gbk
>_gamma_MZ281536.gbk
>_gamma_MZ188735.gbk
>_gamma_MZ282408.gbk
>_gamma_MZ279350.gbk
>_gamma_MZ140707.gbk
>_gamma_MZ558265.1.gbk
>_gamma_MZ461310.1.gbk
>_gamma_MZ280602.gbk
>_gamma_MZ511687.1.gbk
>_gamma_MZ283840.gbk
>_gamma_MZ240439.gbk
>_gamma_MZ186256.gbk
>_gamma_MW990278.gbk
>_gamma_MZ239015.gbk
>_gamma_MZ028660.gbk
>_gamma_MW967498.gbk
>_gamma_MZ149287.gbk
>_gamma_MZ433225.1.gbk
>_gamma_MZ322065.gbk
>_gamma_MZ290660.gbk
>_gamma_MZ361961.gbk
>_gamma_MZ511560.1.gbk
>_gamma_MZ100608.gbk
>_gamma_MZ356672.gbk
>_gamma_MW913747.gbk
>_gamma_MZ076945.gbk
>_gamma_MZ284064.gbk
>_gamma_MZ244591.gbk
>_gamma_MZ329000.gbk
>_gamma_MZ210212.gbk
>_gamma_MZ076965.gbk
>_gamma_MZ531134.1.gbk
>_gamma_MZ399046.1.gbk
>_gamma_MW915209.gbk
>_gamma_MZ245089.gbk
>_gamma_MZ493955.1.gbk
>_gamma_MZ236915.gbk
>_gamma_MZ277979.gbk
>_gamma_MZ404801.1.gbk
>_gamma_MZ171964.gbk
>_gamma_MZ386536.gbk
>_gamma_MZ013760.gbk
>_gamma_MZ341282.gbk
>_gamma_MZ378258.gbk
>_gamma_MZ538646.1.gbk
>_gamma_MZ356733.gbk
>_gamma_MZ385781.gbk
>_gamma_MZ257652.gbk
>_gamma_MZ206383.gbk
>_gamma_MZ071210.gbk
>_gamma_MZ154643.gbk
>_gamma_MZ233756.gbk
>_gamma_MW963304.gbk
>_gamma_MZ283317.gbk
>_gamma_MZ233768.gbk
>_gamma_MZ554991.1.gbk
>_gamma_MW990258.gbk
>_gamma_MZ282540.gbk
>_gamma_MW932563.gbk
>_gamma_MZ536382.1.gbk
>_gamma_MZ358722.gbk
>_gamma_MZ493361.1.gbk
>_gamma_MZ126788.gbk
>_gamma_MZ536480.1.gbk
>_gamma_MZ486482.1.gbk
>_gamma_MZ358460.gbk
>_gamma_MZ190290.gbk
>_gamma_MW932460.gbk
>_gamma_MZ210594.gbk
>_gamma_MZ184522.gbk
>_gamma_MZ536383.1.gbk
>_gamma_MZ267336.gbk
>_gamma_MZ171833.gbk
>_gamma_MZ341534.gbk
>_gamma_MZ187355.gbk
>_gamma_MZ539075.1.gbk
>_gamma_MZ240035.gbk
>_gamma_MZ451756.1.gbk
>_gamma_MZ244968.gbk
>_gamma_MZ023012.gbk
>_gamma_MZ337553.gbk
>_gamma_MZ315210.gbk
>_gamma_MZ003835.gbk
>_gamma_MZ337568.gbk
>_gamma_MZ059360.gbk
>_gamma_MZ536419.1.gbk
>_gamma_MZ083813.gbk
>_gamma_MZ453600.1.gbk
>_gamma_MZ180429.gbk
>_gamma_MZ319690.gbk
>_gamma_MZ154453.gbk
>_gamma_MZ180626.gbk
>_gamma_MZ393520.gbk
>_gamma_MZ341826.gbk
>_gamma_MZ083336.gbk
>_gamma_MZ536340.1.gbk
>_gamma_MZ337550.gbk
>_gamma_MZ238800.gbk
>_gamma_MZ455356.1.gbk
>_gamma_MZ494006.1.gbk
>_gamma_MZ536288.1.gbk
>_gamma_MZ532704.1.gbk
>_gamma_MZ084459.gbk
>_gamma_MZ384167.gbk
>_gamma_MZ416106.1.gbk
>_gamma_MZ440956.1.gbk
>_gamma_MZ280301.gbk
>_gamma_MZ021851.gbk
>_gamma_MZ280073.gbk
>_gamma_MZ433762.1.gbk
>_gamma_MZ536604.1.gbk
>_gamma_MZ002270.gbk
>_gamma_MZ132434.gbk
>_gamma_MZ164502.gbk
>_gamma_MZ056134.gbk
>_gamma_MZ008576.gbk
>_gamma_MZ072843.gbk
>_gamma_MZ368495.gbk
>_gamma_MZ056138.gbk
>_gamma_MZ282450.gbk
>_gamma_MW913848.gbk
>_gamma_MZ536381.1.gbk
>_gamma_MZ570801.1.gbk
>_gamma_MZ397300.1.gbk
>_gamma_MZ038059.gbk
>_gamma_MW965879.gbk
>_gamma_MZ212758.gbk
>_gamma_MZ268288.gbk
>_gamma_MZ239496.gbk
>_gamma_MZ284423.gbk
>_gamma_MZ059391.gbk
>_gamma_MZ317809.gbk
>_gamma_MZ241104.gbk
>_gamma_MZ340747.gbk
>_gamma_MZ153612.gbk
>_gamma_MZ340755.gbk
>_gamma_MZ354287.gbk
>_gamma_MZ280933.gbk
>_gamma_MW911880.gbk
>_gamma_MZ467966.1.gbk
>_gamma_MZ010001.gbk
>_gamma_MZ166063.gbk
>_gamma_MZ132443.gbk
>_gamma_MZ240246.gbk
>_gamma_MZ378650.gbk
>_gamma_MZ238197.gbk
>_gamma_MZ153758.gbk
>_gamma_MZ492364.1.gbk
>_gamma_MZ536371.1.gbk
>_gamma_MZ252770.gbk
>_gamma_MZ319429.gbk
>_gamma_MZ375697.gbk
>_gamma_MZ531278.1.gbk
>_gamma_MZ054852.gbk
>_gamma_MZ144326.gbk
>_gamma_MZ156735.gbk
>_gamma_MW863061.gbk
>_gamma_MZ280898.gbk
>_gamma_MZ239054.gbk
>_gamma_MZ186463.gbk
>_gamma_MZ354303.gbk
>_gamma_MW963761.gbk
>_gamma_MZ142763.gbk
>_gamma_MZ333408.gbk
>_gamma_MZ239017.gbk
>_gamma_MZ163246.gbk
>_gamma_MZ215315.gbk
>_gamma_MZ378515.gbk
>_gamma_MZ478009.1.gbk
>_gamma_MZ253020.gbk
>_gamma_MZ536373.1.gbk
>_gamma_MZ028563.gbk
>_gamma_MZ433676.1.gbk
>_gamma_MZ356701.gbk
>_gamma_MZ414464.1.gbk
>_gamma_MZ376333.gbk
>_gamma_MZ252862.gbk
>_gamma_MZ186204.gbk
>_gamma_MZ356668.gbk
>_gamma_MZ141147.gbk
>_gamma_MZ083967.gbk
>_gamma_MZ356706.gbk
>_gamma_MZ450303.1.gbk
>_gamma_MZ377488.gbk
>_gamma_MZ233770.gbk
>_gamma_MZ279103.gbk
>_gamma_MZ291364.gbk
>_gamma_MZ271380.gbk
>_gamma_MZ166059.gbk
>_gamma_MZ179744.gbk
>_gamma_MZ083700.gbk
>_gamma_MZ337570.gbk
>_gamma_MW963351.gbk
>_gamma_MZ358435.gbk
>_gamma_MZ386446.gbk
>_gamma_MZ415057.1.gbk
>_gamma_MW963294.gbk
>_gamma_MZ085193.gbk
>_gamma_MZ144378.gbk
>_gamma_MZ533419.1.gbk
>_gamma_MZ412030.1.gbk
>_gamma_MZ454999.1.gbk
>_gamma_MZ188238.gbk
>_gamma_MZ244470.gbk
>_gamma_MZ328971.gbk
>_gamma_MZ385932.gbk
>_gamma_MZ538725.1.gbk
>_gamma_MZ075440.gbk
>_gamma_MZ133216.gbk
>_gamma_MZ222418.gbk
>_gamma_MZ461118.1.gbk
>_gamma_MZ433774.1.gbk
>_gamma_MZ184646.gbk
>_gamma_MZ238929.gbk
>_gamma_MZ084809.gbk
>_gamma_MZ372580.gbk
>_gamma_MZ316172.gbk
>_gamma_MZ322030.gbk
>_gamma_MZ536567.1.gbk
>_gamma_MZ306390.gbk
>_gamma_MZ082724.gbk
>_gamma_MZ211270.gbk
>_gamma_MZ356724.gbk
>_gamma_MZ536279.1.gbk
>_gamma_MZ554178.1.gbk
>_gamma_MZ341268.gbk
>_gamma_MZ343793.gbk
>_gamma_MZ075795.gbk
>_gamma_MZ006400.gbk
>_gamma_MZ493977.1.gbk
>_gamma_MZ536289.1.gbk
>_gamma_MZ241068.gbk
>_gamma_MZ282274.gbk
>_gamma_MZ002268.gbk
>_gamma_MZ349201.gbk
>_gamma_MZ132819.gbk
>_gamma_MZ284411.gbk
>_gamma_MZ533196.1.gbk
>_gamma_MW877047.gbk
>_gamma_MZ307171.gbk
>_gamma_MZ533251.1.gbk
>_gamma_MZ271299.gbk
>_gamma_MZ212286.gbk
>_gamma_MZ376603.gbk
>_gamma_MZ038697.gbk
>_gamma_MW834965.gbk
>_gamma_MZ252969.gbk
>_gamma_MZ386015.gbk
>_gamma_MZ009379.gbk
>_gamma_MZ237426.gbk
>_gamma_MZ544668.1.gbk
>_gamma_MZ180569.gbk
>_gamma_MZ372439.gbk
>_gamma_MZ133171.gbk
>_gamma_MZ536434.1.gbk
>_gamma_MZ404757.1.gbk
>_gamma_MZ170265.gbk
>_gamma_MZ375574.gbk
>_gamma_MZ022843.gbk
>_gamma_MZ072687.gbk
>_gamma_MZ211671.gbk
>_gamma_MZ201601.gbk
>_gamma_MZ187722.gbk
>_gamma_MZ453659.1.gbk
>_gamma_MZ075990.gbk
>_gamma_MZ059577.gbk
>_gamma_MW908628.gbk
>_gamma_MZ281107.gbk
>_gamma_MZ278512.gbk
>_gamma_MZ022296.gbk
>_gamma_MZ354336.gbk
>_gamma_MZ240706.gbk
>_gamma_MZ278420.gbk
>_gamma_MZ462364.1.gbk
>_gamma_MZ536339.1.gbk
>_gamma_MZ022235.gbk
>_gamma_MZ036931.gbk
>_gamma_MZ201797.gbk
>_gamma_MZ536565.1.gbk
>_gamma_MZ405276.1.gbk
>_gamma_MZ536592.1.gbk
>_gamma_MW908214.gbk
>_gamma_MZ037370.gbk
>_gamma_MZ375859.gbk
>_gamma_MZ278528.gbk
>_gamma_MZ278412.gbk
>_gamma_MZ185849.gbk
>_gamma_MZ163602.gbk
>_gamma_MZ307484.gbk
>_gamma_MZ194534.gbk
>_gamma_MZ236986.gbk
>_gamma_MZ315410.gbk
>_gamma_MW963213.gbk
>_gamma_MZ133259.gbk
>_gamma_MZ075676.gbk
>_gamma_MZ024735.gbk
>_gamma_MZ539074.1.gbk
>_gamma_MZ180834.gbk
>_gamma_MZ022604.gbk
>_gamma_MZ187391.gbk
>_gamma_MZ252285.gbk
>_gamma_MZ280282.gbk
>_gamma_MW834977.gbk
>_gamma_MW990302.gbk
>_gamma_MZ222468.gbk
>_gamma_MZ372431.gbk
>_gamma_MW963305.gbk
>_gamma_MZ319724.gbk
>_gamma_MZ282801.gbk
>_gamma_MZ166054.gbk
>_gamma_MZ232846.gbk
>_gamma_MZ564408.1.gbk
>_gamma_MZ232740.gbk
>_gamma_MZ342120.gbk
>_gamma_MZ253834.gbk
>_gamma_MW969333.gbk
>_gamma_MZ023880.gbk
>_gamma_MZ386170.gbk
>_gamma_MZ024123.gbk
>_gamma_MZ142020.gbk
>_gamma_MZ186254.gbk
>_gamma_MZ278076.gbk
>_gamma_MZ376242.gbk
>_gamma_MZ532267.1.gbk
>_gamma_MZ037759.gbk
>_gamma_MZ044593.gbk
>_gamma_MZ099855.gbk
>_gamma_MZ342096.gbk
>_gamma_MZ566430.1.gbk
>_gamma_MZ059841.gbk
>_gamma_MZ072433.gbk
>_gamma_MW689888.gbk
>_gamma_MZ206256.gbk
>_gamma_MZ536349.1.gbk
>_gamma_MZ436835.1.gbk
>_gamma_MZ187034.gbk
>_gamma_MZ211819.gbk
>_gamma_MZ280326.gbk
>_gamma_MZ085762.gbk
>_gamma_MZ142703.gbk
>_gamma_MZ315415.gbk
>_gamma_MZ386214.gbk
>_gamma_MZ453635.1.gbk
>_gamma_MZ432085.1.gbk
>_gamma_MZ232922.gbk
>_gamma_MZ316304.gbk
>_gamma_MZ397165.1.gbk
>_gamma_MZ211144.gbk
>_gamma_MZ280825.gbk
>_gamma_MZ377468.gbk
>_gamma_MW991202.gbk
>_gamma_MZ227874.gbk
>_gamma_MZ368532.gbk
>_gamma_MZ385966.gbk
>_gamma_MZ236924.gbk
>_gamma_MW993394.gbk
>_gamma_MZ082745.gbk
>_gamma_MZ195586.gbk
>_gamma_MZ160479.gbk
>_gamma_MZ536287.1.gbk
>_gamma_MZ142705.gbk
>_gamma_MZ296062.gbk
>_gamma_MW964552.gbk
>_gamma_MZ236813.gbk
>_gamma_MZ132998.gbk
>_gamma_MW863023.gbk
>_gamma_MZ385763.gbk
>_gamma_MZ214777.gbk
>_gamma_MZ284253.gbk
>_gamma_MZ183969.gbk
>_gamma_MW963439.gbk
>_gamma_MZ283368.gbk
>_gamma_MZ256447.gbk
>_gamma_MZ532391.1.gbk
>_gamma_MZ232741.gbk
>_gamma_MZ033048.gbk
>_gamma_MZ368512.gbk
>_gamma_MZ035419.gbk
>_gamma_MZ015237.gbk
>_gamma_MZ278006.gbk
>_gamma_MZ086605.gbk
>_gamma_MZ082964.gbk
>_gamma_MZ181544.gbk
>_gamma_MZ360024.gbk
>_gamma_MW963302.gbk
>_gamma_MZ022771.gbk
>_gamma_MZ196137.gbk
>_gamma_MZ085682.gbk
>_gamma_MZ252446.gbk
>_gamma_MZ454436.1.gbk
>_gamma_MZ231690.gbk
>_gamma_MZ164493.gbk
>_gamma_MZ536375.1.gbk
>_gamma_MZ293643.gbk
>_gamma_MZ356730.gbk
>_gamma_MZ560942.1.gbk
>_gamma_MZ296785.gbk
>_gamma_MZ386001.gbk
>_gamma_MZ076776.gbk
>_gamma_MZ149292.gbk
>_gamma_MZ244678.gbk
>_gamma_MZ028767.gbk
>_gamma_MZ308114.gbk
>_gamma_MZ271521.gbk
>_gamma_MZ328801.gbk
>_gamma_MZ322441.gbk
>_gamma_MZ386284.gbk
>_gamma_MZ278001.gbk
>_gamma_MZ281720.gbk
>_gamma_MZ536409.1.gbk
>_gamma_MZ322448.gbk
>_gamma_MZ512816.1.gbk
>_gamma_MZ532280.1.gbk
>_gamma_MZ037334.gbk
>_gamma_MZ356663.gbk
>_gamma_MZ228886.gbk
>_gamma_MZ210552.gbk
>_gamma_MZ342498.gbk
>_gamma_MZ008998.gbk
>_gamma_MZ202093.gbk
>_gamma_MZ415644.1.gbk
>_gamma_MZ451759.1.gbk
>_gamma_MZ290323.gbk
>_gamma_MZ493423.1.gbk
>_gamma_MZ184255.gbk
>_gamma_MZ255131.gbk
>_gamma_MZ270731.gbk
>_gamma_MZ358796.gbk
>_gamma_MZ056124.gbk
>_gamma_MZ253652.gbk
>_gamma_MZ536573.1.gbk
>_gamma_MZ011259.gbk
>_gamma_MZ222478.gbk
>_gamma_MZ058121.gbk
>_gamma_MZ278657.gbk
>_gamma_MZ060650.gbk
>_gamma_MZ143858.gbk
>_gamma_MZ255132.gbk
>_gamma_MZ432598.1.gbk
>_gamma_MZ492019.1.gbk
>_gamma_MZ163949.gbk
>_gamma_MZ333368.gbk
>_gamma_MZ293631.gbk
>_gamma_MZ315240.gbk
>_gamma_MZ201685.gbk
>_gamma_MZ371605.gbk
>_gamma_MZ057993.gbk
>_gamma_MZ241028.gbk
>_gamma_MZ493984.1.gbk
>_gamma_MW834974.gbk
>_gamma_MZ035932.gbk
>_gamma_MZ131041.gbk
>_gamma_MZ511668.1.gbk
>_gamma_MZ555420.1.gbk
>_gamma_MZ282702.gbk
>_gamma_MZ290231.gbk
>_gamma_MZ277971.gbk
>_gamma_MZ282003.gbk
>_gamma_MZ076769.gbk
>_gamma_MZ166066.gbk
>_gamma_MW993602.gbk
>_gamma_MZ455317.1.gbk
>_gamma_MZ211953.gbk
>_gamma_MZ241017.gbk
>_gamma_MZ100352.gbk
>_gamma_MZ232917.gbk
>_gamma_MZ022920.gbk
>_gamma_MZ315374.gbk
>_gamma_MZ028748.gbk
>_gamma_MW964567.gbk
>_gamma_MZ294263.gbk
>_gamma_MZ212285.gbk
>_gamma_MZ232604.gbk
>_gamma_MZ163531.gbk
>_gamma_MZ371373.gbk
>_gamma_MZ086216.gbk
>_gamma_MZ232825.gbk
>_gamma_MZ189609.gbk
>_gamma_MZ236815.gbk
>_gamma_MZ469411.1.gbk
>_gamma_MZ283434.gbk
>_gamma_MZ531262.1.gbk
>_gamma_MZ506151.1.gbk
>_gamma_MZ455191.1.gbk
>_gamma_MW963239.gbk
>_gamma_MZ195687.gbk
>_gamma_MZ271424.gbk
>_gamma_MZ222453.gbk
>_gamma_MZ252922.gbk
>_gamma_MZ450186.1.gbk
>_gamma_MZ296781.gbk
>_gamma_MZ450202.1.gbk
>_gamma_MZ076164.gbk
>_gamma_MZ385786.gbk
>_gamma_MZ009701.gbk
>_gamma_MZ211728.gbk
>_gamma_MZ536584.1.gbk
>_gamma_MZ071034.gbk
>_gamma_MZ142660.gbk
>_gamma_MZ282947.gbk
>_gamma_MZ356676.gbk
>_gamma_MZ538070.1.gbk
>_gamma_MZ048494.gbk
>_gamma_MZ201337.gbk
>_gamma_MZ412207.1.gbk
>_gamma_MZ257714.gbk
>_gamma_MZ295504.gbk
>_gamma_MW963323.gbk
>_gamma_MZ554558.1.gbk
>_gamma_MZ450301.1.gbk
>_gamma_MZ451926.1.gbk
>_gamma_MZ554968.1.gbk
>_gamma_MZ280858.gbk
>_gamma_MZ333307.gbk
>_gamma_MZ307107.gbk
>_gamma_MZ451956.1.gbk
>_gamma_MZ333319.gbk
>_gamma_MZ141391.gbk
>_gamma_MZ388002.gbk
>_gamma_MZ228531.gbk
>_gamma_MZ253004.gbk
>_gamma_MZ036994.gbk
>_gamma_MZ085275.gbk
>_gamma_MZ239343.gbk
>_gamma_MZ531631.1.gbk
>_gamma_MZ201395.gbk
>_gamma_MZ015498.gbk
>_gamma_MZ024961.gbk
>_gamma_MZ277930.gbk
>_gamma_MZ475823.1.gbk
>_gamma_MW964181.gbk
>_gamma_MZ163297.gbk
>_gamma_MZ101529.gbk
>_gamma_MZ378648.gbk
>_gamma_MZ187909.gbk
>_gamma_MZ206381.gbk
>_gamma_MZ022545.gbk
>_gamma_MZ278579.gbk
>_gamma_MZ006984.gbk
>_gamma_MZ319837.gbk
>_gamma_MZ293580.gbk
>_gamma_MZ144324.gbk
>_gamma_MZ156718.gbk
>_gamma_MZ252864.gbk
>_gamma_MZ356720.gbk
>_gamma_MZ237691.gbk
>_gamma_MZ233135.gbk
>_gamma_MZ401533.1.gbk
>_gamma_MZ192135.gbk
>_gamma_MW990672.gbk
>_gamma_MZ206228.gbk
>_gamma_MZ430628.1.gbk
>_gamma_MZ363039.gbk
>_gamma_MZ315704.gbk
>_gamma_MZ143839.gbk
>_gamma_MZ210095.gbk
>_gamma_MZ039485.gbk
>_gamma_MZ233212.gbk
>_gamma_MZ322464.gbk
>_gamma_MZ354283.gbk
>_gamma_MW968964.gbk
>_gamma_MZ075692.gbk
>_gamma_MZ161768.gbk
>_gamma_MZ538809.1.gbk
>_gamma_MZ379549.gbk
>_gamma_MZ183998.gbk
>_gamma_MZ142267.gbk
>_gamma_FR990291.gbk
# file gamma_FR990291.gbk does not contain annotated CDSs
>_gamma_MW993332.gbk
>_gamma_MZ195343.gbk
>_gamma_MZ371380.gbk
>_gamma_MZ434351.1.gbk
>_gamma_MZ192098.gbk
>_gamma_MZ399095.1.gbk
>_gamma_MZ222425.gbk
>_gamma_MZ341660.gbk
>_gamma_MZ379542.gbk
>_gamma_MZ241036.gbk
>_gamma_MW967292.gbk
>_gamma_MZ356704.gbk
>_gamma_MZ531611.1.gbk
>_gamma_MZ291164.gbk
>_gamma_MZ316129.gbk
>_gamma_MZ179754.gbk
>_gamma_MZ322070.gbk
>_gamma_MZ280662.gbk
>_gamma_MZ451562.1.gbk
>_gamma_MZ211976.gbk
>_gamma_MZ450497.1.gbk
>_gamma_MZ083739.gbk
>_gamma_MZ101255.gbk
>_gamma_MZ536366.1.gbk
>_gamma_MZ166049.gbk
>_gamma_MZ233759.gbk
>_gamma_MZ386006.gbk
>_gamma_MZ179273.gbk
>_gamma_MZ385826.gbk
>_gamma_MZ536577.1.gbk
>_gamma_MZ388213.gbk
>_gamma_MZ010007.gbk
>_gamma_MZ296782.gbk
>_gamma_MZ305377.gbk
>_gamma_MZ238407.gbk
>_gamma_MZ133007.gbk
>_gamma_MW991033.gbk
>_gamma_MZ072905.gbk
>_gamma_MZ511563.1.gbk
>_gamma_MZ076219.gbk
>_gamma_MZ141393.gbk
>_gamma_MZ214692.gbk
>_gamma_MZ450401.1.gbk
>_gamma_MW892126.gbk
>_gamma_MZ164461.gbk
>_gamma_MZ238210.gbk
>_gamma_MZ199086.gbk
>_gamma_MZ227903.gbk
>_gamma_MZ238283.gbk
>_gamma_MZ333323.gbk
>_gamma_MW931051.gbk
>_gamma_MZ532256.1.gbk
>_gamma_MZ236530.gbk
>_gamma_MZ015239.gbk
>_gamma_MZ048506.gbk
>_gamma_MZ033068.gbk
>_gamma_MZ180100.gbk
>_gamma_MZ192049.gbk
>_gamma_MZ187357.gbk
>_gamma_MZ056048.gbk
>_gamma_MZ255432.gbk
>_gamma_MZ291054.gbk
>_gamma_MW963274.gbk
>_gamma_MZ023301.gbk
>_gamma_MZ290311.gbk
>_gamma_MZ294101.gbk
>_gamma_MZ009987.gbk
>_gamma_MZ283287.gbk
>_gamma_MZ455195.1.gbk
>_gamma_MZ371179.gbk
>_gamma_MZ454422.1.gbk
>_gamma_MZ371176.gbk
>_gamma_MZ141308.gbk
>_gamma_MZ180471.gbk
>_gamma_MZ467916.1.gbk
>_gamma_MZ486471.1.gbk
>_gamma_MZ431864.1.gbk
>_gamma_MZ565965.1.gbk
>_gamma_MZ184020.gbk
>_gamma_MZ238741.gbk
>_gamma_MZ536297.1.gbk
>_gamma_MZ206384.gbk
>_gamma_MZ238299.gbk
>_gamma_MZ398890.1.gbk
>_gamma_MZ188474.gbk
>_gamma_MZ307688.gbk
>_gamma_MZ072689.gbk
>_gamma_MZ469425.1.gbk
>_gamma_MZ181024.gbk
>_gamma_MZ290766.gbk
>_gamma_MZ228048.gbk
>_gamma_MZ241019.gbk
>_gamma_MZ386144.gbk
>_gamma_MZ317785.gbk
>_gamma_MZ186202.gbk
>_gamma_MZ007148.gbk
>_gamma_MZ154528.gbk
>_gamma_MZ281719.gbk
>_gamma_MZ164469.gbk
>_gamma_MZ142441.gbk
>_gamma_MZ319857.gbk
>_gamma_MZ195797.gbk
>_gamma_MZ554682.1.gbk
>_gamma_MZ282848.gbk
>_gamma_MZ356673.gbk
>_gamma_MZ376207.gbk
>_gamma_MZ060357.gbk
>_gamma_MZ142166.gbk
>_gamma_MZ188325.gbk
>_gamma_MZ231801.gbk
>_gamma_MZ530877.1.gbk
>_gamma_MZ058126.gbk
>_gamma_MZ241074.gbk
>_gamma_MZ307327.gbk
>_gamma_MZ284578.gbk
>_gamma_MZ354458.gbk
>_gamma_MZ252957.gbk
>_gamma_MZ076956.gbk
>_gamma_MZ531508.1.gbk
>_gamma_MZ046435.gbk
>_gamma_MZ386132.gbk
>_gamma_MZ060915.gbk
>_gamma_MZ252410.gbk
>_gamma_MZ007021.gbk
>_gamma_MZ268258.gbk
>_gamma_MZ142335.gbk
>_gamma_MZ171636.gbk
>_gamma_MZ554728.1.gbk
>_gamma_MZ074359.gbk
>_gamma_MZ349675.gbk
>_gamma_MZ532459.1.gbk
>_gamma_MZ358612.gbk
>_gamma_MZ024548.gbk
>_gamma_MZ253107.gbk
>_gamma_MZ074630.gbk
>_gamma_MZ293584.gbk
>_gamma_MZ252930.gbk
>_gamma_MZ432198.1.gbk
>_gamma_MZ184574.gbk
>_gamma_MZ201491.gbk
>_gamma_MZ294002.gbk
>_gamma_MZ126790.gbk
>_gamma_MZ222460.gbk
>_gamma_MZ278649.gbk
>_gamma_MZ179735.gbk
>_gamma_MZ294688.gbk
>_gamma_MZ566153.1.gbk
>_gamma_MZ284530.gbk
>_gamma_MZ283791.gbk
>_gamma_MZ306720.gbk
>_gamma_MZ282669.gbk
>_gamma_MW991025.gbk
>_gamma_MZ307154.gbk
>_gamma_MZ172166.gbk
>_gamma_MZ163605.gbk
>_gamma_MZ306309.gbk
>_gamma_MZ281340.gbk
>_gamma_MZ059368.gbk
>_gamma_MW834975.gbk
>_gamma_MZ290188.gbk
>_gamma_MZ195414.gbk
>_gamma_MZ293672.gbk
>_gamma_MZ083912.gbk
>_gamma_MZ493590.1.gbk
>_gamma_MZ083540.gbk
>_gamma_MZ006830.gbk
>_gamma_MZ284376.gbk
>_gamma_MZ432247.1.gbk
>_gamma_MZ164463.gbk
>_gamma_MZ142457.gbk
>_gamma_MZ084758.gbk
>_gamma_MZ308238.gbk
>_gamma_MZ233375.gbk
>_gamma_MZ290140.gbk
>_gamma_MZ290206.gbk
>_gamma_MZ477909.1.gbk
>_gamma_MZ376124.gbk
>_gamma_MZ433657.1.gbk
>_gamma_MZ277933.gbk
>_gamma_MZ281071.gbk
>_gamma_MZ186439.gbk
>_gamma_MZ232659.gbk
>_gamma_MZ315546.gbk
>_gamma_MZ154395.gbk
>_gamma_MZ536372.1.gbk
>_gamma_MZ451820.1.gbk
>_gamma_MZ315234.gbk
>_gamma_MZ171972.gbk
>_gamma_MW994904.gbk
>_gamma_MZ386429.gbk
>_gamma_MZ305368.gbk
>_gamma_MZ458216.1.gbk
>_gamma_MZ282939.gbk
>_gamma_MZ281687.gbk
>_gamma_MZ349691.gbk
>_gamma_MZ252334.gbk
>_gamma_MZ214279.gbk
>_gamma_MZ255141.gbk
>_gamma_MZ433503.1.gbk
>_gamma_MZ536474.1.gbk
>_gamma_MZ082999.gbk
>_gamma_MZ376644.gbk
>_gamma_MZ331238.gbk
>_gamma_MZ493445.1.gbk
>_gamma_MZ278410.gbk
>_gamma_MZ341709.gbk
>_gamma_MW876875.gbk
>_gamma_MZ213673.gbk
>_gamma_MZ278738.gbk
>_gamma_MZ342366.gbk
>_gamma_MZ252343.gbk
>_gamma_MZ386046.gbk
>_gamma_MZ375656.gbk
>_gamma_MZ361957.gbk
>_gamma_MW963295.gbk
>_gamma_MZ153742.gbk
>_gamma_MZ217743.gbk
>_gamma_MZ340788.gbk
>_gamma_MZ539316.1.gbk
>_gamma_MZ085423.gbk
>_gamma_MZ192444.gbk
>_gamma_MZ201916.gbk
>_gamma_MZ085279.gbk
>_gamma_MZ046429.gbk
>_gamma_MZ083080.gbk
>_gamma_MZ315732.gbk
>_gamma_MZ386204.gbk
>_gamma_MZ371324.gbk
>_gamma_MZ537299.1.gbk
>_gamma_MZ071239.gbk
>_gamma_MZ035732.gbk
>_gamma_MZ281170.gbk
>_gamma_MZ277937.gbk
>_gamma_MZ278002.gbk
>_gamma_MZ320082.gbk
>_gamma_MZ233991.gbk
>_gamma_MZ086364.gbk
>_gamma_MZ154229.gbk
>_gamma_MZ284181.gbk
>_gamma_MW963226.gbk
>_gamma_MZ024894.gbk
>_gamma_MZ320166.gbk
>_gamma_MZ241072.gbk
>_gamma_MZ283948.gbk
>_gamma_MZ359705.gbk
>_gamma_MZ478019.1.gbk
>_gamma_MW964571.gbk
>_gamma_MZ462301.1.gbk
>_gamma_MZ544647.1.gbk
>_gamma_MZ291308.gbk
>_gamma_MZ279420.gbk
>_gamma_MZ073595.gbk
>_gamma_MZ271754.gbk
>_gamma_MZ405524.1.gbk
>_gamma_MZ179543.gbk
>_gamma_MZ141437.gbk
>_gamma_MZ212005.gbk
>_gamma_MZ179719.gbk
>_gamma_MZ097525.gbk
>_gamma_MZ290650.gbk
>_gamma_MZ058122.gbk
>_gamma_MZ172099.gbk
>_gamma_MZ132312.gbk
>_gamma_MZ536348.1.gbk
>_gamma_MW990297.gbk
>_gamma_FR991887.gbk
# file gamma_FR991887.gbk does not contain annotated CDSs
>_gamma_MZ126787.gbk
>_gamma_MZ368514.gbk
>_gamma_MW990479.gbk
>_gamma_MZ555343.1.gbk
>_gamma_MZ206247.gbk
>_gamma_MZ232743.gbk
>_gamma_MZ307629.gbk
>_gamma_MZ467977.1.gbk
>_gamma_MW932416.gbk
>_gamma_MZ228118.gbk
>_gamma_MZ033038.gbk
>_gamma_MZ253868.gbk
>_gamma_MZ354495.gbk
>_gamma_MZ532248.1.gbk
>_gamma_MZ070789.gbk
>_gamma_MZ158468.gbk
>_gamma_MZ245349.gbk
>_gamma_MW968809.gbk
>_gamma_MZ536365.1.gbk
>_gamma_MZ429180.1.gbk
>_gamma_MZ184783.gbk
>_gamma_MZ284828.gbk
>_gamma_MZ215062.gbk
>_gamma_MZ331058.gbk
>_gamma_MZ179720.gbk
>_gamma_MZ100781.gbk
>_gamma_MZ290155.gbk
>_gamma_MZ536307.1.gbk
>_gamma_MW963237.gbk
>_gamma_MZ255668.gbk
>_gamma_MZ372702.gbk
>_gamma_MZ307917.gbk
>_gamma_MZ231743.gbk
>_gamma_MZ195213.gbk
>_gamma_MZ296790.gbk
>_gamma_MZ240536.gbk
>_gamma_MZ232668.gbk
>_gamma_MZ024891.gbk
>_gamma_MZ015277.gbk
>_gamma_MZ322050.gbk
>_gamma_MZ214440.gbk
>_gamma_MZ232893.gbk
>_gamma_MZ264899.gbk
>_gamma_MZ278443.gbk
>_gamma_MZ237102.gbk
>_gamma_MZ101504.gbk
>_gamma_MZ291190.gbk
>_gamma_MZ462498.1.gbk
>_gamma_MZ212909.gbk
>_gamma_MZ290192.gbk
>_gamma_MZ196000.gbk
>_gamma_MZ282235.gbk
>_gamma_MW963265.gbk
>_gamma_MZ291038.gbk
>_gamma_MZ290204.gbk
>_gamma_MZ180656.gbk
>_gamma_MZ281956.gbk
>_gamma_MZ238559.gbk
>_gamma_MZ215150.gbk
>_gamma_MZ296109.gbk
>_gamma_MZ187978.gbk
>_gamma_MZ284335.gbk
>_gamma_MZ056038.gbk
>_gamma_MZ385789.gbk
>_gamma_MZ046426.gbk
>_gamma_MZ083400.gbk
>_gamma_MZ240286.gbk
>_gamma_MZ156698.gbk
>_gamma_MZ240124.gbk
>_gamma_MZ320896.gbk
>_gamma_MZ434363.1.gbk
>_gamma_MZ140880.gbk
>_gamma_MZ183958.gbk
>_gamma_MZ244701.gbk
>_gamma_MZ290219.gbk
>_gamma_MZ536465.1.gbk
>_gamma_MZ163552.gbk
>_gamma_MZ236967.gbk
>_gamma_MZ294242.gbk
>_gamma_MZ171560.gbk
>_gamma_MZ371674.gbk
>_gamma_MZ432685.1.gbk
>_gamma_MW964542.gbk
>_gamma_MZ354561.gbk
>_gamma_MZ188075.gbk
>_gamma_MZ294322.gbk
>_gamma_MZ290162.gbk
>_gamma_MZ342020.gbk
>_gamma_MZ071050.gbk
>_gamma_MZ454451.1.gbk
>_gamma_MZ454605.1.gbk
>_gamma_MZ254603.gbk
>_gamma_MZ316279.gbk
>_gamma_MZ180378.gbk
>_gamma_MZ046434.gbk
>_gamma_MZ241032.gbk
>_gamma_MZ170359.gbk
>_gamma_MZ291197.gbk
>_gamma_MZ291122.gbk
>_gamma_MZ411967.1.gbk
>_gamma_MZ307785.gbk
>_gamma_MZ022345.gbk
>_gamma_MZ349855.gbk
>_gamma_MZ293540.gbk
>_gamma_MZ455002.1.gbk
>_gamma_MZ202368.gbk
>_gamma_MZ252952.gbk
>_gamma_MZ241075.gbk
>_gamma_MZ239969.gbk
>_gamma_MZ239525.gbk
>_gamma_MZ192057.gbk
>_gamma_MZ348491.gbk
>_gamma_MZ397256.1.gbk
>_gamma_MW990275.gbk
>_gamma_MZ538700.1.gbk
>_gamma_MZ025436.gbk
>_gamma_MZ277922.gbk
>_gamma_MZ401554.1.gbk
>_gamma_MZ513873.1.gbk
>_gamma_MZ531694.1.gbk
>_gamma_MZ084219.gbk
>_gamma_MZ076947.gbk
>_gamma_MZ252970.gbk
>_gamma_MZ385784.gbk
>_gamma_MZ451813.1.gbk
>_gamma_MZ349107.gbk
>_gamma_MZ023432.gbk
>_gamma_MZ290227.gbk
>_gamma_MZ349796.gbk
>_gamma_MZ356695.gbk
>_gamma_MZ533143.1.gbk
>_gamma_MZ071484.gbk
>_gamma_MZ290215.gbk
>_gamma_MZ441021.1.gbk
>_gamma_MZ533270.1.gbk
>_gamma_MZ280025.gbk
>_gamma_MZ568103.1.gbk
>_gamma_MZ385780.gbk
>_gamma_MZ169612.gbk
>_gamma_MZ291127.gbk
>_gamma_MZ164455.gbk
>_gamma_MZ188638.gbk
>_gamma_MZ238435.gbk
>_gamma_MW990878.gbk
>_gamma_MZ126784.gbk
>_gamma_MZ227893.gbk
>_gamma_MW963202.gbk
>_gamma_MZ398628.1.gbk
>_gamma_MZ554540.1.gbk
>_gamma_MZ349089.gbk
>_gamma_MZ070624.gbk
>_gamma_MZ290909.gbk
>_gamma_MZ361927.gbk
>_gamma_MZ008906.gbk
>_gamma_MZ241101.gbk
>_gamma_MZ308329.gbk
>_gamma_MZ237148.gbk
>_gamma_MZ349703.gbk
>_gamma_MZ412201.1.gbk
>_gamma_MW990269.gbk
>_gamma_MZ046439.gbk
>_gamma_MZ163916.gbk
>_gamma_MZ319633.gbk
>_gamma_MZ530853.1.gbk
>_gamma_MZ372947.gbk
>_gamma_MZ372714.gbk
>_gamma_MW967171.gbk
>_gamma_MZ060505.gbk
>_gamma_MZ099850.gbk
>_gamma_MZ215467.gbk
>_gamma_MZ211496.gbk
>_gamma_MZ290258.gbk
>_gamma_MW909170.gbk
>_gamma_MW963280.gbk
>_gamma_MZ385855.gbk
>_gamma_MZ126780.gbk
>_gamma_MZ241041.gbk
>_gamma_MZ283262.gbk
>_gamma_MZ086660.gbk
>_gamma_MZ222422.gbk
>_gamma_MZ356665.gbk
>_gamma_MZ376136.gbk
>_gamma_MZ536300.1.gbk
>_gamma_MZ238092.gbk
>_gamma_MZ035872.gbk
>_gamma_MZ015242.gbk
>_gamma_MZ296786.gbk
>_gamma_MZ238460.gbk
>_gamma_MZ144371.gbk
>_gamma_MZ213007.gbk
>_gamma_MZ536367.1.gbk
>_gamma_MZ536442.1.gbk
>_gamma_MZ044634.gbk
>_gamma_MZ531375.1.gbk
>_gamma_MZ294092.gbk
>_gamma_MZ161767.gbk
>_gamma_MZ255143.gbk
>_gamma_MZ386417.gbk
>_gamma_MZ215481.gbk
>_gamma_MZ252337.gbk
>_gamma_MZ385817.gbk
>_gamma_MZ358705.gbk
>_gamma_MZ357598.gbk
>_gamma_MZ531660.1.gbk
>_gamma_MZ538729.1.gbk
>_gamma_MZ025543.gbk
>_gamma_MZ071802.gbk
>_gamma_MZ394447.1.gbk
>_gamma_MZ315466.gbk
>_gamma_MZ368516.gbk
>_gamma_MZ058014.gbk
>_gamma_MZ349450.gbk
>_gamma_MW994023.gbk
>_gamma_MZ536414.1.gbk
>_gamma_MZ252516.gbk
>_gamma_MZ131163.gbk
>_gamma_MZ386202.gbk
>_gamma_MZ236957.gbk
>_gamma_MZ357441.gbk
>_gamma_MZ405566.1.gbk
>_gamma_MW908122.gbk
>_gamma_MZ160463.gbk
>_gamma_MZ433691.1.gbk
>_gamma_MW990303.gbk
>_gamma_MZ166065.gbk
>_gamma_MZ072690.gbk
>_gamma_MW963297.gbk
>_gamma_MZ083144.gbk
>_gamma_MZ290298.gbk
>_gamma_MZ536360.1.gbk
>_gamma_MZ531714.1.gbk
>_gamma_MZ185486.gbk
>_gamma_MZ294257.gbk
>_gamma_MZ320863.gbk
>_gamma_MZ386318.gbk
>_gamma_MZ536343.1.gbk
>_gamma_MZ149277.gbk
>_gamma_MZ376340.gbk
>_gamma_MZ536452.1.gbk
>_gamma_MZ141304.gbk
>_gamma_MZ271216.gbk
>_gamma_MW915252.gbk
>_gamma_MZ472693.1.gbk
>_gamma_MZ022985.gbk
>_gamma_MZ241033.gbk
>_gamma_MZ378486.gbk
>_gamma_MZ163472.gbk
>_gamma_MZ142379.gbk
>_gamma_MZ461038.1.gbk
>_gamma_MZ252494.gbk
>_gamma_MZ305374.gbk
>_gamma_MZ279662.gbk
>_gamma_MZ544657.1.gbk
>_gamma_MZ074489.gbk
>_gamma_MZ000233.gbk
>_gamma_MZ166045.gbk
>_gamma_MZ412287.1.gbk
>_gamma_MZ322044.gbk
>_gamma_MZ450410.1.gbk
>_gamma_MZ450325.1.gbk
>_gamma_MZ163572.gbk
>_gamma_MZ455171.1.gbk
>_gamma_MZ467932.1.gbk
>_gamma_MZ462327.1.gbk
>_gamma_MZ033052.gbk
>_gamma_MZ279387.gbk
>_gamma_MZ284866.gbk
>_gamma_MW963240.gbk
>_gamma_MZ280842.gbk
>_gamma_MZ322041.gbk
>_gamma_MZ277926.gbk
>_gamma_MZ341407.gbk
>_gamma_MZ279172.gbk
>_gamma_MZ307834.gbk
>_gamma_MZ184802.gbk
>_gamma_MW869227.gbk
>_gamma_MW912257.gbk
>_gamma_MZ022787.gbk
>_gamma_MZ280569.gbk
>_gamma_MZ337555.gbk
>_gamma_MZ415457.1.gbk
>_gamma_MZ075512.gbk
>_gamma_MZ291375.gbk
>_gamma_MZ002566.gbk
>_gamma_MW963287.gbk
>_gamma_MZ163803.gbk
>_gamma_MZ024473.gbk
>_gamma_MZ536363.1.gbk
>_gamma_MZ450543.1.gbk
>_gamma_MZ232897.gbk
>_gamma_MZ025044.gbk
>_gamma_MZ358515.gbk
>_gamma_MZ210801.gbk
>_gamma_MZ342038.gbk
>_gamma_MW834961.gbk
>_gamma_MW963257.gbk
>_gamma_MZ316509.gbk
>_gamma_MZ083941.gbk
>_gamma_MZ171564.gbk
>_gamma_MZ013654.gbk
>_gamma_MW963235.gbk
>_gamma_MZ240624.gbk
>_gamma_MZ320539.gbk
>_gamma_MZ022583.gbk
>_gamma_MZ253000.gbk
>_gamma_MZ280026.gbk
>_gamma_MZ085008.gbk
>_gamma_MZ171731.gbk
>_gamma_MZ196190.gbk
>_gamma_MZ084862.gbk
>_gamma_MZ025215.gbk
>_gamma_MZ308090.gbk
>_gamma_MZ322581.gbk
>_gamma_MZ513871.1.gbk
>_gamma_MZ433741.1.gbk
>_gamma_MZ531689.1.gbk
>_gamma_MZ196045.gbk
>_gamma_MZ238268.gbk
>_gamma_MZ284339.gbk
>_gamma_MZ293649.gbk
>_gamma_MZ075394.gbk
>_gamma_MZ163983.gbk
>_gamma_MZ245294.gbk
>_gamma_MZ185103.gbk
>_gamma_MZ305353.gbk
>_gamma_MW969355.gbk
>_gamma_MZ315646.gbk
>_gamma_MZ023114.gbk
>_gamma_MZ536461.1.gbk
>_gamma_MZ183991.gbk
>_gamma_MZ006978.gbk
>_gamma_MZ100991.gbk
>_gamma_MZ213549.gbk
>_gamma_MZ201335.gbk
>_gamma_MZ536471.1.gbk
>_gamma_MZ166068.gbk
>_gamma_MZ290175.gbk
>_gamma_MZ281978.gbk
>_gamma_MZ531361.1.gbk
>_gamma_MW990262.gbk
>_gamma_MZ264787.gbk
>_gamma_MZ315344.gbk
>_gamma_MZ536574.1.gbk
>_gamma_MZ388179.gbk
>_gamma_MZ461223.1.gbk
>_gamma_MZ236361.gbk
>_gamma_MW894216.gbk
>_gamma_MZ307155.gbk
>_gamma_MZ316003.gbk
>_gamma_MZ319440.gbk
>_gamma_MZ566468.1.gbk
>_gamma_MZ184075.gbk
>_gamma_MZ131029.gbk
>_gamma_MZ233072.gbk
>_gamma_MZ307639.gbk
>_gamma_MZ237451.gbk
>_gamma_MZ086623.gbk
>_gamma_MZ238732.gbk
>_gamma_MZ002523.gbk
>_gamma_MZ183987.gbk
>_gamma_MZ392151.gbk
>_gamma_MZ536303.1.gbk
>_gamma_MZ536597.1.gbk
>_gamma_MZ007500.gbk
>_gamma_MW963247.gbk
>_gamma_MZ296804.gbk
>_gamma_MZ316523.gbk
>_gamma_MZ131021.gbk
>_gamma_MZ358527.gbk
>_gamma_MZ015233.gbk
>_gamma_MZ185939.gbk
>_gamma_MZ006592.gbk
>_gamma_MZ058248.gbk
>_gamma_MZ386625.gbk
>_gamma_MZ554258.1.gbk
>_gamma_MZ056016.gbk
>_gamma_MZ059251.gbk
>_gamma_MZ164468.gbk
>_gamma_MW967571.gbk
>_gamma_MZ237301.gbk
>_gamma_MZ290212.gbk
>_gamma_MW864853.gbk
>_gamma_MZ185305.gbk
>_gamma_MZ195473.gbk
>_gamma_MZ233990.gbk
>_gamma_MW963273.gbk
>_gamma_MZ056152.gbk
>_gamma_MZ233750.gbk
>_gamma_MZ058133.gbk
>_gamma_MZ282486.gbk
>_gamma_MZ307903.gbk
>_gamma_MZ048336.gbk
>_gamma_MZ217723.gbk
>_gamma_MZ376597.gbk
>_gamma_MZ533449.1.gbk
>_gamma_MZ280284.gbk
>_gamma_MZ386286.gbk
>_gamma_MZ315899.gbk
>_gamma_MZ469432.1.gbk
>_gamma_MZ214073.gbk
>_gamma_MZ084059.gbk
>_gamma_MZ284230.gbk
>_gamma_MZ371237.gbk
>_gamma_MZ494100.1.gbk
>_gamma_MZ322036.gbk
>_gamma_MZ319441.gbk
>_gamma_MZ341597.gbk
>_gamma_MZ290149.gbk
>_gamma_MZ244546.gbk
>_gamma_MW965876.gbk
>_gamma_MZ073089.gbk
>_gamma_MZ290139.gbk
>_gamma_MZ361929.gbk
>_gamma_MZ386464.gbk
>_gamma_MZ533225.1.gbk
>_gamma_MZ213468.gbk
>_gamma_MZ493967.1.gbk
>_gamma_MZ432574.1.gbk
>_gamma_MZ153889.gbk
>_gamma_MZ181016.gbk
>_gamma_MZ236894.gbk
>_gamma_MZ133046.gbk
>_gamma_MZ492155.1.gbk
>_gamma_MZ472690.1.gbk
>_gamma_MZ160398.gbk
>_gamma_MW963262.gbk
>_gamma_MZ228227.gbk
>_gamma_MZ259594.gbk
>_gamma_MZ074783.gbk
>_gamma_MW869052.gbk
>_gamma_MW914410.gbk
>_gamma_MZ061542.gbk
>_gamma_MZ354298.gbk
>_gamma_MZ144379.gbk
>_gamma_MZ358774.gbk
>_gamma_MZ171586.gbk
>_gamma_MZ236742.gbk
>_gamma_MZ530899.1.gbk
>_gamma_MZ261943.gbk
>_gamma_MZ013403.gbk
>_gamma_MZ280923.gbk
>_gamma_MZ163353.gbk
>_gamma_MZ342188.gbk
>_gamma_MZ215067.gbk
>_gamma_MZ227898.gbk
>_gamma_MZ278518.gbk
>_gamma_MZ002294.gbk
>_gamma_MZ070518.gbk
>_gamma_MZ253855.gbk
>_gamma_MZ231823.gbk
>_gamma_MZ188473.gbk
>_gamma_MW912172.gbk
>_gamma_MZ450618.1.gbk
>_gamma_MZ451911.1.gbk
>_gamma_MZ236856.gbk
>_gamma_MZ253359.gbk
>_gamma_MZ185703.gbk
>_gamma_MZ477943.1.gbk
>_gamma_MZ319416.gbk
>_gamma_MZ316381.gbk
>_gamma_MZ342547.gbk
>_gamma_MZ279486.gbk
>_gamma_MZ192448.gbk
>_gamma_MZ213337.gbk
>_gamma_MZ213913.gbk
>_gamma_MZ246452.gbk
>_gamma_MZ240016.gbk
>_gamma_MZ382555.gbk
>_gamma_MW932382.gbk
>_gamma_MZ171881.gbk
>_gamma_MZ277985.gbk
>_gamma_MZ056059.gbk
>_gamma_MZ132820.gbk
>_gamma_MZ255075.gbk
>_gamma_MZ538735.1.gbk
>_gamma_MZ142216.gbk
>_gamma_MZ296809.gbk
>_gamma_MW990268.gbk
>_gamma_MW964075.gbk
>_gamma_MZ453782.1.gbk
>_gamma_MZ192449.gbk
>_gamma_MW991004.gbk
>_gamma_MZ386282.gbk
>_gamma_MZ059054.gbk
>_gamma_MZ238232.gbk
>_gamma_MW995069.gbk
>_gamma_MZ075662.gbk
>_gamma_MZ511652.1.gbk
>_gamma_MZ048483.gbk
>_gamma_MZ166042.gbk
>_gamma_MZ376178.gbk
>_gamma_MZ454836.1.gbk
>_gamma_MZ281599.gbk
>_gamma_MZ462633.1.gbk
>_gamma_MZ100914.gbk
>_gamma_MZ144321.gbk
>_gamma_MZ342517.gbk
>_gamma_MZ394194.1.gbk
>_gamma_MZ015411.gbk
>_gamma_MZ143852.gbk
>_gamma_MZ322560.gbk
>_gamma_MZ004995.gbk
>_gamma_MZ201487.gbk
>_gamma_MZ388193.gbk
>_gamma_MZ237967.gbk
>_gamma_MZ061380.gbk
>_gamma_MZ240529.gbk
>_gamma_MZ140784.gbk
>_gamma_MZ322559.gbk
>_gamma_MZ371792.gbk
>_gamma_MZ083413.gbk
>_gamma_MZ244400.gbk
>_gamma_MZ213797.gbk
>_gamma_MZ322035.gbk
>_gamma_MZ361955.gbk
>_gamma_MZ360031.gbk
>_gamma_MZ284649.gbk
>_gamma_MZ084147.gbk
>_gamma_MZ228659.gbk
>_gamma_MZ433768.1.gbk
>_gamma_MZ532638.1.gbk
>_gamma_MZ348490.gbk
>_gamma_MZ394075.gbk
>_gamma_FR993270.gbk
# file gamma_FR993270.gbk does not contain annotated CDSs
>_gamma_MZ342561.gbk
>_gamma_MZ386119.gbk
>_gamma_MZ185121.gbk
>_gamma_MZ307952.gbk
>_gamma_MZ070717.gbk
>_gamma_MZ356669.gbk
>_gamma_MZ376653.gbk
>_gamma_MZ570812.1.gbk
>_gamma_MZ164460.gbk
>_gamma_MZ271112.gbk
>_gamma_MZ201709.gbk
>_gamma_MZ132788.gbk
>_gamma_MZ307178.gbk
>_gamma_MZ453684.1.gbk
>_gamma_MZ233121.gbk
>_gamma_MZ045594.gbk
>_gamma_MZ237264.gbk
>_gamma_MZ233056.gbk
>_gamma_MZ356602.gbk
>_gamma_MZ307385.gbk
>_gamma_MZ156922.gbk
>_gamma_MZ432348.1.gbk
>_gamma_MZ378217.gbk
>_gamma_MZ132612.gbk
>_gamma_MZ342704.gbk
>_gamma_MZ244396.gbk
>_gamma_MZ281534.gbk
>_gamma_MZ180391.gbk
>_gamma_MZ233213.gbk
>_gamma_MZ536593.1.gbk
>_gamma_MZ478044.1.gbk
>_gamma_MZ233377.gbk
>_gamma_MZ358783.gbk
>_gamma_MZ371231.gbk
>_gamma_MZ181983.gbk
>_gamma_MW932503.gbk
>_gamma_MZ009752.gbk
>_gamma_MZ213754.gbk
>_gamma_MZ070368.gbk
>_gamma_MZ195520.gbk
>_gamma_MZ337552.gbk
>_gamma_MZ264898.gbk
>_gamma_MZ376481.gbk
>_gamma_MZ252938.gbk
>_gamma_MZ433829.1.gbk
>_gamma_MZ378151.gbk
>_gamma_MZ569172.1.gbk
>_gamma_MZ046428.gbk
>_gamma_MZ184016.gbk
>_gamma_MZ538795.1.gbk
>_gamma_MZ284331.gbk
>_gamma_MZ478036.1.gbk
>_gamma_MZ160362.gbk
>_gamma_MZ319424.gbk
>_gamma_MZ533213.1.gbk
>_gamma_MZ385906.gbk
>_gamma_MZ536566.1.gbk
>_gamma_MZ142595.gbk
>_gamma_MZ307424.gbk
>_gamma_MZ001235.gbk
>_gamma_MZ233243.gbk
>_gamma_MZ315450.gbk
>_gamma_MZ154517.gbk
>_gamma_MZ512967.1.gbk
>_gamma_MZ536322.1.gbk
>_gamma_MZ163833.gbk
>_gamma_MZ171684.gbk
>_gamma_MZ232722.gbk
>_gamma_MZ238801.gbk
>_gamma_MZ282002.gbk
>_gamma_MZ319431.gbk
>_gamma_MW969506.gbk
>_gamma_MZ059309.gbk
>_gamma_MZ238501.gbk
>_gamma_MZ394388.1.gbk
>_gamma_MZ076863.gbk
>_gamma_MZ252767.gbk
>_gamma_MZ141159.gbk
>_gamma_MZ213114.gbk
>_gamma_MZ037613.gbk
>_gamma_MZ342513.gbk
>_gamma_MZ371124.gbk
>_gamma_MZ024130.gbk
>_gamma_MZ493398.1.gbk
>_gamma_MZ186695.gbk
>_gamma_MZ361954.gbk
>_gamma_MZ376283.gbk
>_gamma_MZ504275.1.gbk
>_gamma_MZ356679.gbk
>_gamma_MZ233755.gbk
>_gamma_MZ512789.1.gbk
>_gamma_MW914417.gbk
>_gamma_MZ372859.gbk
>_gamma_MZ305367.gbk
>_gamma_MZ239956.gbk
>_gamma_MZ566381.1.gbk
>_gamma_MZ282280.gbk
>_gamma_MZ281248.gbk
>_gamma_MZ448646.1.gbk
>_gamma_MZ536579.1.gbk
>_gamma_MZ180915.gbk
>_gamma_MZ532896.1.gbk
>_gamma_MZ193456.gbk
>_gamma_MZ341682.gbk
>_gamma_MZ060340.gbk
>_gamma_MZ371606.gbk
>_gamma_MZ038006.gbk
>_gamma_MZ048484.gbk
>_gamma_MZ025260.gbk
>_gamma_MZ232932.gbk
>_gamma_MZ342223.gbk
>_gamma_MZ493981.1.gbk
>_gamma_MZ132609.gbk
>_gamma_MZ210536.gbk
>_gamma_MZ164452.gbk
>_gamma_MZ228516.gbk
>_gamma_MZ280998.gbk
>_gamma_MZ070792.gbk
>_gamma_MZ316067.gbk
>_gamma_MZ511450.1.gbk
>_gamma_MZ164429.gbk
>_gamma_MZ059710.gbk
>_gamma_MZ430855.1.gbk
>_gamma_MZ195591.gbk
>_gamma_MZ193728.gbk
>_gamma_MZ164042.gbk
>_gamma_MZ453644.1.gbk
>_gamma_MZ368519.gbk
>_gamma_MZ384189.gbk
>_gamma_MZ171315.gbk
>_gamma_MZ232573.gbk
>_gamma_MW965881.gbk
>_gamma_MZ240388.gbk
>_gamma_MZ241088.gbk
>_gamma_MZ349326.gbk
>_gamma_MZ271154.gbk
>_gamma_MZ386249.gbk
>_gamma_MZ566439.1.gbk
>_gamma_MZ153814.gbk
>_gamma_MZ282292.gbk
>_gamma_MZ349422.gbk
>_gamma_MZ141090.gbk
>_gamma_MZ432665.1.gbk
>_gamma_MZ432426.1.gbk
>_gamma_MZ386629.gbk
>_gamma_MW908257.gbk
>_gamma_MZ294442.gbk
>_gamma_MZ441024.1.gbk
>_gamma_MZ315933.gbk
>_gamma_MW963263.gbk
>_gamma_MW965854.gbk
>_gamma_MZ058992.gbk
>_gamma_MZ450649.1.gbk
>_gamma_MZ022506.gbk
>_gamma_MZ252890.gbk
>_gamma_MZ316783.gbk
>_gamma_MZ076971.gbk
>_gamma_MZ166659.gbk
>_gamma_MZ172104.gbk
>_gamma_MZ076957.gbk
>_gamma_MZ414248.1.gbk
>_gamma_MZ307216.gbk
>_gamma_FR991503.gbk
# file gamma_FR991503.gbk does not contain annotated CDSs
>_gamma_MZ070385.gbk
>_gamma_MZ101505.gbk
>_gamma_MZ231669.gbk
>_gamma_MZ228496.gbk
>_gamma_MZ271742.gbk
>_gamma_MW836152.gbk
>_gamma_MZ376110.gbk
>_gamma_MZ237851.gbk
>_gamma_MZ530945.1.gbk
>_gamma_MZ319853.gbk
>_gamma_MZ505966.1.gbk
>_gamma_MZ337579.gbk
>_gamma_MZ232710.gbk
>_gamma_MZ293548.gbk
>_gamma_MZ279133.gbk
>_gamma_MZ271109.gbk
>_gamma_MZ385840.gbk
>_gamma_MZ554103.1.gbk
>_gamma_MZ070497.gbk
>_gamma_MZ331244.gbk
>_gamma_MZ433775.1.gbk
>_gamma_MW911972.gbk
>_gamma_MZ185153.gbk
>_gamma_MZ239097.gbk
>_gamma_MW931299.gbk
>_gamma_MW877099.gbk
>_gamma_MZ386250.gbk
>_gamma_MZ252316.gbk
>_gamma_MZ378581.gbk
>_gamma_MZ376006.gbk
>_gamma_MW990771.gbk
>_gamma_MZ451893.1.gbk
>_gamma_MZ293939.gbk
>_gamma_MZ433674.1.gbk
>_gamma_MZ241087.gbk
>_gamma_MW937846.gbk
>_gamma_MZ307824.gbk
>_gamma_MZ536335.1.gbk
>_gamma_MZ356716.gbk
>_gamma_MZ368498.gbk
>_gamma_MZ253158.gbk
>_gamma_MZ233103.gbk
>_gamma_MZ433780.1.gbk
>_gamma_MZ024864.gbk
>_gamma_MZ037262.gbk
>_gamma_MZ059522.gbk
>_gamma_MZ366702.gbk
>_gamma_MZ252943.gbk
>_gamma_MW993962.gbk
>_gamma_MZ232311.gbk
>_gamma_MZ333382.gbk
>_gamma_MZ368080.gbk
>_gamma_MZ450526.1.gbk
>_gamma_MZ241014.gbk
>_gamma_MZ294192.gbk
>_gamma_MZ164416.gbk
>_gamma_MZ349434.gbk
>_gamma_MZ033083.gbk
>_gamma_MZ202033.gbk
>_gamma_MZ228828.gbk
>_gamma_MZ372907.gbk
>_gamma_MZ450448.1.gbk
>_gamma_MZ253890.gbk
>_gamma_MZ319803.gbk
>_gamma_MZ192095.gbk
>_gamma_MZ240495.gbk
>_gamma_MZ305376.gbk
>_gamma_MZ536316.1.gbk
>_gamma_MZ536609.1.gbk
>_gamma_MZ061340.gbk
>_gamma_MZ331242.gbk
>_gamma_MZ478038.1.gbk
>_gamma_MZ083176.gbk
>_gamma_MZ241015.gbk
>_gamma_MZ280091.gbk
>_gamma_MZ237530.gbk
>_gamma_MZ386524.gbk
>_gamma_MZ037409.gbk
>_gamma_MZ082914.gbk
>_gamma_MZ245360.gbk
>_gamma_MZ211891.gbk
>_gamma_MZ281984.gbk
>_gamma_MZ185499.gbk
>_gamma_MZ158942.gbk
>_gamma_MZ022698.gbk
>_gamma_MZ433504.1.gbk
>_gamma_MZ451700.1.gbk
>_gamma_MZ316568.gbk
>_gamma_MZ536569.1.gbk
>_gamma_MZ385981.gbk
>_gamma_MZ356661.gbk
>_gamma_MZ358528.gbk
>_gamma_MZ241100.gbk
>_gamma_MZ536607.1.gbk
>_gamma_MZ278462.gbk
>_gamma_MZ315391.gbk
>_gamma_MZ441032.1.gbk
>_gamma_MZ244995.gbk
>_gamma_MZ059342.gbk
>_gamma_MZ185278.gbk
>_gamma_MZ432089.1.gbk
>_gamma_MZ056140.gbk
>_gamma_MZ294693.gbk
>_gamma_MW967687.gbk
>_gamma_MZ316504.gbk
>_gamma_MZ405492.1.gbk
>_gamma_MZ385704.gbk
>_gamma_MZ565765.1.gbk
>_gamma_MZ006522.gbk
>_gamma_MZ201382.gbk
>_gamma_MZ000264.gbk
>_gamma_MZ536568.1.gbk
>_gamma_MW863033.gbk
>_gamma_MZ358780.gbk
>_gamma_MZ319414.gbk
>_gamma_MZ450054.1.gbk
>_gamma_MW968377.gbk
>_gamma_MZ070367.gbk
>_gamma_MZ477988.1.gbk
>_gamma_MZ256498.gbk
>_gamma_MZ037733.gbk
>_gamma_MZ358695.gbk
>_gamma_MZ539046.1.gbk
>_gamma_MZ239702.gbk
>_gamma_MZ186607.gbk
>_gamma_MZ451900.1.gbk
>_gamma_MW912428.gbk
>_gamma_MZ015482.gbk
>_gamma_MZ291332.gbk
>_gamma_MZ453645.1.gbk
>_gamma_MZ181860.gbk
>_gamma_MZ132707.gbk
>_gamma_MZ037746.gbk
>_gamma_MZ188448.gbk
>_gamma_MZ142274.gbk
>_gamma_MW907861.gbk
>_gamma_MZ033039.gbk
>_gamma_MZ144372.gbk
>_gamma_MZ195236.gbk
>_gamma_MZ415906.1.gbk
>_gamma_MZ185399.gbk
>_gamma_MZ310285.gbk
>_gamma_MZ061107.gbk
>_gamma_MZ153042.gbk
>_gamma_MZ290407.gbk
>_gamma_MZ433778.1.gbk
>_gamma_MZ453466.1.gbk
>_gamma_MZ025155.gbk
>_gamma_MZ290301.gbk
>_gamma_MZ126789.gbk
>_gamma_MZ169911.gbk
>_gamma_MZ372971.gbk
>_gamma_MZ405503.1.gbk
>_gamma_MW963897.gbk
>_gamma_MZ544664.1.gbk
>_gamma_MZ538943.1.gbk
>_gamma_MZ290715.gbk
>_gamma_MZ530851.1.gbk
>_gamma_MZ491997.1.gbk
>_gamma_MZ233596.gbk
>_gamma_MZ536494.1.gbk
>_gamma_MZ058120.gbk
>_gamma_MZ322057.gbk
>_gamma_MZ511544.1.gbk
>_gamma_MZ554505.1.gbk
>_gamma_MZ349688.gbk
>_gamma_MZ386373.gbk
>_gamma_MZ010005.gbk
>_gamma_MZ367670.gbk
>_gamma_MZ291196.gbk
>_gamma_MZ536418.1.gbk
>_gamma_MZ357531.gbk
>_gamma_MZ290619.gbk
>_gamma_MZ070222.gbk
>_gamma_MZ179704.gbk
>_gamma_MZ180493.gbk
>_gamma_MZ215212.gbk
>_gamma_MZ531609.1.gbk
>_gamma_MZ213492.gbk
>_gamma_MZ565701.1.gbk
>_gamma_MZ290194.gbk
>_gamma_MZ036626.gbk
>_gamma_MZ033080.gbk
>_gamma_MZ290163.gbk
>_gamma_MZ492166.1.gbk
>_gamma_MZ203416.gbk
>_gamma_MZ317793.gbk
>_gamma_MZ536594.1.gbk
>_gamma_MZ004751.gbk
>_gamma_MZ211614.gbk
>_gamma_MZ184863.gbk
>_gamma_MZ376589.gbk
>_gamma_MZ028574.gbk
>_gamma_MZ375629.gbk
>_gamma_MZ566186.1.gbk
>_gamma_MZ008566.gbk
>_gamma_MZ283191.gbk
>_gamma_MZ368494.gbk
>_gamma_MZ376416.gbk
>_gamma_MZ278517.gbk
>_gamma_MZ322073.gbk
>_gamma_MZ169372.gbk
>_gamma_MZ377954.gbk
>_gamma_MZ412162.1.gbk
>_gamma_MZ341552.gbk
>_gamma_MZ315522.gbk
>_gamma_MW963245.gbk
>_gamma_MZ001237.gbk
>_gamma_MZ565726.1.gbk
>_gamma_MZ240605.gbk
>_gamma_MZ252480.gbk
>_gamma_MZ296059.gbk
>_gamma_MW963306.gbk
>_gamma_MZ201904.gbk
>_gamma_MZ371786.gbk
>_gamma_MZ433215.1.gbk
>_gamma_MZ450708.1.gbk
>_gamma_MZ386374.gbk
>_gamma_MZ083369.gbk
>_gamma_MZ337600.gbk
>_gamma_MZ533340.1.gbk
>_gamma_MZ184099.gbk
>_gamma_MZ290237.gbk
>_gamma_MZ282672.gbk
>_gamma_MW968267.gbk
>_gamma_MZ513746.1.gbk
>_gamma_MZ038237.gbk
>_gamma_MZ432618.1.gbk
>_gamma_MZ101228.gbk
>_gamma_MZ166076.gbk
>_gamma_MZ341088.gbk
>_gamma_MZ281793.gbk
>_gamma_MZ037681.gbk
>_gamma_MZ185288.gbk
>_gamma_MZ388387.gbk
>_gamma_MZ241047.gbk
>_gamma_MW965859.gbk
>_gamma_MZ241039.gbk
>_gamma_MZ025784.gbk
>_gamma_MZ415685.1.gbk
>_gamma_MZ450531.1.gbk
>_gamma_MZ536467.1.gbk
>_gamma_MZ536462.1.gbk
>_gamma_MZ184418.gbk
>_gamma_MZ358707.gbk
>_gamma_MZ376542.gbk
>_gamma_MZ281569.gbk
>_gamma_MZ172190.gbk
>_gamma_MZ357520.gbk
>_gamma_MZ237941.gbk
>_gamma_MZ025773.gbk
>_gamma_MZ210706.gbk
>_gamma_MZ188516.gbk
>_gamma_MZ512660.1.gbk
>_gamma_MZ048491.gbk
>_gamma_MZ349749.gbk
>_gamma_MZ375719.gbk
>_gamma_MZ232660.gbk
>_gamma_MZ331236.gbk
>_gamma_MZ187524.gbk
>_gamma_MZ278419.gbk
>_gamma_MZ566372.1.gbk
>_gamma_MZ386352.gbk
>_gamma_MZ186732.gbk
>_gamma_MZ512378.1.gbk
>_gamma_MZ244600.gbk
>_gamma_MZ280134.gbk
>_gamma_MZ083969.gbk
>_gamma_MZ401557.1.gbk
>_gamma_MZ319436.gbk
>_gamma_MZ544757.1.gbk
>_gamma_MZ071940.gbk
>_gamma_MZ367767.gbk
>_gamma_MZ253690.gbk
>_gamma_MZ404499.1.gbk
>_gamma_MZ467878.1.gbk
>_gamma_MZ021854.gbk
>_gamma_MZ358627.gbk
>_gamma_MZ412199.1.gbk
>_gamma_MZ566263.1.gbk
>_gamma_MZ432694.1.gbk
>_gamma_MZ238443.gbk
>_gamma_MZ372770.gbk
>_gamma_MZ082703.gbk
>_gamma_MZ533342.1.gbk
>_gamma_MZ232631.gbk
>_gamma_MZ071245.gbk
>_gamma_MZ237372.gbk
>_gamma_MZ281955.gbk
>_gamma_MZ180405.gbk
>_gamma_MZ232238.gbk
>_gamma_MZ240223.gbk
>_gamma_MZ388276.gbk
>_gamma_MZ142018.gbk
>_gamma_MZ315343.gbk
>_gamma_MW963318.gbk
>_gamma_MZ315490.gbk
>_gamma_MZ536362.1.gbk
>_gamma_MZ239533.gbk
>_gamma_MZ283986.gbk
>_gamma_MZ180521.gbk
>_gamma_MZ451882.1.gbk
>_gamma_MZ354513.gbk
>_gamma_MZ278911.gbk
>_gamma_MZ397166.1.gbk
>_gamma_MZ140678.gbk
>_gamma_MZ254230.gbk
>_gamma_MZ281922.gbk
>_gamma_MZ083732.gbk
>_gamma_MZ536336.1.gbk
>_gamma_MZ536294.1.gbk
>_gamma_MZ159121.gbk
>_gamma_MZ368028.gbk
>_gamma_MZ270943.gbk
>_gamma_MZ368513.gbk
>_gamma_MZ337586.gbk
>_gamma_MZ278513.gbk
>_gamma_MZ565927.1.gbk
>_gamma_MZ290562.gbk
>_gamma_MZ385962.gbk
>_gamma_MZ394072.gbk
>_gamma_MZ531243.1.gbk
>_gamma_MZ245015.gbk
>_gamma_MZ536329.1.gbk
>_gamma_MW964558.gbk
>_gamma_MZ450508.1.gbk
>_gamma_MZ233754.gbk
>_gamma_MZ322052.gbk
>_gamma_MZ448460.1.gbk
>_gamma_MZ233396.gbk
>_gamma_MZ450447.1.gbk
>_gamma_MZ531276.1.gbk
>_gamma_MW964563.gbk
>_gamma_MZ210883.gbk
>_gamma_MZ322032.gbk
>_gamma_MZ469458.1.gbk
>_gamma_MZ101052.gbk
>_gamma_MZ539394.1.gbk
>_gamma_MZ429113.1.gbk
>_gamma_MZ450693.1.gbk
>_gamma_MZ278914.gbk
>_gamma_MZ171720.gbk
>_gamma_MZ007026.gbk
>_gamma_MZ279453.gbk
>_gamma_MZ453490.1.gbk
>_gamma_MZ281453.gbk
>_gamma_MZ070587.gbk
>_gamma_MZ211573.gbk
>_gamma_MZ172031.gbk
>_gamma_MZ007299.gbk
>_gamma_MZ009714.gbk
>_gamma_MZ296792.gbk
>_gamma_MZ360238.gbk
>_gamma_MZ284709.gbk
>_gamma_MZ307102.gbk
>_gamma_MZ376089.gbk
>_gamma_MZ058986.gbk
>_gamma_MZ252329.gbk
>_gamma_MZ570628.1.gbk
>_gamma_MZ305372.gbk
>_gamma_MZ232571.gbk
>_gamma_MZ252563.gbk
>_gamma_MZ307199.gbk
>_gamma_MZ451754.1.gbk
>_gamma_MZ320577.gbk
>_gamma_MZ252859.gbk
>_gamma_MZ290653.gbk
>_gamma_MZ341441.gbk
>_gamma_MW963215.gbk
>_gamma_MZ144368.gbk
>_gamma_MZ277389.gbk
>_gamma_MW968304.gbk
>_gamma_MZ449757.1.gbk
>_gamma_MZ539410.1.gbk
>_gamma_MZ083079.gbk
>_gamma_MZ308270.gbk
>_gamma_MZ233766.gbk
>_gamma_MZ284404.gbk
>_gamma_MW990265.gbk
>_gamma_MZ360236.gbk
>_gamma_MZ434490.1.gbk
>_gamma_MZ434115.1.gbk
>_gamma_MZ340720.gbk
>_gamma_MZ290656.gbk
>_gamma_MZ227993.gbk
>_gamma_MZ186124.gbk
>_gamma_MZ565759.1.gbk
>_gamma_MZ164105.gbk
>_gamma_MZ281888.gbk
>_gamma_MZ371946.gbk
>_gamma_MZ169606.gbk
>_gamma_MZ228223.gbk
>_gamma_MZ331301.gbk
>_gamma_MZ201410.gbk
>_gamma_MZ213031.gbk
>_gamma_MZ493616.1.gbk
>_gamma_MZ244997.gbk
>_gamma_MZ033065.gbk
>_gamma_MZ033045.gbk
>_gamma_MZ072777.gbk
>_gamma_MZ317703.gbk
>_gamma_MZ315579.gbk
>_gamma_MZ084159.gbk
>_gamma_MZ536433.1.gbk
>_gamma_MZ291177.gbk
>_gamma_MZ059683.gbk
>_gamma_MZ214152.gbk
>_gamma_MZ073005.gbk
>_gamma_MZ071262.gbk
>_gamma_MZ281932.gbk
>_gamma_MZ025259.gbk
>_gamma_MZ361939.gbk
>_gamma_MZ233994.gbk
>_gamma_MW965976.gbk
>_gamma_MZ232039.gbk
>_gamma_MZ252866.gbk
>_gamma_MZ538843.1.gbk
>_gamma_MW963308.gbk
>_gamma_MZ015261.gbk
>_gamma_MZ252986.gbk
>_gamma_MZ316183.gbk
>_gamma_MW991253.gbk
>_gamma_MZ211040.gbk
>_gamma_MZ316155.gbk
>_gamma_MZ049937.gbk
>_gamma_MZ283418.gbk
>_gamma_MZ290380.gbk
>_gamma_MZ201582.gbk
>_gamma_MZ241040.gbk
>_gamma_MZ493413.1.gbk
>_gamma_MZ284821.gbk
>_gamma_MZ320555.gbk
>_gamma_MZ085997.gbk
>_gamma_MZ196091.gbk
>_gamma_MZ281451.gbk
>_gamma_MZ166080.gbk
>_gamma_MZ076698.gbk
>_gamma_MZ058124.gbk
>_gamma_MZ142627.gbk
>_gamma_MZ179747.gbk
>_gamma_MZ402494.1.gbk
>_gamma_MZ331135.gbk
>_gamma_MW963218.gbk
>_gamma_MZ536310.1.gbk
>_gamma_MZ233018.gbk
>_gamma_MZ320984.gbk
>_gamma_MZ538886.1.gbk
>_gamma_MZ164499.gbk
>_gamma_MZ536369.1.gbk
>_gamma_MZ074357.gbk
>_gamma_MZ270746.gbk
>_gamma_MZ126786.gbk
>_gamma_MZ386581.gbk
>_gamma_MZ059982.gbk
>_gamma_MZ086265.gbk
>_gamma_MZ280059.gbk
>_gamma_MZ280537.gbk
>_gamma_MZ184882.gbk
>_gamma_MZ536472.1.gbk
>_gamma_MZ238231.gbk
>_gamma_MZ436878.1.gbk
>_gamma_MZ371961.gbk
>_gamma_MZ244563.gbk
>_gamma_MZ277983.gbk
>_gamma_MZ449718.1.gbk
>_gamma_MZ492187.1.gbk
>_gamma_MW850614.gbk
>_gamma_MZ286755.gbk
>_gamma_MZ000116.gbk
>_gamma_MZ232809.gbk
>_gamma_MZ450694.1.gbk
>_gamma_MZ179258.gbk
>_gamma_MZ185034.gbk
>_gamma_MZ142372.gbk
>_gamma_MZ185237.gbk
>_gamma_MW908289.gbk
>_gamma_MW993949.gbk
>_gamma_MZ143851.gbk
>_gamma_MZ210411.gbk
>_gamma_MZ192451.gbk
>_gamma_MZ099858.gbk
>_gamma_MZ367642.gbk
>_gamma_MZ397252.1.gbk
>_gamma_MZ565738.1.gbk
>_gamma_MZ126781.gbk
>_gamma_MZ240256.gbk
>_gamma_MZ149293.gbk
>_gamma_MZ432415.1.gbk
>_gamma_MZ386075.gbk
>_gamma_MZ375636.gbk
>_gamma_MZ520937.1.gbk
>_gamma_MZ171680.gbk
>_gamma_MZ349352.gbk
>_gamma_MZ145625.gbk
>_gamma_MZ432289.1.gbk
>_gamma_MZ215002.gbk
>_gamma_MZ172103.gbk
>_gamma_MW963301.gbk
>_gamma_MZ319403.gbk
>_gamma_MZ153475.gbk
>_gamma_MZ237505.gbk
>_gamma_MZ187752.gbk
>_gamma_MZ536457.1.gbk
>_gamma_MZ163534.gbk
>_gamma_MZ186371.gbk
>_gamma_MZ180374.gbk
>_gamma_MZ217969.gbk
>_gamma_MZ430864.1.gbk
>_gamma_MZ354206.gbk
>_gamma_MZ376113.gbk
>_gamma_MW908391.gbk
>_gamma_MZ254257.gbk
>_gamma_MZ337559.gbk
>_gamma_MZ033069.gbk
>_gamma_MZ009333.gbk
>_gamma_MZ222458.gbk
>_gamma_MZ075605.gbk
>_gamma_MZ341140.gbk
>_gamma_MW904833.gbk
>_gamma_MZ215057.gbk
>_gamma_MZ241077.gbk
>_gamma_MZ233214.gbk
>_gamma_MZ002618.gbk
>_gamma_MZ536587.1.gbk
>_gamma_MZ282744.gbk
>_gamma_MZ279077.gbk
>_gamma_MZ180373.gbk
>_gamma_MZ341980.gbk
>_gamma_MZ290161.gbk
>_gamma_MZ334418.gbk
>_gamma_MZ278822.gbk
>_gamma_MZ290858.gbk
>_gamma_MZ282666.gbk
>_gamma_MZ071248.gbk
>_gamma_MW963284.gbk
>_gamma_MZ184071.gbk
>_gamma_MZ451895.1.gbk
>_gamma_MZ255129.gbk
>_gamma_MZ231889.gbk
>_gamma_MZ449713.1.gbk
>_gamma_MZ532347.1.gbk
>_gamma_MZ180269.gbk
>_gamma_MZ307974.gbk
>_gamma_MZ294132.gbk
>_gamma_MZ328824.gbk
>_gamma_MW834960.gbk
>_gamma_MW963410.gbk
>_gamma_MZ316506.gbk
>_gamma_MZ214722.gbk
>_gamma_MZ163421.gbk
>_gamma_MZ188533.gbk
>_gamma_MZ082720.gbk
>_gamma_MZ271605.gbk
>_gamma_MZ317800.gbk
>_gamma_MZ062201.gbk
>_gamma_MZ184155.gbk
>_gamma_MZ342328.gbk
>_gamma_MZ009887.gbk
>_gamma_MZ531692.1.gbk
>_gamma_MZ368525.gbk
>_gamma_MZ100702.gbk
>_gamma_MZ315923.gbk
>_gamma_MZ349140.gbk
>_gamma_MZ385968.gbk
>_gamma_MZ492095.1.gbk
>_gamma_MZ513707.1.gbk
>_gamma_MZ037367.gbk
>_gamma_MZ171671.gbk
>_gamma_MZ536415.1.gbk
>_gamma_MW807979.gbk
>_gamma_MZ316366.gbk
>_gamma_MZ061351.gbk
>_gamma_MZ358645.gbk
>_gamma_MZ451705.1.gbk
>_gamma_MZ296783.gbk
>_gamma_MZ252807.gbk
>_gamma_FR991468.gbk
# file gamma_FR991468.gbk does not contain annotated CDSs
>_gamma_MZ037323.gbk
>_gamma_MW990266.gbk
>_gamma_MZ036284.gbk
>_gamma_MZ195764.gbk
>_gamma_MZ566282.1.gbk
>_gamma_MZ071633.gbk
>_gamma_MZ342542.gbk
>_gamma_MZ280473.gbk
>_gamma_MZ536440.1.gbk
>_gamma_MZ278856.gbk
>_gamma_MW968789.gbk
>_gamma_MZ227922.gbk
>_gamma_MZ294505.gbk
>_gamma_MZ358622.gbk
>_gamma_MZ536468.1.gbk
>_gamma_MZ034943.gbk
>_gamma_MZ386315.gbk
>_gamma_MZ360034.gbk
>_gamma_MZ512936.1.gbk
>_gamma_MZ099853.gbk
>_gamma_MW963228.gbk
>_gamma_MZ101201.gbk
>_gamma_MZ544672.1.gbk
>_gamma_MZ188287.gbk
>_gamma_MZ046446.gbk
>_gamma_MZ372697.gbk
>_gamma_MZ290232.gbk
>_gamma_MZ037614.gbk
>_gamma_MZ171742.gbk
>_gamma_MZ341261.gbk
>_gamma_MZ023972.gbk
>_gamma_MZ307110.gbk
>_gamma_MZ319419.gbk
>_gamma_MZ337589.gbk
>_gamma_MW912219.gbk
>_gamma_MZ154244.gbk
>_gamma_MZ337601.gbk
>_gamma_MW963316.gbk
>_gamma_MZ307258.gbk
>_gamma_MZ492274.1.gbk
>_gamma_MW850627.gbk
>_gamma_MZ153487.gbk
>_gamma_MZ290195.gbk
>_gamma_MZ449727.1.gbk
>_gamma_MZ000073.gbk
>_gamma_MZ140805.gbk
>_gamma_MZ238785.gbk
>_gamma_MZ555215.1.gbk
>_gamma_MZ210259.gbk
>_gamma_MZ239194.gbk
>_gamma_MZ282802.gbk
>_gamma_MZ296810.gbk
>_gamma_MW963442.gbk
>_gamma_MZ566331.1.gbk
>_gamma_MZ143863.gbk
>_gamma_MZ356660.gbk
>_gamma_MZ233088.gbk
>_gamma_MZ434599.1.gbk
>_gamma_MW938104.gbk
>_gamma_MZ184501.gbk
>_gamma_MZ132921.gbk
>_gamma_MZ378571.gbk
>_gamma_MZ555314.1.gbk
>_gamma_MZ056147.gbk
>_gamma_MZ378193.gbk
>_gamma_MZ126779.gbk
>_gamma_MZ397167.1.gbk
>_gamma_MZ415707.1.gbk
>_gamma_MZ172151.gbk
>_gamma_MW964074.gbk
>_gamma_MZ056122.gbk
>_gamma_MZ166070.gbk
>_gamma_MW834982.gbk
>_gamma_MZ388183.gbk
>_gamma_MZ232987.gbk
>_gamma_MZ282847.gbk
>_gamma_MZ308164.gbk
>_gamma_MZ538642.1.gbk
>_gamma_MZ060082.gbk
>_gamma_MZ570777.1.gbk
>_gamma_MZ232861.gbk
>_gamma_MZ354589.gbk
>_gamma_MW735609.gbk
>_gamma_MZ290797.gbk
>_gamma_MZ451369.1.gbk
>_gamma_MZ554858.1.gbk
>_gamma_MZ206422.gbk
>_gamma_MZ252508.gbk
>_gamma_MZ255134.gbk
>_gamma_MZ451811.1.gbk
>_gamma_MZ571532.1.gbk
>_gamma_MW963416.gbk
>_gamma_MZ282041.gbk
>_gamma_MZ356734.gbk
>_gamma_MW931288.gbk
>_gamma_MZ278689.gbk
>_gamma_MZ010165.gbk
>_gamma_MZ037655.gbk
>_gamma_MZ511536.1.gbk
>_gamma_MZ100369.gbk
>_gamma_MZ337593.gbk
>_gamma_MZ290209.gbk
>_gamma_MZ493993.1.gbk
>_gamma_MZ195390.gbk
>_gamma_MZ378010.gbk
>_gamma_MZ232912.gbk
>_gamma_MZ555026.1.gbk
>_gamma_MZ536285.1.gbk
>_gamma_MW869599.gbk
>_gamma_MZ315363.gbk
>_gamma_MZ316098.gbk
>_gamma_MZ372893.gbk
>_gamma_MZ217581.gbk
>_gamma_MZ533290.1.gbk
>_gamma_MZ180503.gbk
>_gamma_MZ171567.gbk
>_gamma_MZ188066.gbk
>_gamma_MZ377968.gbk
>_gamma_MZ358635.gbk
>_gamma_MZ531307.1.gbk
>_gamma_MZ290177.gbk
>_gamma_MZ283085.gbk
>_gamma_MZ023427.gbk
>_gamma_MZ451898.1.gbk
>_gamma_MZ179737.gbk
>_gamma_MZ354764.gbk
>_gamma_MZ454844.1.gbk
>_gamma_MZ536351.1.gbk
>_gamma_MZ564398.1.gbk
>_gamma_MZ023101.gbk
>_gamma_MZ210556.gbk
>_gamma_MZ217940.gbk
>_gamma_MZ354342.gbk
>_gamma_MZ193959.gbk
>_gamma_MZ360033.gbk
>_gamma_MZ277982.gbk
>_gamma_MZ553940.1.gbk
>_gamma_MZ440948.1.gbk
>_gamma_MZ240556.gbk
>_gamma_MZ377351.gbk
>_gamma_MZ232896.gbk
>_gamma_MZ307407.gbk
>_gamma_MZ269781.gbk
>_gamma_MW849813.gbk
>_gamma_MZ212323.gbk
>_gamma_MZ272806.gbk
>_gamma_MZ281908.gbk
>_gamma_MZ377439.gbk
>_gamma_MW967288.gbk
>_gamma_MZ240069.gbk
>_gamma_MZ132130.gbk
>_gamma_MZ196063.gbk
>_gamma_MZ237060.gbk
>_gamma_MZ357582.gbk
>_gamma_MW969415.gbk
>_gamma_MW994797.gbk
>_gamma_MZ281090.gbk
>_gamma_MZ344634.gbk
>_gamma_MZ152949.gbk
>_gamma_MZ282160.gbk
>_gamma_MZ166039.gbk
>_gamma_MZ354232.gbk
>_gamma_MZ254178.gbk
>_gamma_MZ293633.gbk
>_gamma_MZ536586.1.gbk
>_gamma_MW932371.gbk
>_gamma_MZ179314.gbk
>_gamma_MW990295.gbk
>_gamma_MZ342063.gbk
>_gamma_MZ531664.1.gbk
>_gamma_MZ341504.gbk
>_gamma_MZ186026.gbk
>_gamma_MZ232167.gbk
>_gamma_MZ185149.gbk
>_gamma_MZ294173.gbk
>_gamma_MZ076781.gbk
>_gamma_MZ217911.gbk
>_gamma_MZ240453.gbk
>_gamma_MZ253542.gbk
>_gamma_MZ211803.gbk
>_gamma_MZ354484.gbk
>_gamma_MZ377979.gbk
>_gamma_MZ278520.gbk
>_gamma_MZ083491.gbk
>_gamma_MZ241089.gbk
>_gamma_MZ385812.gbk
>_gamma_MZ376149.gbk
>_gamma_MZ368496.gbk
>_gamma_MZ363663.gbk
>_gamma_MZ290184.gbk
>_gamma_MZ290269.gbk
>_gamma_MW931332.gbk
>_gamma_MZ400641.1.gbk
>_gamma_MZ245162.gbk
>_gamma_MZ565999.1.gbk
>_gamma_MZ001545.gbk
>_gamma_MZ306487.gbk
>_gamma_MZ377947.gbk
>_gamma_MZ536280.1.gbk
>_gamma_MZ133149.gbk
>_gamma_MZ211189.gbk
>_gamma_MZ477941.1.gbk
>_gamma_MZ076946.gbk
>_gamma_MZ536436.1.gbk
>_gamma_MZ213466.gbk
>_gamma_MZ315366.gbk
>_gamma_MZ070933.gbk
>_gamma_MZ253722.gbk
>_gamma_MZ337585.gbk
>_gamma_MZ358776.gbk
>_gamma_MZ354295.gbk
>_gamma_MZ358789.gbk
>_gamma_MZ333357.gbk
>_gamma_MZ520938.1.gbk
>_gamma_MW968249.gbk
>_gamma_MZ358647.gbk
>_gamma_MW963352.gbk
>_gamma_MZ187363.gbk
>_gamma_MZ394280.1.gbk
>_gamma_MZ188404.gbk
>_gamma_MZ240059.gbk
>_gamma_MZ386223.gbk
>_gamma_MZ284009.gbk
>_gamma_MZ320617.gbk
>_gamma_MZ238234.gbk
>_gamma_MZ144316.gbk
>_gamma_MZ277994.gbk
>_gamma_MW963219.gbk
>_gamma_MZ172161.gbk
>_gamma_MZ279155.gbk
>_gamma_MZ493998.1.gbk
>_gamma_MW894068.gbk
>_gamma_MZ280092.gbk
>_gamma_MZ252921.gbk
>_gamma_MZ211154.gbk
>_gamma_MZ467999.1.gbk
>_gamma_MZ076694.gbk
>_gamma_MZ415547.1.gbk
>_gamma_MZ477892.1.gbk
>_gamma_MZ241078.gbk
>_gamma_MZ386478.gbk
>_gamma_MZ305363.gbk
>_gamma_MZ536482.1.gbk
>_gamma_MZ544667.1.gbk
>_gamma_MZ493949.1.gbk
>_gamma_MZ377612.gbk
>_gamma_MZ214997.gbk
>_gamma_MW963266.gbk
>_gamma_MZ372769.gbk
>_gamma_MW963321.gbk
>_gamma_MZ281324.gbk
>_gamma_MZ282762.gbk
>_gamma_MZ101239.gbk
>_gamma_MZ233179.gbk
>_gamma_MZ159105.gbk
>_gamma_MZ342417.gbk
>_gamma_MW909201.gbk
>_gamma_MZ046959.gbk
>_gamma_MZ294189.gbk
>_gamma_MZ233366.gbk
>_gamma_MZ153738.gbk
>_gamma_MZ320121.gbk
>_gamma_MZ070275.gbk
>_gamma_MZ142750.gbk
>_gamma_MZ084660.gbk
>_gamma_MZ211271.gbk
>_gamma_MZ320181.gbk
>_gamma_MZ454509.1.gbk
>_gamma_MZ342885.gbk
>_gamma_MW963322.gbk
>_gamma_MZ358525.gbk
>_gamma_MZ252815.gbk
>_gamma_MZ433789.1.gbk
>_gamma_MZ166546.gbk
>_gamma_MW963292.gbk
>_gamma_MZ140767.gbk
>_gamma_MZ160476.gbk
>_gamma_MZ341183.gbk
>_gamma_MZ358755.gbk
>_gamma_MZ341351.gbk
>_gamma_MZ206421.gbk
>_gamma_MW991368.gbk
>_gamma_MZ282071.gbk
>_gamma_MZ284755.gbk
>_gamma_MZ241031.gbk
>_gamma_MZ252972.gbk
>_gamma_MZ340791.gbk
>_gamma_MZ229410.gbk
>_gamma_MZ385892.gbk
>_gamma_MW834962.gbk
>_gamma_MZ058129.gbk
>_gamma_MZ536438.1.gbk
>_gamma_MZ171661.gbk
>_gamma_MZ241038.gbk
>_gamma_MZ372878.gbk
>_gamma_MW990292.gbk
>_gamma_MZ252855.gbk
>_gamma_MZ566436.1.gbk
>_gamma_MZ021771.gbk
>_gamma_MZ038860.gbk
>_gamma_MZ319995.gbk
>_gamma_MZ385865.gbk
>_gamma_MZ282124.gbk
>_gamma_MZ450268.1.gbk
>_gamma_MZ239947.gbk
>_gamma_MZ284413.gbk
>_gamma_MZ375993.gbk
>_gamma_MZ283664.gbk
>_gamma_MZ354366.gbk
>_gamma_MZ259681.gbk
>_gamma_MZ315731.gbk
>_gamma_MZ372109.gbk
>_gamma_MW894125.gbk
>_gamma_MZ354567.gbk
>_gamma_MZ131191.gbk
>_gamma_MZ060106.gbk
>_gamma_MZ083991.gbk
>_gamma_MZ411990.1.gbk
>_gamma_MZ009961.gbk
>_gamma_MZ215013.gbk
>_gamma_MZ376209.gbk
>_gamma_MZ497945.1.gbk
>_gamma_MZ075881.gbk
>_gamma_MZ060356.gbk
>_gamma_MZ158446.gbk
>_gamma_MZ294152.gbk
>_gamma_MZ404871.1.gbk
>_gamma_MW966280.gbk
>_gamma_MZ538763.1.gbk
>_gamma_MZ008791.gbk
>_gamma_MZ183996.gbk
>_gamma_MZ536325.1.gbk
>_gamma_MZ033042.gbk
>_gamma_MZ192441.gbk
>_gamma_MW966400.gbk
>_gamma_MZ164476.gbk
>_gamma_MZ227883.gbk
>_gamma_MZ233048.gbk
>_gamma_MZ038096.gbk
>_gamma_MZ385553.gbk
>_gamma_MW991352.gbk
>_gamma_MZ073002.gbk
>_gamma_MZ183995.gbk
>_gamma_MZ315294.gbk
>_gamma_MW965865.gbk
>_gamma_MZ069635.gbk
>_gamma_MZ291285.gbk
>_gamma_MZ433726.1.gbk
>_gamma_MZ378026.gbk
>_gamma_MZ000200.gbk
>_gamma_MZ402416.1.gbk
>_gamma_MZ210394.gbk
>_gamma_MW963312.gbk
>_gamma_MZ009995.gbk
>_gamma_MZ310330.gbk
>_gamma_MZ211952.gbk
>_gamma_MZ143853.gbk
>_gamma_MZ342158.gbk
>_gamma_MZ372652.gbk
>_gamma_MZ536357.1.gbk
>_gamma_MZ074858.gbk
>_gamma_MZ284543.gbk
>_gamma_MZ368535.gbk
>_gamma_MZ494004.1.gbk
>_gamma_MZ315895.gbk
>_gamma_MZ071043.gbk
>_gamma_MZ187777.gbk
>_gamma_MZ539407.1.gbk
>_gamma_MZ255902.gbk
>_gamma_MZ320549.gbk
>_gamma_MZ222424.gbk
>_gamma_MZ236883.gbk
>_gamma_MZ356670.gbk
>_gamma_MZ367805.gbk
>_gamma_MZ544660.1.gbk
>_gamma_MW963283.gbk
>_gamma_MZ280989.gbk
>_gamma_MZ153510.gbk
>_gamma_MZ372345.gbk
>_gamma_MZ282437.gbk
>_gamma_MZ315495.gbk
>_gamma_MZ385879.gbk
>_gamma_MZ233298.gbk
>_gamma_MZ454702.1.gbk
>_gamma_MZ342115.gbk
>_gamma_MZ217596.gbk
>_gamma_MZ454592.1.gbk
>_gamma_MZ179918.gbk
>_gamma_MZ171665.gbk
>_gamma_MZ184780.gbk
>_gamma_MZ213636.gbk
>_gamma_MZ290713.gbk
>_gamma_MZ331233.gbk
>_gamma_MZ278463.gbk
>_gamma_MZ188738.gbk
>_gamma_MZ278604.gbk
>_gamma_MZ076272.gbk
>_gamma_MZ201615.gbk
>_gamma_MZ354619.gbk
>_gamma_MZ536478.1.gbk
>_gamma_MZ455556.1.gbk
>_gamma_MZ566209.1.gbk
>_gamma_MZ009387.gbk
>_gamma_MZ140785.gbk
>_gamma_MZ239195.gbk
>_gamma_MZ085852.gbk
>_gamma_MZ271447.gbk
>_gamma_MZ236544.gbk
>_gamma_MZ020420.gbk
>_gamma_MZ048486.gbk
>_gamma_MZ210403.gbk
>_gamma_MZ013634.gbk
>_gamma_MZ171921.gbk
>_gamma_MZ241085.gbk
>_gamma_MZ035049.gbk
>_gamma_MZ270844.gbk
>_gamma_MZ493358.1.gbk
>_gamma_MW863077.gbk
>_gamma_MZ372777.gbk
>_gamma_MZ232789.gbk
>_gamma_MZ188573.gbk
>_gamma_MZ215287.gbk
>_gamma_MZ141154.gbk
>_gamma_MZ290172.gbk
>_gamma_MZ458314.1.gbk
>_gamma_MZ305362.gbk
>_gamma_MZ084008.gbk
>_gamma_MZ007075.gbk
>_gamma_MW990277.gbk
>_gamma_MZ232593.gbk
>_gamma_MZ278795.gbk
>_gamma_MW911865.gbk
>_gamma_MZ281618.gbk
>_gamma_MZ059943.gbk
>_gamma_MZ450608.1.gbk
>_gamma_MZ240036.gbk
>_gamma_MZ085080.gbk
>_gamma_MZ386627.gbk
>_gamma_MZ294093.gbk
>_gamma_MZ392181.gbk
>_gamma_MZ450513.1.gbk
>_gamma_MZ164512.gbk
>_gamma_MW892702.gbk
>_gamma_MZ140683.gbk
>_gamma_MZ071228.gbk
>_gamma_MZ317806.gbk
>_gamma_MW894034.gbk
>_gamma_MZ232243.gbk
>_gamma_MZ237108.gbk
>_gamma_MZ184965.gbk
>_gamma_MZ187196.gbk
>_gamma_MZ386425.gbk
>_gamma_MZ278997.gbk
>_gamma_MZ328946.gbk
>_gamma_MZ295728.gbk
>_gamma_MZ163727.gbk
>_gamma_MZ555058.1.gbk
>_gamma_MW990271.gbk
>_gamma_MZ320528.gbk
>_gamma_MZ237799.gbk
>_gamma_MZ536459.1.gbk
>_gamma_MZ025442.gbk
>_gamma_MZ290835.gbk
>_gamma_MZ393521.gbk
>_gamma_MZ378275.gbk
>_gamma_MZ164270.gbk
>_gamma_MZ154103.gbk
>_gamma_MZ163410.gbk
>_gamma_MZ228173.gbk
>_gamma_MZ386283.gbk
>_gamma_MW963243.gbk
>_gamma_MZ070797.gbk
>_gamma_MZ002283.gbk
>_gamma_MZ259506.gbk
>_gamma_MZ071032.gbk
>_gamma_MZ141217.gbk
>_gamma_MZ222420.gbk
>_gamma_MZ320865.gbk
>_gamma_MZ415177.1.gbk
>_gamma_MZ536606.1.gbk
>_gamma_MZ278871.gbk
>_gamma_MZ268294.gbk
>_gamma_MZ240563.gbk
>_gamma_MZ293654.gbk
>_gamma_MZ458239.1.gbk
>_gamma_MZ076124.gbk
>_gamma_MZ493974.1.gbk
>_gamma_MZ213347.gbk
>_gamma_MW968709.gbk
>_gamma_MZ337565.gbk
>_gamma_MZ536384.1.gbk
>_gamma_MZ544654.1.gbk
>_gamma_MZ075395.gbk
>_gamma_MZ362900.gbk
>_gamma_MZ023040.gbk
>_gamma_MZ239567.gbk
>_gamma_MZ185840.gbk
>_gamma_MZ013316.gbk
>_gamma_MZ331239.gbk
>_gamma_MW963241.gbk
>_gamma_MZ213831.gbk
>_gamma_MZ213888.gbk
>_gamma_MZ278895.gbk
>_gamma_MZ399097.1.gbk
>_gamma_MW915187.gbk
>_gamma_MZ213313.gbk
>_gamma_MW912312.gbk
>_gamma_MW988288.gbk
>_gamma_MZ386155.gbk
>_gamma_MZ238203.gbk
>_gamma_MZ458253.1.gbk
>_gamma_MZ349876.gbk
>_gamma_MZ447830.1.gbk
>_gamma_MW894126.gbk
>_gamma_MZ277965.gbk
>_gamma_MZ083592.gbk
>_gamma_MZ158943.gbk
>_gamma_MZ240606.gbk
>_gamma_MZ322047.gbk
>_gamma_MZ331310.gbk
>_gamma_MZ385810.gbk
>_gamma_MZ252849.gbk
>_gamma_MZ358632.gbk
>_gamma_MZ385839.gbk
>_gamma_MZ153882.gbk
>_gamma_MZ180496.gbk
>_gamma_MZ023678.gbk
>_gamma_MZ097526.gbk
>_gamma_MZ024532.gbk
>_gamma_MZ188084.gbk
>_gamma_MZ307831.gbk
>_gamma_MZ046440.gbk
>_gamma_MZ194346.gbk
>_gamma_MZ433755.1.gbk
>_gamma_MZ449050.1.gbk
>_gamma_MZ236871.gbk
>_gamma_MZ536487.1.gbk
>_gamma_MZ083421.gbk
>_gamma_MZ217880.gbk
>_gamma_MZ319802.gbk
>_gamma_MZ566185.1.gbk
>_gamma_MW987967.gbk
>_gamma_MZ434414.1.gbk
>_gamma_MZ170634.gbk
>_gamma_MZ283202.gbk
>_gamma_MZ201845.gbk
>_gamma_MZ252872.gbk
>_gamma_MZ319411.gbk
>_gamma_MZ367661.gbk
>_gamma_MZ462507.1.gbk
>_gamma_MZ281657.gbk
>_gamma_MZ331127.gbk
>_gamma_MZ536331.1.gbk
>_gamma_MZ386062.gbk
>_gamma_MZ179802.gbk
>_gamma_MZ358519.gbk
>_gamma_MZ169357.gbk
>_gamma_MZ281582.gbk
>_gamma_MZ379540.gbk
>_gamma_MZ037659.gbk
>_gamma_MZ233771.gbk
>_gamma_MZ164508.gbk
>_gamma_MZ167577.gbk
>_gamma_MZ282982.gbk
>_gamma_MZ183985.gbk
>_gamma_MZ280452.gbk
>_gamma_MZ322075.gbk
>_gamma_MZ430826.1.gbk
>_gamma_MZ388003.gbk
>_gamma_MZ536448.1.gbk
>_gamma_MW908507.gbk
>_gamma_MZ237052.gbk
>_gamma_MZ455971.1.gbk
>_gamma_MZ536464.1.gbk
>_gamma_MZ252949.gbk
>_gamma_MZ492083.1.gbk
>_gamma_MZ565813.1.gbk
>_gamma_MZ037941.gbk
>_gamma_MZ433524.1.gbk
>_gamma_MZ570625.1.gbk
>_gamma_MZ075494.gbk
>_gamma_MZ451977.1.gbk
>_gamma_MZ433483.1.gbk
>_gamma_MZ492468.1.gbk
>_gamma_MZ083856.gbk
>_gamma_MZ238643.gbk
>_gamma_MZ359701.gbk
>_gamma_MZ056021.gbk
>_gamma_MW963246.gbk
>_gamma_MZ211808.gbk
>_gamma_MZ356586.gbk
>_gamma_MZ538606.1.gbk
>_gamma_MZ186076.gbk
>_gamma_MZ195729.gbk
>_gamma_MZ536293.1.gbk
>_gamma_MZ059909.gbk
>_gamma_MZ253297.gbk
>_gamma_MZ432203.1.gbk
>_gamma_MZ290344.gbk
>_gamma_MZ228071.gbk
>_gamma_MZ536479.1.gbk
>_gamma_MZ307893.gbk
>_gamma_MZ242603.gbk
>_gamma_MZ217882.gbk
>_gamma_MZ192131.gbk
>_gamma_MZ281786.gbk
>_gamma_MW963224.gbk
>_gamma_MZ493987.1.gbk
>_gamma_MZ371155.gbk
>_gamma_MZ169358.gbk
>_gamma_MZ084868.gbk
>_gamma_MZ083412.gbk
>_gamma_MZ436644.1.gbk
>_gamma_MZ538644.1.gbk
>_gamma_MZ239913.gbk
>_gamma_MZ290762.gbk
>_gamma_MZ401866.1.gbk
>_gamma_MZ432460.1.gbk
>_gamma_MZ316505.gbk
>_gamma_MZ036946.gbk
>_gamma_MZ022158.gbk
>_gamma_MZ238367.gbk
>_gamma_MZ195325.gbk
>_gamma_MZ500963.1.gbk
>_gamma_MZ183989.gbk
>_gamma_MZ278464.gbk
>_gamma_MZ286697.gbk
>_gamma_MZ006701.gbk
>_gamma_MZ436870.1.gbk
>_gamma_MW990371.gbk
>_gamma_MZ179940.gbk
>_gamma_MW963259.gbk
>_gamma_MZ296789.gbk
>_gamma_MZ544752.1.gbk
>_gamma_MZ531099.1.gbk
>_gamma_MZ060668.gbk
>_gamma_MZ372005.gbk
>_gamma_MW967655.gbk
>_gamma_MZ210733.gbk
>_gamma_MZ253791.gbk
>_gamma_MZ284363.gbk
>_gamma_MZ140500.gbk
>_gamma_MZ319645.gbk
>_gamma_MZ388146.gbk
>_gamma_MZ536411.1.gbk
>_gamma_MZ340822.gbk
>_gamma_MZ002461.gbk
>_gamma_MZ450492.1.gbk
>_gamma_MZ023377.gbk
>_gamma_MZ060325.gbk
>_gamma_MZ015234.gbk
>_gamma_MZ240491.gbk
>_gamma_MZ566391.1.gbk
>_gamma_MZ536469.1.gbk
>_gamma_MZ341681.gbk
>_gamma_MZ076783.gbk
>_gamma_MZ185530.gbk
>_gamma_MZ536284.1.gbk
>_gamma_MZ252612.gbk
>_gamma_MZ149270.gbk
>_gamma_MZ566379.1.gbk
>_gamma_MZ284020.gbk
>_gamma_MZ279310.gbk
>_gamma_MZ060889.gbk
>_gamma_MZ181768.gbk
>_gamma_MZ061536.gbk
>_gamma_MZ252607.gbk
>_gamma_MZ210651.gbk
>_gamma_MZ315892.gbk
>_gamma_MZ252964.gbk
>_gamma_MZ282293.gbk
>_gamma_MZ163250.gbk
>_gamma_MZ536600.1.gbk
>_gamma_MZ171676.gbk
>_gamma_MZ305364.gbk
>_gamma_MZ492059.1.gbk
>_gamma_MZ185198.gbk
>_gamma_MZ320186.gbk
>_gamma_MZ375987.gbk
>_gamma_MW963434.gbk
>_gamma_MZ342355.gbk
>_gamma_MZ058565.gbk
>_gamma_MZ415080.1.gbk
>_gamma_MZ319649.gbk
>_gamma_MZ319428.gbk
>_gamma_MZ536315.1.gbk
>_gamma_MZ553999.1.gbk
>_gamma_MZ434030.1.gbk
>_gamma_MZ283180.gbk
>_gamma_MZ240078.gbk
>_gamma_MZ281333.gbk
>_gamma_MZ035142.gbk
>_gamma_MZ222452.gbk
>_gamma_MZ245066.gbk
>_gamma_MZ271078.gbk
>_gamma_MZ433823.1.gbk
>_gamma_MZ172189.gbk
>_gamma_MZ283861.gbk
>_gamma_MZ513819.1.gbk
>_gamma_MZ059335.gbk
>_gamma_MZ035310.gbk
>_gamma_MZ296805.gbk
>_gamma_MW915330.gbk
>_gamma_MZ071220.gbk
>_gamma_MZ354537.gbk
>_gamma_MZ083966.gbk
>_gamma_MZ153788.gbk
>_gamma_MZ166022.gbk
>_gamma_MZ083024.gbk
>_gamma_MZ253827.gbk
>_gamma_MZ201858.gbk
>_gamma_MZ201897.gbk
>_gamma_MZ244892.gbk
>_gamma_MZ498585.1.gbk
>_gamma_MW965880.gbk
>_gamma_MZ342160.gbk
>_gamma_MZ038047.gbk
>_gamma_MZ211642.gbk
>_gamma_MZ194079.gbk
>_gamma_MZ386035.gbk
>_gamma_MW912340.gbk
>_gamma_MZ015236.gbk
>_gamma_MZ281964.gbk
>_gamma_MZ083116.gbk
>_gamma_MZ565906.1.gbk
>_gamma_MZ277925.gbk
>_gamma_MZ307134.gbk
>_gamma_MZ171757.gbk
>_gamma_MZ356739.gbk
>_gamma_MZ277935.gbk
>_gamma_MZ322069.gbk
>_gamma_MZ073004.gbk
>_gamma_MZ375904.gbk
>_gamma_MZ013603.gbk
>_gamma_MZ340906.gbk
>_gamma_MZ058134.gbk
>_gamma_MZ149290.gbk
>_gamma_MZ023528.gbk
>_gamma_MZ386632.gbk
>_gamma_MZ539031.1.gbk
>_gamma_MZ214985.gbk
>_gamma_MZ009645.gbk
>_gamma_MZ142401.gbk
>_gamma_MZ002636.gbk
>_gamma_MZ011573.gbk
>_gamma_MZ372530.gbk
>_gamma_MZ310264.gbk
>_gamma_MW892330.gbk
>_gamma_MZ341904.gbk
>_gamma_MZ099865.gbk
>_gamma_MZ278534.gbk
>_gamma_MZ461189.1.gbk
>_gamma_MZ536344.1.gbk
>_gamma_MW963272.gbk
>_gamma_MZ268286.gbk
>_gamma_MZ536603.1.gbk
>_gamma_MZ308096.gbk
>_gamma_MZ536308.1.gbk
>_gamma_MZ308071.gbk
>_gamma_MZ180564.gbk
>_gamma_MZ237114.gbk
>_gamma_MZ036640.gbk
>_gamma_MZ337569.gbk
>_gamma_MW968916.gbk
>_gamma_MZ240684.gbk
>_gamma_MZ414495.1.gbk
>_gamma_FR991977.gbk
# file gamma_FR991977.gbk does not contain annotated CDSs
>_gamma_MW932121.gbk
>_gamma_MZ341129.gbk
>_gamma_MW990551.gbk
>_gamma_MZ536578.1.gbk
>_gamma_MZ101207.gbk
>_gamma_MZ493964.1.gbk
>_gamma_MZ156745.gbk
>_gamma_MZ282832.gbk
>_gamma_MZ333306.gbk
>_gamma_MZ340889.gbk
>_gamma_MZ100600.gbk
>_gamma_MZ195437.gbk
>_gamma_MZ229010.gbk
>_gamma_MZ532705.1.gbk
>_gamma_MZ061118.gbk
>_gamma_MZ453749.1.gbk
>_gamma_MZ233773.gbk
>_gamma_MW990777.gbk
>_gamma_MZ278529.gbk
>_gamma_MZ283260.gbk
>_gamma_MZ538839.1.gbk
>_gamma_MZ142096.gbk
>_gamma_MZ184316.gbk
>_gamma_MZ224462.gbk
>_gamma_MZ356686.gbk
>_gamma_MZ401585.1.gbk
>_gamma_MZ340767.gbk
>_gamma_MW964541.gbk
>_gamma_MZ554250.1.gbk
>_gamma_MZ060396.gbk
>_gamma_MZ322068.gbk
>_gamma_MZ282103.gbk
>_gamma_MZ375873.gbk
>_gamma_MZ210373.gbk
>_gamma_MZ296053.gbk
>_gamma_MZ228312.gbk
>_gamma_MZ351745.gbk
>_gamma_MZ356731.gbk
>_gamma_MZ238228.gbk
>_gamma_MZ378015.gbk
>_gamma_MZ322067.gbk
>_gamma_MZ493995.1.gbk
>_gamma_MZ071259.gbk
>_gamma_MZ010002.gbk
>_gamma_MZ280088.gbk
>_gamma_MZ531654.1.gbk
>_gamma_MZ022135.gbk
>_gamma_MZ083127.gbk
>_gamma_MW965869.gbk
>_gamma_MZ210679.gbk
>_gamma_MZ212478.gbk
>_gamma_MZ429126.1.gbk
>_gamma_MZ451933.1.gbk
>_gamma_MZ449715.1.gbk
>_gamma_MZ531600.1.gbk
>_gamma_MZ035018.gbk
>_gamma_MZ385813.gbk
>_gamma_MZ083026.gbk
>_gamma_MZ211057.gbk
>_gamma_MZ472052.1.gbk
>_gamma_MZ536377.1.gbk
>_gamma_MZ467712.1.gbk
>_gamma_MZ083446.gbk
>_gamma_MZ279147.gbk
>_gamma_MZ033054.gbk
>_gamma_MZ277932.gbk
>_gamma_MZ308080.gbk
>_gamma_MZ253951.gbk
>_gamma_MZ569120.1.gbk
>_gamma_MZ280871.gbk
>_gamma_MZ453648.1.gbk
>_gamma_MZ227853.gbk
>_gamma_MZ536388.1.gbk
>_gamma_MZ372917.gbk
>_gamma_MZ187002.gbk
>_gamma_MZ368526.gbk
>_gamma_MZ538671.1.gbk
>_gamma_MZ072779.gbk
>_gamma_MZ282072.gbk
>_gamma_MZ172159.gbk
>_gamma_MZ477958.1.gbk
>_gamma_MZ194055.gbk
>_gamma_MZ183984.gbk
>_gamma_MZ126783.gbk
>_gamma_MZ566283.1.gbk
>_gamma_MZ153025.gbk
>_gamma_MZ271123.gbk
>_gamma_MZ282225.gbk
>_gamma_MZ386047.gbk
>_gamma_MZ072493.gbk
>_gamma_MZ536611.1.gbk
>_gamma_MZ202080.gbk
>_gamma_MZ084481.gbk
>_gamma_MZ038284.gbk
>_gamma_MZ296793.gbk
>_gamma_MZ341705.gbk
>_gamma_MZ377942.gbk
>_gamma_MZ211992.gbk
>_gamma_MZ401580.1.gbk
>_gamma_MW520923.gbk
>_gamma_MZ253741.gbk
>_gamma_MZ154326.gbk
>_gamma_MZ252806.gbk
>_gamma_MZ537324.1.gbk
>_gamma_MZ076780.gbk
>_gamma_MZ158467.gbk
>_gamma_MZ307213.gbk
>_gamma_MZ565805.1.gbk
>_gamma_MZ320540.gbk
>_gamma_MZ048337.gbk
>_gamma_MZ036310.gbk
>_gamma_MZ153756.gbk
>_gamma_MZ086361.gbk
>_gamma_MZ283795.gbk
>_gamma_MZ566427.1.gbk
>_gamma_MZ192053.gbk
>_gamma_MZ536332.1.gbk
>_gamma_MZ034808.gbk
>_gamma_MZ142849.gbk
>_gamma_MZ384207.gbk
>_gamma_MZ169609.gbk
>_gamma_MZ006671.gbk
>_gamma_MZ333374.gbk
>_gamma_MZ377540.gbk
>_gamma_MZ141386.gbk
>_gamma_MZ493420.1.gbk
>_gamma_MZ315212.gbk
>_gamma_MZ372810.gbk
>_gamma_MZ280580.gbk
>_gamma_MZ172065.gbk
>_gamma_MZ405502.1.gbk
>_gamma_MZ372206.gbk
>_gamma_MZ455174.1.gbk
>_gamma_MZ222470.gbk
>_gamma_MZ217922.gbk
>_gamma_MZ360030.gbk
>_gamma_MZ232840.gbk
>_gamma_MZ164446.gbk
>_gamma_MZ375571.gbk
>_gamma_MZ253115.gbk
>_gamma_MZ184853.gbk
>_gamma_MZ542732.1.gbk
>_gamma_MZ232038.gbk
>_gamma_MZ149275.gbk
>_gamma_MZ385881.gbk
>_gamma_MZ071179.gbk
>_gamma_MZ240640.gbk
>_gamma_MZ186444.gbk
>_gamma_MZ337594.gbk
>_gamma_MZ570805.1.gbk
>_gamma_MZ444291.1.gbk
>_gamma_MZ211832.gbk
>_gamma_MZ184110.gbk
>_gamma_MZ160405.gbk
>_gamma_MZ394272.1.gbk
>_gamma_MZ382933.gbk
>_gamma_MZ227882.gbk
>_gamma_MZ290911.gbk
>_gamma_MZ131087.gbk
>_gamma_MZ386351.gbk
>_gamma_MZ349868.gbk
>_gamma_MZ282887.gbk
>_gamma_MZ354367.gbk
>_gamma_MZ450481.1.gbk
>_gamma_MZ282451.gbk
>_gamma_MZ172128.gbk
>_gamma_MZ382919.gbk
>_gamma_MZ144355.gbk
>_gamma_MZ385860.gbk
>_gamma_MZ164492.gbk
>_gamma_MZ319576.gbk
>_gamma_MZ158914.gbk
>_gamma_MZ340852.gbk
>_gamma_MZ076777.gbk
>_gamma_MZ187946.gbk
>_gamma_MZ240049.gbk
>_gamma_MZ101376.gbk
>_gamma_MZ477997.1.gbk
>_gamma_MZ536326.1.gbk
>_gamma_MZ469426.1.gbk
>_gamma_MZ232985.gbk
>_gamma_MZ202113.gbk
>_gamma_MZ385955.gbk
>_gamma_MZ038326.gbk
>_gamma_MZ099862.gbk
>_gamma_MW912400.gbk
>_gamma_MZ322034.gbk
>_gamma_MZ060063.gbk
>_gamma_MZ222459.gbk
>_gamma_MZ222429.gbk
>_gamma_MZ376336.gbk
>_gamma_MZ195516.gbk
>_gamma_MZ536458.1.gbk
>_gamma_MZ188068.gbk
>_gamma_MZ237582.gbk
>_gamma_MZ281526.gbk
>_gamma_MZ144323.gbk
>_gamma_MZ283643.gbk
>_gamma_MZ072700.gbk
>_gamma_FR993269.gbk
# file gamma_FR993269.gbk does not contain annotated CDSs
>_gamma_MZ232879.gbk
>_gamma_MZ340833.gbk
>_gamma_MZ009992.gbk
>_gamma_MZ236707.gbk
>_gamma_MZ201821.gbk
>_gamma_MZ451808.1.gbk
>_gamma_MZ074638.gbk
>_gamma_MZ232652.gbk
>_gamma_MZ278256.gbk
>_gamma_MZ280382.gbk
>_gamma_MZ411768.1.gbk
>_gamma_MZ184334.gbk
>_gamma_MZ241044.gbk
>_gamma_MZ341343.gbk
>_gamma_MZ538647.1.gbk
>_gamma_MZ356684.gbk
>_gamma_MZ512946.1.gbk
>_gamma_MZ252157.gbk
>_gamma_MZ554259.1.gbk
>_gamma_MZ328808.gbk
>_gamma_MZ340746.gbk
>_gamma_MZ401582.1.gbk
>_gamma_MZ084871.gbk
>_gamma_MZ358417.gbk
>_gamma_MZ086068.gbk
>_gamma_MZ241027.gbk
>_gamma_MZ158782.gbk
>_gamma_MZ245104.gbk
>_gamma_MZ319408.gbk
>_gamma_MZ072672.gbk
>_gamma_MZ536481.1.gbk
>_gamma_MZ035824.gbk
>_gamma_MZ337560.gbk
>_gamma_MZ536350.1.gbk
>_gamma_MZ085613.gbk
>_gamma_MZ241062.gbk
>_gamma_MZ184280.gbk
>_gamma_MZ433761.1.gbk
>_gamma_MZ450453.1.gbk
>_gamma_MZ296788.gbk
>_gamma_MW963225.gbk
>_gamma_MZ566366.1.gbk
>_gamma_MZ533216.1.gbk
>_gamma_MZ025062.gbk
>_gamma_MZ169610.gbk
>_gamma_MZ255906.gbk
>_gamma_MZ433974.1.gbk
>_gamma_MZ025032.gbk
>_gamma_MZ145455.gbk
>_gamma_MZ553944.1.gbk
>_gamma_MZ506305.1.gbk
>_gamma_MZ213144.gbk
>_gamma_MZ025334.gbk
>_gamma_MZ240200.gbk
>_gamma_MZ530949.1.gbk
>_gamma_MZ238497.gbk
>_gamma_MZ308130.gbk
>_gamma_MZ083959.gbk
>_gamma_MZ132525.gbk
>_gamma_MZ019089.gbk
>_gamma_MZ240519.gbk
>_gamma_MZ192113.gbk
>_gamma_MZ290981.gbk
>_gamma_MZ237376.gbk
>_gamma_MZ132753.gbk
>_gamma_MZ360740.gbk
>_gamma_MZ213662.gbk
>_gamma_MZ358610.gbk
>_gamma_MZ536596.1.gbk
>_gamma_MZ440994.1.gbk
>_gamma_MZ319422.gbk
>_gamma_MZ046447.gbk
>_gamma_MZ290182.gbk
>_gamma_MZ163401.gbk
>_gamma_MZ455147.1.gbk
>_gamma_MZ433846.1.gbk
>_gamma_MZ195576.gbk
>_gamma_MZ376635.gbk
>_gamma_MZ412253.1.gbk
>_gamma_MZ342212.gbk
>_gamma_MZ386208.gbk
>_gamma_MZ238946.gbk
>_gamma_MZ132993.gbk
>_gamma_MZ493992.1.gbk
>_gamma_MZ536328.1.gbk
>_gamma_MZ544730.1.gbk
>_gamma_MZ319776.gbk
>_gamma_MZ372874.gbk
>_gamma_MZ536324.1.gbk
>_gamma_MZ358516.gbk
>_gamma_MZ367672.gbk
>_gamma_MZ284061.gbk
>_gamma_MZ141144.gbk
>_gamma_MZ341377.gbk
>_gamma_MZ217854.gbk
>_gamma_MZ307381.gbk
>_gamma_MZ554231.1.gbk
>_gamma_MZ277934.gbk
>_gamma_MZ241030.gbk
>_gamma_MZ059120.gbk
>_gamma_MZ172002.gbk
>_gamma_MZ368224.gbk
>_gamma_MZ536599.1.gbk
>_gamma_MZ214357.gbk
>_gamma_MZ271624.gbk
>_gamma_MZ307167.gbk
>_gamma_MZ228894.gbk
>_gamma_MZ536354.1.gbk
>_gamma_MZ211302.gbk
>_gamma_MZ188329.gbk
>_gamma_MZ171753.gbk
>_gamma_MZ536376.1.gbk
>_gamma_MZ536490.1.gbk
>_gamma_MZ555417.1.gbk
>_gamma_MZ454903.1.gbk
>_gamma_MZ253134.gbk
>_gamma_MZ271219.gbk
>_gamma_MZ211133.gbk
>_gamma_MZ185238.gbk
>_gamma_MZ358536.gbk
>_gamma_MZ360712.gbk
>_gamma_MZ240520.gbk
>_gamma_MZ185594.gbk
>_gamma_MZ493979.1.gbk
>_gamma_MZ337595.gbk
>_gamma_MZ337577.gbk
>_gamma_MZ518514.1.gbk
>_gamma_MZ320531.gbk
>_gamma_MW967573.gbk
>_gamma_MZ232936.gbk
>_gamma_MZ341372.gbk
>_gamma_MZ341538.gbk
>_gamma_MZ305369.gbk
>_gamma_MZ354262.gbk
>_gamma_MZ386322.gbk
>_gamma_MZ536291.1.gbk
>_gamma_MZ193432.gbk
>_gamma_MZ412193.1.gbk
>_gamma_MZ493948.1.gbk
>_gamma_MZ536454.1.gbk
>_gamma_MZ049722.gbk
>_gamma_MZ430620.1.gbk
>_gamma_MZ037758.gbk
>_gamma_MZ059645.gbk
>_gamma_MZ217883.gbk
>_gamma_MZ195930.gbk
>_gamma_MZ280743.gbk
>_gamma_MZ337591.gbk
>_gamma_MZ255137.gbk
>_gamma_MZ450407.1.gbk
>_gamma_MZ358523.gbk
>_gamma_MZ434101.1.gbk
>_gamma_MZ490342.1.gbk
>_gamma_MZ025163.gbk
>_gamma_MZ059700.gbk
>_gamma_MW990286.gbk
>_gamma_MZ154588.gbk
>_gamma_MZ278004.gbk
>_gamma_MZ290742.gbk
>_gamma_MZ320527.gbk
>_gamma_MZ282230.gbk
>_gamma_MZ280232.gbk
>_gamma_MZ167966.gbk
>_gamma_MZ372915.gbk
>_gamma_MZ386100.gbk
>_gamma_MZ023123.gbk
>_gamma_MZ022786.gbk
>_gamma_MZ244560.gbk
>_gamma_MZ037761.gbk
>_gamma_MZ083590.gbk
>_gamma_MZ340794.gbk
>_gamma_MZ377943.gbk
>_gamma_MZ164631.gbk
>_gamma_MZ290234.gbk
>_gamma_MZ566320.1.gbk
>_gamma_MZ506016.1.gbk
>_gamma_MZ061487.gbk
>_gamma_MZ195476.gbk
>_gamma_MZ281459.gbk
>_gamma_MW994525.gbk
>_gamma_MZ536437.1.gbk
>_gamma_MZ280495.gbk
>_gamma_MZ570770.1.gbk
>_gamma_MZ228885.gbk
>_gamma_MZ461104.1.gbk
>_gamma_MZ193491.gbk
>_gamma_MZ099852.gbk
>_gamma_MW892185.gbk
>_gamma_MZ280936.gbk
>_gamma_MZ164472.gbk
>_gamma_MZ461196.1.gbk
>_gamma_MZ378195.gbk
>_gamma_MZ164006.gbk
>_gamma_MZ493416.1.gbk
>_gamma_MZ344602.gbk
>_gamma_MZ512933.1.gbk
>_gamma_MZ038270.gbk
>_gamma_MZ144381.gbk
>_gamma_MZ010167.gbk
>_gamma_MZ076696.gbk
>_gamma_MZ458177.1.gbk
>_gamma_MZ281354.gbk
>_gamma_MZ356637.gbk
>_gamma_MZ316041.gbk
>_gamma_MZ458256.1.gbk
>_gamma_MZ493444.1.gbk
>_gamma_MZ206379.gbk
>_gamma_MZ361962.gbk
>_gamma_MZ023860.gbk
>_gamma_MZ241071.gbk
>_gamma_MZ280534.gbk
>_gamma_MZ453597.1.gbk
>_gamma_MZ059613.gbk
>_gamma_MW908360.gbk
>_gamma_MZ213681.gbk
>_gamma_MW931311.gbk
>_gamma_MZ372248.gbk
>_gamma_MZ034843.gbk
>_gamma_MZ159185.gbk
>_gamma_MZ315235.gbk
>_gamma_MZ320134.gbk
>_gamma_MZ233767.gbk
>_gamma_MZ170385.gbk
>_gamma_MZ070380.gbk
>_gamma_MZ164790.gbk
>_gamma_MZ368047.gbk
>_gamma_MZ401516.1.gbk
>_gamma_MZ386516.gbk
>_gamma_MZ160436.gbk
>_gamma_MZ195240.gbk
>_gamma_MZ434404.1.gbk
>_gamma_MZ385901.gbk
>_gamma_MZ184558.gbk
>_gamma_MZ278530.gbk
>_gamma_MZ215369.gbk
>_gamma_MZ383031.gbk
>_gamma_MZ142326.gbk
>_gamma_MZ570808.1.gbk
>_gamma_MZ536387.1.gbk
>_gamma_MZ256496.gbk
>_gamma_MZ296808.gbk
>_gamma_MZ536449.1.gbk
>_gamma_MZ076760.gbk
>_gamma_MZ085383.gbk
>_gamma_MZ279160.gbk
>_gamma_MZ240476.gbk
>_gamma_MZ164505.gbk
>_gamma_MZ296107.gbk
>_gamma_MW963244.gbk
>_gamma_MZ555445.1.gbk
>_gamma_MZ293639.gbk
>_gamma_MZ233992.gbk
>_gamma_MZ006573.gbk
>_gamma_MZ536352.1.gbk
>_gamma_MZ237948.gbk
>_gamma_MZ295327.gbk
>_gamma_MZ046449.gbk
>_gamma_MZ211119.gbk
>_gamma_MZ264990.gbk
>_gamma_MZ382967.gbk
>_gamma_MZ293617.gbk
>_gamma_MZ252517.gbk
>_gamma_MZ013364.gbk
>_gamma_MZ222467.gbk
>_gamma_MZ536559.1.gbk
>_gamma_MZ187081.gbk
>_gamma_MZ280867.gbk
>_gamma_MZ478047.1.gbk
>_gamma_MZ184922.gbk
>_gamma_MZ354626.gbk
>_gamma_MZ228144.gbk
>_gamma_MZ070158.gbk
>_gamma_MZ076770.gbk
>_gamma_MZ253832.gbk
>_gamma_MZ454409.1.gbk
>_gamma_MZ278804.gbk
>_gamma_MZ341459.gbk
>_gamma_MZ349692.gbk
>_gamma_MZ022606.gbk
>_gamma_MZ391166.gbk
>_gamma_MZ060929.gbk
>_gamma_MZ293944.gbk
>_gamma_MZ492137.1.gbk
>_gamma_MZ033055.gbk
>_gamma_MZ141298.gbk
>_gamma_MZ171516.gbk
>_gamma_MZ232559.gbk
>_gamma_MZ361936.gbk
>_gamma_MZ341797.gbk
>_gamma_MZ530866.1.gbk
>_gamma_MZ279546.gbk
>_gamma_MZ356678.gbk
>_gamma_MZ025255.gbk
>_gamma_MZ493997.1.gbk
>_gamma_MZ493976.1.gbk
>_gamma_MZ143861.gbk
>_gamma_MZ320076.gbk
>_gamma_MZ536346.1.gbk
>_gamma_MZ367804.gbk
>_gamma_MZ237603.gbk
>_gamma_MZ342114.gbk
>_gamma_MZ493467.1.gbk
>_gamma_MZ530991.1.gbk
>_gamma_MZ142723.gbk
>_gamma_MZ232796.gbk
>_gamma_MZ386544.gbk
>_gamma_MZ555066.1.gbk
>_gamma_MZ392189.gbk
>_gamma_MZ290165.gbk
>_gamma_MZ238506.gbk
>_gamma_MZ468010.1.gbk
>_gamma_MZ183957.gbk
>_gamma_MZ290185.gbk
>_gamma_MW966468.gbk
>_gamma_MZ163941.gbk
>_gamma_MZ211287.gbk
>_gamma_MZ201920.gbk
>_gamma_MZ164666.gbk
>_gamma_MZ385887.gbk
>_gamma_MZ280682.gbk
>_gamma_MZ278423.gbk
>_gamma_MZ536445.1.gbk
>_gamma_MZ433217.1.gbk
>_gamma_MZ513817.1.gbk
>_gamma_MZ337581.gbk
>_gamma_MZ536302.1.gbk
>_gamma_MZ184776.gbk
>_gamma_MW906729.gbk
>_gamma_MZ140855.gbk
>_gamma_MW964539.gbk
>_gamma_MZ284894.gbk
>_gamma_MZ372590.gbk
>_gamma_MZ282973.gbk
>_gamma_MZ354444.gbk
>_gamma_MZ202073.gbk
>_gamma_MZ015235.gbk
>_gamma_MZ342136.gbk
>_gamma_MZ536460.1.gbk
>_gamma_MZ278806.gbk
>_gamma_MZ341746.gbk
>_gamma_MZ184005.gbk
>_gamma_MZ566302.1.gbk
>_gamma_MZ010000.gbk
>_gamma_MZ555441.1.gbk
>_gamma_MZ025030.gbk
>_gamma_MZ212887.gbk
>_gamma_MZ536334.1.gbk
>_gamma_MZ211044.gbk
>_gamma_MZ494007.1.gbk
>_gamma_MW992882.gbk
>_gamma_MZ059661.gbk
>_gamma_MZ450239.1.gbk
>_gamma_MZ038201.gbk
>_gamma_MZ076890.gbk
>_gamma_MZ253558.gbk
>_gamma_MZ252816.gbk
>_gamma_MZ283524.gbk
>_gamma_MZ278488.gbk
>_gamma_MZ368501.gbk
>_gamma_MZ493996.1.gbk
>_gamma_MZ536557.1.gbk
>_gamma_MZ268376.gbk
>_gamma_MZ232939.gbk
>_gamma_MZ386531.gbk
>_gamma_MZ084012.gbk
>_gamma_MZ160456.gbk
>_gamma_MZ241024.gbk
>_gamma_MZ188449.gbk
>_gamma_MZ237430.gbk
>_gamma_MW868974.gbk
>_gamma_MZ401556.1.gbk
>_gamma_MZ164143.gbk
>_gamma_MZ185467.gbk
>_gamma_MZ153039.gbk
>_gamma_MZ100306.gbk
>_gamma_MZ180461.gbk
>_gamma_MZ322080.gbk
>_gamma_MZ076983.gbk
>_gamma_MZ290221.gbk
>_gamma_MZ278903.gbk
>_gamma_MZ462740.1.gbk
>_gamma_MZ059581.gbk
>_gamma_MZ536283.1.gbk
>_gamma_MZ252528.gbk
>_gamma_MW963223.gbk
>_gamma_MZ100196.gbk
>_gamma_MZ570753.1.gbk
>_gamma_MZ058266.gbk
>_gamma_MZ083934.gbk
>_gamma_MW965875.gbk
>_gamma_MZ075263.gbk
>_gamma_MZ536337.1.gbk
>_gamma_MZ188237.gbk
>_gamma_MZ337584.gbk
>_gamma_MZ058135.gbk
>_gamma_MZ244534.gbk
>_gamma_MZ231859.gbk
>_gamma_MZ414372.1.gbk
>_gamma_MZ414883.1.gbk
>_gamma_MZ279229.gbk
>_gamma_MZ277386.gbk
>_gamma_MZ166038.gbk
>_gamma_MZ210929.gbk
>_gamma_MW889953.gbk
>_gamma_MW993316.gbk
>_gamma_MZ152945.gbk
>_gamma_MZ228855.gbk
>_gamma_MZ058131.gbk
>_gamma_MZ532665.1.gbk
>_gamma_MZ269744.gbk
>_gamma_MW930762.gbk
>_gamma_MZ210117.gbk
>_gamma_MZ307682.gbk
>_gamma_MZ184721.gbk
>_gamma_MW932083.gbk
>_gamma_MZ376513.gbk
>_gamma_MZ536591.1.gbk
>_gamma_MZ035688.gbk
>_gamma_MZ201694.gbk
>_gamma_MZ385940.gbk
>_gamma_MZ193626.gbk
>_gamma_MZ228635.gbk
>_gamma_MZ371346.gbk
>_gamma_MZ413621.1.gbk
>_gamma_MZ533177.1.gbk
>_gamma_MZ264981.gbk
>_gamma_MZ037511.gbk
>_gamma_MZ308157.gbk
>_gamma_MZ354583.gbk
>_gamma_MZ060445.gbk
>_gamma_MZ070664.gbk
>_gamma_MZ271307.gbk
>_gamma_MZ533283.1.gbk
>_gamma_MZ164771.gbk
>_gamma_MZ141396.gbk
>_gamma_MZ296784.gbk
>_gamma_MZ076775.gbk
>_gamma_MZ316072.gbk
>_gamma_MZ376112.gbk
>_gamma_MZ206925.gbk
>_gamma_MZ166048.gbk
>_gamma_MW963249.gbk
>_gamma_MZ307786.gbk
>_gamma_MZ238954.gbk
>_gamma_MZ142105.gbk
>_gamma_MZ349702.gbk
>_gamma_MZ571303.1.gbk
>_gamma_MZ037666.gbk
>_gamma_MZ211118.gbk
>_gamma_MZ372194.gbk
>_gamma_MZ037330.gbk
>_gamma_MZ238592.gbk
>_gamma_MZ277995.gbk
>_gamma_MZ341513.gbk
>_gamma_MZ060397.gbk
>_gamma_MZ237231.gbk
>_gamma_MZ237958.gbk
>_gamma_MZ160483.gbk
>_gamma_MZ282413.gbk
>_gamma_MZ440941.1.gbk
>_gamma_MZ433506.1.gbk
>_gamma_MZ493650.1.gbk
>_gamma_MZ099836.gbk
>_gamma_MW963415.gbk
>_gamma_MZ184649.gbk
>_gamma_MZ211321.gbk
>_gamma_MZ566190.1.gbk
>_gamma_MZ386517.gbk
>_gamma_MZ153018.gbk
>_gamma_MZ044613.gbk
>_gamma_MZ280755.gbk
>_gamma_MZ367837.gbk
>_gamma_MZ433767.1.gbk
>_gamma_MZ554574.1.gbk
>_gamma_MZ554810.1.gbk
>_gamma_MZ376652.gbk
>_gamma_MZ237110.gbk
>_gamma_MZ180783.gbk
>_gamma_MZ414985.1.gbk
>_gamma_MZ290268.gbk
>_gamma_MZ195394.gbk
>_gamma_MZ201552.gbk
>_gamma_FR991634.gbk
# file gamma_FR991634.gbk does not contain annotated CDSs
>_gamma_MZ055396.gbk
>_gamma_MZ072344.gbk
>_gamma_MZ184705.gbk
>_gamma_MZ291188.gbk
>_gamma_MZ372188.gbk
>_gamma_MZ171983.gbk
>_gamma_MZ164474.gbk
>_gamma_MZ201702.gbk
>_gamma_MZ072694.gbk
>_gamma_MZ358753.gbk
>_gamma_MZ412239.1.gbk
>_gamma_MW966363.gbk
>_gamma_MZ404778.1.gbk
>_gamma_MZ462350.1.gbk
>_gamma_MZ284302.gbk
>_gamma_MZ241037.gbk
>_gamma_MZ566269.1.gbk
>_gamma_MZ533269.1.gbk
>_gamma_MZ086290.gbk
>_gamma_MZ378005.gbk
>_gamma_MZ186868.gbk
>_gamma_MZ241106.gbk
>_gamma_MZ166347.gbk
>_gamma_MW968696.gbk
>_gamma_MZ319405.gbk
>_gamma_MZ199074.gbk
>_gamma_MZ086633.gbk
>_gamma_MZ565938.1.gbk
>_gamma_MZ010877.gbk
>_gamma_MW968298.gbk
>_gamma_MZ283171.gbk
>_gamma_MZ337576.gbk
>_gamma_MZ185771.gbk
>_gamma_MZ184144.gbk
>_gamma_MZ015380.gbk
>_gamma_MZ240715.gbk
>_gamma_MZ283187.gbk
>_gamma_MZ236543.gbk
>_gamma_MZ284640.gbk
>_gamma_MZ283622.gbk
>_gamma_MZ035843.gbk
>_gamma_MZ086253.gbk
>_gamma_MZ538611.1.gbk
>_gamma_MZ185577.gbk
>_gamma_MZ531577.1.gbk
>_gamma_MZ454414.1.gbk
>_gamma_MW905049.gbk
>_gamma_MZ450764.1.gbk
>_gamma_MZ283408.gbk
>_gamma_MZ356651.gbk
>_gamma_MZ478004.1.gbk
>_gamma_MZ531112.1.gbk
>_gamma_MZ244873.gbk
>_gamma_MZ163643.gbk
>_gamma_MZ232872.gbk
>_gamma_MZ566307.1.gbk
>_gamma_MZ539113.1.gbk
>_gamma_MW876907.gbk
>_gamma_MZ196191.gbk
>_gamma_MW937853.gbk
>_gamma_MZ451702.1.gbk
>_gamma_MZ554705.1.gbk
>_gamma_MZ252327.gbk
>_gamma_MZ450262.1.gbk
>_gamma_MZ349808.gbk
>_gamma_MZ432087.1.gbk
>_gamma_MZ184012.gbk
>_gamma_MZ451934.1.gbk
>_gamma_MZ367773.gbk
>_gamma_MW987994.gbk
>_gamma_MZ317692.gbk
>_gamma_MZ322078.gbk
>_gamma_MZ498586.1.gbk
>_gamma_MW963480.gbk
>_gamma_MW963288.gbk
>_gamma_MW905718.gbk
>_gamma_MZ531023.1.gbk
>_gamma_MW912471.gbk
>_gamma_MZ141418.gbk
>_gamma_MZ342434.gbk
>_gamma_MZ455072.1.gbk
>_gamma_MZ284164.gbk
>_gamma_MZ185887.gbk
>_gamma_MZ290150.gbk
>_gamma_MZ371137.gbk
>_gamma_MW931287.gbk
>_gamma_MZ271159.gbk
>_gamma_MZ429165.1.gbk
>_gamma_MW990261.gbk
>_gamma_MZ536570.1.gbk
>_gamma_MZ210817.gbk
>_gamma_MZ392167.gbk
>_gamma_MZ453610.1.gbk
>_gamma_MZ372987.gbk
>_gamma_MZ241029.gbk
>_gamma_MZ386357.gbk
>_gamma_MZ433487.1.gbk
>_gamma_MZ531082.1.gbk
>_gamma_MZ315432.gbk
>_gamma_MZ372984.gbk
>_gamma_MZ238382.gbk
>_gamma_MZ059230.gbk
>_gamma_MZ228340.gbk
>_gamma_MZ164488.gbk
>_gamma_MZ385923.gbk
>_gamma_MW906777.gbk
>_gamma_MZ278000.gbk
>_gamma_MZ316533.gbk
>_gamma_MZ082599.gbk
>_gamma_MZ028808.gbk
>_gamma_MZ376538.gbk
>_gamma_MZ163975.gbk
>_gamma_MZ385716.gbk
>_gamma_MZ392152.gbk
>_gamma_MZ253922.gbk
>_gamma_MZ357496.gbk
>_gamma_MZ433214.1.gbk
>_gamma_MZ164471.gbk
>_gamma_MZ072358.gbk
>_gamma_MZ187230.gbk
>_gamma_MZ320532.gbk
>_gamma_MW990887.gbk
>_gamma_MZ037846.gbk
>_gamma_MZ414942.1.gbk
>_gamma_MZ070611.gbk
>_gamma_MZ070795.gbk
>_gamma_MZ072343.gbk
>_gamma_MZ025472.gbk
>_gamma_MZ377526.gbk
>_gamma_MZ290147.gbk
>_gamma_MZ195600.gbk
>_gamma_MZ133083.gbk
>_gamma_MZ337597.gbk
>_gamma_MZ009999.gbk
>_gamma_MZ554256.1.gbk
>_gamma_MW912124.gbk
>_gamma_MZ371835.gbk
>_gamma_MZ356667.gbk
>_gamma_MZ368072.gbk
>_gamma_MZ033051.gbk
>_gamma_MZ153009.gbk
>_gamma_MZ232683.gbk
>_gamma_MZ454942.1.gbk
>_gamma_MZ164444.gbk
>_gamma_MZ167440.gbk
>_gamma_MW869051.gbk
>_gamma_MZ071634.gbk
>_gamma_MZ294351.gbk
>_gamma_MZ181103.gbk
>_gamma_MZ477900.1.gbk
>_gamma_MZ486458.1.gbk
>_gamma_MZ196347.gbk
>_gamma_MZ291084.gbk
>_gamma_MZ076702.gbk
>_gamma_MZ213973.gbk
>_gamma_MZ341042.gbk
>_gamma_MZ455442.1.gbk
>_gamma_MZ386411.gbk
>_gamma_MZ195360.gbk
>_gamma_MZ228006.gbk
>_gamma_MZ356652.gbk
>_gamma_MZ035627.gbk
>_gamma_MZ086272.gbk
>_gamma_MZ284884.gbk
>_gamma_MZ101260.gbk
>_gamma_MZ316226.gbk
>_gamma_MZ518489.1.gbk
>_gamma_MZ149295.gbk
>_gamma_MZ233757.gbk
>_gamma_MZ385811.gbk
>_gamma_MZ213872.gbk
>_gamma_MZ186209.gbk
>_gamma_MZ341948.gbk
>_gamma_MZ315463.gbk
>_gamma_MZ024845.gbk
>_gamma_MZ172327.gbk
>_gamma_MZ531265.1.gbk
>_gamma_MZ349387.gbk
>_gamma_MZ536368.1.gbk
>_gamma_MZ239382.gbk
>_gamma_MZ144312.gbk
>_gamma_MZ002624.gbk
>_gamma_MZ278864.gbk
>_gamma_MZ378580.gbk
>_gamma_MZ061291.gbk
>_gamma_MZ279505.gbk
>_gamma_MZ255128.gbk
>_gamma_MZ294135.gbk
>_gamma_MZ161771.gbk
>_gamma_MZ072098.gbk
>_gamma_MZ213432.gbk
>_gamma_MZ512701.1.gbk
>_gamma_MZ290753.gbk
>_gamma_MZ530859.1.gbk
>_gamma_MZ356649.gbk
>_gamma_MZ222445.gbk
>_gamma_MZ386427.gbk
>_gamma_MZ188515.gbk
>_gamma_MZ210964.gbk
>_gamma_MZ253118.gbk
>_gamma_MZ277931.gbk
>_gamma_MZ308341.gbk
>_gamma_MZ241102.gbk
>_gamma_MZ450251.1.gbk
>_gamma_MZ281316.gbk
>_gamma_MW912449.gbk
>_gamma_MZ536431.1.gbk
>_gamma_MZ329274.gbk
>_gamma_MZ290217.gbk
>_gamma_MZ213306.gbk
>_gamma_MZ294240.gbk
>_gamma_MZ153542.gbk
>_gamma_MZ453620.1.gbk
>_gamma_MZ354482.gbk
>_gamma_MZ076231.gbk
>_gamma_MZ236696.gbk
>_gamma_MZ533259.1.gbk
>_gamma_MW932133.gbk
>_gamma_MZ255109.gbk
>_gamma_MZ400666.1.gbk
>_gamma_MZ229380.gbk
>_gamma_MZ279164.gbk
>_gamma_MZ433756.1.gbk
>_gamma_MZ356680.gbk
>_gamma_MZ358430.gbk
>_gamma_MZ143859.gbk
>_gamma_MZ070796.gbk
>_gamma_MZ237378.gbk
>_gamma_MZ450586.1.gbk
>_gamma_MW907250.gbk
>_gamma_MZ163558.gbk
>_gamma_MZ536562.1.gbk
>_gamma_MZ241052.gbk
>_gamma_MZ213359.gbk
>_gamma_MZ237267.gbk
>_gamma_MZ245276.gbk
>_gamma_MW990259.gbk
>_gamma_MZ142809.gbk
>_gamma_MZ308101.gbk
>_gamma_MZ236702.gbk
>_gamma_MW840402.gbk
>_gamma_MZ180650.gbk
>_gamma_MZ294014.gbk
>_gamma_MZ454675.1.gbk
>_gamma_MZ356646.gbk
>_gamma_MZ357596.gbk
>_gamma_MZ194484.gbk
>_gamma_MZ070934.gbk

# number of handled genomes = 4095 (out of 5000)
