# number of genomes in 'eta_list.txt' = 479

# checking GenBank accessions with NCBI e-utils efetch ...
>_eta_MW560924.gbk
>_eta_MW578231.gbk
>_eta_MW598416.gbk
>_eta_MW708456.gbk
>_eta_MW709039.gbk
>_eta_MW699913.gbk
>_eta_MW735458.gbk
>_eta_MW751593.gbk
>_eta_MW751596.gbk
>_eta_FR993021.gbk
# file eta_FR993021.gbk does not contain annotated CDSs
>_eta_MW791296.gbk
>_eta_MW809056.gbk
>_eta_MW809058.gbk
>_eta_MW809059.gbk
>_eta_MW809060.gbk
>_eta_MW809061.gbk
>_eta_MZ414926.1.gbk
>_eta_MW831053.gbk
>_eta_MW834639.gbk
>_eta_MW850613.gbk
>_eta_MW851945.gbk
>_eta_MW852481.gbk
>_eta_MW852494.gbk
>_eta_MZ246502.gbk
>_eta_MW907088.gbk
>_eta_MW930913.gbk
>_eta_MW930939.gbk
>_eta_MW963479.gbk
>_eta_MW963450.gbk
>_eta_MZ232307.gbk
>_eta_MZ232313.gbk
>_eta_MZ232351.gbk
>_eta_MW963474.gbk
>_eta_MW963476.gbk
>_eta_MW965934.gbk
>_eta_MW965935.gbk
>_eta_MW965981.gbk
>_eta_MW966024.gbk
>_eta_MW966397.gbk
>_eta_MW966413.gbk
>_eta_MW966594.gbk
>_eta_MW967091.gbk
>_eta_MW967128.gbk
>_eta_MW963446.gbk
>_eta_MW963454.gbk
>_eta_MW963460.gbk
>_eta_MW963462.gbk
>_eta_MW963390.gbk
>_eta_MW963392.gbk
>_eta_MW963399.gbk
>_eta_MW963402.gbk
>_eta_MW963437.gbk
>_eta_MW963441.gbk
>_eta_MW932389.gbk
>_eta_MW937189.gbk
>_eta_MW941863.gbk
>_eta_MW941945.gbk
>_eta_MW942172.gbk
>_eta_MW942218.gbk
>_eta_MW942492.gbk
>_eta_MW942761.gbk
>_eta_MW942787.gbk
>_eta_MW943174.gbk
>_eta_MW943273.gbk
>_eta_MW943566.gbk
>_eta_MW943640.gbk
>_eta_MW943746.gbk
>_eta_MW943899.gbk
>_eta_MW943913.gbk
>_eta_MW944070.gbk
>_eta_MW944259.gbk
>_eta_MW944740.gbk
>_eta_MW944778.gbk
>_eta_MW944992.gbk
>_eta_MW945042.gbk
>_eta_MW945202.gbk
>_eta_MW945206.gbk
>_eta_MW945260.gbk
>_eta_MW963141.gbk
>_eta_MW963370.gbk
>_eta_MW963376.gbk
>_eta_MW963383.gbk
>_eta_MW963384.gbk
>_eta_MW963385.gbk
>_eta_MW963429.gbk
>_eta_MW963432.gbk
>_eta_MW964683.gbk
>_eta_MW964736.gbk
>_eta_MW964842.gbk
>_eta_MW965081.gbk
>_eta_MW965133.gbk
>_eta_MW965829.gbk
>_eta_MW965850.gbk
>_eta_MW967788.gbk
>_eta_MW968074.gbk
>_eta_MW968619.gbk
>_eta_MW969454.gbk
>_eta_MW975218.gbk
>_eta_MW975638.gbk
>_eta_MW975670.gbk
>_eta_MW975692.gbk
>_eta_MW975707.gbk
>_eta_MW975835.gbk
>_eta_MW975928.gbk
>_eta_MW976023.gbk
>_eta_MW976483.gbk
>_eta_MW976486.gbk
>_eta_MW976670.gbk
>_eta_MW976762.gbk
>_eta_MW988300.gbk
>_eta_MW988974.gbk
>_eta_MW989017.gbk
>_eta_MW989195.gbk
>_eta_MW990833.gbk
>_eta_MW990953.gbk
>_eta_MZ004975.gbk
>_eta_MZ004979.gbk
>_eta_MZ004992.gbk
>_eta_MZ004993.gbk
>_eta_MZ074657.gbk
>_eta_MZ074659.gbk
>_eta_MZ075816.gbk
>_eta_MZ006838.gbk
>_eta_MZ007220.gbk
>_eta_MZ008594.gbk
>_eta_MZ008750.gbk
>_eta_MZ008755.gbk
>_eta_MZ009649.gbk
>_eta_MZ009905.gbk
>_eta_MZ012636.gbk
>_eta_MZ013431.gbk
>_eta_MZ015056.gbk
>_eta_MZ015231.gbk
>_eta_MZ015232.gbk
>_eta_MZ015354.gbk
>_eta_MZ021702.gbk
>_eta_MZ021710.gbk
>_eta_MZ022964.gbk
>_eta_MZ024077.gbk
>_eta_MZ025744.gbk
>_eta_MZ025857.gbk
>_eta_MZ030207.gbk
>_eta_MZ030208.gbk
>_eta_MZ030255.gbk
>_eta_MZ030273.gbk
>_eta_MZ030368.gbk
>_eta_MZ033207.gbk
>_eta_MZ035488.gbk
>_eta_MZ046908.gbk
>_eta_MZ048478.gbk
>_eta_MZ048479.gbk
>_eta_MZ048500.gbk
>_eta_MZ048501.gbk
>_eta_MZ054863.gbk
>_eta_MZ055955.gbk
>_eta_MZ056112.gbk
>_eta_MZ056183.gbk
>_eta_MZ056328.gbk
>_eta_MZ056515.gbk
>_eta_MZ058020.gbk
>_eta_MZ058021.gbk
>_eta_MZ058023.gbk
>_eta_MZ058024.gbk
>_eta_MZ058289.gbk
>_eta_MZ059913.gbk
>_eta_MZ061067.gbk
>_eta_MZ061133.gbk
>_eta_MZ061155.gbk
>_eta_MZ064663.gbk
>_eta_MZ064868.gbk
>_eta_MZ064929.gbk
>_eta_MZ065025.gbk
>_eta_MZ073598.gbk
>_eta_MZ073874.gbk
>_eta_MZ082616.gbk
>_eta_MZ082778.gbk
>_eta_MZ083275.gbk
>_eta_MZ083694.gbk
>_eta_MZ085276.gbk
>_eta_MZ085428.gbk
>_eta_MZ086238.gbk
>_eta_MZ086661.gbk
>_eta_MZ087994.gbk
>_eta_MZ088032.gbk
>_eta_MZ090292.gbk
>_eta_MZ100555.gbk
>_eta_MZ101384.gbk
>_eta_MZ132540.gbk
>_eta_MZ233284.gbk
>_eta_MZ231886.gbk
>_eta_MZ166218.gbk
>_eta_MZ240438.gbk
>_eta_MZ151981.gbk
>_eta_MZ144348.gbk
>_eta_MZ144349.gbk
>_eta_MZ155985.gbk
>_eta_MZ153453.gbk
>_eta_MZ154217.gbk
>_eta_MZ153581.gbk
>_eta_MZ154265.gbk
>_eta_MZ166719.gbk
>_eta_MZ172868.gbk
>_eta_MZ165821.gbk
>_eta_MZ169363.gbk
>_eta_MZ169362.gbk
>_eta_MZ164308.gbk
>_eta_MZ171733.gbk
>_eta_MZ171612.gbk
>_eta_MZ163907.gbk
>_eta_MZ171919.gbk
>_eta_MZ166361.gbk
>_eta_MZ172257.gbk
>_eta_MZ173401.gbk
>_eta_MZ164529.gbk
>_eta_MZ172112.gbk
>_eta_MZ172172.gbk
>_eta_MZ172088.gbk
>_eta_MZ172084.gbk
>_eta_MZ166532.gbk
>_eta_MZ170160.gbk
>_eta_MZ166757.gbk
>_eta_MZ232692.gbk
>_eta_MZ232697.gbk
>_eta_MZ212586.gbk
>_eta_MZ214355.gbk
>_eta_MZ213580.gbk
>_eta_MZ210542.gbk
>_eta_MZ212404.gbk
>_eta_MZ211384.gbk
>_eta_MZ212455.gbk
>_eta_MZ192570.gbk
>_eta_MZ185059.gbk
>_eta_MZ183982.gbk
>_eta_MZ184270.gbk
>_eta_MZ192852.gbk
>_eta_MZ194000.gbk
>_eta_MZ194048.gbk
>_eta_MZ191494.gbk
>_eta_MZ183980.gbk
>_eta_MZ195723.gbk
>_eta_MZ185194.gbk
>_eta_MZ186159.gbk
>_eta_MZ188143.gbk
>_eta_MZ188627.gbk
>_eta_MZ187539.gbk
>_eta_MZ187555.gbk
>_eta_MZ188375.gbk
>_eta_MZ188378.gbk
>_eta_MZ184065.gbk
>_eta_MZ264988.gbk
>_eta_MZ259174.gbk
>_eta_MZ259318.gbk
>_eta_MZ256379.gbk
>_eta_MZ258978.gbk
>_eta_MZ255145.gbk
>_eta_MZ228919.gbk
>_eta_MZ255146.gbk
>_eta_MZ257315.gbk
>_eta_MZ244394.gbk
>_eta_MZ240196.gbk
>_eta_MZ243354.gbk
>_eta_MZ226085.gbk
>_eta_MZ227919.gbk
>_eta_MZ261083.gbk
>_eta_MZ260175.gbk
>_eta_MZ252565.gbk
>_eta_MZ258969.gbk
>_eta_MZ233765.gbk
>_eta_MZ233764.gbk
>_eta_MZ237970.gbk
>_eta_MZ262486.gbk
>_eta_MZ238544.gbk
>_eta_MZ257277.gbk
>_eta_MZ257772.gbk
>_eta_MZ260488.gbk
>_eta_MZ255148.gbk
>_eta_MZ260436.gbk
>_eta_MZ260201.gbk
>_eta_MZ282111.gbk
>_eta_MZ282401.gbk
>_eta_MZ280476.gbk
>_eta_MZ284824.gbk
>_eta_MZ283838.gbk
>_eta_MZ274533.gbk
>_eta_MZ274723.gbk
>_eta_MZ267313.gbk
>_eta_MZ271693.gbk
>_eta_MZ271470.gbk
>_eta_MZ271475.gbk
>_eta_MZ279463.gbk
>_eta_MZ288302.gbk
>_eta_MZ288311.gbk
>_eta_MZ286670.gbk
>_eta_MZ305351.gbk
>_eta_MZ308233.gbk
>_eta_MZ471474.1.gbk
>_eta_MZ471465.1.gbk
>_eta_MZ288109.gbk
>_eta_MZ280667.gbk
>_eta_MZ280560.gbk
>_eta_MZ281195.gbk
>_eta_MZ287993.gbk
>_eta_MZ287978.gbk
>_eta_MZ280378.gbk
>_eta_MZ281645.gbk
>_eta_MZ291017.gbk
>_eta_MZ280475.gbk
>_eta_MZ315133.gbk
>_eta_MZ315112.gbk
>_eta_MZ321004.gbk
>_eta_MZ317699.gbk
>_eta_MZ321539.gbk
>_eta_MZ321227.gbk
>_eta_MZ341937.gbk
>_eta_MZ337245.gbk
>_eta_MZ337199.gbk
>_eta_MZ337200.gbk
>_eta_MZ343598.gbk
>_eta_MZ349314.gbk
>_eta_MZ358620.gbk
>_eta_MZ351875.gbk
>_eta_MZ358532.gbk
>_eta_MZ371507.gbk
>_eta_MZ371523.gbk
>_eta_MZ368147.gbk
>_eta_MZ368148.gbk
>_eta_MZ368150.gbk
>_eta_MZ362444.gbk
>_eta_MZ362446.gbk
>_eta_MZ362447.gbk
>_eta_MZ362448.gbk
>_eta_MZ362449.gbk
>_eta_MZ362450.gbk
>_eta_MZ362443.gbk
>_eta_MZ362442.gbk
>_eta_MZ362441.gbk
>_eta_MZ362440.gbk
>_eta_MZ362439.gbk
>_eta_MZ360675.gbk
>_eta_MZ386276.gbk
>_eta_MZ389938.gbk
>_eta_MZ376074.gbk
>_eta_MZ377584.gbk
>_eta_MZ388000.gbk
>_eta_MZ377462.gbk
>_eta_MZ378119.gbk
>_eta_MZ450249.1.gbk
>_eta_MZ450381.1.gbk
>_eta_MZ450062.1.gbk
>_eta_MZ444294.1.gbk
>_eta_MZ500503.1.gbk
>_eta_MZ500507.1.gbk
>_eta_MZ499074.1.gbk
>_eta_MZ499079.1.gbk
>_eta_MZ500509.1.gbk
>_eta_MZ500510.1.gbk
>_eta_MZ500514.1.gbk
>_eta_MZ498767.1.gbk
>_eta_MZ498775.1.gbk
>_eta_MZ498771.1.gbk
>_eta_MZ497782.1.gbk
>_eta_MZ512948.1.gbk
>_eta_MZ530308.1.gbk
>_eta_MZ530313.1.gbk

# number of handled genomes = 363 (out of 479)
